[4.584s] Invoking command in '/home/hamzaboulandoum/corosols_ws/src/corosols': AMENT_PREFIX_PATH=/home/hamzaboulandoum/corosols_ws/install/custom_interfaces:/home/hamzaboulandoum/corosols_ws/install/action_tutorials_interfaces:${AMENT_PREFIX_PATH} CMAKE_PREFIX_PATH=/home/hamzaboulandoum/corosols_ws/install/custom_interfaces:/home/hamzaboulandoum/corosols_ws/install/action_tutorials_interfaces LD_LIBRARY_PATH=/home/hamzaboulandoum/corosols_ws/install/custom_interfaces/lib:/home/hamzaboulandoum/corosols_ws/install/action_tutorials_interfaces/lib:/usr/local/cuda-11.4/lib64:/opt/ros/humble/opt/rviz_ogre_vendor/lib:/opt/ros/humble/lib/aarch64-linux-gnu:/opt/ros/humble/lib:/usr/local/cuda-11.4/lib64 PYTHONPATH=/home/hamzaboulandoum/corosols_ws/build/corosols/prefix_override:/home/hamzaboulandoum/corosols_ws/install/corosols/lib/python3.8/site-packages:/home/hamzaboulandoum/corosols_ws/install/custom_interfaces/lib/python3.9/site-packages:/home/hamzaboulandoum/corosols_ws/install/action_tutorials_interfaces/lib/python3.9/site-packages:${PYTHONPATH} /usr/bin/python3 -W ignore:setup.py install is deprecated setup.py egg_info --egg-base ../../build/corosols build --build-base /home/hamzaboulandoum/corosols_ws/build/corosols/build install --record /home/hamzaboulandoum/corosols_ws/build/corosols/install.log --single-version-externally-managed install_data
[6.325s] running egg_info
[6.328s] writing ../../build/corosols/corosols.egg-info/PKG-INFO
[6.329s] writing dependency_links to ../../build/corosols/corosols.egg-info/dependency_links.txt
[6.331s] writing entry points to ../../build/corosols/corosols.egg-info/entry_points.txt
[6.333s] writing requirements to ../../build/corosols/corosols.egg-info/requires.txt
[6.333s] writing top-level names to ../../build/corosols/corosols.egg-info/top_level.txt
[6.515s] reading manifest file '../../build/corosols/corosols.egg-info/SOURCES.txt'
[6.520s] writing manifest file '../../build/corosols/corosols.egg-info/SOURCES.txt'
[6.521s] running build
[6.521s] running build_py
[6.522s] copying corosols/fibonaci_server.py -> /home/hamzaboulandoum/corosols_ws/build/corosols/build/lib/corosols
[6.523s] copying corosols/user_input_client.py -> /home/hamzaboulandoum/corosols_ws/build/corosols/build/lib/corosols
[6.524s] copying corosols/velocity_calculator.py -> /home/hamzaboulandoum/corosols_ws/build/corosols/build/lib/corosols
[6.525s] copying corosols/robot_task.py -> /home/hamzaboulandoum/corosols_ws/build/corosols/build/lib/corosols
[6.526s] copying corosols/serial_read.py -> /home/hamzaboulandoum/corosols_ws/build/corosols/build/lib/corosols
[6.527s] copying corosols/fibonaci_client.py -> /home/hamzaboulandoum/corosols_ws/build/corosols/build/lib/corosols
[6.528s] copying corosols/user_input.py -> /home/hamzaboulandoum/corosols_ws/build/corosols/build/lib/corosols
[6.530s] running install
[6.535s] running install_lib
[6.541s] copying /home/hamzaboulandoum/corosols_ws/build/corosols/build/lib/corosols/fibonaci_server.py -> /home/hamzaboulandoum/corosols_ws/install/corosols/lib/python3.8/site-packages/corosols
[6.545s] copying /home/hamzaboulandoum/corosols_ws/build/corosols/build/lib/corosols/user_input_client.py -> /home/hamzaboulandoum/corosols_ws/install/corosols/lib/python3.8/site-packages/corosols
[6.545s] copying /home/hamzaboulandoum/corosols_ws/build/corosols/build/lib/corosols/velocity_calculator.py -> /home/hamzaboulandoum/corosols_ws/install/corosols/lib/python3.8/site-packages/corosols
[6.546s] copying /home/hamzaboulandoum/corosols_ws/build/corosols/build/lib/corosols/robot_task.py -> /home/hamzaboulandoum/corosols_ws/install/corosols/lib/python3.8/site-packages/corosols
[6.547s] copying /home/hamzaboulandoum/corosols_ws/build/corosols/build/lib/corosols/serial_read.py -> /home/hamzaboulandoum/corosols_ws/install/corosols/lib/python3.8/site-packages/corosols
[6.548s] copying /home/hamzaboulandoum/corosols_ws/build/corosols/build/lib/corosols/fibonaci_client.py -> /home/hamzaboulandoum/corosols_ws/install/corosols/lib/python3.8/site-packages/corosols
[6.550s] copying /home/hamzaboulandoum/corosols_ws/build/corosols/build/lib/corosols/user_input.py -> /home/hamzaboulandoum/corosols_ws/install/corosols/lib/python3.8/site-packages/corosols
[6.553s] byte-compiling /home/hamzaboulandoum/corosols_ws/install/corosols/lib/python3.8/site-packages/corosols/fibonaci_server.py to fibonaci_server.cpython-38.pyc
[6.561s] byte-compiling /home/hamzaboulandoum/corosols_ws/install/corosols/lib/python3.8/site-packages/corosols/user_input_client.py to user_input_client.cpython-38.pyc
[6.566s] byte-compiling /home/hamzaboulandoum/corosols_ws/install/corosols/lib/python3.8/site-packages/corosols/velocity_calculator.py to velocity_calculator.cpython-38.pyc
[6.572s] byte-compiling /home/hamzaboulandoum/corosols_ws/install/corosols/lib/python3.8/site-packages/corosols/robot_task.py to robot_task.cpython-38.pyc
[6.579s] byte-compiling /home/hamzaboulandoum/corosols_ws/install/corosols/lib/python3.8/site-packages/corosols/serial_read.py to serial_read.cpython-38.pyc
[6.584s] byte-compiling /home/hamzaboulandoum/corosols_ws/install/corosols/lib/python3.8/site-packages/corosols/fibonaci_client.py to fibonaci_client.cpython-38.pyc
[6.586s] byte-compiling /home/hamzaboulandoum/corosols_ws/install/corosols/lib/python3.8/site-packages/corosols/user_input.py to user_input.cpython-38.pyc
[6.588s] running install_data
[6.589s] running install_egg_info
[6.602s] removing '/home/hamzaboulandoum/corosols_ws/install/corosols/lib/python3.8/site-packages/corosols-0.0.0-py3.8.egg-info' (and everything under it)
[6.603s] Copying ../../build/corosols/corosols.egg-info to /home/hamzaboulandoum/corosols_ws/install/corosols/lib/python3.8/site-packages/corosols-0.0.0-py3.8.egg-info
[6.612s] running install_scripts
[6.702s] Installing fibonaci_client script to /home/hamzaboulandoum/corosols_ws/install/corosols/lib/corosols
[6.703s] Installing fibonaci_server script to /home/hamzaboulandoum/corosols_ws/install/corosols/lib/corosols
[6.704s] Installing input_client script to /home/hamzaboulandoum/corosols_ws/install/corosols/lib/corosols
[6.704s] Installing pose_broadcaster script to /home/hamzaboulandoum/corosols_ws/install/corosols/lib/corosols
[6.705s] Installing serial script to /home/hamzaboulandoum/corosols_ws/install/corosols/lib/corosols
[6.706s] Installing task script to /home/hamzaboulandoum/corosols_ws/install/corosols/lib/corosols
[6.707s] Installing user_input script to /home/hamzaboulandoum/corosols_ws/install/corosols/lib/corosols
[6.708s] Installing velocity_calculator script to /home/hamzaboulandoum/corosols_ws/install/corosols/lib/corosols
[6.710s] writing list of installed files to '/home/hamzaboulandoum/corosols_ws/build/corosols/install.log'
[6.838s] Invoked command in '/home/hamzaboulandoum/corosols_ws/src/corosols' returned '0': AMENT_PREFIX_PATH=/home/hamzaboulandoum/corosols_ws/install/custom_interfaces:/home/hamzaboulandoum/corosols_ws/install/action_tutorials_interfaces:${AMENT_PREFIX_PATH} CMAKE_PREFIX_PATH=/home/hamzaboulandoum/corosols_ws/install/custom_interfaces:/home/hamzaboulandoum/corosols_ws/install/action_tutorials_interfaces LD_LIBRARY_PATH=/home/hamzaboulandoum/corosols_ws/install/custom_interfaces/lib:/home/hamzaboulandoum/corosols_ws/install/action_tutorials_interfaces/lib:/usr/local/cuda-11.4/lib64:/opt/ros/humble/opt/rviz_ogre_vendor/lib:/opt/ros/humble/lib/aarch64-linux-gnu:/opt/ros/humble/lib:/usr/local/cuda-11.4/lib64 PYTHONPATH=/home/hamzaboulandoum/corosols_ws/build/corosols/prefix_override:/home/hamzaboulandoum/corosols_ws/install/corosols/lib/python3.8/site-packages:/home/hamzaboulandoum/corosols_ws/install/custom_interfaces/lib/python3.9/site-packages:/home/hamzaboulandoum/corosols_ws/install/action_tutorials_interfaces/lib/python3.9/site-packages:${PYTHONPATH} /usr/bin/python3 -W ignore:setup.py install is deprecated setup.py egg_info --egg-base ../../build/corosols build --build-base /home/hamzaboulandoum/corosols_ws/build/corosols/build install --record /home/hamzaboulandoum/corosols_ws/build/corosols/install.log --single-version-externally-managed install_data
