[1.635s] Invoking command in '/home/youssef/COROSOLS_WS/build/marvelmind_ros2': CMAKE_PREFIX_PATH=/home/youssef/COROSOLS_WS/install/marvelmind_ros2_msgs:/home/youssef/COROSOLS_WS/install/sllidar_ros2:/home/youssef/COROSOLS_WS/install/marvelmind_ros2:/home/youssef/COROSOLS_WS/install/custom_interfaces:/home/youssef/COROSOLS_WS/install/action_tutorials_interfaces:/home/youssef/COROSOLS_WS/install/corosols:/opt/ros/humble /usr/bin/cmake --build /home/youssef/COROSOLS_WS/build/marvelmind_ros2 -- -j8 -l8
[1.953s] [ 25%] Built target marvelmind_hedge_lib
[1.959s] [ 50%] Built target marvelmind_api_lib
[2.110s] [ 75%] Built target marvelmind_ros2
[2.117s] [100%] Built target marvelmind_api_ros2
[2.188s] Invoked command in '/home/youssef/COROSOLS_WS/build/marvelmind_ros2' returned '0': CMAKE_PREFIX_PATH=/home/youssef/COROSOLS_WS/install/marvelmind_ros2_msgs:/home/youssef/COROSOLS_WS/install/sllidar_ros2:/home/youssef/COROSOLS_WS/install/marvelmind_ros2:/home/youssef/COROSOLS_WS/install/custom_interfaces:/home/youssef/COROSOLS_WS/install/action_tutorials_interfaces:/home/youssef/COROSOLS_WS/install/corosols:/opt/ros/humble /usr/bin/cmake --build /home/youssef/COROSOLS_WS/build/marvelmind_ros2 -- -j8 -l8
[2.207s] Invoking command in '/home/youssef/COROSOLS_WS/build/marvelmind_ros2': CMAKE_PREFIX_PATH=/home/youssef/COROSOLS_WS/install/marvelmind_ros2_msgs:/home/youssef/COROSOLS_WS/install/sllidar_ros2:/home/youssef/COROSOLS_WS/install/marvelmind_ros2:/home/youssef/COROSOLS_WS/install/custom_interfaces:/home/youssef/COROSOLS_WS/install/action_tutorials_interfaces:/home/youssef/COROSOLS_WS/install/corosols:/opt/ros/humble /usr/bin/cmake --install /home/youssef/COROSOLS_WS/build/marvelmind_ros2
[2.242s] -- Install configuration: ""
[2.244s] -- Up-to-date: /home/youssef/COROSOLS_WS/install/marvelmind_ros2/lib/marvelmind_ros2/marvelmind_ros2
[2.246s] -- Up-to-date: /home/youssef/COROSOLS_WS/install/marvelmind_ros2/lib/marvelmind_ros2/marvelmind_api_ros2
[2.251s] -- Up-to-date: /home/youssef/COROSOLS_WS/install/marvelmind_ros2/share/marvelmind_ros2/config
[2.254s] -- Up-to-date: /home/youssef/COROSOLS_WS/install/marvelmind_ros2/share/marvelmind_ros2/config/marvelmind_ros2_config.yaml
[2.255s] -- Up-to-date: /home/youssef/COROSOLS_WS/install/marvelmind_ros2/share/marvelmind_ros2/launch
[2.259s] -- Up-to-date: /home/youssef/COROSOLS_WS/install/marvelmind_ros2/share/marvelmind_ros2/launch/marvelmind_ros2.launch.py
[2.260s] -- Up-to-date: /home/youssef/COROSOLS_WS/install/marvelmind_ros2/share/marvelmind_ros2/launch/marvelmind_api_ros2.launch.py
[2.261s] -- Up-to-date: /home/youssef/COROSOLS_WS/install/marvelmind_ros2/share/ament_index/resource_index/package_run_dependencies/marvelmind_ros2
[2.263s] -- Up-to-date: /home/youssef/COROSOLS_WS/install/marvelmind_ros2/share/ament_index/resource_index/parent_prefix_path/marvelmind_ros2
[2.264s] -- Up-to-date: /home/youssef/COROSOLS_WS/install/marvelmind_ros2/share/marvelmind_ros2/environment/ament_prefix_path.sh
[2.264s] -- Up-to-date: /home/youssef/COROSOLS_WS/install/marvelmind_ros2/share/marvelmind_ros2/environment/ament_prefix_path.dsv
[2.265s] -- Up-to-date: /home/youssef/COROSOLS_WS/install/marvelmind_ros2/share/marvelmind_ros2/environment/path.sh
[2.271s] -- Up-to-date: /home/youssef/COROSOLS_WS/install/marvelmind_ros2/share/marvelmind_ros2/environment/path.dsv
[2.272s] -- Up-to-date: /home/youssef/COROSOLS_WS/install/marvelmind_ros2/share/marvelmind_ros2/local_setup.bash
[2.272s] -- Up-to-date: /home/youssef/COROSOLS_WS/install/marvelmind_ros2/share/marvelmind_ros2/local_setup.sh
[2.273s] -- Up-to-date: /home/youssef/COROSOLS_WS/install/marvelmind_ros2/share/marvelmind_ros2/local_setup.zsh
[2.273s] -- Up-to-date: /home/youssef/COROSOLS_WS/install/marvelmind_ros2/share/marvelmind_ros2/local_setup.dsv
[2.274s] -- Installing: /home/youssef/COROSOLS_WS/install/marvelmind_ros2/share/marvelmind_ros2/package.dsv
[2.274s] -- Up-to-date: /home/youssef/COROSOLS_WS/install/marvelmind_ros2/share/ament_index/resource_index/packages/marvelmind_ros2
[2.275s] -- Up-to-date: /home/youssef/COROSOLS_WS/install/marvelmind_ros2/share/marvelmind_ros2/cmake/marvelmind_ros2Config.cmake
[2.283s] -- Up-to-date: /home/youssef/COROSOLS_WS/install/marvelmind_ros2/share/marvelmind_ros2/cmake/marvelmind_ros2Config-version.cmake
[2.284s] -- Up-to-date: /home/youssef/COROSOLS_WS/install/marvelmind_ros2/share/marvelmind_ros2/package.xml
[2.285s] Invoked command in '/home/youssef/COROSOLS_WS/build/marvelmind_ros2' returned '0': CMAKE_PREFIX_PATH=/home/youssef/COROSOLS_WS/install/marvelmind_ros2_msgs:/home/youssef/COROSOLS_WS/install/sllidar_ros2:/home/youssef/COROSOLS_WS/install/marvelmind_ros2:/home/youssef/COROSOLS_WS/install/custom_interfaces:/home/youssef/COROSOLS_WS/install/action_tutorials_interfaces:/home/youssef/COROSOLS_WS/install/corosols:/opt/ros/humble /usr/bin/cmake --install /home/youssef/COROSOLS_WS/build/marvelmind_ros2
