-- Found ament_cmake: 1.3.6 (/opt/ros/humble/share/ament_cmake/cmake)
-- Found rosidl_default_generators: 1.2.0 (/opt/ros/humble/share/rosidl_default_generators/cmake)
-- Using all available rosidl_typesupport_c: rosidl_typesupport_fastrtps_c;rosidl_typesupport_introspection_c
-- Found rosidl_adapter: 3.1.5 (/opt/ros/humble/share/rosidl_adapter/cmake)
-- Using all available rosidl_typesupport_cpp: rosidl_typesupport_fastrtps_cpp;rosidl_typesupport_introspection_cpp
-- Found ament_cmake_ros: 0.10.0 (/opt/ros/humble/share/ament_cmake_ros/cmake)
-- Using all available rosidl_typesupport_c: rosidl_typesupport_fastrtps_c;rosidl_typesupport_introspection_c
-- Using all available rosidl_typesupport_cpp: rosidl_typesupport_fastrtps_cpp;rosidl_typesupport_introspection_cpp
-- Found python_cmake_module: 0.10.0 (/opt/ros/humble/share/python_cmake_module/cmake)
-- Using PYTHON_EXECUTABLE: /usr/bin/python3
-- Using PYTHON_INCLUDE_DIRS: /usr/include/python3.8
-- Using PYTHON_LIBRARIES: /usr/lib/aarch64-linux-gnu/libpython3.8.so
-- Found ament_lint_auto: 0.12.9 (/opt/ros/humble/share/ament_lint_auto/cmake)
-- Added test 'lint_cmake' to check CMake code style
-- Added test 'xmllint' to check XML markup files
-- Configuring done
-- Generating done
-- Build files have been written to: /home/hamzaboulandoum/corosols_ws/build/custom_interfaces
[35m[1mScanning dependencies of target custom_interfaces__cpp[0m
[  2%] [34m[1mGenerating C code for ROS interfaces[0m
[  5%] [34m[1mGenerating C++ code for ROS interfaces[0m
[  5%] Built target ament_cmake_python_copy_custom_interfaces
[35m[1mScanning dependencies of target custom_interfaces__rosidl_generator_c[0m
[  5%] Built target custom_interfaces__cpp
[  7%] [34m[1mGenerating C++ type support dispatch for ROS interfaces[0m
[ 10%] [34m[1mGenerating C++ introspection for ROS interfaces[0m
running egg_info
writing custom_interfaces.egg-info/PKG-INFO
[ 12%] [32mBuilding C object CMakeFiles/custom_interfaces__rosidl_generator_c.dir/rosidl_generator_c/custom_interfaces/srv/detail/commands__functions.c.o[0m
writing dependency_links to custom_interfaces.egg-info/dependency_links.txt
[ 15%] [32mBuilding C object CMakeFiles/custom_interfaces__rosidl_generator_c.dir/rosidl_generator_c/custom_interfaces/msg/detail/serial_data__functions.c.o[0m
writing top-level names to custom_interfaces.egg-info/top_level.txt
[ 17%] [34m[1mGenerating C++ type support for eProsima Fast-RTPS[0m
reading manifest file 'custom_interfaces.egg-info/SOURCES.txt'
writing manifest file 'custom_interfaces.egg-info/SOURCES.txt'
[ 20%] [32m[1mLinking C shared library libcustom_interfaces__rosidl_generator_c.so[0m
[ 20%] Built target ament_cmake_python_build_custom_interfaces_egg
[ 20%] Built target custom_interfaces__rosidl_generator_c
[ 23%] [34m[1mGenerating C introspection for ROS interfaces[0m
[ 25%] [34m[1mGenerating C type support for eProsima Fast-RTPS[0m
[ 28%] [34m[1mGenerating C type support dispatch for ROS interfaces[0m
[35m[1mScanning dependencies of target custom_interfaces__rosidl_typesupport_cpp[0m
[ 30%] [32mBuilding CXX object CMakeFiles/custom_interfaces__rosidl_typesupport_cpp.dir/rosidl_typesupport_cpp/custom_interfaces/msg/serial_data__type_support.cpp.o[0m
[35m[1mScanning dependencies of target custom_interfaces__rosidl_typesupport_introspection_cpp[0m
[ 33%] [32mBuilding CXX object CMakeFiles/custom_interfaces__rosidl_typesupport_introspection_cpp.dir/rosidl_typesupport_introspection_cpp/custom_interfaces/msg/detail/serial_data__type_support.cpp.o[0m
[35m[1mScanning dependencies of target custom_interfaces__rosidl_typesupport_fastrtps_cpp[0m
[ 35%] [32mBuilding CXX object CMakeFiles/custom_interfaces__rosidl_typesupport_fastrtps_cpp.dir/rosidl_typesupport_fastrtps_cpp/custom_interfaces/msg/detail/dds_fastrtps/serial_data__type_support.cpp.o[0m
[35m[1mScanning dependencies of target custom_interfaces__rosidl_typesupport_c[0m
[35m[1mScanning dependencies of target custom_interfaces__rosidl_typesupport_introspection_c[0m
[ 38%] [32mBuilding C object CMakeFiles/custom_interfaces__rosidl_typesupport_introspection_c.dir/rosidl_typesupport_introspection_c/custom_interfaces/msg/detail/serial_data__type_support.c.o[0m
[ 41%] [32mBuilding CXX object CMakeFiles/custom_interfaces__rosidl_typesupport_c.dir/rosidl_typesupport_c/custom_interfaces/msg/serial_data__type_support.cpp.o[0m
[35m[1mScanning dependencies of target custom_interfaces__rosidl_typesupport_fastrtps_c[0m
[ 43%] [32mBuilding CXX object CMakeFiles/custom_interfaces__rosidl_typesupport_fastrtps_c.dir/rosidl_typesupport_fastrtps_c/custom_interfaces/msg/detail/serial_data__type_support_c.cpp.o[0m
[ 46%] [32mBuilding CXX object CMakeFiles/custom_interfaces__rosidl_typesupport_c.dir/rosidl_typesupport_c/custom_interfaces/srv/commands__type_support.cpp.o[0m
[ 48%] [32mBuilding C object CMakeFiles/custom_interfaces__rosidl_typesupport_introspection_c.dir/rosidl_typesupport_introspection_c/custom_interfaces/srv/detail/commands__type_support.c.o[0m
[ 51%] [32m[1mLinking CXX shared library libcustom_interfaces__rosidl_typesupport_c.so[0m
[ 53%] [32m[1mLinking C shared library libcustom_interfaces__rosidl_typesupport_introspection_c.so[0m
[ 56%] [32mBuilding CXX object CMakeFiles/custom_interfaces__rosidl_typesupport_cpp.dir/rosidl_typesupport_cpp/custom_interfaces/srv/commands__type_support.cpp.o[0m
[ 56%] Built target custom_interfaces__rosidl_typesupport_introspection_c
[ 56%] Built target custom_interfaces__rosidl_typesupport_c
[ 58%] [32mBuilding CXX object CMakeFiles/custom_interfaces__rosidl_typesupport_fastrtps_c.dir/rosidl_typesupport_fastrtps_c/custom_interfaces/srv/detail/commands__type_support_c.cpp.o[0m
[ 61%] [32mBuilding CXX object CMakeFiles/custom_interfaces__rosidl_typesupport_fastrtps_cpp.dir/rosidl_typesupport_fastrtps_cpp/custom_interfaces/srv/detail/dds_fastrtps/commands__type_support.cpp.o[0m
[ 64%] [32mBuilding CXX object CMakeFiles/custom_interfaces__rosidl_typesupport_introspection_cpp.dir/rosidl_typesupport_introspection_cpp/custom_interfaces/srv/detail/commands__type_support.cpp.o[0m
[ 66%] [32m[1mLinking CXX shared library libcustom_interfaces__rosidl_typesupport_cpp.so[0m
[ 66%] Built target custom_interfaces__rosidl_typesupport_cpp
[ 69%] [32m[1mLinking CXX shared library libcustom_interfaces__rosidl_typesupport_fastrtps_c.so[0m
[ 71%] [32m[1mLinking CXX shared library libcustom_interfaces__rosidl_typesupport_fastrtps_cpp.so[0m
[ 71%] Built target custom_interfaces__rosidl_typesupport_fastrtps_c
[ 71%] Built target custom_interfaces__rosidl_typesupport_fastrtps_cpp
[ 74%] [32m[1mLinking CXX shared library libcustom_interfaces__rosidl_typesupport_introspection_cpp.so[0m
[ 74%] Built target custom_interfaces__rosidl_typesupport_introspection_cpp
[ 74%] Built target custom_interfaces
[35m[1mScanning dependencies of target custom_interfaces__py[0m
[ 76%] [34m[1mGenerating Python code for ROS interfaces[0m
[ 76%] Built target custom_interfaces__py
[35m[1mScanning dependencies of target custom_interfaces__rosidl_generator_py[0m
[ 79%] [32mBuilding C object CMakeFiles/custom_interfaces__rosidl_generator_py.dir/rosidl_generator_py/custom_interfaces/msg/_serial_data_s.c.o[0m
[ 82%] [32mBuilding C object CMakeFiles/custom_interfaces__rosidl_generator_py.dir/rosidl_generator_py/custom_interfaces/srv/_commands_s.c.o[0m
[ 84%] [32m[1mLinking C shared library rosidl_generator_py/custom_interfaces/libcustom_interfaces__rosidl_generator_py.so[0m
[ 84%] Built target custom_interfaces__rosidl_generator_py
[35m[1mScanning dependencies of target custom_interfaces__rosidl_typesupport_introspection_c__pyext[0m
[ 87%] [32mBuilding C object CMakeFiles/custom_interfaces__rosidl_typesupport_introspection_c__pyext.dir/rosidl_generator_py/custom_interfaces/_custom_interfaces_s.ep.rosidl_typesupport_introspection_c.c.o[0m
[ 89%] [32m[1mLinking C shared library rosidl_generator_py/custom_interfaces/custom_interfaces_s__rosidl_typesupport_introspection_c.cpython-38-aarch64-linux-gnu.so[0m
[ 89%] Built target custom_interfaces__rosidl_typesupport_introspection_c__pyext
[35m[1mScanning dependencies of target custom_interfaces__rosidl_typesupport_c__pyext[0m
[ 92%] [32mBuilding C object CMakeFiles/custom_interfaces__rosidl_typesupport_c__pyext.dir/rosidl_generator_py/custom_interfaces/_custom_interfaces_s.ep.rosidl_typesupport_c.c.o[0m
[ 94%] [32m[1mLinking C shared library rosidl_generator_py/custom_interfaces/custom_interfaces_s__rosidl_typesupport_c.cpython-38-aarch64-linux-gnu.so[0m
[ 94%] Built target custom_interfaces__rosidl_typesupport_c__pyext
[35m[1mScanning dependencies of target custom_interfaces__rosidl_typesupport_fastrtps_c__pyext[0m
[ 97%] [32mBuilding C object CMakeFiles/custom_interfaces__rosidl_typesupport_fastrtps_c__pyext.dir/rosidl_generator_py/custom_interfaces/_custom_interfaces_s.ep.rosidl_typesupport_fastrtps_c.c.o[0m
[100%] [32m[1mLinking C shared library rosidl_generator_py/custom_interfaces/custom_interfaces_s__rosidl_typesupport_fastrtps_c.cpython-38-aarch64-linux-gnu.so[0m
[100%] Built target custom_interfaces__rosidl_typesupport_fastrtps_c__pyext
-- Install configuration: ""
-- Installing: /home/hamzaboulandoum/corosols_ws/install/custom_interfaces/share/ament_index/resource_index/rosidl_interfaces/custom_interfaces
-- Up-to-date: /home/hamzaboulandoum/corosols_ws/install/custom_interfaces/include/custom_interfaces/custom_interfaces
-- Up-to-date: /home/hamzaboulandoum/corosols_ws/install/custom_interfaces/include/custom_interfaces/custom_interfaces/msg
-- Installing: /home/hamzaboulandoum/corosols_ws/install/custom_interfaces/include/custom_interfaces/custom_interfaces/msg/command.h
-- Installing: /home/hamzaboulandoum/corosols_ws/install/custom_interfaces/include/custom_interfaces/custom_interfaces/msg/target.h
-- Up-to-date: /home/hamzaboulandoum/corosols_ws/install/custom_interfaces/include/custom_interfaces/custom_interfaces/msg/rosidl_generator_c__visibility_control.h
-- Installing: /home/hamzaboulandoum/corosols_ws/install/custom_interfaces/include/custom_interfaces/custom_interfaces/msg/serial_data.h
-- Up-to-date: /home/hamzaboulandoum/corosols_ws/install/custom_interfaces/include/custom_interfaces/custom_interfaces/msg/detail
-- Installing: /home/hamzaboulandoum/corosols_ws/install/custom_interfaces/include/custom_interfaces/custom_interfaces/msg/detail/command__struct.h
-- Installing: /home/hamzaboulandoum/corosols_ws/install/custom_interfaces/include/custom_interfaces/custom_interfaces/msg/detail/serial_data__functions.h
-- Installing: /home/hamzaboulandoum/corosols_ws/install/custom_interfaces/include/custom_interfaces/custom_interfaces/msg/detail/command__type_support.h
-- Installing: /home/hamzaboulandoum/corosols_ws/install/custom_interfaces/include/custom_interfaces/custom_interfaces/msg/detail/command__functions.c
-- Installing: /home/hamzaboulandoum/corosols_ws/install/custom_interfaces/include/custom_interfaces/custom_interfaces/msg/detail/command__functions.h
-- Installing: /home/hamzaboulandoum/corosols_ws/install/custom_interfaces/include/custom_interfaces/custom_interfaces/msg/detail/target__struct.h
-- Installing: /home/hamzaboulandoum/corosols_ws/install/custom_interfaces/include/custom_interfaces/custom_interfaces/msg/detail/serial_data__struct.h
-- Installing: /home/hamzaboulandoum/corosols_ws/install/custom_interfaces/include/custom_interfaces/custom_interfaces/msg/detail/target__functions.c
-- Installing: /home/hamzaboulandoum/corosols_ws/install/custom_interfaces/include/custom_interfaces/custom_interfaces/msg/detail/target__type_support.h
-- Installing: /home/hamzaboulandoum/corosols_ws/install/custom_interfaces/include/custom_interfaces/custom_interfaces/msg/detail/serial_data__type_support.h
-- Installing: /home/hamzaboulandoum/corosols_ws/install/custom_interfaces/include/custom_interfaces/custom_interfaces/msg/detail/serial_data__functions.c
-- Installing: /home/hamzaboulandoum/corosols_ws/install/custom_interfaces/include/custom_interfaces/custom_interfaces/msg/detail/target__functions.h
-- Up-to-date: /home/hamzaboulandoum/corosols_ws/install/custom_interfaces/include/custom_interfaces/custom_interfaces/srv
-- Installing: /home/hamzaboulandoum/corosols_ws/install/custom_interfaces/include/custom_interfaces/custom_interfaces/srv/commands.h
-- Up-to-date: /home/hamzaboulandoum/corosols_ws/install/custom_interfaces/include/custom_interfaces/custom_interfaces/srv/detail
-- Installing: /home/hamzaboulandoum/corosols_ws/install/custom_interfaces/include/custom_interfaces/custom_interfaces/srv/detail/commands__type_support.h
-- Installing: /home/hamzaboulandoum/corosols_ws/install/custom_interfaces/include/custom_interfaces/custom_interfaces/srv/detail/commands__functions.h
-- Installing: /home/hamzaboulandoum/corosols_ws/install/custom_interfaces/include/custom_interfaces/custom_interfaces/srv/detail/commands__struct.h
-- Installing: /home/hamzaboulandoum/corosols_ws/install/custom_interfaces/include/custom_interfaces/custom_interfaces/srv/detail/commands__functions.c
-- Up-to-date: /home/hamzaboulandoum/corosols_ws/install/custom_interfaces/share/custom_interfaces/environment/library_path.sh
-- Installing: /home/hamzaboulandoum/corosols_ws/install/custom_interfaces/share/custom_interfaces/environment/library_path.dsv
-- Installing: /home/hamzaboulandoum/corosols_ws/install/custom_interfaces/lib/libcustom_interfaces__rosidl_generator_c.so
-- Set runtime path of "/home/hamzaboulandoum/corosols_ws/install/custom_interfaces/lib/libcustom_interfaces__rosidl_generator_c.so" to ""
-- Up-to-date: /home/hamzaboulandoum/corosols_ws/install/custom_interfaces/include/custom_interfaces/custom_interfaces
-- Up-to-date: /home/hamzaboulandoum/corosols_ws/install/custom_interfaces/include/custom_interfaces/custom_interfaces/msg
-- Up-to-date: /home/hamzaboulandoum/corosols_ws/install/custom_interfaces/include/custom_interfaces/custom_interfaces/msg/rosidl_typesupport_fastrtps_c__visibility_control.h
-- Up-to-date: /home/hamzaboulandoum/corosols_ws/install/custom_interfaces/include/custom_interfaces/custom_interfaces/msg/detail
-- Installing: /home/hamzaboulandoum/corosols_ws/install/custom_interfaces/include/custom_interfaces/custom_interfaces/msg/detail/serial_data__rosidl_typesupport_fastrtps_c.h
-- Installing: /home/hamzaboulandoum/corosols_ws/install/custom_interfaces/include/custom_interfaces/custom_interfaces/msg/detail/command__rosidl_typesupport_fastrtps_c.h
-- Installing: /home/hamzaboulandoum/corosols_ws/install/custom_interfaces/include/custom_interfaces/custom_interfaces/msg/detail/target__rosidl_typesupport_fastrtps_c.h
-- Up-to-date: /home/hamzaboulandoum/corosols_ws/install/custom_interfaces/include/custom_interfaces/custom_interfaces/srv
-- Up-to-date: /home/hamzaboulandoum/corosols_ws/install/custom_interfaces/include/custom_interfaces/custom_interfaces/srv/detail
-- Installing: /home/hamzaboulandoum/corosols_ws/install/custom_interfaces/include/custom_interfaces/custom_interfaces/srv/detail/commands__rosidl_typesupport_fastrtps_c.h
-- Installing: /home/hamzaboulandoum/corosols_ws/install/custom_interfaces/lib/libcustom_interfaces__rosidl_typesupport_fastrtps_c.so
-- Set runtime path of "/home/hamzaboulandoum/corosols_ws/install/custom_interfaces/lib/libcustom_interfaces__rosidl_typesupport_fastrtps_c.so" to ""
-- Up-to-date: /home/hamzaboulandoum/corosols_ws/install/custom_interfaces/include/custom_interfaces/custom_interfaces
-- Up-to-date: /home/hamzaboulandoum/corosols_ws/install/custom_interfaces/include/custom_interfaces/custom_interfaces/msg
-- Up-to-date: /home/hamzaboulandoum/corosols_ws/install/custom_interfaces/include/custom_interfaces/custom_interfaces/msg/rosidl_typesupport_introspection_c__visibility_control.h
-- Up-to-date: /home/hamzaboulandoum/corosols_ws/install/custom_interfaces/include/custom_interfaces/custom_interfaces/msg/detail
-- Installing: /home/hamzaboulandoum/corosols_ws/install/custom_interfaces/include/custom_interfaces/custom_interfaces/msg/detail/command__type_support.c
-- Installing: /home/hamzaboulandoum/corosols_ws/install/custom_interfaces/include/custom_interfaces/custom_interfaces/msg/detail/serial_data__rosidl_typesupport_introspection_c.h
-- Installing: /home/hamzaboulandoum/corosols_ws/install/custom_interfaces/include/custom_interfaces/custom_interfaces/msg/detail/serial_data__type_support.c
-- Installing: /home/hamzaboulandoum/corosols_ws/install/custom_interfaces/include/custom_interfaces/custom_interfaces/msg/detail/target__type_support.c
-- Installing: /home/hamzaboulandoum/corosols_ws/install/custom_interfaces/include/custom_interfaces/custom_interfaces/msg/detail/target__rosidl_typesupport_introspection_c.h
-- Installing: /home/hamzaboulandoum/corosols_ws/install/custom_interfaces/include/custom_interfaces/custom_interfaces/msg/detail/command__rosidl_typesupport_introspection_c.h
-- Up-to-date: /home/hamzaboulandoum/corosols_ws/install/custom_interfaces/include/custom_interfaces/custom_interfaces/srv
-- Up-to-date: /home/hamzaboulandoum/corosols_ws/install/custom_interfaces/include/custom_interfaces/custom_interfaces/srv/detail
-- Installing: /home/hamzaboulandoum/corosols_ws/install/custom_interfaces/include/custom_interfaces/custom_interfaces/srv/detail/commands__rosidl_typesupport_introspection_c.h
-- Installing: /home/hamzaboulandoum/corosols_ws/install/custom_interfaces/include/custom_interfaces/custom_interfaces/srv/detail/commands__type_support.c
-- Installing: /home/hamzaboulandoum/corosols_ws/install/custom_interfaces/lib/libcustom_interfaces__rosidl_typesupport_introspection_c.so
-- Set runtime path of "/home/hamzaboulandoum/corosols_ws/install/custom_interfaces/lib/libcustom_interfaces__rosidl_typesupport_introspection_c.so" to ""
-- Installing: /home/hamzaboulandoum/corosols_ws/install/custom_interfaces/lib/libcustom_interfaces__rosidl_typesupport_c.so
-- Set runtime path of "/home/hamzaboulandoum/corosols_ws/install/custom_interfaces/lib/libcustom_interfaces__rosidl_typesupport_c.so" to ""
-- Up-to-date: /home/hamzaboulandoum/corosols_ws/install/custom_interfaces/include/custom_interfaces/custom_interfaces
-- Up-to-date: /home/hamzaboulandoum/corosols_ws/install/custom_interfaces/include/custom_interfaces/custom_interfaces/msg
-- Installing: /home/hamzaboulandoum/corosols_ws/install/custom_interfaces/include/custom_interfaces/custom_interfaces/msg/serial_data.hpp
-- Up-to-date: /home/hamzaboulandoum/corosols_ws/install/custom_interfaces/include/custom_interfaces/custom_interfaces/msg/detail
-- Installing: /home/hamzaboulandoum/corosols_ws/install/custom_interfaces/include/custom_interfaces/custom_interfaces/msg/detail/command__builder.hpp
-- Installing: /home/hamzaboulandoum/corosols_ws/install/custom_interfaces/include/custom_interfaces/custom_interfaces/msg/detail/target__traits.hpp
-- Installing: /home/hamzaboulandoum/corosols_ws/install/custom_interfaces/include/custom_interfaces/custom_interfaces/msg/detail/target__builder.hpp
-- Installing: /home/hamzaboulandoum/corosols_ws/install/custom_interfaces/include/custom_interfaces/custom_interfaces/msg/detail/command__traits.hpp
-- Installing: /home/hamzaboulandoum/corosols_ws/install/custom_interfaces/include/custom_interfaces/custom_interfaces/msg/detail/command__struct.hpp
-- Installing: /home/hamzaboulandoum/corosols_ws/install/custom_interfaces/include/custom_interfaces/custom_interfaces/msg/detail/serial_data__builder.hpp
-- Installing: /home/hamzaboulandoum/corosols_ws/install/custom_interfaces/include/custom_interfaces/custom_interfaces/msg/detail/target__struct.hpp
-- Installing: /home/hamzaboulandoum/corosols_ws/install/custom_interfaces/include/custom_interfaces/custom_interfaces/msg/detail/serial_data__struct.hpp
-- Installing: /home/hamzaboulandoum/corosols_ws/install/custom_interfaces/include/custom_interfaces/custom_interfaces/msg/detail/serial_data__traits.hpp
-- Installing: /home/hamzaboulandoum/corosols_ws/install/custom_interfaces/include/custom_interfaces/custom_interfaces/msg/target.hpp
-- Installing: /home/hamzaboulandoum/corosols_ws/install/custom_interfaces/include/custom_interfaces/custom_interfaces/msg/command.hpp
-- Up-to-date: /home/hamzaboulandoum/corosols_ws/install/custom_interfaces/include/custom_interfaces/custom_interfaces/srv
-- Installing: /home/hamzaboulandoum/corosols_ws/install/custom_interfaces/include/custom_interfaces/custom_interfaces/srv/commands.hpp
-- Up-to-date: /home/hamzaboulandoum/corosols_ws/install/custom_interfaces/include/custom_interfaces/custom_interfaces/srv/detail
-- Installing: /home/hamzaboulandoum/corosols_ws/install/custom_interfaces/include/custom_interfaces/custom_interfaces/srv/detail/commands__struct.hpp
-- Installing: /home/hamzaboulandoum/corosols_ws/install/custom_interfaces/include/custom_interfaces/custom_interfaces/srv/detail/commands__builder.hpp
-- Installing: /home/hamzaboulandoum/corosols_ws/install/custom_interfaces/include/custom_interfaces/custom_interfaces/srv/detail/commands__traits.hpp
-- Up-to-date: /home/hamzaboulandoum/corosols_ws/install/custom_interfaces/include/custom_interfaces/custom_interfaces
-- Up-to-date: /home/hamzaboulandoum/corosols_ws/install/custom_interfaces/include/custom_interfaces/custom_interfaces/msg
-- Up-to-date: /home/hamzaboulandoum/corosols_ws/install/custom_interfaces/include/custom_interfaces/custom_interfaces/msg/detail
-- Installing: /home/hamzaboulandoum/corosols_ws/install/custom_interfaces/include/custom_interfaces/custom_interfaces/msg/detail/target__rosidl_typesupport_fastrtps_cpp.hpp
-- Installing: /home/hamzaboulandoum/corosols_ws/install/custom_interfaces/include/custom_interfaces/custom_interfaces/msg/detail/serial_data__rosidl_typesupport_fastrtps_cpp.hpp
-- Up-to-date: /home/hamzaboulandoum/corosols_ws/install/custom_interfaces/include/custom_interfaces/custom_interfaces/msg/detail/dds_fastrtps
-- Installing: /home/hamzaboulandoum/corosols_ws/install/custom_interfaces/include/custom_interfaces/custom_interfaces/msg/detail/command__rosidl_typesupport_fastrtps_cpp.hpp
-- Up-to-date: /home/hamzaboulandoum/corosols_ws/install/custom_interfaces/include/custom_interfaces/custom_interfaces/msg/rosidl_typesupport_fastrtps_cpp__visibility_control.h
-- Up-to-date: /home/hamzaboulandoum/corosols_ws/install/custom_interfaces/include/custom_interfaces/custom_interfaces/srv
-- Up-to-date: /home/hamzaboulandoum/corosols_ws/install/custom_interfaces/include/custom_interfaces/custom_interfaces/srv/detail
-- Installing: /home/hamzaboulandoum/corosols_ws/install/custom_interfaces/include/custom_interfaces/custom_interfaces/srv/detail/commands__rosidl_typesupport_fastrtps_cpp.hpp
-- Installing: /home/hamzaboulandoum/corosols_ws/install/custom_interfaces/include/custom_interfaces/custom_interfaces/srv/detail/dds_fastrtps
-- Installing: /home/hamzaboulandoum/corosols_ws/install/custom_interfaces/lib/libcustom_interfaces__rosidl_typesupport_fastrtps_cpp.so
-- Set runtime path of "/home/hamzaboulandoum/corosols_ws/install/custom_interfaces/lib/libcustom_interfaces__rosidl_typesupport_fastrtps_cpp.so" to ""
-- Up-to-date: /home/hamzaboulandoum/corosols_ws/install/custom_interfaces/include/custom_interfaces/custom_interfaces
-- Up-to-date: /home/hamzaboulandoum/corosols_ws/install/custom_interfaces/include/custom_interfaces/custom_interfaces/msg
-- Up-to-date: /home/hamzaboulandoum/corosols_ws/install/custom_interfaces/include/custom_interfaces/custom_interfaces/msg/detail
-- Installing: /home/hamzaboulandoum/corosols_ws/install/custom_interfaces/include/custom_interfaces/custom_interfaces/msg/detail/command__rosidl_typesupport_introspection_cpp.hpp
-- Installing: /home/hamzaboulandoum/corosols_ws/install/custom_interfaces/include/custom_interfaces/custom_interfaces/msg/detail/serial_data__rosidl_typesupport_introspection_cpp.hpp
-- Installing: /home/hamzaboulandoum/corosols_ws/install/custom_interfaces/include/custom_interfaces/custom_interfaces/msg/detail/command__type_support.cpp
-- Installing: /home/hamzaboulandoum/corosols_ws/install/custom_interfaces/include/custom_interfaces/custom_interfaces/msg/detail/target__rosidl_typesupport_introspection_cpp.hpp
-- Installing: /home/hamzaboulandoum/corosols_ws/install/custom_interfaces/include/custom_interfaces/custom_interfaces/msg/detail/serial_data__type_support.cpp
-- Installing: /home/hamzaboulandoum/corosols_ws/install/custom_interfaces/include/custom_interfaces/custom_interfaces/msg/detail/target__type_support.cpp
-- Up-to-date: /home/hamzaboulandoum/corosols_ws/install/custom_interfaces/include/custom_interfaces/custom_interfaces/srv
-- Up-to-date: /home/hamzaboulandoum/corosols_ws/install/custom_interfaces/include/custom_interfaces/custom_interfaces/srv/detail
-- Installing: /home/hamzaboulandoum/corosols_ws/install/custom_interfaces/include/custom_interfaces/custom_interfaces/srv/detail/commands__type_support.cpp
-- Installing: /home/hamzaboulandoum/corosols_ws/install/custom_interfaces/include/custom_interfaces/custom_interfaces/srv/detail/commands__rosidl_typesupport_introspection_cpp.hpp
-- Installing: /home/hamzaboulandoum/corosols_ws/install/custom_interfaces/lib/libcustom_interfaces__rosidl_typesupport_introspection_cpp.so
-- Set runtime path of "/home/hamzaboulandoum/corosols_ws/install/custom_interfaces/lib/libcustom_interfaces__rosidl_typesupport_introspection_cpp.so" to ""
-- Installing: /home/hamzaboulandoum/corosols_ws/install/custom_interfaces/lib/libcustom_interfaces__rosidl_typesupport_cpp.so
-- Set runtime path of "/home/hamzaboulandoum/corosols_ws/install/custom_interfaces/lib/libcustom_interfaces__rosidl_typesupport_cpp.so" to ""
-- Installing: /home/hamzaboulandoum/corosols_ws/install/custom_interfaces/share/custom_interfaces/environment/pythonpath.sh
-- Installing: /home/hamzaboulandoum/corosols_ws/install/custom_interfaces/share/custom_interfaces/environment/pythonpath.dsv
-- Up-to-date: /home/hamzaboulandoum/corosols_ws/install/custom_interfaces/lib/python3.9/site-packages/custom_interfaces-0.0.0-py3.9.egg-info
-- Installing: /home/hamzaboulandoum/corosols_ws/install/custom_interfaces/lib/python3.9/site-packages/custom_interfaces-0.0.0-py3.9.egg-info/PKG-INFO
-- Installing: /home/hamzaboulandoum/corosols_ws/install/custom_interfaces/lib/python3.9/site-packages/custom_interfaces-0.0.0-py3.9.egg-info/SOURCES.txt
-- Installing: /home/hamzaboulandoum/corosols_ws/install/custom_interfaces/lib/python3.9/site-packages/custom_interfaces-0.0.0-py3.9.egg-info/dependency_links.txt
-- Installing: /home/hamzaboulandoum/corosols_ws/install/custom_interfaces/lib/python3.9/site-packages/custom_interfaces-0.0.0-py3.9.egg-info/top_level.txt
-- Up-to-date: /home/hamzaboulandoum/corosols_ws/install/custom_interfaces/lib/python3.9/site-packages/custom_interfaces
-- Installing: /home/hamzaboulandoum/corosols_ws/install/custom_interfaces/lib/python3.9/site-packages/custom_interfaces/custom_interfaces_s__rosidl_typesupport_introspection_c.cpython-38-aarch64-linux-gnu.so
-- Installing: /home/hamzaboulandoum/corosols_ws/install/custom_interfaces/lib/python3.9/site-packages/custom_interfaces/_custom_interfaces_s.ep.rosidl_typesupport_c.c
-- Installing: /home/hamzaboulandoum/corosols_ws/install/custom_interfaces/lib/python3.9/site-packages/custom_interfaces/_custom_interfaces_s.ep.rosidl_typesupport_fastrtps_c.c
-- Installing: /home/hamzaboulandoum/corosols_ws/install/custom_interfaces/lib/python3.9/site-packages/custom_interfaces/custom_interfaces_s__rosidl_typesupport_fastrtps_c.cpython-38-aarch64-linux-gnu.so
-- Up-to-date: /home/hamzaboulandoum/corosols_ws/install/custom_interfaces/lib/python3.9/site-packages/custom_interfaces/msg
-- Up-to-date: /home/hamzaboulandoum/corosols_ws/install/custom_interfaces/lib/python3.9/site-packages/custom_interfaces/msg/_command.py
-- Up-to-date: /home/hamzaboulandoum/corosols_ws/install/custom_interfaces/lib/python3.9/site-packages/custom_interfaces/msg/_target_s.c
-- Up-to-date: /home/hamzaboulandoum/corosols_ws/install/custom_interfaces/lib/python3.9/site-packages/custom_interfaces/msg/_target.py
-- Installing: /home/hamzaboulandoum/corosols_ws/install/custom_interfaces/lib/python3.9/site-packages/custom_interfaces/msg/_serial_data.py
-- Installing: /home/hamzaboulandoum/corosols_ws/install/custom_interfaces/lib/python3.9/site-packages/custom_interfaces/msg/__init__.py
-- Up-to-date: /home/hamzaboulandoum/corosols_ws/install/custom_interfaces/lib/python3.9/site-packages/custom_interfaces/msg/_command_s.c
-- Installing: /home/hamzaboulandoum/corosols_ws/install/custom_interfaces/lib/python3.9/site-packages/custom_interfaces/msg/_serial_data_s.c
-- Installing: /home/hamzaboulandoum/corosols_ws/install/custom_interfaces/lib/python3.9/site-packages/custom_interfaces/srv
-- Installing: /home/hamzaboulandoum/corosols_ws/install/custom_interfaces/lib/python3.9/site-packages/custom_interfaces/srv/_commands.py
-- Installing: /home/hamzaboulandoum/corosols_ws/install/custom_interfaces/lib/python3.9/site-packages/custom_interfaces/srv/_commands_s.c
-- Installing: /home/hamzaboulandoum/corosols_ws/install/custom_interfaces/lib/python3.9/site-packages/custom_interfaces/srv/__init__.py
-- Installing: /home/hamzaboulandoum/corosols_ws/install/custom_interfaces/lib/python3.9/site-packages/custom_interfaces/_custom_interfaces_s.ep.rosidl_typesupport_introspection_c.c
-- Installing: /home/hamzaboulandoum/corosols_ws/install/custom_interfaces/lib/python3.9/site-packages/custom_interfaces/libcustom_interfaces__rosidl_generator_py.so
-- Installing: /home/hamzaboulandoum/corosols_ws/install/custom_interfaces/lib/python3.9/site-packages/custom_interfaces/__init__.py
-- Installing: /home/hamzaboulandoum/corosols_ws/install/custom_interfaces/lib/python3.9/site-packages/custom_interfaces/custom_interfaces_s__rosidl_typesupport_c.cpython-38-aarch64-linux-gnu.so
Listing '/home/hamzaboulandoum/corosols_ws/install/custom_interfaces/lib/python3.9/site-packages/custom_interfaces'...
Compiling '/home/hamzaboulandoum/corosols_ws/install/custom_interfaces/lib/python3.9/site-packages/custom_interfaces/__init__.py'...
Listing '/home/hamzaboulandoum/corosols_ws/install/custom_interfaces/lib/python3.9/site-packages/custom_interfaces/msg'...
Compiling '/home/hamzaboulandoum/corosols_ws/install/custom_interfaces/lib/python3.9/site-packages/custom_interfaces/msg/__init__.py'...
Compiling '/home/hamzaboulandoum/corosols_ws/install/custom_interfaces/lib/python3.9/site-packages/custom_interfaces/msg/_serial_data.py'...
Listing '/home/hamzaboulandoum/corosols_ws/install/custom_interfaces/lib/python3.9/site-packages/custom_interfaces/srv'...
Compiling '/home/hamzaboulandoum/corosols_ws/install/custom_interfaces/lib/python3.9/site-packages/custom_interfaces/srv/__init__.py'...
Compiling '/home/hamzaboulandoum/corosols_ws/install/custom_interfaces/lib/python3.9/site-packages/custom_interfaces/srv/_commands.py'...
-- Installing: /home/hamzaboulandoum/corosols_ws/install/custom_interfaces/lib/python3.9/site-packages/custom_interfaces/custom_interfaces_s__rosidl_typesupport_fastrtps_c.cpython-38-aarch64-linux-gnu.so
-- Set runtime path of "/home/hamzaboulandoum/corosols_ws/install/custom_interfaces/lib/python3.9/site-packages/custom_interfaces/custom_interfaces_s__rosidl_typesupport_fastrtps_c.cpython-38-aarch64-linux-gnu.so" to ""
-- Installing: /home/hamzaboulandoum/corosols_ws/install/custom_interfaces/lib/python3.9/site-packages/custom_interfaces/custom_interfaces_s__rosidl_typesupport_introspection_c.cpython-38-aarch64-linux-gnu.so
-- Set runtime path of "/home/hamzaboulandoum/corosols_ws/install/custom_interfaces/lib/python3.9/site-packages/custom_interfaces/custom_interfaces_s__rosidl_typesupport_introspection_c.cpython-38-aarch64-linux-gnu.so" to ""
-- Installing: /home/hamzaboulandoum/corosols_ws/install/custom_interfaces/lib/python3.9/site-packages/custom_interfaces/custom_interfaces_s__rosidl_typesupport_c.cpython-38-aarch64-linux-gnu.so
-- Set runtime path of "/home/hamzaboulandoum/corosols_ws/install/custom_interfaces/lib/python3.9/site-packages/custom_interfaces/custom_interfaces_s__rosidl_typesupport_c.cpython-38-aarch64-linux-gnu.so" to ""
-- Installing: /home/hamzaboulandoum/corosols_ws/install/custom_interfaces/lib/libcustom_interfaces__rosidl_generator_py.so
-- Set runtime path of "/home/hamzaboulandoum/corosols_ws/install/custom_interfaces/lib/libcustom_interfaces__rosidl_generator_py.so" to ""
-- Up-to-date: /home/hamzaboulandoum/corosols_ws/install/custom_interfaces/share/custom_interfaces/msg/SerialData.idl
-- Installing: /home/hamzaboulandoum/corosols_ws/install/custom_interfaces/share/custom_interfaces/srv/Commands.idl
-- Up-to-date: /home/hamzaboulandoum/corosols_ws/install/custom_interfaces/share/custom_interfaces/msg/SerialData.msg
-- Up-to-date: /home/hamzaboulandoum/corosols_ws/install/custom_interfaces/share/custom_interfaces/srv/Commands.srv
-- Installing: /home/hamzaboulandoum/corosols_ws/install/custom_interfaces/share/custom_interfaces/srv/Commands_Request.msg
-- Installing: /home/hamzaboulandoum/corosols_ws/install/custom_interfaces/share/custom_interfaces/srv/Commands_Response.msg
-- Installing: /home/hamzaboulandoum/corosols_ws/install/custom_interfaces/share/ament_index/resource_index/package_run_dependencies/custom_interfaces
-- Installing: /home/hamzaboulandoum/corosols_ws/install/custom_interfaces/share/ament_index/resource_index/parent_prefix_path/custom_interfaces
-- Up-to-date: /home/hamzaboulandoum/corosols_ws/install/custom_interfaces/share/custom_interfaces/environment/ament_prefix_path.sh
-- Installing: /home/hamzaboulandoum/corosols_ws/install/custom_interfaces/share/custom_interfaces/environment/ament_prefix_path.dsv
-- Up-to-date: /home/hamzaboulandoum/corosols_ws/install/custom_interfaces/share/custom_interfaces/environment/path.sh
-- Installing: /home/hamzaboulandoum/corosols_ws/install/custom_interfaces/share/custom_interfaces/environment/path.dsv
-- Up-to-date: /home/hamzaboulandoum/corosols_ws/install/custom_interfaces/share/custom_interfaces/local_setup.bash
-- Installing: /home/hamzaboulandoum/corosols_ws/install/custom_interfaces/share/custom_interfaces/local_setup.sh
-- Up-to-date: /home/hamzaboulandoum/corosols_ws/install/custom_interfaces/share/custom_interfaces/local_setup.zsh
-- Installing: /home/hamzaboulandoum/corosols_ws/install/custom_interfaces/share/custom_interfaces/local_setup.dsv
-- Installing: /home/hamzaboulandoum/corosols_ws/install/custom_interfaces/share/custom_interfaces/package.dsv
-- Up-to-date: /home/hamzaboulandoum/corosols_ws/install/custom_interfaces/share/ament_index/resource_index/packages/custom_interfaces
-- Old export file "/home/hamzaboulandoum/corosols_ws/install/custom_interfaces/share/custom_interfaces/cmake/export_custom_interfaces__rosidl_generator_cExport.cmake" will be replaced.  Removing files [/home/hamzaboulandoum/corosols_ws/install/custom_interfaces/share/custom_interfaces/cmake/export_custom_interfaces__rosidl_generator_cExport-noconfig.cmake].
-- Installing: /home/hamzaboulandoum/corosols_ws/install/custom_interfaces/share/custom_interfaces/cmake/export_custom_interfaces__rosidl_generator_cExport.cmake
-- Installing: /home/hamzaboulandoum/corosols_ws/install/custom_interfaces/share/custom_interfaces/cmake/export_custom_interfaces__rosidl_generator_cExport-noconfig.cmake
-- Old export file "/home/hamzaboulandoum/corosols_ws/install/custom_interfaces/share/custom_interfaces/cmake/export_custom_interfaces__rosidl_typesupport_fastrtps_cExport.cmake" will be replaced.  Removing files [/home/hamzaboulandoum/corosols_ws/install/custom_interfaces/share/custom_interfaces/cmake/export_custom_interfaces__rosidl_typesupport_fastrtps_cExport-noconfig.cmake].
-- Installing: /home/hamzaboulandoum/corosols_ws/install/custom_interfaces/share/custom_interfaces/cmake/export_custom_interfaces__rosidl_typesupport_fastrtps_cExport.cmake
-- Installing: /home/hamzaboulandoum/corosols_ws/install/custom_interfaces/share/custom_interfaces/cmake/export_custom_interfaces__rosidl_typesupport_fastrtps_cExport-noconfig.cmake
-- Old export file "/home/hamzaboulandoum/corosols_ws/install/custom_interfaces/share/custom_interfaces/cmake/custom_interfaces__rosidl_typesupport_introspection_cExport.cmake" will be replaced.  Removing files [/home/hamzaboulandoum/corosols_ws/install/custom_interfaces/share/custom_interfaces/cmake/custom_interfaces__rosidl_typesupport_introspection_cExport-noconfig.cmake].
-- Installing: /home/hamzaboulandoum/corosols_ws/install/custom_interfaces/share/custom_interfaces/cmake/custom_interfaces__rosidl_typesupport_introspection_cExport.cmake
-- Installing: /home/hamzaboulandoum/corosols_ws/install/custom_interfaces/share/custom_interfaces/cmake/custom_interfaces__rosidl_typesupport_introspection_cExport-noconfig.cmake
-- Old export file "/home/hamzaboulandoum/corosols_ws/install/custom_interfaces/share/custom_interfaces/cmake/custom_interfaces__rosidl_typesupport_cExport.cmake" will be replaced.  Removing files [/home/hamzaboulandoum/corosols_ws/install/custom_interfaces/share/custom_interfaces/cmake/custom_interfaces__rosidl_typesupport_cExport-noconfig.cmake].
-- Installing: /home/hamzaboulandoum/corosols_ws/install/custom_interfaces/share/custom_interfaces/cmake/custom_interfaces__rosidl_typesupport_cExport.cmake
-- Installing: /home/hamzaboulandoum/corosols_ws/install/custom_interfaces/share/custom_interfaces/cmake/custom_interfaces__rosidl_typesupport_cExport-noconfig.cmake
-- Installing: /home/hamzaboulandoum/corosols_ws/install/custom_interfaces/share/custom_interfaces/cmake/export_custom_interfaces__rosidl_generator_cppExport.cmake
-- Old export file "/home/hamzaboulandoum/corosols_ws/install/custom_interfaces/share/custom_interfaces/cmake/export_custom_interfaces__rosidl_typesupport_fastrtps_cppExport.cmake" will be replaced.  Removing files [/home/hamzaboulandoum/corosols_ws/install/custom_interfaces/share/custom_interfaces/cmake/export_custom_interfaces__rosidl_typesupport_fastrtps_cppExport-noconfig.cmake].
-- Installing: /home/hamzaboulandoum/corosols_ws/install/custom_interfaces/share/custom_interfaces/cmake/export_custom_interfaces__rosidl_typesupport_fastrtps_cppExport.cmake
-- Installing: /home/hamzaboulandoum/corosols_ws/install/custom_interfaces/share/custom_interfaces/cmake/export_custom_interfaces__rosidl_typesupport_fastrtps_cppExport-noconfig.cmake
-- Old export file "/home/hamzaboulandoum/corosols_ws/install/custom_interfaces/share/custom_interfaces/cmake/custom_interfaces__rosidl_typesupport_introspection_cppExport.cmake" will be replaced.  Removing files [/home/hamzaboulandoum/corosols_ws/install/custom_interfaces/share/custom_interfaces/cmake/custom_interfaces__rosidl_typesupport_introspection_cppExport-noconfig.cmake].
-- Installing: /home/hamzaboulandoum/corosols_ws/install/custom_interfaces/share/custom_interfaces/cmake/custom_interfaces__rosidl_typesupport_introspection_cppExport.cmake
-- Installing: /home/hamzaboulandoum/corosols_ws/install/custom_interfaces/share/custom_interfaces/cmake/custom_interfaces__rosidl_typesupport_introspection_cppExport-noconfig.cmake
-- Old export file "/home/hamzaboulandoum/corosols_ws/install/custom_interfaces/share/custom_interfaces/cmake/custom_interfaces__rosidl_typesupport_cppExport.cmake" will be replaced.  Removing files [/home/hamzaboulandoum/corosols_ws/install/custom_interfaces/share/custom_interfaces/cmake/custom_interfaces__rosidl_typesupport_cppExport-noconfig.cmake].
-- Installing: /home/hamzaboulandoum/corosols_ws/install/custom_interfaces/share/custom_interfaces/cmake/custom_interfaces__rosidl_typesupport_cppExport.cmake
-- Installing: /home/hamzaboulandoum/corosols_ws/install/custom_interfaces/share/custom_interfaces/cmake/custom_interfaces__rosidl_typesupport_cppExport-noconfig.cmake
-- Old export file "/home/hamzaboulandoum/corosols_ws/install/custom_interfaces/share/custom_interfaces/cmake/export_custom_interfaces__rosidl_generator_pyExport.cmake" will be replaced.  Removing files [/home/hamzaboulandoum/corosols_ws/install/custom_interfaces/share/custom_interfaces/cmake/export_custom_interfaces__rosidl_generator_pyExport-noconfig.cmake].
-- Installing: /home/hamzaboulandoum/corosols_ws/install/custom_interfaces/share/custom_interfaces/cmake/export_custom_interfaces__rosidl_generator_pyExport.cmake
-- Installing: /home/hamzaboulandoum/corosols_ws/install/custom_interfaces/share/custom_interfaces/cmake/export_custom_interfaces__rosidl_generator_pyExport-noconfig.cmake
-- Installing: /home/hamzaboulandoum/corosols_ws/install/custom_interfaces/share/custom_interfaces/cmake/rosidl_cmake-extras.cmake
-- Up-to-date: /home/hamzaboulandoum/corosols_ws/install/custom_interfaces/share/custom_interfaces/cmake/ament_cmake_export_include_directories-extras.cmake
-- Up-to-date: /home/hamzaboulandoum/corosols_ws/install/custom_interfaces/share/custom_interfaces/cmake/ament_cmake_export_libraries-extras.cmake
-- Up-to-date: /home/hamzaboulandoum/corosols_ws/install/custom_interfaces/share/custom_interfaces/cmake/ament_cmake_export_targets-extras.cmake
-- Up-to-date: /home/hamzaboulandoum/corosols_ws/install/custom_interfaces/share/custom_interfaces/cmake/rosidl_cmake_export_typesupport_targets-extras.cmake
-- Up-to-date: /home/hamzaboulandoum/corosols_ws/install/custom_interfaces/share/custom_interfaces/cmake/ament_cmake_export_dependencies-extras.cmake
-- Up-to-date: /home/hamzaboulandoum/corosols_ws/install/custom_interfaces/share/custom_interfaces/cmake/rosidl_cmake_export_typesupport_libraries-extras.cmake
-- Up-to-date: /home/hamzaboulandoum/corosols_ws/install/custom_interfaces/share/custom_interfaces/cmake/custom_interfacesConfig.cmake
-- Up-to-date: /home/hamzaboulandoum/corosols_ws/install/custom_interfaces/share/custom_interfaces/cmake/custom_interfacesConfig-version.cmake
-- Up-to-date: /home/hamzaboulandoum/corosols_ws/install/custom_interfaces/share/custom_interfaces/package.xml
