[0.368s] Invoking command in '/home/robot001/Desktop/Application/COROSOLS_WS/src/corosols': CMAKE_PREFIX_PATH=/home/robot001/Desktop/Application/COROSOLS_WS/install/custom_interfaces:/home/robot001/Desktop/Application/COROSOLS_WS/install/action_tutorials_interfaces:/home/robot001/Desktop/Application/COROSOLS_WS/install/marvelmind_ros2:/home/robot001/Desktop/Application/COROSOLS_WS/install/marvelmind_ros2_msgs LD_LIBRARY_PATH=/home/robot001/Desktop/Application/COROSOLS_WS/install/custom_interfaces/lib:/home/robot001/Desktop/Application/COROSOLS_WS/install/action_tutorials_interfaces/lib:/home/robot001/Desktop/Application/COROSOLS_WS/install/marvelmind_ros2_msgs/lib:/opt/ros/humble/opt/rviz_ogre_vendor/lib:/opt/ros/humble/lib/x86_64-linux-gnu:/opt/ros/humble/lib PYTHONPATH=/home/robot001/Desktop/Application/COROSOLS_WS/build/corosols/prefix_override:/usr/lib/python3/dist-packages/colcon_core/task/python/colcon_distutils_commands:/home/robot001/Desktop/Application/COROSOLS_WS/install/corosols/lib/python3.10/site-packages:${PYTHONPATH} /usr/bin/python3 -W ignore:setup.py install is deprecated -W ignore:easy_install command is deprecated setup.py egg_info --egg-base ../../build/corosols build --build-base /home/robot001/Desktop/Application/COROSOLS_WS/build/corosols/build install --record /home/robot001/Desktop/Application/COROSOLS_WS/build/corosols/install.log --single-version-externally-managed install_data
[0.496s] running egg_info
[0.496s] writing ../../build/corosols/corosols.egg-info/PKG-INFO
[0.496s] writing dependency_links to ../../build/corosols/corosols.egg-info/dependency_links.txt
[0.496s] writing entry points to ../../build/corosols/corosols.egg-info/entry_points.txt
[0.496s] writing requirements to ../../build/corosols/corosols.egg-info/requires.txt
[0.496s] writing top-level names to ../../build/corosols/corosols.egg-info/top_level.txt
[0.497s] reading manifest file '../../build/corosols/corosols.egg-info/SOURCES.txt'
[0.498s] writing manifest file '../../build/corosols/corosols.egg-info/SOURCES.txt'
[0.498s] running build
[0.498s] running build_py
[0.498s] copying corosols/robot_speeds.py -> /home/robot001/Desktop/Application/COROSOLS_WS/build/corosols/build/lib/corosols
[0.498s] copying corosols/serial_read.py -> /home/robot001/Desktop/Application/COROSOLS_WS/build/corosols/build/lib/corosols
[0.499s] running install
[0.499s] running install_lib
[0.500s] copying /home/robot001/Desktop/Application/COROSOLS_WS/build/corosols/build/lib/corosols/robot_speeds.py -> /home/robot001/Desktop/Application/COROSOLS_WS/install/corosols/lib/python3.10/site-packages/corosols
[0.500s] copying /home/robot001/Desktop/Application/COROSOLS_WS/build/corosols/build/lib/corosols/serial_read.py -> /home/robot001/Desktop/Application/COROSOLS_WS/install/corosols/lib/python3.10/site-packages/corosols
[0.500s] byte-compiling /home/robot001/Desktop/Application/COROSOLS_WS/install/corosols/lib/python3.10/site-packages/corosols/robot_speeds.py to robot_speeds.cpython-310.pyc
[0.507s] byte-compiling /home/robot001/Desktop/Application/COROSOLS_WS/install/corosols/lib/python3.10/site-packages/corosols/serial_read.py to serial_read.cpython-310.pyc
[0.509s] running install_data
[0.509s] running install_egg_info
[0.510s] removing '/home/robot001/Desktop/Application/COROSOLS_WS/install/corosols/lib/python3.10/site-packages/corosols-0.0.0-py3.10.egg-info' (and everything under it)
[0.510s] Copying ../../build/corosols/corosols.egg-info to /home/robot001/Desktop/Application/COROSOLS_WS/install/corosols/lib/python3.10/site-packages/corosols-0.0.0-py3.10.egg-info
[0.510s] running install_scripts
[0.521s] Installing imu_broadcaster script to /home/robot001/Desktop/Application/COROSOLS_WS/install/corosols/lib/corosols
[0.521s] Installing input_client script to /home/robot001/Desktop/Application/COROSOLS_WS/install/corosols/lib/corosols
[0.521s] Installing pose_broadcaster script to /home/robot001/Desktop/Application/COROSOLS_WS/install/corosols/lib/corosols
[0.521s] Installing robot_speeds script to /home/robot001/Desktop/Application/COROSOLS_WS/install/corosols/lib/corosols
[0.521s] Installing serial script to /home/robot001/Desktop/Application/COROSOLS_WS/install/corosols/lib/corosols
[0.521s] Installing station_connector script to /home/robot001/Desktop/Application/COROSOLS_WS/install/corosols/lib/corosols
[0.521s] writing list of installed files to '/home/robot001/Desktop/Application/COROSOLS_WS/build/corosols/install.log'
[0.535s] Invoked command in '/home/robot001/Desktop/Application/COROSOLS_WS/src/corosols' returned '0': CMAKE_PREFIX_PATH=/home/robot001/Desktop/Application/COROSOLS_WS/install/custom_interfaces:/home/robot001/Desktop/Application/COROSOLS_WS/install/action_tutorials_interfaces:/home/robot001/Desktop/Application/COROSOLS_WS/install/marvelmind_ros2:/home/robot001/Desktop/Application/COROSOLS_WS/install/marvelmind_ros2_msgs LD_LIBRARY_PATH=/home/robot001/Desktop/Application/COROSOLS_WS/install/custom_interfaces/lib:/home/robot001/Desktop/Application/COROSOLS_WS/install/action_tutorials_interfaces/lib:/home/robot001/Desktop/Application/COROSOLS_WS/install/marvelmind_ros2_msgs/lib:/opt/ros/humble/opt/rviz_ogre_vendor/lib:/opt/ros/humble/lib/x86_64-linux-gnu:/opt/ros/humble/lib PYTHONPATH=/home/robot001/Desktop/Application/COROSOLS_WS/build/corosols/prefix_override:/usr/lib/python3/dist-packages/colcon_core/task/python/colcon_distutils_commands:/home/robot001/Desktop/Application/COROSOLS_WS/install/corosols/lib/python3.10/site-packages:${PYTHONPATH} /usr/bin/python3 -W ignore:setup.py install is deprecated -W ignore:easy_install command is deprecated setup.py egg_info --egg-base ../../build/corosols build --build-base /home/robot001/Desktop/Application/COROSOLS_WS/build/corosols/build install --record /home/robot001/Desktop/Application/COROSOLS_WS/build/corosols/install.log --single-version-externally-managed install_data
