[0.014s] Invoking command in '/home/hamzalegion/COROSOLS_WS/build/marvelmind_ros2': CMAKE_PREFIX_PATH=/home/hamzalegion/COROSOLS_WS/install/marvelmind_ros2_msgs:/home/hamzalegion/COROSOLS_WS/install/marvelmind_ros2:/home/hamzalegion/COROSOLS_WS/install/custom_interfaces:/home/hamzalegion/COROSOLS_WS/install/action_tutorials_interfaces:/home/hamzalegion/COROSOLS_WS/install/corosols:/opt/ros/humble /usr/bin/cmake --build /home/hamzalegion/COROSOLS_WS/build/marvelmind_ros2 -- -j16 -l16
[0.070s] [ 50%] Built target marvelmind_hedge_lib
[0.071s] [ 50%] Built target marvelmind_api_lib
[0.097s] [100%] Built target marvelmind_ros2
[0.097s] [100%] Built target marvelmind_api_ros2
[0.110s] Invoked command in '/home/hamzalegion/COROSOLS_WS/build/marvelmind_ros2' returned '0': CMAKE_PREFIX_PATH=/home/hamzalegion/COROSOLS_WS/install/marvelmind_ros2_msgs:/home/hamzalegion/COROSOLS_WS/install/marvelmind_ros2:/home/hamzalegion/COROSOLS_WS/install/custom_interfaces:/home/hamzalegion/COROSOLS_WS/install/action_tutorials_interfaces:/home/hamzalegion/COROSOLS_WS/install/corosols:/opt/ros/humble /usr/bin/cmake --build /home/hamzalegion/COROSOLS_WS/build/marvelmind_ros2 -- -j16 -l16
[0.154s] Invoking command in '/home/hamzalegion/COROSOLS_WS/build/marvelmind_ros2': CMAKE_PREFIX_PATH=/home/hamzalegion/COROSOLS_WS/install/marvelmind_ros2_msgs:/home/hamzalegion/COROSOLS_WS/install/marvelmind_ros2:/home/hamzalegion/COROSOLS_WS/install/custom_interfaces:/home/hamzalegion/COROSOLS_WS/install/action_tutorials_interfaces:/home/hamzalegion/COROSOLS_WS/install/corosols:/opt/ros/humble /usr/bin/cmake --install /home/hamzalegion/COROSOLS_WS/build/marvelmind_ros2
[0.160s] -- Install configuration: ""
[0.161s] -- Up-to-date: /home/hamzalegion/COROSOLS_WS/install/marvelmind_ros2/lib/marvelmind_ros2/marvelmind_ros2
[0.161s] -- Up-to-date: /home/hamzalegion/COROSOLS_WS/install/marvelmind_ros2/lib/marvelmind_ros2/marvelmind_api_ros2
[0.161s] -- Up-to-date: /home/hamzalegion/COROSOLS_WS/install/marvelmind_ros2/share/marvelmind_ros2/config
[0.161s] -- Up-to-date: /home/hamzalegion/COROSOLS_WS/install/marvelmind_ros2/share/marvelmind_ros2/config/marvelmind_ros2_config.yaml
[0.161s] -- Up-to-date: /home/hamzalegion/COROSOLS_WS/install/marvelmind_ros2/share/marvelmind_ros2/launch
[0.161s] -- Up-to-date: /home/hamzalegion/COROSOLS_WS/install/marvelmind_ros2/share/marvelmind_ros2/launch/marvelmind_api_ros2.launch.py
[0.162s] -- Up-to-date: /home/hamzalegion/COROSOLS_WS/install/marvelmind_ros2/share/marvelmind_ros2/launch/marvelmind_ros2.launch.py
[0.162s] -- Up-to-date: /home/hamzalegion/COROSOLS_WS/install/marvelmind_ros2/share/ament_index/resource_index/package_run_dependencies/marvelmind_ros2
[0.162s] -- Up-to-date: /home/hamzalegion/COROSOLS_WS/install/marvelmind_ros2/share/ament_index/resource_index/parent_prefix_path/marvelmind_ros2
[0.162s] -- Up-to-date: /home/hamzalegion/COROSOLS_WS/install/marvelmind_ros2/share/marvelmind_ros2/environment/ament_prefix_path.sh
[0.162s] -- Up-to-date: /home/hamzalegion/COROSOLS_WS/install/marvelmind_ros2/share/marvelmind_ros2/environment/ament_prefix_path.dsv
[0.162s] -- Up-to-date: /home/hamzalegion/COROSOLS_WS/install/marvelmind_ros2/share/marvelmind_ros2/environment/path.sh
[0.162s] -- Up-to-date: /home/hamzalegion/COROSOLS_WS/install/marvelmind_ros2/share/marvelmind_ros2/environment/path.dsv
[0.162s] -- Up-to-date: /home/hamzalegion/COROSOLS_WS/install/marvelmind_ros2/share/marvelmind_ros2/local_setup.bash
[0.162s] -- Up-to-date: /home/hamzalegion/COROSOLS_WS/install/marvelmind_ros2/share/marvelmind_ros2/local_setup.sh
[0.162s] -- Up-to-date: /home/hamzalegion/COROSOLS_WS/install/marvelmind_ros2/share/marvelmind_ros2/local_setup.zsh
[0.162s] -- Up-to-date: /home/hamzalegion/COROSOLS_WS/install/marvelmind_ros2/share/marvelmind_ros2/local_setup.dsv
[0.162s] -- Installing: /home/hamzalegion/COROSOLS_WS/install/marvelmind_ros2/share/marvelmind_ros2/package.dsv
[0.162s] -- Up-to-date: /home/hamzalegion/COROSOLS_WS/install/marvelmind_ros2/share/ament_index/resource_index/packages/marvelmind_ros2
[0.162s] -- Up-to-date: /home/hamzalegion/COROSOLS_WS/install/marvelmind_ros2/share/marvelmind_ros2/cmake/marvelmind_ros2Config.cmake
[0.162s] -- Up-to-date: /home/hamzalegion/COROSOLS_WS/install/marvelmind_ros2/share/marvelmind_ros2/cmake/marvelmind_ros2Config-version.cmake
[0.163s] -- Up-to-date: /home/hamzalegion/COROSOLS_WS/install/marvelmind_ros2/share/marvelmind_ros2/package.xml
[0.164s] Invoked command in '/home/hamzalegion/COROSOLS_WS/build/marvelmind_ros2' returned '0': CMAKE_PREFIX_PATH=/home/hamzalegion/COROSOLS_WS/install/marvelmind_ros2_msgs:/home/hamzalegion/COROSOLS_WS/install/marvelmind_ros2:/home/hamzalegion/COROSOLS_WS/install/custom_interfaces:/home/hamzalegion/COROSOLS_WS/install/action_tutorials_interfaces:/home/hamzalegion/COROSOLS_WS/install/corosols:/opt/ros/humble /usr/bin/cmake --install /home/hamzalegion/COROSOLS_WS/build/marvelmind_ros2
