[0.431s] Invoking command in '/home/youssef/COROSOLS_WS/build/marvelmind_ros2': AMENT_PREFIX_PATH=/home/youssef/COROSOLS_WS/install/marvelmind_ros2_msgs:${AMENT_PREFIX_PATH} CMAKE_PREFIX_PATH=/home/youssef/COROSOLS_WS/install/marvelmind_ros2_msgs:/opt/ros/humble LD_LIBRARY_PATH=/home/youssef/COROSOLS_WS/install/marvelmind_ros2_msgs/lib:${LD_LIBRARY_PATH} PYTHONPATH=/home/youssef/COROSOLS_WS/install/marvelmind_ros2_msgs/local/lib/python3.10/dist-packages:${PYTHONPATH} /usr/bin/cmake --build /home/youssef/COROSOLS_WS/build/marvelmind_ros2 -- -j8 -l8
[0.508s] [ 25%] Built target marvelmind_api_lib
[0.509s] [ 50%] Built target marvelmind_hedge_lib
[0.549s] [ 75%] Built target marvelmind_api_ros2
[0.551s] [100%] Built target marvelmind_ros2
[0.566s] Invoked command in '/home/youssef/COROSOLS_WS/build/marvelmind_ros2' returned '0': AMENT_PREFIX_PATH=/home/youssef/COROSOLS_WS/install/marvelmind_ros2_msgs:${AMENT_PREFIX_PATH} CMAKE_PREFIX_PATH=/home/youssef/COROSOLS_WS/install/marvelmind_ros2_msgs:/opt/ros/humble LD_LIBRARY_PATH=/home/youssef/COROSOLS_WS/install/marvelmind_ros2_msgs/lib:${LD_LIBRARY_PATH} PYTHONPATH=/home/youssef/COROSOLS_WS/install/marvelmind_ros2_msgs/local/lib/python3.10/dist-packages:${PYTHONPATH} /usr/bin/cmake --build /home/youssef/COROSOLS_WS/build/marvelmind_ros2 -- -j8 -l8
[0.569s] Invoking command in '/home/youssef/COROSOLS_WS/build/marvelmind_ros2': AMENT_PREFIX_PATH=/home/youssef/COROSOLS_WS/install/marvelmind_ros2_msgs:${AMENT_PREFIX_PATH} CMAKE_PREFIX_PATH=/home/youssef/COROSOLS_WS/install/marvelmind_ros2_msgs:/opt/ros/humble LD_LIBRARY_PATH=/home/youssef/COROSOLS_WS/install/marvelmind_ros2_msgs/lib:${LD_LIBRARY_PATH} PYTHONPATH=/home/youssef/COROSOLS_WS/install/marvelmind_ros2_msgs/local/lib/python3.10/dist-packages:${PYTHONPATH} /usr/bin/cmake --install /home/youssef/COROSOLS_WS/build/marvelmind_ros2
[0.579s] -- Install configuration: ""
[0.579s] -- Up-to-date: /home/youssef/COROSOLS_WS/install/marvelmind_ros2/lib/marvelmind_ros2/marvelmind_ros2
[0.581s] -- Up-to-date: /home/youssef/COROSOLS_WS/install/marvelmind_ros2/lib/marvelmind_ros2/marvelmind_api_ros2
[0.582s] -- Up-to-date: /home/youssef/COROSOLS_WS/install/marvelmind_ros2/share/marvelmind_ros2/config
[0.582s] -- Up-to-date: /home/youssef/COROSOLS_WS/install/marvelmind_ros2/share/marvelmind_ros2/config/marvelmind_ros2_config.yaml
[0.582s] -- Up-to-date: /home/youssef/COROSOLS_WS/install/marvelmind_ros2/share/marvelmind_ros2/launch
[0.582s] -- Up-to-date: /home/youssef/COROSOLS_WS/install/marvelmind_ros2/share/marvelmind_ros2/launch/marvelmind_ros2.launch.py
[0.582s] -- Up-to-date: /home/youssef/COROSOLS_WS/install/marvelmind_ros2/share/marvelmind_ros2/launch/marvelmind_api_ros2.launch.py
[0.583s] -- Up-to-date: /home/youssef/COROSOLS_WS/install/marvelmind_ros2/share/ament_index/resource_index/package_run_dependencies/marvelmind_ros2
[0.583s] -- Up-to-date: /home/youssef/COROSOLS_WS/install/marvelmind_ros2/share/ament_index/resource_index/parent_prefix_path/marvelmind_ros2
[0.583s] -- Up-to-date: /home/youssef/COROSOLS_WS/install/marvelmind_ros2/share/marvelmind_ros2/environment/ament_prefix_path.sh
[0.583s] -- Up-to-date: /home/youssef/COROSOLS_WS/install/marvelmind_ros2/share/marvelmind_ros2/environment/ament_prefix_path.dsv
[0.583s] -- Up-to-date: /home/youssef/COROSOLS_WS/install/marvelmind_ros2/share/marvelmind_ros2/environment/path.sh
[0.584s] -- Up-to-date: /home/youssef/COROSOLS_WS/install/marvelmind_ros2/share/marvelmind_ros2/environment/path.dsv
[0.584s] -- Up-to-date: /home/youssef/COROSOLS_WS/install/marvelmind_ros2/share/marvelmind_ros2/local_setup.bash
[0.584s] -- Up-to-date: /home/youssef/COROSOLS_WS/install/marvelmind_ros2/share/marvelmind_ros2/local_setup.sh
[0.584s] -- Up-to-date: /home/youssef/COROSOLS_WS/install/marvelmind_ros2/share/marvelmind_ros2/local_setup.zsh
[0.584s] -- Up-to-date: /home/youssef/COROSOLS_WS/install/marvelmind_ros2/share/marvelmind_ros2/local_setup.dsv
[0.584s] -- Installing: /home/youssef/COROSOLS_WS/install/marvelmind_ros2/share/marvelmind_ros2/package.dsv
[0.585s] -- Up-to-date: /home/youssef/COROSOLS_WS/install/marvelmind_ros2/share/ament_index/resource_index/packages/marvelmind_ros2
[0.585s] -- Up-to-date: /home/youssef/COROSOLS_WS/install/marvelmind_ros2/share/marvelmind_ros2/cmake/marvelmind_ros2Config.cmake
[0.585s] -- Up-to-date: /home/youssef/COROSOLS_WS/install/marvelmind_ros2/share/marvelmind_ros2/cmake/marvelmind_ros2Config-version.cmake
[0.585s] -- Up-to-date: /home/youssef/COROSOLS_WS/install/marvelmind_ros2/share/marvelmind_ros2/package.xml
[0.587s] Invoked command in '/home/youssef/COROSOLS_WS/build/marvelmind_ros2' returned '0': AMENT_PREFIX_PATH=/home/youssef/COROSOLS_WS/install/marvelmind_ros2_msgs:${AMENT_PREFIX_PATH} CMAKE_PREFIX_PATH=/home/youssef/COROSOLS_WS/install/marvelmind_ros2_msgs:/opt/ros/humble LD_LIBRARY_PATH=/home/youssef/COROSOLS_WS/install/marvelmind_ros2_msgs/lib:${LD_LIBRARY_PATH} PYTHONPATH=/home/youssef/COROSOLS_WS/install/marvelmind_ros2_msgs/local/lib/python3.10/dist-packages:${PYTHONPATH} /usr/bin/cmake --install /home/youssef/COROSOLS_WS/build/marvelmind_ros2
