[0.829s] Invoking command in '/home/youssef/COROSOLS_WS/src/corosols': CMAKE_PREFIX_PATH=/home/youssef/COROSOLS_WS/install/custom_interfaces:/home/youssef/COROSOLS_WS/install/action_tutorials_interfaces:/home/youssef/COROSOLS_WS/install/sllidar_ros2:/home/youssef/COROSOLS_WS/install/marvelmind_ros2:/home/youssef/COROSOLS_WS/install/marvelmind_ros2_msgs LD_LIBRARY_PATH=/home/youssef/COROSOLS_WS/install/custom_interfaces/lib:/home/youssef/COROSOLS_WS/install/action_tutorials_interfaces/lib:/opt/ros/humble/opt/rviz_ogre_vendor/lib:/opt/ros/humble/lib/x86_64-linux-gnu:/opt/ros/humble/lib:/home/youssef/COROSOLS_WS/install/marvelmind_ros2_msgs/lib PYTHONPATH=/home/youssef/COROSOLS_WS/build/corosols/prefix_override:/usr/lib/python3/dist-packages/colcon_core/task/python/colcon_distutils_commands:/home/youssef/COROSOLS_WS/install/corosols/lib/python3.10/site-packages:${PYTHONPATH} /usr/bin/python3 -W ignore:setup.py install is deprecated -W ignore:easy_install command is deprecated setup.py egg_info --egg-base ../../build/corosols build --build-base /home/youssef/COROSOLS_WS/build/corosols/build install --record /home/youssef/COROSOLS_WS/build/corosols/install.log --single-version-externally-managed install_data
[1.191s] running egg_info
[1.192s] writing ../../build/corosols/corosols.egg-info/PKG-INFO
[1.192s] writing dependency_links to ../../build/corosols/corosols.egg-info/dependency_links.txt
[1.192s] writing entry points to ../../build/corosols/corosols.egg-info/entry_points.txt
[1.193s] writing requirements to ../../build/corosols/corosols.egg-info/requires.txt
[1.193s] writing top-level names to ../../build/corosols/corosols.egg-info/top_level.txt
[1.196s] reading manifest file '../../build/corosols/corosols.egg-info/SOURCES.txt'
[1.197s] writing manifest file '../../build/corosols/corosols.egg-info/SOURCES.txt'
[1.198s] running build
[1.198s] running build_py
[1.198s] copying corosols/pose_broadcaster.py -> /home/youssef/COROSOLS_WS/build/corosols/build/lib/corosols
[1.199s] running install
[1.199s] running install_lib
[1.201s] copying /home/youssef/COROSOLS_WS/build/corosols/build/lib/corosols/pose_broadcaster.py -> /home/youssef/COROSOLS_WS/install/corosols/lib/python3.10/site-packages/corosols
[1.202s] byte-compiling /home/youssef/COROSOLS_WS/install/corosols/lib/python3.10/site-packages/corosols/pose_broadcaster.py to pose_broadcaster.cpython-310.pyc
[1.205s] running install_data
[1.205s] running install_egg_info
[1.207s] removing '/home/youssef/COROSOLS_WS/install/corosols/lib/python3.10/site-packages/corosols-0.0.0-py3.10.egg-info' (and everything under it)
[1.208s] Copying ../../build/corosols/corosols.egg-info to /home/youssef/COROSOLS_WS/install/corosols/lib/python3.10/site-packages/corosols-0.0.0-py3.10.egg-info
[1.209s] running install_scripts
[1.240s] Installing imu_broadcaster script to /home/youssef/COROSOLS_WS/install/corosols/lib/corosols
[1.241s] Installing input_client script to /home/youssef/COROSOLS_WS/install/corosols/lib/corosols
[1.241s] Installing pose_broadcaster script to /home/youssef/COROSOLS_WS/install/corosols/lib/corosols
[1.241s] Installing robot_speeds script to /home/youssef/COROSOLS_WS/install/corosols/lib/corosols
[1.241s] Installing serial script to /home/youssef/COROSOLS_WS/install/corosols/lib/corosols
[1.241s] Installing station_connector script to /home/youssef/COROSOLS_WS/install/corosols/lib/corosols
[1.242s] writing list of installed files to '/home/youssef/COROSOLS_WS/build/corosols/install.log'
[1.300s] Invoked command in '/home/youssef/COROSOLS_WS/src/corosols' returned '0': CMAKE_PREFIX_PATH=/home/youssef/COROSOLS_WS/install/custom_interfaces:/home/youssef/COROSOLS_WS/install/action_tutorials_interfaces:/home/youssef/COROSOLS_WS/install/sllidar_ros2:/home/youssef/COROSOLS_WS/install/marvelmind_ros2:/home/youssef/COROSOLS_WS/install/marvelmind_ros2_msgs LD_LIBRARY_PATH=/home/youssef/COROSOLS_WS/install/custom_interfaces/lib:/home/youssef/COROSOLS_WS/install/action_tutorials_interfaces/lib:/opt/ros/humble/opt/rviz_ogre_vendor/lib:/opt/ros/humble/lib/x86_64-linux-gnu:/opt/ros/humble/lib:/home/youssef/COROSOLS_WS/install/marvelmind_ros2_msgs/lib PYTHONPATH=/home/youssef/COROSOLS_WS/build/corosols/prefix_override:/usr/lib/python3/dist-packages/colcon_core/task/python/colcon_distutils_commands:/home/youssef/COROSOLS_WS/install/corosols/lib/python3.10/site-packages:${PYTHONPATH} /usr/bin/python3 -W ignore:setup.py install is deprecated -W ignore:easy_install command is deprecated setup.py egg_info --egg-base ../../build/corosols build --build-base /home/youssef/COROSOLS_WS/build/corosols/build install --record /home/youssef/COROSOLS_WS/build/corosols/install.log --single-version-externally-managed install_data
