[0.121s] Invoking command in '/home/youssef/COROSOLS_WS/build/custom_interfaces': CMAKE_PREFIX_PATH=${CMAKE_PREFIX_PATH}:/home/youssef/COROSOLS_WS/install/corosols:/opt/ros/humble /usr/bin/cmake --build /home/youssef/COROSOLS_WS/build/custom_interfaces -- -j8 -l8
[0.437s] [  2%] Built target custom_interfaces__cpp
[0.539s] [ 12%] Built target custom_interfaces__rosidl_generator_c
[0.579s] [ 12%] Built target ament_cmake_python_copy_custom_interfaces
[0.780s] [ 23%] Built target custom_interfaces__rosidl_typesupport_cpp
[0.878s] [ 34%] Built target custom_interfaces__rosidl_typesupport_introspection_cpp
[0.879s] [ 44%] Built target custom_interfaces__rosidl_typesupport_c
[0.940s] [ 55%] Built target custom_interfaces__rosidl_typesupport_fastrtps_cpp
[0.969s] [ 65%] Built target custom_interfaces__rosidl_typesupport_introspection_c
[1.010s] [ 76%] Built target custom_interfaces__rosidl_typesupport_fastrtps_c
[1.226s] [ 76%] Built target custom_interfaces
[1.344s] [ 78%] Built target custom_interfaces__py
[1.496s] [ 87%] Built target custom_interfaces__rosidl_generator_py
[1.761s] [ 91%] Built target custom_interfaces__rosidl_typesupport_introspection_c__pyext
[1.779s] [ 95%] Built target custom_interfaces__rosidl_typesupport_fastrtps_c__pyext
[1.797s] [100%] Built target custom_interfaces__rosidl_typesupport_c__pyext
[2.820s] running egg_info
[2.823s] writing custom_interfaces.egg-info/PKG-INFO
[2.825s] writing dependency_links to custom_interfaces.egg-info/dependency_links.txt
[2.825s] writing top-level names to custom_interfaces.egg-info/top_level.txt
[2.836s] reading manifest file 'custom_interfaces.egg-info/SOURCES.txt'
[2.839s] writing manifest file 'custom_interfaces.egg-info/SOURCES.txt'
[2.945s] [100%] Built target ament_cmake_python_build_custom_interfaces_egg
[3.002s] Invoked command in '/home/youssef/COROSOLS_WS/build/custom_interfaces' returned '0': CMAKE_PREFIX_PATH=${CMAKE_PREFIX_PATH}:/home/youssef/COROSOLS_WS/install/corosols:/opt/ros/humble /usr/bin/cmake --build /home/youssef/COROSOLS_WS/build/custom_interfaces -- -j8 -l8
[3.013s] Invoking command in '/home/youssef/COROSOLS_WS/build/custom_interfaces': CMAKE_PREFIX_PATH=${CMAKE_PREFIX_PATH}:/home/youssef/COROSOLS_WS/install/corosols:/opt/ros/humble /usr/bin/cmake --install /home/youssef/COROSOLS_WS/build/custom_interfaces
[3.057s] -- Install configuration: ""
[3.058s] -- Up-to-date: /home/youssef/COROSOLS_WS/install/custom_interfaces/share/ament_index/resource_index/rosidl_interfaces/custom_interfaces
[3.059s] -- Up-to-date: /home/youssef/COROSOLS_WS/install/custom_interfaces/include/custom_interfaces/custom_interfaces
[3.060s] -- Up-to-date: /home/youssef/COROSOLS_WS/install/custom_interfaces/include/custom_interfaces/custom_interfaces/msg
[3.061s] -- Up-to-date: /home/youssef/COROSOLS_WS/install/custom_interfaces/include/custom_interfaces/custom_interfaces/msg/serial_data.h
[3.061s] -- Up-to-date: /home/youssef/COROSOLS_WS/install/custom_interfaces/include/custom_interfaces/custom_interfaces/msg/rosidl_generator_c__visibility_control.h
[3.062s] -- Up-to-date: /home/youssef/COROSOLS_WS/install/custom_interfaces/include/custom_interfaces/custom_interfaces/msg/detail
[3.062s] -- Up-to-date: /home/youssef/COROSOLS_WS/install/custom_interfaces/include/custom_interfaces/custom_interfaces/msg/detail/imu_data__functions.h
[3.063s] -- Up-to-date: /home/youssef/COROSOLS_WS/install/custom_interfaces/include/custom_interfaces/custom_interfaces/msg/detail/imu_data__type_support.h
[3.064s] -- Up-to-date: /home/youssef/COROSOLS_WS/install/custom_interfaces/include/custom_interfaces/custom_interfaces/msg/detail/imu_data__functions.c
[3.065s] -- Up-to-date: /home/youssef/COROSOLS_WS/install/custom_interfaces/include/custom_interfaces/custom_interfaces/msg/detail/serial_data__type_support.h
[3.066s] -- Up-to-date: /home/youssef/COROSOLS_WS/install/custom_interfaces/include/custom_interfaces/custom_interfaces/msg/detail/imu_data__struct.h
[3.066s] -- Up-to-date: /home/youssef/COROSOLS_WS/install/custom_interfaces/include/custom_interfaces/custom_interfaces/msg/detail/serial_data__functions.c
[3.067s] -- Up-to-date: /home/youssef/COROSOLS_WS/install/custom_interfaces/include/custom_interfaces/custom_interfaces/msg/detail/serial_data__struct.h
[3.067s] -- Up-to-date: /home/youssef/COROSOLS_WS/install/custom_interfaces/include/custom_interfaces/custom_interfaces/msg/detail/serial_data__functions.h
[3.068s] -- Up-to-date: /home/youssef/COROSOLS_WS/install/custom_interfaces/include/custom_interfaces/custom_interfaces/msg/imu_data.h
[3.069s] -- Up-to-date: /home/youssef/COROSOLS_WS/install/custom_interfaces/include/custom_interfaces/custom_interfaces/srv
[3.070s] -- Up-to-date: /home/youssef/COROSOLS_WS/install/custom_interfaces/include/custom_interfaces/custom_interfaces/srv/detail
[3.070s] -- Up-to-date: /home/youssef/COROSOLS_WS/install/custom_interfaces/include/custom_interfaces/custom_interfaces/srv/detail/commands__functions.h
[3.070s] -- Up-to-date: /home/youssef/COROSOLS_WS/install/custom_interfaces/include/custom_interfaces/custom_interfaces/srv/detail/commands__type_support.h
[3.071s] -- Up-to-date: /home/youssef/COROSOLS_WS/install/custom_interfaces/include/custom_interfaces/custom_interfaces/srv/detail/commands__struct.h
[3.071s] -- Up-to-date: /home/youssef/COROSOLS_WS/install/custom_interfaces/include/custom_interfaces/custom_interfaces/srv/detail/commands__functions.c
[3.072s] -- Up-to-date: /home/youssef/COROSOLS_WS/install/custom_interfaces/include/custom_interfaces/custom_interfaces/srv/commands.h
[3.072s] -- Up-to-date: /home/youssef/COROSOLS_WS/install/custom_interfaces/share/custom_interfaces/environment/library_path.sh
[3.072s] -- Up-to-date: /home/youssef/COROSOLS_WS/install/custom_interfaces/share/custom_interfaces/environment/library_path.dsv
[3.072s] -- Up-to-date: /home/youssef/COROSOLS_WS/install/custom_interfaces/lib/libcustom_interfaces__rosidl_generator_c.so
[3.073s] -- Up-to-date: /home/youssef/COROSOLS_WS/install/custom_interfaces/include/custom_interfaces/custom_interfaces
[3.073s] -- Up-to-date: /home/youssef/COROSOLS_WS/install/custom_interfaces/include/custom_interfaces/custom_interfaces/msg
[3.074s] -- Up-to-date: /home/youssef/COROSOLS_WS/install/custom_interfaces/include/custom_interfaces/custom_interfaces/msg/detail
[3.075s] -- Up-to-date: /home/youssef/COROSOLS_WS/install/custom_interfaces/include/custom_interfaces/custom_interfaces/msg/detail/imu_data__rosidl_typesupport_fastrtps_c.h
[3.076s] -- Up-to-date: /home/youssef/COROSOLS_WS/install/custom_interfaces/include/custom_interfaces/custom_interfaces/msg/detail/serial_data__rosidl_typesupport_fastrtps_c.h
[3.076s] -- Up-to-date: /home/youssef/COROSOLS_WS/install/custom_interfaces/include/custom_interfaces/custom_interfaces/msg/rosidl_typesupport_fastrtps_c__visibility_control.h
[3.076s] -- Up-to-date: /home/youssef/COROSOLS_WS/install/custom_interfaces/include/custom_interfaces/custom_interfaces/srv
[3.077s] -- Up-to-date: /home/youssef/COROSOLS_WS/install/custom_interfaces/include/custom_interfaces/custom_interfaces/srv/detail
[3.077s] -- Up-to-date: /home/youssef/COROSOLS_WS/install/custom_interfaces/include/custom_interfaces/custom_interfaces/srv/detail/commands__rosidl_typesupport_fastrtps_c.h
[3.078s] -- Up-to-date: /home/youssef/COROSOLS_WS/install/custom_interfaces/lib/libcustom_interfaces__rosidl_typesupport_fastrtps_c.so
[3.078s] -- Up-to-date: /home/youssef/COROSOLS_WS/install/custom_interfaces/include/custom_interfaces/custom_interfaces
[3.078s] -- Up-to-date: /home/youssef/COROSOLS_WS/install/custom_interfaces/include/custom_interfaces/custom_interfaces/msg
[3.079s] -- Up-to-date: /home/youssef/COROSOLS_WS/install/custom_interfaces/include/custom_interfaces/custom_interfaces/msg/rosidl_typesupport_introspection_c__visibility_control.h
[3.079s] -- Up-to-date: /home/youssef/COROSOLS_WS/install/custom_interfaces/include/custom_interfaces/custom_interfaces/msg/detail
[3.079s] -- Up-to-date: /home/youssef/COROSOLS_WS/install/custom_interfaces/include/custom_interfaces/custom_interfaces/msg/detail/imu_data__rosidl_typesupport_introspection_c.h
[3.079s] -- Up-to-date: /home/youssef/COROSOLS_WS/install/custom_interfaces/include/custom_interfaces/custom_interfaces/msg/detail/imu_data__type_support.c
[3.080s] -- Up-to-date: /home/youssef/COROSOLS_WS/install/custom_interfaces/include/custom_interfaces/custom_interfaces/msg/detail/serial_data__rosidl_typesupport_introspection_c.h
[3.080s] -- Up-to-date: /home/youssef/COROSOLS_WS/install/custom_interfaces/include/custom_interfaces/custom_interfaces/msg/detail/serial_data__type_support.c
[3.080s] -- Up-to-date: /home/youssef/COROSOLS_WS/install/custom_interfaces/include/custom_interfaces/custom_interfaces/srv
[3.081s] -- Up-to-date: /home/youssef/COROSOLS_WS/install/custom_interfaces/include/custom_interfaces/custom_interfaces/srv/detail
[3.081s] -- Up-to-date: /home/youssef/COROSOLS_WS/install/custom_interfaces/include/custom_interfaces/custom_interfaces/srv/detail/commands__rosidl_typesupport_introspection_c.h
[3.082s] -- Up-to-date: /home/youssef/COROSOLS_WS/install/custom_interfaces/include/custom_interfaces/custom_interfaces/srv/detail/commands__type_support.c
[3.082s] -- Up-to-date: /home/youssef/COROSOLS_WS/install/custom_interfaces/lib/libcustom_interfaces__rosidl_typesupport_introspection_c.so
[3.084s] -- Up-to-date: /home/youssef/COROSOLS_WS/install/custom_interfaces/lib/libcustom_interfaces__rosidl_typesupport_c.so
[3.085s] -- Up-to-date: /home/youssef/COROSOLS_WS/install/custom_interfaces/include/custom_interfaces/custom_interfaces
[3.086s] -- Up-to-date: /home/youssef/COROSOLS_WS/install/custom_interfaces/include/custom_interfaces/custom_interfaces/msg
[3.087s] -- Up-to-date: /home/youssef/COROSOLS_WS/install/custom_interfaces/include/custom_interfaces/custom_interfaces/msg/rosidl_generator_cpp__visibility_control.hpp
[3.087s] -- Up-to-date: /home/youssef/COROSOLS_WS/install/custom_interfaces/include/custom_interfaces/custom_interfaces/msg/serial_data.hpp
[3.088s] -- Up-to-date: /home/youssef/COROSOLS_WS/install/custom_interfaces/include/custom_interfaces/custom_interfaces/msg/imu_data.hpp
[3.089s] -- Up-to-date: /home/youssef/COROSOLS_WS/install/custom_interfaces/include/custom_interfaces/custom_interfaces/msg/detail
[3.089s] -- Up-to-date: /home/youssef/COROSOLS_WS/install/custom_interfaces/include/custom_interfaces/custom_interfaces/msg/detail/serial_data__traits.hpp
[3.090s] -- Up-to-date: /home/youssef/COROSOLS_WS/install/custom_interfaces/include/custom_interfaces/custom_interfaces/msg/detail/serial_data__struct.hpp
[3.091s] -- Up-to-date: /home/youssef/COROSOLS_WS/install/custom_interfaces/include/custom_interfaces/custom_interfaces/msg/detail/imu_data__struct.hpp
[3.091s] -- Up-to-date: /home/youssef/COROSOLS_WS/install/custom_interfaces/include/custom_interfaces/custom_interfaces/msg/detail/serial_data__type_support.hpp
[3.092s] -- Up-to-date: /home/youssef/COROSOLS_WS/install/custom_interfaces/include/custom_interfaces/custom_interfaces/msg/detail/imu_data__type_support.hpp
[3.093s] -- Up-to-date: /home/youssef/COROSOLS_WS/install/custom_interfaces/include/custom_interfaces/custom_interfaces/msg/detail/imu_data__traits.hpp
[3.093s] -- Up-to-date: /home/youssef/COROSOLS_WS/install/custom_interfaces/include/custom_interfaces/custom_interfaces/msg/detail/serial_data__builder.hpp
[3.094s] -- Up-to-date: /home/youssef/COROSOLS_WS/install/custom_interfaces/include/custom_interfaces/custom_interfaces/msg/detail/imu_data__builder.hpp
[3.094s] -- Up-to-date: /home/youssef/COROSOLS_WS/install/custom_interfaces/include/custom_interfaces/custom_interfaces/srv
[3.095s] -- Up-to-date: /home/youssef/COROSOLS_WS/install/custom_interfaces/include/custom_interfaces/custom_interfaces/srv/commands.hpp
[3.096s] -- Up-to-date: /home/youssef/COROSOLS_WS/install/custom_interfaces/include/custom_interfaces/custom_interfaces/srv/detail
[3.097s] -- Up-to-date: /home/youssef/COROSOLS_WS/install/custom_interfaces/include/custom_interfaces/custom_interfaces/srv/detail/commands__struct.hpp
[3.097s] -- Up-to-date: /home/youssef/COROSOLS_WS/install/custom_interfaces/include/custom_interfaces/custom_interfaces/srv/detail/commands__traits.hpp
[3.098s] -- Up-to-date: /home/youssef/COROSOLS_WS/install/custom_interfaces/include/custom_interfaces/custom_interfaces/srv/detail/commands__type_support.hpp
[3.098s] -- Up-to-date: /home/youssef/COROSOLS_WS/install/custom_interfaces/include/custom_interfaces/custom_interfaces/srv/detail/commands__builder.hpp
[3.099s] -- Up-to-date: /home/youssef/COROSOLS_WS/install/custom_interfaces/include/custom_interfaces/custom_interfaces
[3.099s] -- Up-to-date: /home/youssef/COROSOLS_WS/install/custom_interfaces/include/custom_interfaces/custom_interfaces/msg
[3.100s] -- Up-to-date: /home/youssef/COROSOLS_WS/install/custom_interfaces/include/custom_interfaces/custom_interfaces/msg/rosidl_typesupport_fastrtps_cpp__visibility_control.h
[3.100s] -- Up-to-date: /home/youssef/COROSOLS_WS/install/custom_interfaces/include/custom_interfaces/custom_interfaces/msg/detail
[3.101s] -- Up-to-date: /home/youssef/COROSOLS_WS/install/custom_interfaces/include/custom_interfaces/custom_interfaces/msg/detail/serial_data__rosidl_typesupport_fastrtps_cpp.hpp
[3.101s] -- Up-to-date: /home/youssef/COROSOLS_WS/install/custom_interfaces/include/custom_interfaces/custom_interfaces/msg/detail/dds_fastrtps
[3.102s] -- Up-to-date: /home/youssef/COROSOLS_WS/install/custom_interfaces/include/custom_interfaces/custom_interfaces/msg/detail/imu_data__rosidl_typesupport_fastrtps_cpp.hpp
[3.103s] -- Up-to-date: /home/youssef/COROSOLS_WS/install/custom_interfaces/include/custom_interfaces/custom_interfaces/srv
[3.104s] -- Up-to-date: /home/youssef/COROSOLS_WS/install/custom_interfaces/include/custom_interfaces/custom_interfaces/srv/detail
[3.104s] -- Up-to-date: /home/youssef/COROSOLS_WS/install/custom_interfaces/include/custom_interfaces/custom_interfaces/srv/detail/dds_fastrtps
[3.105s] -- Up-to-date: /home/youssef/COROSOLS_WS/install/custom_interfaces/include/custom_interfaces/custom_interfaces/srv/detail/commands__rosidl_typesupport_fastrtps_cpp.hpp
[3.106s] -- Up-to-date: /home/youssef/COROSOLS_WS/install/custom_interfaces/lib/libcustom_interfaces__rosidl_typesupport_fastrtps_cpp.so
[3.106s] -- Up-to-date: /home/youssef/COROSOLS_WS/install/custom_interfaces/include/custom_interfaces/custom_interfaces
[3.108s] -- Up-to-date: /home/youssef/COROSOLS_WS/install/custom_interfaces/include/custom_interfaces/custom_interfaces/msg
[3.112s] -- Up-to-date: /home/youssef/COROSOLS_WS/install/custom_interfaces/include/custom_interfaces/custom_interfaces/msg/detail
[3.113s] -- Up-to-date: /home/youssef/COROSOLS_WS/install/custom_interfaces/include/custom_interfaces/custom_interfaces/msg/detail/serial_data__type_support.cpp
[3.114s] -- Up-to-date: /home/youssef/COROSOLS_WS/install/custom_interfaces/include/custom_interfaces/custom_interfaces/msg/detail/imu_data__rosidl_typesupport_introspection_cpp.hpp
[3.114s] -- Up-to-date: /home/youssef/COROSOLS_WS/install/custom_interfaces/include/custom_interfaces/custom_interfaces/msg/detail/serial_data__rosidl_typesupport_introspection_cpp.hpp
[3.115s] -- Up-to-date: /home/youssef/COROSOLS_WS/install/custom_interfaces/include/custom_interfaces/custom_interfaces/msg/detail/imu_data__type_support.cpp
[3.115s] -- Up-to-date: /home/youssef/COROSOLS_WS/install/custom_interfaces/include/custom_interfaces/custom_interfaces/srv
[3.116s] -- Up-to-date: /home/youssef/COROSOLS_WS/install/custom_interfaces/include/custom_interfaces/custom_interfaces/srv/detail
[3.116s] -- Up-to-date: /home/youssef/COROSOLS_WS/install/custom_interfaces/include/custom_interfaces/custom_interfaces/srv/detail/commands__type_support.cpp
[3.117s] -- Up-to-date: /home/youssef/COROSOLS_WS/install/custom_interfaces/include/custom_interfaces/custom_interfaces/srv/detail/commands__rosidl_typesupport_introspection_cpp.hpp
[3.118s] -- Up-to-date: /home/youssef/COROSOLS_WS/install/custom_interfaces/lib/libcustom_interfaces__rosidl_typesupport_introspection_cpp.so
[3.118s] -- Up-to-date: /home/youssef/COROSOLS_WS/install/custom_interfaces/lib/libcustom_interfaces__rosidl_typesupport_cpp.so
[3.119s] -- Up-to-date: /home/youssef/COROSOLS_WS/install/custom_interfaces/share/custom_interfaces/environment/pythonpath.sh
[3.119s] -- Up-to-date: /home/youssef/COROSOLS_WS/install/custom_interfaces/share/custom_interfaces/environment/pythonpath.dsv
[3.120s] -- Up-to-date: /home/youssef/COROSOLS_WS/install/custom_interfaces/local/lib/python3.10/dist-packages/custom_interfaces-0.0.0-py3.10.egg-info
[3.120s] -- Installing: /home/youssef/COROSOLS_WS/install/custom_interfaces/local/lib/python3.10/dist-packages/custom_interfaces-0.0.0-py3.10.egg-info/dependency_links.txt
[3.121s] -- Installing: /home/youssef/COROSOLS_WS/install/custom_interfaces/local/lib/python3.10/dist-packages/custom_interfaces-0.0.0-py3.10.egg-info/PKG-INFO
[3.121s] -- Installing: /home/youssef/COROSOLS_WS/install/custom_interfaces/local/lib/python3.10/dist-packages/custom_interfaces-0.0.0-py3.10.egg-info/top_level.txt
[3.122s] -- Installing: /home/youssef/COROSOLS_WS/install/custom_interfaces/local/lib/python3.10/dist-packages/custom_interfaces-0.0.0-py3.10.egg-info/SOURCES.txt
[3.123s] -- Up-to-date: /home/youssef/COROSOLS_WS/install/custom_interfaces/local/lib/python3.10/dist-packages/custom_interfaces
[3.123s] -- Up-to-date: /home/youssef/COROSOLS_WS/install/custom_interfaces/local/lib/python3.10/dist-packages/custom_interfaces/msg
[3.124s] -- Up-to-date: /home/youssef/COROSOLS_WS/install/custom_interfaces/local/lib/python3.10/dist-packages/custom_interfaces/msg/_serial_data_s.c
[3.127s] -- Up-to-date: /home/youssef/COROSOLS_WS/install/custom_interfaces/local/lib/python3.10/dist-packages/custom_interfaces/msg/_serial_data.py
[3.128s] -- Up-to-date: /home/youssef/COROSOLS_WS/install/custom_interfaces/local/lib/python3.10/dist-packages/custom_interfaces/msg/_imu_data_s.c
[3.128s] -- Up-to-date: /home/youssef/COROSOLS_WS/install/custom_interfaces/local/lib/python3.10/dist-packages/custom_interfaces/msg/_imu_data.py
[3.129s] -- Up-to-date: /home/youssef/COROSOLS_WS/install/custom_interfaces/local/lib/python3.10/dist-packages/custom_interfaces/msg/__init__.py
[3.130s] -- Up-to-date: /home/youssef/COROSOLS_WS/install/custom_interfaces/local/lib/python3.10/dist-packages/custom_interfaces/libcustom_interfaces__rosidl_generator_py.so
[3.130s] -- Up-to-date: /home/youssef/COROSOLS_WS/install/custom_interfaces/local/lib/python3.10/dist-packages/custom_interfaces/custom_interfaces_s__rosidl_typesupport_c.cpython-310-x86_64-linux-gnu.so
[3.131s] -- Up-to-date: /home/youssef/COROSOLS_WS/install/custom_interfaces/local/lib/python3.10/dist-packages/custom_interfaces/_custom_interfaces_s.ep.rosidl_typesupport_c.c
[3.132s] -- Up-to-date: /home/youssef/COROSOLS_WS/install/custom_interfaces/local/lib/python3.10/dist-packages/custom_interfaces/custom_interfaces_s__rosidl_typesupport_introspection_c.cpython-310-x86_64-linux-gnu.so
[3.133s] -- Up-to-date: /home/youssef/COROSOLS_WS/install/custom_interfaces/local/lib/python3.10/dist-packages/custom_interfaces/custom_interfaces_s__rosidl_typesupport_fastrtps_c.cpython-310-x86_64-linux-gnu.so
[3.134s] -- Up-to-date: /home/youssef/COROSOLS_WS/install/custom_interfaces/local/lib/python3.10/dist-packages/custom_interfaces/srv
[3.134s] -- Up-to-date: /home/youssef/COROSOLS_WS/install/custom_interfaces/local/lib/python3.10/dist-packages/custom_interfaces/srv/_commands_s.c
[3.135s] -- Up-to-date: /home/youssef/COROSOLS_WS/install/custom_interfaces/local/lib/python3.10/dist-packages/custom_interfaces/srv/_commands.py
[3.136s] -- Up-to-date: /home/youssef/COROSOLS_WS/install/custom_interfaces/local/lib/python3.10/dist-packages/custom_interfaces/srv/__init__.py
[3.144s] -- Up-to-date: /home/youssef/COROSOLS_WS/install/custom_interfaces/local/lib/python3.10/dist-packages/custom_interfaces/_custom_interfaces_s.ep.rosidl_typesupport_fastrtps_c.c
[3.146s] -- Up-to-date: /home/youssef/COROSOLS_WS/install/custom_interfaces/local/lib/python3.10/dist-packages/custom_interfaces/__init__.py
[3.147s] -- Up-to-date: /home/youssef/COROSOLS_WS/install/custom_interfaces/local/lib/python3.10/dist-packages/custom_interfaces/_custom_interfaces_s.ep.rosidl_typesupport_introspection_c.c
[3.400s] Listing '/home/youssef/COROSOLS_WS/install/custom_interfaces/local/lib/python3.10/dist-packages/custom_interfaces'...
[3.400s] Listing '/home/youssef/COROSOLS_WS/install/custom_interfaces/local/lib/python3.10/dist-packages/custom_interfaces/msg'...
[3.402s] Listing '/home/youssef/COROSOLS_WS/install/custom_interfaces/local/lib/python3.10/dist-packages/custom_interfaces/srv'...
[3.464s] -- Up-to-date: /home/youssef/COROSOLS_WS/install/custom_interfaces/local/lib/python3.10/dist-packages/custom_interfaces/custom_interfaces_s__rosidl_typesupport_fastrtps_c.cpython-310-x86_64-linux-gnu.so
[3.472s] -- Up-to-date: /home/youssef/COROSOLS_WS/install/custom_interfaces/local/lib/python3.10/dist-packages/custom_interfaces/custom_interfaces_s__rosidl_typesupport_introspection_c.cpython-310-x86_64-linux-gnu.so
[3.485s] -- Up-to-date: /home/youssef/COROSOLS_WS/install/custom_interfaces/local/lib/python3.10/dist-packages/custom_interfaces/custom_interfaces_s__rosidl_typesupport_c.cpython-310-x86_64-linux-gnu.so
[3.487s] -- Up-to-date: /home/youssef/COROSOLS_WS/install/custom_interfaces/lib/libcustom_interfaces__rosidl_generator_py.so
[3.532s] -- Up-to-date: /home/youssef/COROSOLS_WS/install/custom_interfaces/share/custom_interfaces/msg/SerialData.idl
[3.534s] -- Up-to-date: /home/youssef/COROSOLS_WS/install/custom_interfaces/share/custom_interfaces/msg/ImuData.idl
[3.537s] -- Up-to-date: /home/youssef/COROSOLS_WS/install/custom_interfaces/share/custom_interfaces/srv/Commands.idl
[3.538s] -- Up-to-date: /home/youssef/COROSOLS_WS/install/custom_interfaces/share/custom_interfaces/msg/SerialData.msg
[3.538s] -- Up-to-date: /home/youssef/COROSOLS_WS/install/custom_interfaces/share/custom_interfaces/msg/ImuData.msg
[3.539s] -- Up-to-date: /home/youssef/COROSOLS_WS/install/custom_interfaces/share/custom_interfaces/srv/Commands.srv
[3.540s] -- Up-to-date: /home/youssef/COROSOLS_WS/install/custom_interfaces/share/custom_interfaces/srv/Commands_Request.msg
[3.541s] -- Up-to-date: /home/youssef/COROSOLS_WS/install/custom_interfaces/share/custom_interfaces/srv/Commands_Response.msg
[3.542s] -- Up-to-date: /home/youssef/COROSOLS_WS/install/custom_interfaces/share/ament_index/resource_index/package_run_dependencies/custom_interfaces
[3.545s] -- Up-to-date: /home/youssef/COROSOLS_WS/install/custom_interfaces/share/ament_index/resource_index/parent_prefix_path/custom_interfaces
[3.546s] -- Up-to-date: /home/youssef/COROSOLS_WS/install/custom_interfaces/share/custom_interfaces/environment/ament_prefix_path.sh
[3.548s] -- Up-to-date: /home/youssef/COROSOLS_WS/install/custom_interfaces/share/custom_interfaces/environment/ament_prefix_path.dsv
[3.550s] -- Up-to-date: /home/youssef/COROSOLS_WS/install/custom_interfaces/share/custom_interfaces/environment/path.sh
[3.550s] -- Up-to-date: /home/youssef/COROSOLS_WS/install/custom_interfaces/share/custom_interfaces/environment/path.dsv
[3.551s] -- Up-to-date: /home/youssef/COROSOLS_WS/install/custom_interfaces/share/custom_interfaces/local_setup.bash
[3.551s] -- Up-to-date: /home/youssef/COROSOLS_WS/install/custom_interfaces/share/custom_interfaces/local_setup.sh
[3.551s] -- Up-to-date: /home/youssef/COROSOLS_WS/install/custom_interfaces/share/custom_interfaces/local_setup.zsh
[3.552s] -- Up-to-date: /home/youssef/COROSOLS_WS/install/custom_interfaces/share/custom_interfaces/local_setup.dsv
[3.552s] -- Installing: /home/youssef/COROSOLS_WS/install/custom_interfaces/share/custom_interfaces/package.dsv
[3.574s] -- Up-to-date: /home/youssef/COROSOLS_WS/install/custom_interfaces/share/ament_index/resource_index/packages/custom_interfaces
[3.575s] -- Up-to-date: /home/youssef/COROSOLS_WS/install/custom_interfaces/share/custom_interfaces/cmake/export_custom_interfaces__rosidl_generator_cExport.cmake
[3.575s] -- Up-to-date: /home/youssef/COROSOLS_WS/install/custom_interfaces/share/custom_interfaces/cmake/export_custom_interfaces__rosidl_generator_cExport-noconfig.cmake
[3.576s] -- Up-to-date: /home/youssef/COROSOLS_WS/install/custom_interfaces/share/custom_interfaces/cmake/export_custom_interfaces__rosidl_typesupport_fastrtps_cExport.cmake
[3.583s] -- Up-to-date: /home/youssef/COROSOLS_WS/install/custom_interfaces/share/custom_interfaces/cmake/export_custom_interfaces__rosidl_typesupport_fastrtps_cExport-noconfig.cmake
[3.586s] -- Up-to-date: /home/youssef/COROSOLS_WS/install/custom_interfaces/share/custom_interfaces/cmake/custom_interfaces__rosidl_typesupport_introspection_cExport.cmake
[3.586s] -- Up-to-date: /home/youssef/COROSOLS_WS/install/custom_interfaces/share/custom_interfaces/cmake/custom_interfaces__rosidl_typesupport_introspection_cExport-noconfig.cmake
[3.590s] -- Up-to-date: /home/youssef/COROSOLS_WS/install/custom_interfaces/share/custom_interfaces/cmake/custom_interfaces__rosidl_typesupport_cExport.cmake
[3.593s] -- Up-to-date: /home/youssef/COROSOLS_WS/install/custom_interfaces/share/custom_interfaces/cmake/custom_interfaces__rosidl_typesupport_cExport-noconfig.cmake
[3.593s] -- Up-to-date: /home/youssef/COROSOLS_WS/install/custom_interfaces/share/custom_interfaces/cmake/export_custom_interfaces__rosidl_generator_cppExport.cmake
[3.594s] -- Up-to-date: /home/youssef/COROSOLS_WS/install/custom_interfaces/share/custom_interfaces/cmake/export_custom_interfaces__rosidl_typesupport_fastrtps_cppExport.cmake
[3.594s] -- Up-to-date: /home/youssef/COROSOLS_WS/install/custom_interfaces/share/custom_interfaces/cmake/export_custom_interfaces__rosidl_typesupport_fastrtps_cppExport-noconfig.cmake
[3.596s] -- Up-to-date: /home/youssef/COROSOLS_WS/install/custom_interfaces/share/custom_interfaces/cmake/custom_interfaces__rosidl_typesupport_introspection_cppExport.cmake
[3.596s] -- Up-to-date: /home/youssef/COROSOLS_WS/install/custom_interfaces/share/custom_interfaces/cmake/custom_interfaces__rosidl_typesupport_introspection_cppExport-noconfig.cmake
[3.597s] -- Up-to-date: /home/youssef/COROSOLS_WS/install/custom_interfaces/share/custom_interfaces/cmake/custom_interfaces__rosidl_typesupport_cppExport.cmake
[3.598s] -- Up-to-date: /home/youssef/COROSOLS_WS/install/custom_interfaces/share/custom_interfaces/cmake/custom_interfaces__rosidl_typesupport_cppExport-noconfig.cmake
[3.602s] -- Up-to-date: /home/youssef/COROSOLS_WS/install/custom_interfaces/share/custom_interfaces/cmake/export_custom_interfaces__rosidl_generator_pyExport.cmake
[3.603s] -- Up-to-date: /home/youssef/COROSOLS_WS/install/custom_interfaces/share/custom_interfaces/cmake/export_custom_interfaces__rosidl_generator_pyExport-noconfig.cmake
[3.605s] -- Up-to-date: /home/youssef/COROSOLS_WS/install/custom_interfaces/share/custom_interfaces/cmake/rosidl_cmake-extras.cmake
[3.608s] -- Up-to-date: /home/youssef/COROSOLS_WS/install/custom_interfaces/share/custom_interfaces/cmake/ament_cmake_export_include_directories-extras.cmake
[3.608s] -- Up-to-date: /home/youssef/COROSOLS_WS/install/custom_interfaces/share/custom_interfaces/cmake/ament_cmake_export_libraries-extras.cmake
[3.611s] -- Up-to-date: /home/youssef/COROSOLS_WS/install/custom_interfaces/share/custom_interfaces/cmake/ament_cmake_export_targets-extras.cmake
[3.613s] -- Up-to-date: /home/youssef/COROSOLS_WS/install/custom_interfaces/share/custom_interfaces/cmake/rosidl_cmake_export_typesupport_targets-extras.cmake
[3.614s] -- Up-to-date: /home/youssef/COROSOLS_WS/install/custom_interfaces/share/custom_interfaces/cmake/ament_cmake_export_dependencies-extras.cmake
[3.616s] -- Up-to-date: /home/youssef/COROSOLS_WS/install/custom_interfaces/share/custom_interfaces/cmake/rosidl_cmake_export_typesupport_libraries-extras.cmake
[3.619s] -- Up-to-date: /home/youssef/COROSOLS_WS/install/custom_interfaces/share/custom_interfaces/cmake/custom_interfacesConfig.cmake
[3.620s] -- Up-to-date: /home/youssef/COROSOLS_WS/install/custom_interfaces/share/custom_interfaces/cmake/custom_interfacesConfig-version.cmake
[3.628s] -- Up-to-date: /home/youssef/COROSOLS_WS/install/custom_interfaces/share/custom_interfaces/package.xml
[3.633s] Invoked command in '/home/youssef/COROSOLS_WS/build/custom_interfaces' returned '0': CMAKE_PREFIX_PATH=${CMAKE_PREFIX_PATH}:/home/youssef/COROSOLS_WS/install/corosols:/opt/ros/humble /usr/bin/cmake --install /home/youssef/COROSOLS_WS/build/custom_interfaces
