[0.217s] Invoking command in '/home/youssef/COROSOLS_WS/build/marvelmind_ros2': CMAKE_PREFIX_PATH=/home/youssef/COROSOLS_WS/install/marvelmind_ros2_msgs:/home/youssef/COROSOLS_WS/install/sllidar_ros2:/home/youssef/COROSOLS_WS/install/marvelmind_ros2:/home/youssef/COROSOLS_WS/install/custom_interfaces:/home/youssef/COROSOLS_WS/install/action_tutorials_interfaces:/home/youssef/COROSOLS_WS/install/corosols:/opt/ros/humble /usr/bin/cmake --build /home/youssef/COROSOLS_WS/build/marvelmind_ros2 -- -j8 -l8
[0.475s] [ 25%] Built target marvelmind_api_lib
[0.495s] [ 50%] Built target marvelmind_hedge_lib
[0.616s] [ 75%] Built target marvelmind_api_ros2
[0.634s] [100%] Built target marvelmind_ros2
[1.719s] Invoked command in '/home/youssef/COROSOLS_WS/build/marvelmind_ros2' returned '0': CMAKE_PREFIX_PATH=/home/youssef/COROSOLS_WS/install/marvelmind_ros2_msgs:/home/youssef/COROSOLS_WS/install/sllidar_ros2:/home/youssef/COROSOLS_WS/install/marvelmind_ros2:/home/youssef/COROSOLS_WS/install/custom_interfaces:/home/youssef/COROSOLS_WS/install/action_tutorials_interfaces:/home/youssef/COROSOLS_WS/install/corosols:/opt/ros/humble /usr/bin/cmake --build /home/youssef/COROSOLS_WS/build/marvelmind_ros2 -- -j8 -l8
[1.730s] Invoking command in '/home/youssef/COROSOLS_WS/build/marvelmind_ros2': CMAKE_PREFIX_PATH=/home/youssef/COROSOLS_WS/install/marvelmind_ros2_msgs:/home/youssef/COROSOLS_WS/install/sllidar_ros2:/home/youssef/COROSOLS_WS/install/marvelmind_ros2:/home/youssef/COROSOLS_WS/install/custom_interfaces:/home/youssef/COROSOLS_WS/install/action_tutorials_interfaces:/home/youssef/COROSOLS_WS/install/corosols:/opt/ros/humble /usr/bin/cmake --install /home/youssef/COROSOLS_WS/build/marvelmind_ros2
[1.768s] -- Install configuration: ""
[1.769s] -- Up-to-date: /home/youssef/COROSOLS_WS/install/marvelmind_ros2/lib/marvelmind_ros2/marvelmind_ros2
[1.772s] -- Up-to-date: /home/youssef/COROSOLS_WS/install/marvelmind_ros2/lib/marvelmind_ros2/marvelmind_api_ros2
[1.774s] -- Up-to-date: /home/youssef/COROSOLS_WS/install/marvelmind_ros2/share/marvelmind_ros2/config
[1.775s] -- Up-to-date: /home/youssef/COROSOLS_WS/install/marvelmind_ros2/share/marvelmind_ros2/config/marvelmind_ros2_config.yaml
[1.776s] -- Up-to-date: /home/youssef/COROSOLS_WS/install/marvelmind_ros2/share/marvelmind_ros2/launch
[1.776s] -- Up-to-date: /home/youssef/COROSOLS_WS/install/marvelmind_ros2/share/marvelmind_ros2/launch/marvelmind_ros2.launch.py
[1.777s] -- Up-to-date: /home/youssef/COROSOLS_WS/install/marvelmind_ros2/share/marvelmind_ros2/launch/marvelmind_api_ros2.launch.py
[1.778s] -- Up-to-date: /home/youssef/COROSOLS_WS/install/marvelmind_ros2/share/ament_index/resource_index/package_run_dependencies/marvelmind_ros2
[1.778s] -- Up-to-date: /home/youssef/COROSOLS_WS/install/marvelmind_ros2/share/ament_index/resource_index/parent_prefix_path/marvelmind_ros2
[1.779s] -- Up-to-date: /home/youssef/COROSOLS_WS/install/marvelmind_ros2/share/marvelmind_ros2/environment/ament_prefix_path.sh
[1.780s] -- Up-to-date: /home/youssef/COROSOLS_WS/install/marvelmind_ros2/share/marvelmind_ros2/environment/ament_prefix_path.dsv
[1.780s] -- Up-to-date: /home/youssef/COROSOLS_WS/install/marvelmind_ros2/share/marvelmind_ros2/environment/path.sh
[1.781s] -- Up-to-date: /home/youssef/COROSOLS_WS/install/marvelmind_ros2/share/marvelmind_ros2/environment/path.dsv
[1.782s] -- Up-to-date: /home/youssef/COROSOLS_WS/install/marvelmind_ros2/share/marvelmind_ros2/local_setup.bash
[1.782s] -- Up-to-date: /home/youssef/COROSOLS_WS/install/marvelmind_ros2/share/marvelmind_ros2/local_setup.sh
[1.783s] -- Up-to-date: /home/youssef/COROSOLS_WS/install/marvelmind_ros2/share/marvelmind_ros2/local_setup.zsh
[1.783s] -- Up-to-date: /home/youssef/COROSOLS_WS/install/marvelmind_ros2/share/marvelmind_ros2/local_setup.dsv
[1.784s] -- Installing: /home/youssef/COROSOLS_WS/install/marvelmind_ros2/share/marvelmind_ros2/package.dsv
[1.784s] -- Up-to-date: /home/youssef/COROSOLS_WS/install/marvelmind_ros2/share/ament_index/resource_index/packages/marvelmind_ros2
[1.785s] -- Up-to-date: /home/youssef/COROSOLS_WS/install/marvelmind_ros2/share/marvelmind_ros2/cmake/marvelmind_ros2Config.cmake
[1.785s] -- Up-to-date: /home/youssef/COROSOLS_WS/install/marvelmind_ros2/share/marvelmind_ros2/cmake/marvelmind_ros2Config-version.cmake
[1.786s] -- Up-to-date: /home/youssef/COROSOLS_WS/install/marvelmind_ros2/share/marvelmind_ros2/package.xml
[1.794s] Invoked command in '/home/youssef/COROSOLS_WS/build/marvelmind_ros2' returned '0': CMAKE_PREFIX_PATH=/home/youssef/COROSOLS_WS/install/marvelmind_ros2_msgs:/home/youssef/COROSOLS_WS/install/sllidar_ros2:/home/youssef/COROSOLS_WS/install/marvelmind_ros2:/home/youssef/COROSOLS_WS/install/custom_interfaces:/home/youssef/COROSOLS_WS/install/action_tutorials_interfaces:/home/youssef/COROSOLS_WS/install/corosols:/opt/ros/humble /usr/bin/cmake --install /home/youssef/COROSOLS_WS/build/marvelmind_ros2
