[1.196s] DEBUG:colcon:Command line arguments: ['/usr/bin/colcon', 'build']
[1.198s] DEBUG:colcon:Parsed command line arguments: Namespace(allow_overriding=[], ament_cmake_args=None, base_paths=['.'], build_base='build', catkin_cmake_args=None, catkin_skip_building_tests=False, cmake_args=None, cmake_clean_cache=False, cmake_clean_first=False, cmake_force_configure=False, cmake_target=None, cmake_target_skip_unavailable=False, continue_on_error=False, event_handlers=None, executor='parallel', ignore_user_meta=False, install_base='install', log_base=None, log_level=None, main=<bound method BuildVerb.main of <colcon_core.verb.build.BuildVerb object at 0xffffab033280>>, merge_install=False, metas=['./colcon.meta'], mixin=None, mixin_files=None, mixin_verb=('build',), packages_above=None, packages_above_and_dependencies=None, packages_above_depth=None, packages_end=None, packages_ignore=None, packages_ignore_regex=None, packages_select=None, packages_select_build_failed=False, packages_select_by_dep=None, packages_select_regex=None, packages_select_test_failures=False, packages_skip=None, packages_skip_build_finished=False, packages_skip_by_dep=None, packages_skip_regex=None, packages_skip_test_passed=False, packages_skip_up_to=None, packages_start=None, packages_up_to=None, packages_up_to_regex=None, parallel_workers=6, paths=None, symlink_install=False, test_result_base=None, verb_extension=<colcon_core.verb.build.BuildVerb object at 0xffffab033280>, verb_name='build', verb_parser=<colcon_mixin.mixin.mixin_argument.MixinArgumentDecorator object at 0xffffaaf5d3d0>)
[2.289s] Level 1:colcon.colcon_core.package_discovery:discover_packages(colcon_meta) check parameters
[2.290s] Level 1:colcon.colcon_core.package_discovery:discover_packages(recursive) check parameters
[2.290s] Level 1:colcon.colcon_core.package_discovery:discover_packages(ignore) check parameters
[2.290s] Level 1:colcon.colcon_core.package_discovery:discover_packages(path) check parameters
[2.290s] Level 1:colcon.colcon_core.package_discovery:discover_packages(colcon_meta) discover
[2.291s] Level 1:colcon.colcon_core.package_discovery:discover_packages(recursive) discover
[2.291s] INFO:colcon.colcon_core.package_discovery:Crawling recursively for packages in '/home/hamzaboulandoum/corosols_ws'
[2.292s] Level 1:colcon.colcon_core.package_identification:_identify(.) by extensions ['ignore', 'ignore_ament_install']
[2.292s] Level 1:colcon.colcon_core.package_identification:_identify(.) by extension 'ignore'
[2.292s] Level 1:colcon.colcon_core.package_identification:_identify(.) by extension 'ignore_ament_install'
[2.293s] Level 1:colcon.colcon_core.package_identification:_identify(.) by extensions ['colcon_pkg']
[2.293s] Level 1:colcon.colcon_core.package_identification:_identify(.) by extension 'colcon_pkg'
[2.293s] Level 1:colcon.colcon_core.package_identification:_identify(.) by extensions ['colcon_meta']
[2.293s] Level 1:colcon.colcon_core.package_identification:_identify(.) by extension 'colcon_meta'
[2.294s] Level 1:colcon.colcon_core.package_identification:_identify(.) by extensions ['ros']
[2.294s] Level 1:colcon.colcon_core.package_identification:_identify(.) by extension 'ros'
[2.352s] Level 1:colcon.colcon_core.package_identification:_identify(.) by extensions ['cmake', 'python']
[2.352s] Level 1:colcon.colcon_core.package_identification:_identify(.) by extension 'cmake'
[2.352s] Level 1:colcon.colcon_core.package_identification:_identify(.) by extension 'python'
[2.353s] Level 1:colcon.colcon_core.package_identification:_identify(.) by extensions ['python_setup_py']
[2.353s] Level 1:colcon.colcon_core.package_identification:_identify(.) by extension 'python_setup_py'
[2.353s] Level 1:colcon.colcon_core.package_identification:_identify(build) by extensions ['ignore', 'ignore_ament_install']
[2.354s] Level 1:colcon.colcon_core.package_identification:_identify(build) by extension 'ignore'
[2.354s] Level 1:colcon.colcon_core.package_identification:_identify(build) ignored
[2.355s] Level 1:colcon.colcon_core.package_identification:_identify(install) by extensions ['ignore', 'ignore_ament_install']
[2.355s] Level 1:colcon.colcon_core.package_identification:_identify(install) by extension 'ignore'
[2.356s] Level 1:colcon.colcon_core.package_identification:_identify(install) ignored
[2.356s] Level 1:colcon.colcon_core.package_identification:_identify(log) by extensions ['ignore', 'ignore_ament_install']
[2.357s] Level 1:colcon.colcon_core.package_identification:_identify(log) by extension 'ignore'
[2.357s] Level 1:colcon.colcon_core.package_identification:_identify(log) ignored
[2.357s] Level 1:colcon.colcon_core.package_identification:_identify(src) by extensions ['ignore', 'ignore_ament_install']
[2.358s] Level 1:colcon.colcon_core.package_identification:_identify(src) by extension 'ignore'
[2.358s] Level 1:colcon.colcon_core.package_identification:_identify(src) by extension 'ignore_ament_install'
[2.358s] Level 1:colcon.colcon_core.package_identification:_identify(src) by extensions ['colcon_pkg']
[2.359s] Level 1:colcon.colcon_core.package_identification:_identify(src) by extension 'colcon_pkg'
[2.359s] Level 1:colcon.colcon_core.package_identification:_identify(src) by extensions ['colcon_meta']
[2.359s] Level 1:colcon.colcon_core.package_identification:_identify(src) by extension 'colcon_meta'
[2.359s] Level 1:colcon.colcon_core.package_identification:_identify(src) by extensions ['ros']
[2.359s] Level 1:colcon.colcon_core.package_identification:_identify(src) by extension 'ros'
[2.360s] Level 1:colcon.colcon_core.package_identification:_identify(src) by extensions ['cmake', 'python']
[2.360s] Level 1:colcon.colcon_core.package_identification:_identify(src) by extension 'cmake'
[2.360s] Level 1:colcon.colcon_core.package_identification:_identify(src) by extension 'python'
[2.361s] Level 1:colcon.colcon_core.package_identification:_identify(src) by extensions ['python_setup_py']
[2.361s] Level 1:colcon.colcon_core.package_identification:_identify(src) by extension 'python_setup_py'
[2.361s] Level 1:colcon.colcon_core.package_identification:_identify(src/corosols) by extensions ['ignore', 'ignore_ament_install']
[2.362s] Level 1:colcon.colcon_core.package_identification:_identify(src/corosols) by extension 'ignore'
[2.362s] Level 1:colcon.colcon_core.package_identification:_identify(src/corosols) by extension 'ignore_ament_install'
[2.362s] Level 1:colcon.colcon_core.package_identification:_identify(src/corosols) by extensions ['colcon_pkg']
[2.363s] Level 1:colcon.colcon_core.package_identification:_identify(src/corosols) by extension 'colcon_pkg'
[2.363s] Level 1:colcon.colcon_core.package_identification:_identify(src/corosols) by extensions ['colcon_meta']
[2.363s] Level 1:colcon.colcon_core.package_identification:_identify(src/corosols) by extension 'colcon_meta'
[2.363s] Level 1:colcon.colcon_core.package_identification:_identify(src/corosols) by extensions ['ros']
[2.363s] Level 1:colcon.colcon_core.package_identification:_identify(src/corosols) by extension 'ros'
[2.375s] DEBUG:colcon.colcon_core.package_identification:Package 'src/corosols' with type 'ros.ament_python' and name 'corosols'
[2.376s] Level 1:colcon.colcon_core.package_identification:_identify(src/custom_interfaces) by extensions ['ignore', 'ignore_ament_install']
[2.376s] Level 1:colcon.colcon_core.package_identification:_identify(src/custom_interfaces) by extension 'ignore'
[2.377s] Level 1:colcon.colcon_core.package_identification:_identify(src/custom_interfaces) by extension 'ignore_ament_install'
[2.377s] Level 1:colcon.colcon_core.package_identification:_identify(src/custom_interfaces) by extensions ['colcon_pkg']
[2.377s] Level 1:colcon.colcon_core.package_identification:_identify(src/custom_interfaces) by extension 'colcon_pkg'
[2.377s] Level 1:colcon.colcon_core.package_identification:_identify(src/custom_interfaces) by extensions ['colcon_meta']
[2.378s] Level 1:colcon.colcon_core.package_identification:_identify(src/custom_interfaces) by extension 'colcon_meta'
[2.378s] Level 1:colcon.colcon_core.package_identification:_identify(src/custom_interfaces) by extensions ['ros']
[2.378s] Level 1:colcon.colcon_core.package_identification:_identify(src/custom_interfaces) by extension 'ros'
[2.381s] DEBUG:colcon.colcon_core.package_identification:Package 'src/custom_interfaces' with type 'ros.ament_cmake' and name 'custom_interfaces'
[2.381s] Level 1:colcon.colcon_core.package_discovery:discover_packages(recursive) using defaults
[2.381s] Level 1:colcon.colcon_core.package_discovery:discover_packages(ignore) discover
[2.381s] Level 1:colcon.colcon_core.package_discovery:discover_packages(ignore) using defaults
[2.381s] Level 1:colcon.colcon_core.package_discovery:discover_packages(path) discover
[2.382s] Level 1:colcon.colcon_core.package_discovery:discover_packages(path) using defaults
[2.498s] Level 1:colcon.colcon_core.package_discovery:discover_packages(prefix_path) check parameters
[2.498s] Level 1:colcon.colcon_core.package_discovery:discover_packages(prefix_path) discover
[2.507s] DEBUG:colcon.colcon_installed_package_information.package_discovery:Found 2 installed packages in /home/hamzaboulandoum/corosols_ws/install
[2.518s] DEBUG:colcon.colcon_installed_package_information.package_discovery:Found 364 installed packages in /opt/ros/humble
[2.530s] Level 1:colcon.colcon_core.package_discovery:discover_packages(prefix_path) using defaults
[2.958s] Level 5:colcon.colcon_core.verb:set package 'custom_interfaces' build argument 'cmake_args' from command line to 'None'
[2.959s] Level 5:colcon.colcon_core.verb:set package 'custom_interfaces' build argument 'cmake_target' from command line to 'None'
[2.959s] Level 5:colcon.colcon_core.verb:set package 'custom_interfaces' build argument 'cmake_target_skip_unavailable' from command line to 'False'
[2.959s] Level 5:colcon.colcon_core.verb:set package 'custom_interfaces' build argument 'cmake_clean_cache' from command line to 'False'
[2.959s] Level 5:colcon.colcon_core.verb:set package 'custom_interfaces' build argument 'cmake_clean_first' from command line to 'False'
[2.959s] Level 5:colcon.colcon_core.verb:set package 'custom_interfaces' build argument 'cmake_force_configure' from command line to 'False'
[2.959s] Level 5:colcon.colcon_core.verb:set package 'custom_interfaces' build argument 'ament_cmake_args' from command line to 'None'
[2.960s] Level 5:colcon.colcon_core.verb:set package 'custom_interfaces' build argument 'catkin_cmake_args' from command line to 'None'
[2.960s] Level 5:colcon.colcon_core.verb:set package 'custom_interfaces' build argument 'catkin_skip_building_tests' from command line to 'False'
[2.960s] DEBUG:colcon.colcon_core.verb:Building package 'custom_interfaces' with the following arguments: {'ament_cmake_args': None, 'build_base': '/home/hamzaboulandoum/corosols_ws/build/custom_interfaces', 'catkin_cmake_args': None, 'catkin_skip_building_tests': False, 'cmake_args': None, 'cmake_clean_cache': False, 'cmake_clean_first': False, 'cmake_force_configure': False, 'cmake_target': None, 'cmake_target_skip_unavailable': False, 'install_base': '/home/hamzaboulandoum/corosols_ws/install/custom_interfaces', 'merge_install': False, 'path': '/home/hamzaboulandoum/corosols_ws/src/custom_interfaces', 'symlink_install': False, 'test_result_base': None}
[2.962s] Level 5:colcon.colcon_core.verb:set package 'corosols' build argument 'cmake_args' from command line to 'None'
[2.962s] Level 5:colcon.colcon_core.verb:set package 'corosols' build argument 'cmake_target' from command line to 'None'
[2.962s] Level 5:colcon.colcon_core.verb:set package 'corosols' build argument 'cmake_target_skip_unavailable' from command line to 'False'
[2.963s] Level 5:colcon.colcon_core.verb:set package 'corosols' build argument 'cmake_clean_cache' from command line to 'False'
[2.963s] Level 5:colcon.colcon_core.verb:set package 'corosols' build argument 'cmake_clean_first' from command line to 'False'
[2.963s] Level 5:colcon.colcon_core.verb:set package 'corosols' build argument 'cmake_force_configure' from command line to 'False'
[2.963s] Level 5:colcon.colcon_core.verb:set package 'corosols' build argument 'ament_cmake_args' from command line to 'None'
[2.963s] Level 5:colcon.colcon_core.verb:set package 'corosols' build argument 'catkin_cmake_args' from command line to 'None'
[2.963s] Level 5:colcon.colcon_core.verb:set package 'corosols' build argument 'catkin_skip_building_tests' from command line to 'False'
[2.964s] DEBUG:colcon.colcon_core.verb:Building package 'corosols' with the following arguments: {'ament_cmake_args': None, 'build_base': '/home/hamzaboulandoum/corosols_ws/build/corosols', 'catkin_cmake_args': None, 'catkin_skip_building_tests': False, 'cmake_args': None, 'cmake_clean_cache': False, 'cmake_clean_first': False, 'cmake_force_configure': False, 'cmake_target': None, 'cmake_target_skip_unavailable': False, 'install_base': '/home/hamzaboulandoum/corosols_ws/install/corosols', 'merge_install': False, 'path': '/home/hamzaboulandoum/corosols_ws/src/corosols', 'symlink_install': False, 'test_result_base': None}
[2.964s] INFO:colcon.colcon_core.executor:Executing jobs using 'parallel' executor
[2.969s] DEBUG:colcon.colcon_parallel_executor.executor.parallel:run_until_complete
[2.969s] INFO:colcon.colcon_ros.task.ament_cmake.build:Building ROS package in '/home/hamzaboulandoum/corosols_ws/src/custom_interfaces' with build type 'ament_cmake'
[2.971s] INFO:colcon.colcon_cmake.task.cmake.build:Building CMake package in '/home/hamzaboulandoum/corosols_ws/src/custom_interfaces'
[2.981s] INFO:colcon.colcon_core.plugin_system:Skipping extension 'colcon_core.shell.bat': Not used on non-Windows systems
[2.983s] INFO:colcon.colcon_core.shell:Skip shell extension 'powershell' for command environment: Not usable outside of PowerShell
[2.983s] DEBUG:colcon.colcon_core.shell:Skip shell extension 'dsv' for command environment
[3.071s] DEBUG:colcon.colcon_core.event_handler.log_command:Invoking command in '/home/hamzaboulandoum/corosols_ws/build/custom_interfaces': CMAKE_PREFIX_PATH=${CMAKE_PREFIX_PATH}:/home/hamzaboulandoum/corosols_ws/install/corosols:/opt/ros/humble /usr/bin/cmake --build /home/hamzaboulandoum/corosols_ws/build/custom_interfaces -- -j6 -l6
[6.410s] DEBUG:colcon.colcon_core.event_handler.log_command:Invoked command in '/home/hamzaboulandoum/corosols_ws/build/custom_interfaces' returned '0': CMAKE_PREFIX_PATH=${CMAKE_PREFIX_PATH}:/home/hamzaboulandoum/corosols_ws/install/corosols:/opt/ros/humble /usr/bin/cmake --build /home/hamzaboulandoum/corosols_ws/build/custom_interfaces -- -j6 -l6
[6.834s] DEBUG:colcon.colcon_core.event_handler.log_command:Invoking command in '/home/hamzaboulandoum/corosols_ws/build/custom_interfaces': CMAKE_PREFIX_PATH=${CMAKE_PREFIX_PATH}:/home/hamzaboulandoum/corosols_ws/install/corosols:/opt/ros/humble /usr/bin/cmake --install /home/hamzaboulandoum/corosols_ws/build/custom_interfaces
[7.225s] Level 1:colcon.colcon_core.environment:create_environment_scripts_only(custom_interfaces)
[7.232s] DEBUG:colcon.colcon_core.event_handler.log_command:Invoked command in '/home/hamzaboulandoum/corosols_ws/build/custom_interfaces' returned '0': CMAKE_PREFIX_PATH=${CMAKE_PREFIX_PATH}:/home/hamzaboulandoum/corosols_ws/install/corosols:/opt/ros/humble /usr/bin/cmake --install /home/hamzaboulandoum/corosols_ws/build/custom_interfaces
[7.248s] Level 1:colcon.colcon_core.environment:checking '/home/hamzaboulandoum/corosols_ws/install/custom_interfaces' for CMake module files
[7.254s] Level 1:colcon.colcon_core.environment:checking '/home/hamzaboulandoum/corosols_ws/install/custom_interfaces' for CMake config files
[7.258s] Level 1:colcon.colcon_core.shell:create_environment_hook('custom_interfaces', 'cmake_prefix_path')
[7.259s] INFO:colcon.colcon_core.shell:Creating environment hook '/home/hamzaboulandoum/corosols_ws/install/custom_interfaces/share/custom_interfaces/hook/cmake_prefix_path.ps1'
[7.264s] INFO:colcon.colcon_core.shell:Creating environment descriptor '/home/hamzaboulandoum/corosols_ws/install/custom_interfaces/share/custom_interfaces/hook/cmake_prefix_path.dsv'
[7.266s] INFO:colcon.colcon_core.shell:Creating environment hook '/home/hamzaboulandoum/corosols_ws/install/custom_interfaces/share/custom_interfaces/hook/cmake_prefix_path.sh'
[7.271s] Level 1:colcon.colcon_core.environment:checking '/home/hamzaboulandoum/corosols_ws/install/custom_interfaces/lib'
[7.273s] Level 1:colcon.colcon_core.shell:create_environment_hook('custom_interfaces', 'ld_library_path_lib')
[7.274s] INFO:colcon.colcon_core.shell:Creating environment hook '/home/hamzaboulandoum/corosols_ws/install/custom_interfaces/share/custom_interfaces/hook/ld_library_path_lib.ps1'
[7.276s] INFO:colcon.colcon_core.shell:Creating environment descriptor '/home/hamzaboulandoum/corosols_ws/install/custom_interfaces/share/custom_interfaces/hook/ld_library_path_lib.dsv'
[7.278s] INFO:colcon.colcon_core.shell:Creating environment hook '/home/hamzaboulandoum/corosols_ws/install/custom_interfaces/share/custom_interfaces/hook/ld_library_path_lib.sh'
[7.280s] Level 1:colcon.colcon_core.environment:checking '/home/hamzaboulandoum/corosols_ws/install/custom_interfaces/bin'
[7.280s] Level 1:colcon.colcon_core.environment:checking '/home/hamzaboulandoum/corosols_ws/install/custom_interfaces/lib/pkgconfig/custom_interfaces.pc'
[7.282s] Level 1:colcon.colcon_core.environment:checking '/home/hamzaboulandoum/corosols_ws/install/custom_interfaces/lib/python3.8/site-packages'
[7.282s] Level 1:colcon.colcon_core.environment:checking '/home/hamzaboulandoum/corosols_ws/install/custom_interfaces/bin'
[7.284s] INFO:colcon.colcon_core.shell:Creating package script '/home/hamzaboulandoum/corosols_ws/install/custom_interfaces/share/custom_interfaces/package.ps1'
[7.288s] INFO:colcon.colcon_core.shell:Creating package descriptor '/home/hamzaboulandoum/corosols_ws/install/custom_interfaces/share/custom_interfaces/package.dsv'
[7.290s] INFO:colcon.colcon_core.shell:Creating package script '/home/hamzaboulandoum/corosols_ws/install/custom_interfaces/share/custom_interfaces/package.sh'
[7.294s] INFO:colcon.colcon_core.shell:Creating package script '/home/hamzaboulandoum/corosols_ws/install/custom_interfaces/share/custom_interfaces/package.bash'
[7.297s] INFO:colcon.colcon_core.shell:Creating package script '/home/hamzaboulandoum/corosols_ws/install/custom_interfaces/share/custom_interfaces/package.zsh'
[7.300s] Level 1:colcon.colcon_core.environment:create_file_with_runtime_dependencies(/home/hamzaboulandoum/corosols_ws/install/custom_interfaces/share/colcon-core/packages/custom_interfaces)
[7.680s] Level 1:colcon.colcon_core.environment:create_environment_scripts_only(custom_interfaces)
[7.684s] Level 1:colcon.colcon_core.environment:checking '/home/hamzaboulandoum/corosols_ws/install/custom_interfaces' for CMake module files
[7.691s] Level 1:colcon.colcon_core.environment:checking '/home/hamzaboulandoum/corosols_ws/install/custom_interfaces' for CMake config files
[7.694s] Level 1:colcon.colcon_core.shell:create_environment_hook('custom_interfaces', 'cmake_prefix_path')
[7.696s] INFO:colcon.colcon_core.shell:Creating environment hook '/home/hamzaboulandoum/corosols_ws/install/custom_interfaces/share/custom_interfaces/hook/cmake_prefix_path.ps1'
[7.700s] INFO:colcon.colcon_core.shell:Creating environment descriptor '/home/hamzaboulandoum/corosols_ws/install/custom_interfaces/share/custom_interfaces/hook/cmake_prefix_path.dsv'
[7.702s] INFO:colcon.colcon_core.shell:Creating environment hook '/home/hamzaboulandoum/corosols_ws/install/custom_interfaces/share/custom_interfaces/hook/cmake_prefix_path.sh'
[7.705s] Level 1:colcon.colcon_core.environment:checking '/home/hamzaboulandoum/corosols_ws/install/custom_interfaces/lib'
[7.706s] Level 1:colcon.colcon_core.shell:create_environment_hook('custom_interfaces', 'ld_library_path_lib')
[7.707s] INFO:colcon.colcon_core.shell:Creating environment hook '/home/hamzaboulandoum/corosols_ws/install/custom_interfaces/share/custom_interfaces/hook/ld_library_path_lib.ps1'
[7.709s] INFO:colcon.colcon_core.shell:Creating environment descriptor '/home/hamzaboulandoum/corosols_ws/install/custom_interfaces/share/custom_interfaces/hook/ld_library_path_lib.dsv'
[7.711s] INFO:colcon.colcon_core.shell:Creating environment hook '/home/hamzaboulandoum/corosols_ws/install/custom_interfaces/share/custom_interfaces/hook/ld_library_path_lib.sh'
[7.713s] Level 1:colcon.colcon_core.environment:checking '/home/hamzaboulandoum/corosols_ws/install/custom_interfaces/bin'
[7.714s] Level 1:colcon.colcon_core.environment:checking '/home/hamzaboulandoum/corosols_ws/install/custom_interfaces/lib/pkgconfig/custom_interfaces.pc'
[7.716s] Level 1:colcon.colcon_core.environment:checking '/home/hamzaboulandoum/corosols_ws/install/custom_interfaces/lib/python3.8/site-packages'
[7.716s] Level 1:colcon.colcon_core.environment:checking '/home/hamzaboulandoum/corosols_ws/install/custom_interfaces/bin'
[7.718s] INFO:colcon.colcon_core.shell:Creating package script '/home/hamzaboulandoum/corosols_ws/install/custom_interfaces/share/custom_interfaces/package.ps1'
[7.723s] INFO:colcon.colcon_core.shell:Creating package descriptor '/home/hamzaboulandoum/corosols_ws/install/custom_interfaces/share/custom_interfaces/package.dsv'
[7.730s] INFO:colcon.colcon_core.shell:Creating package script '/home/hamzaboulandoum/corosols_ws/install/custom_interfaces/share/custom_interfaces/package.sh'
[7.733s] INFO:colcon.colcon_core.shell:Creating package script '/home/hamzaboulandoum/corosols_ws/install/custom_interfaces/share/custom_interfaces/package.bash'
[7.736s] INFO:colcon.colcon_core.shell:Creating package script '/home/hamzaboulandoum/corosols_ws/install/custom_interfaces/share/custom_interfaces/package.zsh'
[7.738s] Level 1:colcon.colcon_core.environment:create_file_with_runtime_dependencies(/home/hamzaboulandoum/corosols_ws/install/custom_interfaces/share/colcon-core/packages/custom_interfaces)
[7.742s] INFO:colcon.colcon_ros.task.ament_python.build:Building ROS package in '/home/hamzaboulandoum/corosols_ws/src/corosols' with build type 'ament_python'
[7.744s] Level 1:colcon.colcon_core.shell:create_environment_hook('corosols', 'ament_prefix_path')
[7.746s] INFO:colcon.colcon_core.shell:Creating environment hook '/home/hamzaboulandoum/corosols_ws/install/corosols/share/corosols/hook/ament_prefix_path.ps1'
[7.750s] INFO:colcon.colcon_core.shell:Creating environment descriptor '/home/hamzaboulandoum/corosols_ws/install/corosols/share/corosols/hook/ament_prefix_path.dsv'
[7.755s] INFO:colcon.colcon_core.shell:Creating environment hook '/home/hamzaboulandoum/corosols_ws/install/corosols/share/corosols/hook/ament_prefix_path.sh'
[7.759s] INFO:colcon.colcon_core.shell:Skip shell extension 'powershell' for command environment: Not usable outside of PowerShell
[7.759s] DEBUG:colcon.colcon_core.shell:Skip shell extension 'dsv' for command environment
[9.338s] INFO:colcon.colcon_core.task.python.build:Building Python package in '/home/hamzaboulandoum/corosols_ws/src/corosols'
[9.342s] INFO:colcon.colcon_core.shell:Skip shell extension 'powershell' for command environment: Not usable outside of PowerShell
[9.343s] DEBUG:colcon.colcon_core.shell:Skip shell extension 'dsv' for command environment
[11.832s] DEBUG:colcon.colcon_core.event_handler.log_command:Invoking command in '/home/hamzaboulandoum/corosols_ws/src/corosols': LD_LIBRARY_PATH=/home/hamzaboulandoum/corosols_ws/install/custom_interfaces/lib:/usr/local/cuda-11.4/lib64:/opt/ros/humble/opt/rviz_ogre_vendor/lib:/opt/ros/humble/lib/aarch64-linux-gnu:/opt/ros/humble/lib:/usr/local/cuda-11.4/lib64 PYTHONPATH=/home/hamzaboulandoum/corosols_ws/build/corosols/prefix_override:/home/hamzaboulandoum/corosols_ws/install/corosols/lib/python3.8/site-packages:${PYTHONPATH} /usr/bin/python3 -W ignore:setup.py install is deprecated setup.py egg_info --egg-base ../../build/corosols build --build-base /home/hamzaboulandoum/corosols_ws/build/corosols/build install --record /home/hamzaboulandoum/corosols_ws/build/corosols/install.log --single-version-externally-managed install_data
[13.799s] Level 1:colcon.colcon_core.environment:checking '/home/hamzaboulandoum/corosols_ws/install/corosols' for CMake module files
[13.803s] DEBUG:colcon.colcon_core.event_handler.log_command:Invoked command in '/home/hamzaboulandoum/corosols_ws/src/corosols' returned '0': LD_LIBRARY_PATH=/home/hamzaboulandoum/corosols_ws/install/custom_interfaces/lib:/usr/local/cuda-11.4/lib64:/opt/ros/humble/opt/rviz_ogre_vendor/lib:/opt/ros/humble/lib/aarch64-linux-gnu:/opt/ros/humble/lib:/usr/local/cuda-11.4/lib64 PYTHONPATH=/home/hamzaboulandoum/corosols_ws/build/corosols/prefix_override:/home/hamzaboulandoum/corosols_ws/install/corosols/lib/python3.8/site-packages:${PYTHONPATH} /usr/bin/python3 -W ignore:setup.py install is deprecated setup.py egg_info --egg-base ../../build/corosols build --build-base /home/hamzaboulandoum/corosols_ws/build/corosols/build install --record /home/hamzaboulandoum/corosols_ws/build/corosols/install.log --single-version-externally-managed install_data
[13.806s] Level 1:colcon.colcon_core.environment:checking '/home/hamzaboulandoum/corosols_ws/install/corosols' for CMake config files
[13.811s] Level 1:colcon.colcon_core.environment:checking '/home/hamzaboulandoum/corosols_ws/install/corosols/lib'
[13.812s] Level 1:colcon.colcon_core.environment:checking '/home/hamzaboulandoum/corosols_ws/install/corosols/bin'
[13.813s] Level 1:colcon.colcon_core.environment:checking '/home/hamzaboulandoum/corosols_ws/install/corosols/lib/pkgconfig/corosols.pc'
[13.814s] Level 1:colcon.colcon_core.environment:checking '/home/hamzaboulandoum/corosols_ws/install/corosols/lib/python3.8/site-packages'
[13.815s] Level 1:colcon.colcon_core.shell:create_environment_hook('corosols', 'pythonpath')
[13.817s] INFO:colcon.colcon_core.shell:Creating environment hook '/home/hamzaboulandoum/corosols_ws/install/corosols/share/corosols/hook/pythonpath.ps1'
[13.821s] INFO:colcon.colcon_core.shell:Creating environment descriptor '/home/hamzaboulandoum/corosols_ws/install/corosols/share/corosols/hook/pythonpath.dsv'
[13.823s] INFO:colcon.colcon_core.shell:Creating environment hook '/home/hamzaboulandoum/corosols_ws/install/corosols/share/corosols/hook/pythonpath.sh'
[13.826s] Level 1:colcon.colcon_core.environment:checking '/home/hamzaboulandoum/corosols_ws/install/corosols/bin'
[13.827s] Level 1:colcon.colcon_core.environment:create_environment_scripts_only(corosols)
[13.829s] INFO:colcon.colcon_core.shell:Creating package script '/home/hamzaboulandoum/corosols_ws/install/corosols/share/corosols/package.ps1'
[13.832s] INFO:colcon.colcon_core.shell:Creating package descriptor '/home/hamzaboulandoum/corosols_ws/install/corosols/share/corosols/package.dsv'
[13.834s] INFO:colcon.colcon_core.shell:Creating package script '/home/hamzaboulandoum/corosols_ws/install/corosols/share/corosols/package.sh'
[13.837s] INFO:colcon.colcon_core.shell:Creating package script '/home/hamzaboulandoum/corosols_ws/install/corosols/share/corosols/package.bash'
[13.839s] INFO:colcon.colcon_core.shell:Creating package script '/home/hamzaboulandoum/corosols_ws/install/corosols/share/corosols/package.zsh'
[13.840s] Level 1:colcon.colcon_core.environment:create_file_with_runtime_dependencies(/home/hamzaboulandoum/corosols_ws/install/corosols/share/colcon-core/packages/corosols)
[13.842s] DEBUG:colcon.colcon_parallel_executor.executor.parallel:closing loop
[13.845s] DEBUG:colcon.colcon_parallel_executor.executor.parallel:loop closed
[13.845s] DEBUG:colcon.colcon_parallel_executor.executor.parallel:run_until_complete finished with '0'
[13.846s] DEBUG:colcon.colcon_core.event_reactor:joining thread
[13.883s] INFO:colcon.colcon_core.plugin_system:Skipping extension 'colcon_notification.desktop_notification.terminal_notifier': Not used on non-Darwin systems
[13.884s] INFO:colcon.colcon_core.plugin_system:Skipping extension 'colcon_notification.desktop_notification.win32': Not used on non-Windows systems
[13.885s] INFO:colcon.colcon_notification.desktop_notification:Sending desktop notification using 'notify2'
[13.987s] DEBUG:colcon.colcon_core.event_reactor:joined thread
[13.989s] INFO:colcon.colcon_core.shell:Creating prefix script '/home/hamzaboulandoum/corosols_ws/install/local_setup.ps1'
[13.994s] INFO:colcon.colcon_core.shell:Creating prefix util module '/home/hamzaboulandoum/corosols_ws/install/_local_setup_util_ps1.py'
[14.000s] INFO:colcon.colcon_core.shell:Creating prefix chain script '/home/hamzaboulandoum/corosols_ws/install/setup.ps1'
[14.006s] INFO:colcon.colcon_core.shell:Creating prefix script '/home/hamzaboulandoum/corosols_ws/install/local_setup.sh'
[14.010s] INFO:colcon.colcon_core.shell:Creating prefix util module '/home/hamzaboulandoum/corosols_ws/install/_local_setup_util_sh.py'
[14.013s] INFO:colcon.colcon_core.shell:Creating prefix chain script '/home/hamzaboulandoum/corosols_ws/install/setup.sh'
[14.020s] INFO:colcon.colcon_core.shell:Creating prefix script '/home/hamzaboulandoum/corosols_ws/install/local_setup.bash'
[14.023s] INFO:colcon.colcon_core.shell:Creating prefix chain script '/home/hamzaboulandoum/corosols_ws/install/setup.bash'
[14.029s] INFO:colcon.colcon_core.shell:Creating prefix script '/home/hamzaboulandoum/corosols_ws/install/local_setup.zsh'
[14.031s] INFO:colcon.colcon_core.shell:Creating prefix chain script '/home/hamzaboulandoum/corosols_ws/install/setup.zsh'
