[0.113s] Invoking command in '/home/youssef/COROSOLS_WS/build/custom_interfaces': CMAKE_PREFIX_PATH=${CMAKE_PREFIX_PATH}:/home/youssef/COROSOLS_WS/install/corosols:/opt/ros/humble /usr/bin/cmake --build /home/youssef/COROSOLS_WS/build/custom_interfaces -- -j8 -l8
[0.485s] [ 10%] Built target custom_interfaces__rosidl_generator_c
[0.524s] [ 12%] Built target custom_interfaces__cpp
[0.675s] [ 12%] Built target ament_cmake_python_copy_custom_interfaces
[0.846s] [ 23%] Built target custom_interfaces__rosidl_typesupport_c
[0.939s] [ 44%] Built target custom_interfaces__rosidl_typesupport_fastrtps_cpp
[0.940s] [ 44%] Built target custom_interfaces__rosidl_typesupport_fastrtps_c
[1.012s] [ 55%] Built target custom_interfaces__rosidl_typesupport_introspection_c
[1.053s] [ 65%] Built target custom_interfaces__rosidl_typesupport_cpp
[1.103s] [ 76%] Built target custom_interfaces__rosidl_typesupport_introspection_cpp
[1.327s] [ 76%] Built target custom_interfaces
[1.564s] [ 78%] Built target custom_interfaces__py
[1.723s] [ 87%] Built target custom_interfaces__rosidl_generator_py
[1.923s] [ 91%] Built target custom_interfaces__rosidl_typesupport_introspection_c__pyext
[1.970s] [ 95%] Built target custom_interfaces__rosidl_typesupport_c__pyext
[1.996s] [100%] Built target custom_interfaces__rosidl_typesupport_fastrtps_c__pyext
[2.792s] running egg_info
[2.796s] writing custom_interfaces.egg-info/PKG-INFO
[2.797s] writing dependency_links to custom_interfaces.egg-info/dependency_links.txt
[2.798s] writing top-level names to custom_interfaces.egg-info/top_level.txt
[2.809s] reading manifest file 'custom_interfaces.egg-info/SOURCES.txt'
[2.813s] writing manifest file 'custom_interfaces.egg-info/SOURCES.txt'
[2.920s] [100%] Built target ament_cmake_python_build_custom_interfaces_egg
[2.972s] Invoked command in '/home/youssef/COROSOLS_WS/build/custom_interfaces' returned '0': CMAKE_PREFIX_PATH=${CMAKE_PREFIX_PATH}:/home/youssef/COROSOLS_WS/install/corosols:/opt/ros/humble /usr/bin/cmake --build /home/youssef/COROSOLS_WS/build/custom_interfaces -- -j8 -l8
[2.981s] Invoking command in '/home/youssef/COROSOLS_WS/build/custom_interfaces': CMAKE_PREFIX_PATH=${CMAKE_PREFIX_PATH}:/home/youssef/COROSOLS_WS/install/corosols:/opt/ros/humble /usr/bin/cmake --install /home/youssef/COROSOLS_WS/build/custom_interfaces
[3.017s] -- Install configuration: ""
[3.018s] -- Up-to-date: /home/youssef/COROSOLS_WS/install/custom_interfaces/share/ament_index/resource_index/rosidl_interfaces/custom_interfaces
[3.018s] -- Up-to-date: /home/youssef/COROSOLS_WS/install/custom_interfaces/include/custom_interfaces/custom_interfaces
[3.019s] -- Up-to-date: /home/youssef/COROSOLS_WS/install/custom_interfaces/include/custom_interfaces/custom_interfaces/msg
[3.020s] -- Up-to-date: /home/youssef/COROSOLS_WS/install/custom_interfaces/include/custom_interfaces/custom_interfaces/msg/serial_data.h
[3.020s] -- Up-to-date: /home/youssef/COROSOLS_WS/install/custom_interfaces/include/custom_interfaces/custom_interfaces/msg/rosidl_generator_c__visibility_control.h
[3.020s] -- Up-to-date: /home/youssef/COROSOLS_WS/install/custom_interfaces/include/custom_interfaces/custom_interfaces/msg/detail
[3.021s] -- Up-to-date: /home/youssef/COROSOLS_WS/install/custom_interfaces/include/custom_interfaces/custom_interfaces/msg/detail/imu_data__functions.h
[3.021s] -- Up-to-date: /home/youssef/COROSOLS_WS/install/custom_interfaces/include/custom_interfaces/custom_interfaces/msg/detail/imu_data__type_support.h
[3.021s] -- Up-to-date: /home/youssef/COROSOLS_WS/install/custom_interfaces/include/custom_interfaces/custom_interfaces/msg/detail/imu_data__functions.c
[3.022s] -- Up-to-date: /home/youssef/COROSOLS_WS/install/custom_interfaces/include/custom_interfaces/custom_interfaces/msg/detail/serial_data__type_support.h
[3.022s] -- Up-to-date: /home/youssef/COROSOLS_WS/install/custom_interfaces/include/custom_interfaces/custom_interfaces/msg/detail/imu_data__struct.h
[3.022s] -- Up-to-date: /home/youssef/COROSOLS_WS/install/custom_interfaces/include/custom_interfaces/custom_interfaces/msg/detail/serial_data__functions.c
[3.023s] -- Up-to-date: /home/youssef/COROSOLS_WS/install/custom_interfaces/include/custom_interfaces/custom_interfaces/msg/detail/serial_data__struct.h
[3.023s] -- Up-to-date: /home/youssef/COROSOLS_WS/install/custom_interfaces/include/custom_interfaces/custom_interfaces/msg/detail/serial_data__functions.h
[3.024s] -- Up-to-date: /home/youssef/COROSOLS_WS/install/custom_interfaces/include/custom_interfaces/custom_interfaces/msg/imu_data.h
[3.024s] -- Up-to-date: /home/youssef/COROSOLS_WS/install/custom_interfaces/include/custom_interfaces/custom_interfaces/srv
[3.025s] -- Up-to-date: /home/youssef/COROSOLS_WS/install/custom_interfaces/include/custom_interfaces/custom_interfaces/srv/detail
[3.026s] -- Up-to-date: /home/youssef/COROSOLS_WS/install/custom_interfaces/include/custom_interfaces/custom_interfaces/srv/detail/commands__functions.h
[3.027s] -- Up-to-date: /home/youssef/COROSOLS_WS/install/custom_interfaces/include/custom_interfaces/custom_interfaces/srv/detail/commands__type_support.h
[3.028s] -- Up-to-date: /home/youssef/COROSOLS_WS/install/custom_interfaces/include/custom_interfaces/custom_interfaces/srv/detail/commands__struct.h
[3.028s] -- Up-to-date: /home/youssef/COROSOLS_WS/install/custom_interfaces/include/custom_interfaces/custom_interfaces/srv/detail/commands__functions.c
[3.029s] -- Up-to-date: /home/youssef/COROSOLS_WS/install/custom_interfaces/include/custom_interfaces/custom_interfaces/srv/commands.h
[3.030s] -- Up-to-date: /home/youssef/COROSOLS_WS/install/custom_interfaces/share/custom_interfaces/environment/library_path.sh
[3.030s] -- Up-to-date: /home/youssef/COROSOLS_WS/install/custom_interfaces/share/custom_interfaces/environment/library_path.dsv
[3.031s] -- Up-to-date: /home/youssef/COROSOLS_WS/install/custom_interfaces/lib/libcustom_interfaces__rosidl_generator_c.so
[3.032s] -- Up-to-date: /home/youssef/COROSOLS_WS/install/custom_interfaces/include/custom_interfaces/custom_interfaces
[3.033s] -- Up-to-date: /home/youssef/COROSOLS_WS/install/custom_interfaces/include/custom_interfaces/custom_interfaces/msg
[3.034s] -- Up-to-date: /home/youssef/COROSOLS_WS/install/custom_interfaces/include/custom_interfaces/custom_interfaces/msg/detail
[3.035s] -- Up-to-date: /home/youssef/COROSOLS_WS/install/custom_interfaces/include/custom_interfaces/custom_interfaces/msg/detail/imu_data__rosidl_typesupport_fastrtps_c.h
[3.036s] -- Up-to-date: /home/youssef/COROSOLS_WS/install/custom_interfaces/include/custom_interfaces/custom_interfaces/msg/detail/serial_data__rosidl_typesupport_fastrtps_c.h
[3.036s] -- Up-to-date: /home/youssef/COROSOLS_WS/install/custom_interfaces/include/custom_interfaces/custom_interfaces/msg/rosidl_typesupport_fastrtps_c__visibility_control.h
[3.037s] -- Up-to-date: /home/youssef/COROSOLS_WS/install/custom_interfaces/include/custom_interfaces/custom_interfaces/srv
[3.038s] -- Up-to-date: /home/youssef/COROSOLS_WS/install/custom_interfaces/include/custom_interfaces/custom_interfaces/srv/detail
[3.038s] -- Up-to-date: /home/youssef/COROSOLS_WS/install/custom_interfaces/include/custom_interfaces/custom_interfaces/srv/detail/commands__rosidl_typesupport_fastrtps_c.h
[3.039s] -- Up-to-date: /home/youssef/COROSOLS_WS/install/custom_interfaces/lib/libcustom_interfaces__rosidl_typesupport_fastrtps_c.so
[3.040s] -- Up-to-date: /home/youssef/COROSOLS_WS/install/custom_interfaces/include/custom_interfaces/custom_interfaces
[3.041s] -- Up-to-date: /home/youssef/COROSOLS_WS/install/custom_interfaces/include/custom_interfaces/custom_interfaces/msg
[3.042s] -- Up-to-date: /home/youssef/COROSOLS_WS/install/custom_interfaces/include/custom_interfaces/custom_interfaces/msg/rosidl_typesupport_introspection_c__visibility_control.h
[3.043s] -- Up-to-date: /home/youssef/COROSOLS_WS/install/custom_interfaces/include/custom_interfaces/custom_interfaces/msg/detail
[3.043s] -- Up-to-date: /home/youssef/COROSOLS_WS/install/custom_interfaces/include/custom_interfaces/custom_interfaces/msg/detail/imu_data__rosidl_typesupport_introspection_c.h
[3.044s] -- Up-to-date: /home/youssef/COROSOLS_WS/install/custom_interfaces/include/custom_interfaces/custom_interfaces/msg/detail/imu_data__type_support.c
[3.046s] -- Up-to-date: /home/youssef/COROSOLS_WS/install/custom_interfaces/include/custom_interfaces/custom_interfaces/msg/detail/serial_data__rosidl_typesupport_introspection_c.h
[3.048s] -- Up-to-date: /home/youssef/COROSOLS_WS/install/custom_interfaces/include/custom_interfaces/custom_interfaces/msg/detail/serial_data__type_support.c
[3.049s] -- Up-to-date: /home/youssef/COROSOLS_WS/install/custom_interfaces/include/custom_interfaces/custom_interfaces/srv
[3.050s] -- Up-to-date: /home/youssef/COROSOLS_WS/install/custom_interfaces/include/custom_interfaces/custom_interfaces/srv/detail
[3.051s] -- Up-to-date: /home/youssef/COROSOLS_WS/install/custom_interfaces/include/custom_interfaces/custom_interfaces/srv/detail/commands__rosidl_typesupport_introspection_c.h
[3.052s] -- Up-to-date: /home/youssef/COROSOLS_WS/install/custom_interfaces/include/custom_interfaces/custom_interfaces/srv/detail/commands__type_support.c
[3.053s] -- Up-to-date: /home/youssef/COROSOLS_WS/install/custom_interfaces/lib/libcustom_interfaces__rosidl_typesupport_introspection_c.so
[3.054s] -- Up-to-date: /home/youssef/COROSOLS_WS/install/custom_interfaces/lib/libcustom_interfaces__rosidl_typesupport_c.so
[3.055s] -- Up-to-date: /home/youssef/COROSOLS_WS/install/custom_interfaces/include/custom_interfaces/custom_interfaces
[3.056s] -- Up-to-date: /home/youssef/COROSOLS_WS/install/custom_interfaces/include/custom_interfaces/custom_interfaces/msg
[3.056s] -- Up-to-date: /home/youssef/COROSOLS_WS/install/custom_interfaces/include/custom_interfaces/custom_interfaces/msg/rosidl_generator_cpp__visibility_control.hpp
[3.057s] -- Up-to-date: /home/youssef/COROSOLS_WS/install/custom_interfaces/include/custom_interfaces/custom_interfaces/msg/serial_data.hpp
[3.058s] -- Up-to-date: /home/youssef/COROSOLS_WS/install/custom_interfaces/include/custom_interfaces/custom_interfaces/msg/imu_data.hpp
[3.059s] -- Up-to-date: /home/youssef/COROSOLS_WS/install/custom_interfaces/include/custom_interfaces/custom_interfaces/msg/detail
[3.060s] -- Up-to-date: /home/youssef/COROSOLS_WS/install/custom_interfaces/include/custom_interfaces/custom_interfaces/msg/detail/serial_data__traits.hpp
[3.061s] -- Up-to-date: /home/youssef/COROSOLS_WS/install/custom_interfaces/include/custom_interfaces/custom_interfaces/msg/detail/serial_data__struct.hpp
[3.062s] -- Up-to-date: /home/youssef/COROSOLS_WS/install/custom_interfaces/include/custom_interfaces/custom_interfaces/msg/detail/imu_data__struct.hpp
[3.063s] -- Up-to-date: /home/youssef/COROSOLS_WS/install/custom_interfaces/include/custom_interfaces/custom_interfaces/msg/detail/serial_data__type_support.hpp
[3.063s] -- Up-to-date: /home/youssef/COROSOLS_WS/install/custom_interfaces/include/custom_interfaces/custom_interfaces/msg/detail/imu_data__type_support.hpp
[3.064s] -- Up-to-date: /home/youssef/COROSOLS_WS/install/custom_interfaces/include/custom_interfaces/custom_interfaces/msg/detail/imu_data__traits.hpp
[3.064s] -- Up-to-date: /home/youssef/COROSOLS_WS/install/custom_interfaces/include/custom_interfaces/custom_interfaces/msg/detail/serial_data__builder.hpp
[3.065s] -- Up-to-date: /home/youssef/COROSOLS_WS/install/custom_interfaces/include/custom_interfaces/custom_interfaces/msg/detail/imu_data__builder.hpp
[3.066s] -- Up-to-date: /home/youssef/COROSOLS_WS/install/custom_interfaces/include/custom_interfaces/custom_interfaces/srv
[3.066s] -- Up-to-date: /home/youssef/COROSOLS_WS/install/custom_interfaces/include/custom_interfaces/custom_interfaces/srv/commands.hpp
[3.069s] -- Up-to-date: /home/youssef/COROSOLS_WS/install/custom_interfaces/include/custom_interfaces/custom_interfaces/srv/detail
[3.071s] -- Up-to-date: /home/youssef/COROSOLS_WS/install/custom_interfaces/include/custom_interfaces/custom_interfaces/srv/detail/commands__struct.hpp
[3.076s] -- Up-to-date: /home/youssef/COROSOLS_WS/install/custom_interfaces/include/custom_interfaces/custom_interfaces/srv/detail/commands__traits.hpp
[3.077s] -- Up-to-date: /home/youssef/COROSOLS_WS/install/custom_interfaces/include/custom_interfaces/custom_interfaces/srv/detail/commands__type_support.hpp
[3.081s] -- Up-to-date: /home/youssef/COROSOLS_WS/install/custom_interfaces/include/custom_interfaces/custom_interfaces/srv/detail/commands__builder.hpp
[3.082s] -- Up-to-date: /home/youssef/COROSOLS_WS/install/custom_interfaces/include/custom_interfaces/custom_interfaces
[3.082s] -- Up-to-date: /home/youssef/COROSOLS_WS/install/custom_interfaces/include/custom_interfaces/custom_interfaces/msg
[3.083s] -- Up-to-date: /home/youssef/COROSOLS_WS/install/custom_interfaces/include/custom_interfaces/custom_interfaces/msg/rosidl_typesupport_fastrtps_cpp__visibility_control.h
[3.085s] -- Up-to-date: /home/youssef/COROSOLS_WS/install/custom_interfaces/include/custom_interfaces/custom_interfaces/msg/detail
[3.087s] -- Up-to-date: /home/youssef/COROSOLS_WS/install/custom_interfaces/include/custom_interfaces/custom_interfaces/msg/detail/serial_data__rosidl_typesupport_fastrtps_cpp.hpp
[3.088s] -- Up-to-date: /home/youssef/COROSOLS_WS/install/custom_interfaces/include/custom_interfaces/custom_interfaces/msg/detail/dds_fastrtps
[3.093s] -- Up-to-date: /home/youssef/COROSOLS_WS/install/custom_interfaces/include/custom_interfaces/custom_interfaces/msg/detail/imu_data__rosidl_typesupport_fastrtps_cpp.hpp
[3.094s] -- Up-to-date: /home/youssef/COROSOLS_WS/install/custom_interfaces/include/custom_interfaces/custom_interfaces/srv
[3.098s] -- Up-to-date: /home/youssef/COROSOLS_WS/install/custom_interfaces/include/custom_interfaces/custom_interfaces/srv/detail
[3.099s] -- Up-to-date: /home/youssef/COROSOLS_WS/install/custom_interfaces/include/custom_interfaces/custom_interfaces/srv/detail/dds_fastrtps
[3.100s] -- Up-to-date: /home/youssef/COROSOLS_WS/install/custom_interfaces/include/custom_interfaces/custom_interfaces/srv/detail/commands__rosidl_typesupport_fastrtps_cpp.hpp
[3.101s] -- Up-to-date: /home/youssef/COROSOLS_WS/install/custom_interfaces/lib/libcustom_interfaces__rosidl_typesupport_fastrtps_cpp.so
[3.105s] -- Up-to-date: /home/youssef/COROSOLS_WS/install/custom_interfaces/include/custom_interfaces/custom_interfaces
[3.105s] -- Up-to-date: /home/youssef/COROSOLS_WS/install/custom_interfaces/include/custom_interfaces/custom_interfaces/msg
[3.107s] -- Up-to-date: /home/youssef/COROSOLS_WS/install/custom_interfaces/include/custom_interfaces/custom_interfaces/msg/detail
[3.107s] -- Up-to-date: /home/youssef/COROSOLS_WS/install/custom_interfaces/include/custom_interfaces/custom_interfaces/msg/detail/serial_data__type_support.cpp
[3.108s] -- Up-to-date: /home/youssef/COROSOLS_WS/install/custom_interfaces/include/custom_interfaces/custom_interfaces/msg/detail/imu_data__rosidl_typesupport_introspection_cpp.hpp
[3.108s] -- Up-to-date: /home/youssef/COROSOLS_WS/install/custom_interfaces/include/custom_interfaces/custom_interfaces/msg/detail/serial_data__rosidl_typesupport_introspection_cpp.hpp
[3.109s] -- Up-to-date: /home/youssef/COROSOLS_WS/install/custom_interfaces/include/custom_interfaces/custom_interfaces/msg/detail/imu_data__type_support.cpp
[3.109s] -- Up-to-date: /home/youssef/COROSOLS_WS/install/custom_interfaces/include/custom_interfaces/custom_interfaces/srv
[3.110s] -- Up-to-date: /home/youssef/COROSOLS_WS/install/custom_interfaces/include/custom_interfaces/custom_interfaces/srv/detail
[3.110s] -- Up-to-date: /home/youssef/COROSOLS_WS/install/custom_interfaces/include/custom_interfaces/custom_interfaces/srv/detail/commands__type_support.cpp
[3.110s] -- Up-to-date: /home/youssef/COROSOLS_WS/install/custom_interfaces/include/custom_interfaces/custom_interfaces/srv/detail/commands__rosidl_typesupport_introspection_cpp.hpp
[3.111s] -- Up-to-date: /home/youssef/COROSOLS_WS/install/custom_interfaces/lib/libcustom_interfaces__rosidl_typesupport_introspection_cpp.so
[3.113s] -- Up-to-date: /home/youssef/COROSOLS_WS/install/custom_interfaces/lib/libcustom_interfaces__rosidl_typesupport_cpp.so
[3.113s] -- Up-to-date: /home/youssef/COROSOLS_WS/install/custom_interfaces/share/custom_interfaces/environment/pythonpath.sh
[3.113s] -- Up-to-date: /home/youssef/COROSOLS_WS/install/custom_interfaces/share/custom_interfaces/environment/pythonpath.dsv
[3.115s] -- Up-to-date: /home/youssef/COROSOLS_WS/install/custom_interfaces/local/lib/python3.10/dist-packages/custom_interfaces-0.0.0-py3.10.egg-info
[3.115s] -- Installing: /home/youssef/COROSOLS_WS/install/custom_interfaces/local/lib/python3.10/dist-packages/custom_interfaces-0.0.0-py3.10.egg-info/dependency_links.txt
[3.116s] -- Installing: /home/youssef/COROSOLS_WS/install/custom_interfaces/local/lib/python3.10/dist-packages/custom_interfaces-0.0.0-py3.10.egg-info/PKG-INFO
[3.117s] -- Installing: /home/youssef/COROSOLS_WS/install/custom_interfaces/local/lib/python3.10/dist-packages/custom_interfaces-0.0.0-py3.10.egg-info/top_level.txt
[3.118s] -- Installing: /home/youssef/COROSOLS_WS/install/custom_interfaces/local/lib/python3.10/dist-packages/custom_interfaces-0.0.0-py3.10.egg-info/SOURCES.txt
[3.119s] -- Up-to-date: /home/youssef/COROSOLS_WS/install/custom_interfaces/local/lib/python3.10/dist-packages/custom_interfaces
[3.119s] -- Up-to-date: /home/youssef/COROSOLS_WS/install/custom_interfaces/local/lib/python3.10/dist-packages/custom_interfaces/msg
[3.119s] -- Up-to-date: /home/youssef/COROSOLS_WS/install/custom_interfaces/local/lib/python3.10/dist-packages/custom_interfaces/msg/_serial_data_s.c
[3.119s] -- Up-to-date: /home/youssef/COROSOLS_WS/install/custom_interfaces/local/lib/python3.10/dist-packages/custom_interfaces/msg/_serial_data.py
[3.120s] -- Up-to-date: /home/youssef/COROSOLS_WS/install/custom_interfaces/local/lib/python3.10/dist-packages/custom_interfaces/msg/_imu_data_s.c
[3.120s] -- Up-to-date: /home/youssef/COROSOLS_WS/install/custom_interfaces/local/lib/python3.10/dist-packages/custom_interfaces/msg/_imu_data.py
[3.120s] -- Up-to-date: /home/youssef/COROSOLS_WS/install/custom_interfaces/local/lib/python3.10/dist-packages/custom_interfaces/msg/__init__.py
[3.120s] -- Up-to-date: /home/youssef/COROSOLS_WS/install/custom_interfaces/local/lib/python3.10/dist-packages/custom_interfaces/libcustom_interfaces__rosidl_generator_py.so
[3.121s] -- Up-to-date: /home/youssef/COROSOLS_WS/install/custom_interfaces/local/lib/python3.10/dist-packages/custom_interfaces/custom_interfaces_s__rosidl_typesupport_c.cpython-310-x86_64-linux-gnu.so
[3.121s] -- Up-to-date: /home/youssef/COROSOLS_WS/install/custom_interfaces/local/lib/python3.10/dist-packages/custom_interfaces/_custom_interfaces_s.ep.rosidl_typesupport_c.c
[3.121s] -- Up-to-date: /home/youssef/COROSOLS_WS/install/custom_interfaces/local/lib/python3.10/dist-packages/custom_interfaces/custom_interfaces_s__rosidl_typesupport_introspection_c.cpython-310-x86_64-linux-gnu.so
[3.121s] -- Up-to-date: /home/youssef/COROSOLS_WS/install/custom_interfaces/local/lib/python3.10/dist-packages/custom_interfaces/custom_interfaces_s__rosidl_typesupport_fastrtps_c.cpython-310-x86_64-linux-gnu.so
[3.122s] -- Up-to-date: /home/youssef/COROSOLS_WS/install/custom_interfaces/local/lib/python3.10/dist-packages/custom_interfaces/srv
[3.122s] -- Up-to-date: /home/youssef/COROSOLS_WS/install/custom_interfaces/local/lib/python3.10/dist-packages/custom_interfaces/srv/_commands_s.c
[3.122s] -- Up-to-date: /home/youssef/COROSOLS_WS/install/custom_interfaces/local/lib/python3.10/dist-packages/custom_interfaces/srv/_commands.py
[3.123s] -- Up-to-date: /home/youssef/COROSOLS_WS/install/custom_interfaces/local/lib/python3.10/dist-packages/custom_interfaces/srv/__init__.py
[3.123s] -- Up-to-date: /home/youssef/COROSOLS_WS/install/custom_interfaces/local/lib/python3.10/dist-packages/custom_interfaces/_custom_interfaces_s.ep.rosidl_typesupport_fastrtps_c.c
[3.123s] -- Up-to-date: /home/youssef/COROSOLS_WS/install/custom_interfaces/local/lib/python3.10/dist-packages/custom_interfaces/__init__.py
[3.123s] -- Up-to-date: /home/youssef/COROSOLS_WS/install/custom_interfaces/local/lib/python3.10/dist-packages/custom_interfaces/_custom_interfaces_s.ep.rosidl_typesupport_introspection_c.c
[3.360s] Listing '/home/youssef/COROSOLS_WS/install/custom_interfaces/local/lib/python3.10/dist-packages/custom_interfaces'...
[3.361s] Listing '/home/youssef/COROSOLS_WS/install/custom_interfaces/local/lib/python3.10/dist-packages/custom_interfaces/msg'...
[3.362s] Listing '/home/youssef/COROSOLS_WS/install/custom_interfaces/local/lib/python3.10/dist-packages/custom_interfaces/srv'...
[3.362s] -- Up-to-date: /home/youssef/COROSOLS_WS/install/custom_interfaces/local/lib/python3.10/dist-packages/custom_interfaces/custom_interfaces_s__rosidl_typesupport_fastrtps_c.cpython-310-x86_64-linux-gnu.so
[3.363s] -- Up-to-date: /home/youssef/COROSOLS_WS/install/custom_interfaces/local/lib/python3.10/dist-packages/custom_interfaces/custom_interfaces_s__rosidl_typesupport_introspection_c.cpython-310-x86_64-linux-gnu.so
[3.364s] -- Up-to-date: /home/youssef/COROSOLS_WS/install/custom_interfaces/local/lib/python3.10/dist-packages/custom_interfaces/custom_interfaces_s__rosidl_typesupport_c.cpython-310-x86_64-linux-gnu.so
[3.364s] -- Up-to-date: /home/youssef/COROSOLS_WS/install/custom_interfaces/lib/libcustom_interfaces__rosidl_generator_py.so
[3.365s] -- Up-to-date: /home/youssef/COROSOLS_WS/install/custom_interfaces/share/custom_interfaces/msg/SerialData.idl
[3.366s] -- Up-to-date: /home/youssef/COROSOLS_WS/install/custom_interfaces/share/custom_interfaces/msg/ImuData.idl
[3.366s] -- Up-to-date: /home/youssef/COROSOLS_WS/install/custom_interfaces/share/custom_interfaces/srv/Commands.idl
[3.367s] -- Up-to-date: /home/youssef/COROSOLS_WS/install/custom_interfaces/share/custom_interfaces/msg/SerialData.msg
[3.368s] -- Up-to-date: /home/youssef/COROSOLS_WS/install/custom_interfaces/share/custom_interfaces/msg/ImuData.msg
[3.369s] -- Up-to-date: /home/youssef/COROSOLS_WS/install/custom_interfaces/share/custom_interfaces/srv/Commands.srv
[3.370s] -- Up-to-date: /home/youssef/COROSOLS_WS/install/custom_interfaces/share/custom_interfaces/srv/Commands_Request.msg
[3.371s] -- Up-to-date: /home/youssef/COROSOLS_WS/install/custom_interfaces/share/custom_interfaces/srv/Commands_Response.msg
[3.371s] -- Up-to-date: /home/youssef/COROSOLS_WS/install/custom_interfaces/share/ament_index/resource_index/package_run_dependencies/custom_interfaces
[3.372s] -- Up-to-date: /home/youssef/COROSOLS_WS/install/custom_interfaces/share/ament_index/resource_index/parent_prefix_path/custom_interfaces
[3.373s] -- Up-to-date: /home/youssef/COROSOLS_WS/install/custom_interfaces/share/custom_interfaces/environment/ament_prefix_path.sh
[3.374s] -- Up-to-date: /home/youssef/COROSOLS_WS/install/custom_interfaces/share/custom_interfaces/environment/ament_prefix_path.dsv
[3.375s] -- Up-to-date: /home/youssef/COROSOLS_WS/install/custom_interfaces/share/custom_interfaces/environment/path.sh
[3.375s] -- Up-to-date: /home/youssef/COROSOLS_WS/install/custom_interfaces/share/custom_interfaces/environment/path.dsv
[3.376s] -- Up-to-date: /home/youssef/COROSOLS_WS/install/custom_interfaces/share/custom_interfaces/local_setup.bash
[3.377s] -- Up-to-date: /home/youssef/COROSOLS_WS/install/custom_interfaces/share/custom_interfaces/local_setup.sh
[3.378s] -- Up-to-date: /home/youssef/COROSOLS_WS/install/custom_interfaces/share/custom_interfaces/local_setup.zsh
[3.379s] -- Up-to-date: /home/youssef/COROSOLS_WS/install/custom_interfaces/share/custom_interfaces/local_setup.dsv
[3.380s] -- Installing: /home/youssef/COROSOLS_WS/install/custom_interfaces/share/custom_interfaces/package.dsv
[3.382s] -- Up-to-date: /home/youssef/COROSOLS_WS/install/custom_interfaces/share/ament_index/resource_index/packages/custom_interfaces
[3.383s] -- Up-to-date: /home/youssef/COROSOLS_WS/install/custom_interfaces/share/custom_interfaces/cmake/export_custom_interfaces__rosidl_generator_cExport.cmake
[3.384s] -- Up-to-date: /home/youssef/COROSOLS_WS/install/custom_interfaces/share/custom_interfaces/cmake/export_custom_interfaces__rosidl_generator_cExport-noconfig.cmake
[3.384s] -- Up-to-date: /home/youssef/COROSOLS_WS/install/custom_interfaces/share/custom_interfaces/cmake/export_custom_interfaces__rosidl_typesupport_fastrtps_cExport.cmake
[3.385s] -- Up-to-date: /home/youssef/COROSOLS_WS/install/custom_interfaces/share/custom_interfaces/cmake/export_custom_interfaces__rosidl_typesupport_fastrtps_cExport-noconfig.cmake
[3.385s] -- Up-to-date: /home/youssef/COROSOLS_WS/install/custom_interfaces/share/custom_interfaces/cmake/custom_interfaces__rosidl_typesupport_introspection_cExport.cmake
[3.386s] -- Up-to-date: /home/youssef/COROSOLS_WS/install/custom_interfaces/share/custom_interfaces/cmake/custom_interfaces__rosidl_typesupport_introspection_cExport-noconfig.cmake
[3.386s] -- Up-to-date: /home/youssef/COROSOLS_WS/install/custom_interfaces/share/custom_interfaces/cmake/custom_interfaces__rosidl_typesupport_cExport.cmake
[3.387s] -- Up-to-date: /home/youssef/COROSOLS_WS/install/custom_interfaces/share/custom_interfaces/cmake/custom_interfaces__rosidl_typesupport_cExport-noconfig.cmake
[3.388s] -- Up-to-date: /home/youssef/COROSOLS_WS/install/custom_interfaces/share/custom_interfaces/cmake/export_custom_interfaces__rosidl_generator_cppExport.cmake
[3.388s] -- Up-to-date: /home/youssef/COROSOLS_WS/install/custom_interfaces/share/custom_interfaces/cmake/export_custom_interfaces__rosidl_typesupport_fastrtps_cppExport.cmake
[3.389s] -- Up-to-date: /home/youssef/COROSOLS_WS/install/custom_interfaces/share/custom_interfaces/cmake/export_custom_interfaces__rosidl_typesupport_fastrtps_cppExport-noconfig.cmake
[3.390s] -- Up-to-date: /home/youssef/COROSOLS_WS/install/custom_interfaces/share/custom_interfaces/cmake/custom_interfaces__rosidl_typesupport_introspection_cppExport.cmake
[3.390s] -- Up-to-date: /home/youssef/COROSOLS_WS/install/custom_interfaces/share/custom_interfaces/cmake/custom_interfaces__rosidl_typesupport_introspection_cppExport-noconfig.cmake
[3.391s] -- Up-to-date: /home/youssef/COROSOLS_WS/install/custom_interfaces/share/custom_interfaces/cmake/custom_interfaces__rosidl_typesupport_cppExport.cmake
[3.391s] -- Up-to-date: /home/youssef/COROSOLS_WS/install/custom_interfaces/share/custom_interfaces/cmake/custom_interfaces__rosidl_typesupport_cppExport-noconfig.cmake
[3.392s] -- Up-to-date: /home/youssef/COROSOLS_WS/install/custom_interfaces/share/custom_interfaces/cmake/export_custom_interfaces__rosidl_generator_pyExport.cmake
[3.392s] -- Up-to-date: /home/youssef/COROSOLS_WS/install/custom_interfaces/share/custom_interfaces/cmake/export_custom_interfaces__rosidl_generator_pyExport-noconfig.cmake
[3.393s] -- Up-to-date: /home/youssef/COROSOLS_WS/install/custom_interfaces/share/custom_interfaces/cmake/rosidl_cmake-extras.cmake
[3.393s] -- Up-to-date: /home/youssef/COROSOLS_WS/install/custom_interfaces/share/custom_interfaces/cmake/ament_cmake_export_include_directories-extras.cmake
[3.394s] -- Up-to-date: /home/youssef/COROSOLS_WS/install/custom_interfaces/share/custom_interfaces/cmake/ament_cmake_export_libraries-extras.cmake
[3.395s] -- Up-to-date: /home/youssef/COROSOLS_WS/install/custom_interfaces/share/custom_interfaces/cmake/ament_cmake_export_targets-extras.cmake
[3.395s] -- Up-to-date: /home/youssef/COROSOLS_WS/install/custom_interfaces/share/custom_interfaces/cmake/rosidl_cmake_export_typesupport_targets-extras.cmake
[3.396s] -- Up-to-date: /home/youssef/COROSOLS_WS/install/custom_interfaces/share/custom_interfaces/cmake/ament_cmake_export_dependencies-extras.cmake
[3.396s] -- Up-to-date: /home/youssef/COROSOLS_WS/install/custom_interfaces/share/custom_interfaces/cmake/rosidl_cmake_export_typesupport_libraries-extras.cmake
[3.397s] -- Up-to-date: /home/youssef/COROSOLS_WS/install/custom_interfaces/share/custom_interfaces/cmake/custom_interfacesConfig.cmake
[3.397s] -- Up-to-date: /home/youssef/COROSOLS_WS/install/custom_interfaces/share/custom_interfaces/cmake/custom_interfacesConfig-version.cmake
[3.398s] -- Up-to-date: /home/youssef/COROSOLS_WS/install/custom_interfaces/share/custom_interfaces/package.xml
[3.399s] Invoked command in '/home/youssef/COROSOLS_WS/build/custom_interfaces' returned '0': CMAKE_PREFIX_PATH=${CMAKE_PREFIX_PATH}:/home/youssef/COROSOLS_WS/install/corosols:/opt/ros/humble /usr/bin/cmake --install /home/youssef/COROSOLS_WS/build/custom_interfaces
