[0.122s] Invoking command in '/home/youssef/COROSOLS_WS/build/custom_interfaces': CMAKE_PREFIX_PATH=${CMAKE_PREFIX_PATH}:/home/youssef/COROSOLS_WS/install/corosols:/opt/ros/humble /usr/bin/cmake --build /home/youssef/COROSOLS_WS/build/custom_interfaces -- -j8 -l8
[0.440s] [  2%] Built target custom_interfaces__cpp
[0.480s] [ 12%] Built target custom_interfaces__rosidl_generator_c
[0.568s] [ 12%] Built target ament_cmake_python_copy_custom_interfaces
[0.794s] [ 23%] Built target custom_interfaces__rosidl_typesupport_c
[0.823s] [ 34%] Built target custom_interfaces__rosidl_typesupport_cpp
[0.905s] [ 44%] Built target custom_interfaces__rosidl_typesupport_fastrtps_cpp
[0.943s] [ 55%] Built target custom_interfaces__rosidl_typesupport_introspection_cpp
[0.955s] [ 65%] Built target custom_interfaces__rosidl_typesupport_introspection_c
[1.073s] [ 76%] Built target custom_interfaces__rosidl_typesupport_fastrtps_c
[1.314s] [ 76%] Built target custom_interfaces
[1.433s] [ 78%] Built target custom_interfaces__py
[1.624s] [ 87%] Built target custom_interfaces__rosidl_generator_py
[1.901s] [ 93%] Built target custom_interfaces__rosidl_typesupport_fastrtps_c__pyext
[1.908s] [ 95%] Built target custom_interfaces__rosidl_typesupport_c__pyext
[1.921s] [100%] Built target custom_interfaces__rosidl_typesupport_introspection_c__pyext
[2.810s] running egg_info
[2.813s] writing custom_interfaces.egg-info/PKG-INFO
[2.814s] writing dependency_links to custom_interfaces.egg-info/dependency_links.txt
[2.815s] writing top-level names to custom_interfaces.egg-info/top_level.txt
[2.828s] reading manifest file 'custom_interfaces.egg-info/SOURCES.txt'
[2.832s] writing manifest file 'custom_interfaces.egg-info/SOURCES.txt'
[2.954s] [100%] Built target ament_cmake_python_build_custom_interfaces_egg
[3.015s] Invoked command in '/home/youssef/COROSOLS_WS/build/custom_interfaces' returned '0': CMAKE_PREFIX_PATH=${CMAKE_PREFIX_PATH}:/home/youssef/COROSOLS_WS/install/corosols:/opt/ros/humble /usr/bin/cmake --build /home/youssef/COROSOLS_WS/build/custom_interfaces -- -j8 -l8
[3.026s] Invoking command in '/home/youssef/COROSOLS_WS/build/custom_interfaces': CMAKE_PREFIX_PATH=${CMAKE_PREFIX_PATH}:/home/youssef/COROSOLS_WS/install/corosols:/opt/ros/humble /usr/bin/cmake --install /home/youssef/COROSOLS_WS/build/custom_interfaces
[3.064s] -- Install configuration: ""
[3.065s] -- Up-to-date: /home/youssef/COROSOLS_WS/install/custom_interfaces/share/ament_index/resource_index/rosidl_interfaces/custom_interfaces
[3.067s] -- Up-to-date: /home/youssef/COROSOLS_WS/install/custom_interfaces/include/custom_interfaces/custom_interfaces
[3.069s] -- Up-to-date: /home/youssef/COROSOLS_WS/install/custom_interfaces/include/custom_interfaces/custom_interfaces/msg
[3.070s] -- Up-to-date: /home/youssef/COROSOLS_WS/install/custom_interfaces/include/custom_interfaces/custom_interfaces/msg/serial_data.h
[3.071s] -- Up-to-date: /home/youssef/COROSOLS_WS/install/custom_interfaces/include/custom_interfaces/custom_interfaces/msg/rosidl_generator_c__visibility_control.h
[3.074s] -- Up-to-date: /home/youssef/COROSOLS_WS/install/custom_interfaces/include/custom_interfaces/custom_interfaces/msg/detail
[3.075s] -- Up-to-date: /home/youssef/COROSOLS_WS/install/custom_interfaces/include/custom_interfaces/custom_interfaces/msg/detail/imu_data__functions.h
[3.076s] -- Up-to-date: /home/youssef/COROSOLS_WS/install/custom_interfaces/include/custom_interfaces/custom_interfaces/msg/detail/imu_data__type_support.h
[3.077s] -- Up-to-date: /home/youssef/COROSOLS_WS/install/custom_interfaces/include/custom_interfaces/custom_interfaces/msg/detail/imu_data__functions.c
[3.078s] -- Up-to-date: /home/youssef/COROSOLS_WS/install/custom_interfaces/include/custom_interfaces/custom_interfaces/msg/detail/serial_data__type_support.h
[3.079s] -- Up-to-date: /home/youssef/COROSOLS_WS/install/custom_interfaces/include/custom_interfaces/custom_interfaces/msg/detail/imu_data__struct.h
[3.080s] -- Up-to-date: /home/youssef/COROSOLS_WS/install/custom_interfaces/include/custom_interfaces/custom_interfaces/msg/detail/serial_data__functions.c
[3.081s] -- Up-to-date: /home/youssef/COROSOLS_WS/install/custom_interfaces/include/custom_interfaces/custom_interfaces/msg/detail/serial_data__struct.h
[3.082s] -- Up-to-date: /home/youssef/COROSOLS_WS/install/custom_interfaces/include/custom_interfaces/custom_interfaces/msg/detail/serial_data__functions.h
[3.083s] -- Up-to-date: /home/youssef/COROSOLS_WS/install/custom_interfaces/include/custom_interfaces/custom_interfaces/msg/imu_data.h
[3.083s] -- Up-to-date: /home/youssef/COROSOLS_WS/install/custom_interfaces/include/custom_interfaces/custom_interfaces/srv
[3.085s] -- Up-to-date: /home/youssef/COROSOLS_WS/install/custom_interfaces/include/custom_interfaces/custom_interfaces/srv/detail
[3.086s] -- Up-to-date: /home/youssef/COROSOLS_WS/install/custom_interfaces/include/custom_interfaces/custom_interfaces/srv/detail/commands__functions.h
[3.086s] -- Up-to-date: /home/youssef/COROSOLS_WS/install/custom_interfaces/include/custom_interfaces/custom_interfaces/srv/detail/commands__type_support.h
[3.087s] -- Up-to-date: /home/youssef/COROSOLS_WS/install/custom_interfaces/include/custom_interfaces/custom_interfaces/srv/detail/commands__struct.h
[3.088s] -- Up-to-date: /home/youssef/COROSOLS_WS/install/custom_interfaces/include/custom_interfaces/custom_interfaces/srv/detail/commands__functions.c
[3.089s] -- Up-to-date: /home/youssef/COROSOLS_WS/install/custom_interfaces/include/custom_interfaces/custom_interfaces/srv/commands.h
[3.091s] -- Up-to-date: /home/youssef/COROSOLS_WS/install/custom_interfaces/share/custom_interfaces/environment/library_path.sh
[3.092s] -- Up-to-date: /home/youssef/COROSOLS_WS/install/custom_interfaces/share/custom_interfaces/environment/library_path.dsv
[3.093s] -- Up-to-date: /home/youssef/COROSOLS_WS/install/custom_interfaces/lib/libcustom_interfaces__rosidl_generator_c.so
[3.094s] -- Up-to-date: /home/youssef/COROSOLS_WS/install/custom_interfaces/include/custom_interfaces/custom_interfaces
[3.096s] -- Up-to-date: /home/youssef/COROSOLS_WS/install/custom_interfaces/include/custom_interfaces/custom_interfaces/msg
[3.097s] -- Up-to-date: /home/youssef/COROSOLS_WS/install/custom_interfaces/include/custom_interfaces/custom_interfaces/msg/detail
[3.099s] -- Up-to-date: /home/youssef/COROSOLS_WS/install/custom_interfaces/include/custom_interfaces/custom_interfaces/msg/detail/imu_data__rosidl_typesupport_fastrtps_c.h
[3.100s] -- Up-to-date: /home/youssef/COROSOLS_WS/install/custom_interfaces/include/custom_interfaces/custom_interfaces/msg/detail/serial_data__rosidl_typesupport_fastrtps_c.h
[3.101s] -- Up-to-date: /home/youssef/COROSOLS_WS/install/custom_interfaces/include/custom_interfaces/custom_interfaces/msg/rosidl_typesupport_fastrtps_c__visibility_control.h
[3.102s] -- Up-to-date: /home/youssef/COROSOLS_WS/install/custom_interfaces/include/custom_interfaces/custom_interfaces/srv
[3.102s] -- Up-to-date: /home/youssef/COROSOLS_WS/install/custom_interfaces/include/custom_interfaces/custom_interfaces/srv/detail
[3.103s] -- Up-to-date: /home/youssef/COROSOLS_WS/install/custom_interfaces/include/custom_interfaces/custom_interfaces/srv/detail/commands__rosidl_typesupport_fastrtps_c.h
[3.103s] -- Up-to-date: /home/youssef/COROSOLS_WS/install/custom_interfaces/lib/libcustom_interfaces__rosidl_typesupport_fastrtps_c.so
[3.104s] -- Up-to-date: /home/youssef/COROSOLS_WS/install/custom_interfaces/include/custom_interfaces/custom_interfaces
[3.105s] -- Up-to-date: /home/youssef/COROSOLS_WS/install/custom_interfaces/include/custom_interfaces/custom_interfaces/msg
[3.105s] -- Up-to-date: /home/youssef/COROSOLS_WS/install/custom_interfaces/include/custom_interfaces/custom_interfaces/msg/rosidl_typesupport_introspection_c__visibility_control.h
[3.106s] -- Up-to-date: /home/youssef/COROSOLS_WS/install/custom_interfaces/include/custom_interfaces/custom_interfaces/msg/detail
[3.107s] -- Up-to-date: /home/youssef/COROSOLS_WS/install/custom_interfaces/include/custom_interfaces/custom_interfaces/msg/detail/imu_data__rosidl_typesupport_introspection_c.h
[3.107s] -- Up-to-date: /home/youssef/COROSOLS_WS/install/custom_interfaces/include/custom_interfaces/custom_interfaces/msg/detail/imu_data__type_support.c
[3.108s] -- Up-to-date: /home/youssef/COROSOLS_WS/install/custom_interfaces/include/custom_interfaces/custom_interfaces/msg/detail/serial_data__rosidl_typesupport_introspection_c.h
[3.108s] -- Up-to-date: /home/youssef/COROSOLS_WS/install/custom_interfaces/include/custom_interfaces/custom_interfaces/msg/detail/serial_data__type_support.c
[3.109s] -- Up-to-date: /home/youssef/COROSOLS_WS/install/custom_interfaces/include/custom_interfaces/custom_interfaces/srv
[3.110s] -- Up-to-date: /home/youssef/COROSOLS_WS/install/custom_interfaces/include/custom_interfaces/custom_interfaces/srv/detail
[3.110s] -- Up-to-date: /home/youssef/COROSOLS_WS/install/custom_interfaces/include/custom_interfaces/custom_interfaces/srv/detail/commands__rosidl_typesupport_introspection_c.h
[3.111s] -- Up-to-date: /home/youssef/COROSOLS_WS/install/custom_interfaces/include/custom_interfaces/custom_interfaces/srv/detail/commands__type_support.c
[3.112s] -- Up-to-date: /home/youssef/COROSOLS_WS/install/custom_interfaces/lib/libcustom_interfaces__rosidl_typesupport_introspection_c.so
[3.113s] -- Up-to-date: /home/youssef/COROSOLS_WS/install/custom_interfaces/lib/libcustom_interfaces__rosidl_typesupport_c.so
[3.115s] -- Up-to-date: /home/youssef/COROSOLS_WS/install/custom_interfaces/include/custom_interfaces/custom_interfaces
[3.116s] -- Up-to-date: /home/youssef/COROSOLS_WS/install/custom_interfaces/include/custom_interfaces/custom_interfaces/msg
[3.116s] -- Up-to-date: /home/youssef/COROSOLS_WS/install/custom_interfaces/include/custom_interfaces/custom_interfaces/msg/rosidl_generator_cpp__visibility_control.hpp
[3.117s] -- Up-to-date: /home/youssef/COROSOLS_WS/install/custom_interfaces/include/custom_interfaces/custom_interfaces/msg/serial_data.hpp
[3.117s] -- Up-to-date: /home/youssef/COROSOLS_WS/install/custom_interfaces/include/custom_interfaces/custom_interfaces/msg/imu_data.hpp
[3.118s] -- Up-to-date: /home/youssef/COROSOLS_WS/install/custom_interfaces/include/custom_interfaces/custom_interfaces/msg/detail
[3.118s] -- Up-to-date: /home/youssef/COROSOLS_WS/install/custom_interfaces/include/custom_interfaces/custom_interfaces/msg/detail/serial_data__traits.hpp
[3.119s] -- Up-to-date: /home/youssef/COROSOLS_WS/install/custom_interfaces/include/custom_interfaces/custom_interfaces/msg/detail/serial_data__struct.hpp
[3.120s] -- Up-to-date: /home/youssef/COROSOLS_WS/install/custom_interfaces/include/custom_interfaces/custom_interfaces/msg/detail/imu_data__struct.hpp
[3.120s] -- Up-to-date: /home/youssef/COROSOLS_WS/install/custom_interfaces/include/custom_interfaces/custom_interfaces/msg/detail/serial_data__type_support.hpp
[3.121s] -- Up-to-date: /home/youssef/COROSOLS_WS/install/custom_interfaces/include/custom_interfaces/custom_interfaces/msg/detail/imu_data__type_support.hpp
[3.122s] -- Up-to-date: /home/youssef/COROSOLS_WS/install/custom_interfaces/include/custom_interfaces/custom_interfaces/msg/detail/imu_data__traits.hpp
[3.123s] -- Up-to-date: /home/youssef/COROSOLS_WS/install/custom_interfaces/include/custom_interfaces/custom_interfaces/msg/detail/serial_data__builder.hpp
[3.123s] -- Up-to-date: /home/youssef/COROSOLS_WS/install/custom_interfaces/include/custom_interfaces/custom_interfaces/msg/detail/imu_data__builder.hpp
[3.124s] -- Up-to-date: /home/youssef/COROSOLS_WS/install/custom_interfaces/include/custom_interfaces/custom_interfaces/srv
[3.124s] -- Up-to-date: /home/youssef/COROSOLS_WS/install/custom_interfaces/include/custom_interfaces/custom_interfaces/srv/commands.hpp
[3.125s] -- Up-to-date: /home/youssef/COROSOLS_WS/install/custom_interfaces/include/custom_interfaces/custom_interfaces/srv/detail
[3.125s] -- Up-to-date: /home/youssef/COROSOLS_WS/install/custom_interfaces/include/custom_interfaces/custom_interfaces/srv/detail/commands__struct.hpp
[3.126s] -- Up-to-date: /home/youssef/COROSOLS_WS/install/custom_interfaces/include/custom_interfaces/custom_interfaces/srv/detail/commands__traits.hpp
[3.126s] -- Up-to-date: /home/youssef/COROSOLS_WS/install/custom_interfaces/include/custom_interfaces/custom_interfaces/srv/detail/commands__type_support.hpp
[3.127s] -- Up-to-date: /home/youssef/COROSOLS_WS/install/custom_interfaces/include/custom_interfaces/custom_interfaces/srv/detail/commands__builder.hpp
[3.127s] -- Up-to-date: /home/youssef/COROSOLS_WS/install/custom_interfaces/include/custom_interfaces/custom_interfaces
[3.128s] -- Up-to-date: /home/youssef/COROSOLS_WS/install/custom_interfaces/include/custom_interfaces/custom_interfaces/msg
[3.128s] -- Up-to-date: /home/youssef/COROSOLS_WS/install/custom_interfaces/include/custom_interfaces/custom_interfaces/msg/rosidl_typesupport_fastrtps_cpp__visibility_control.h
[3.129s] -- Up-to-date: /home/youssef/COROSOLS_WS/install/custom_interfaces/include/custom_interfaces/custom_interfaces/msg/detail
[3.129s] -- Up-to-date: /home/youssef/COROSOLS_WS/install/custom_interfaces/include/custom_interfaces/custom_interfaces/msg/detail/serial_data__rosidl_typesupport_fastrtps_cpp.hpp
[3.130s] -- Up-to-date: /home/youssef/COROSOLS_WS/install/custom_interfaces/include/custom_interfaces/custom_interfaces/msg/detail/dds_fastrtps
[3.130s] -- Up-to-date: /home/youssef/COROSOLS_WS/install/custom_interfaces/include/custom_interfaces/custom_interfaces/msg/detail/imu_data__rosidl_typesupport_fastrtps_cpp.hpp
[3.131s] -- Up-to-date: /home/youssef/COROSOLS_WS/install/custom_interfaces/include/custom_interfaces/custom_interfaces/srv
[3.131s] -- Up-to-date: /home/youssef/COROSOLS_WS/install/custom_interfaces/include/custom_interfaces/custom_interfaces/srv/detail
[3.132s] -- Up-to-date: /home/youssef/COROSOLS_WS/install/custom_interfaces/include/custom_interfaces/custom_interfaces/srv/detail/dds_fastrtps
[3.133s] -- Up-to-date: /home/youssef/COROSOLS_WS/install/custom_interfaces/include/custom_interfaces/custom_interfaces/srv/detail/commands__rosidl_typesupport_fastrtps_cpp.hpp
[3.133s] -- Up-to-date: /home/youssef/COROSOLS_WS/install/custom_interfaces/lib/libcustom_interfaces__rosidl_typesupport_fastrtps_cpp.so
[3.134s] -- Up-to-date: /home/youssef/COROSOLS_WS/install/custom_interfaces/include/custom_interfaces/custom_interfaces
[3.134s] -- Up-to-date: /home/youssef/COROSOLS_WS/install/custom_interfaces/include/custom_interfaces/custom_interfaces/msg
[3.135s] -- Up-to-date: /home/youssef/COROSOLS_WS/install/custom_interfaces/include/custom_interfaces/custom_interfaces/msg/detail
[3.135s] -- Up-to-date: /home/youssef/COROSOLS_WS/install/custom_interfaces/include/custom_interfaces/custom_interfaces/msg/detail/serial_data__type_support.cpp
[3.136s] -- Up-to-date: /home/youssef/COROSOLS_WS/install/custom_interfaces/include/custom_interfaces/custom_interfaces/msg/detail/imu_data__rosidl_typesupport_introspection_cpp.hpp
[3.136s] -- Up-to-date: /home/youssef/COROSOLS_WS/install/custom_interfaces/include/custom_interfaces/custom_interfaces/msg/detail/serial_data__rosidl_typesupport_introspection_cpp.hpp
[3.137s] -- Up-to-date: /home/youssef/COROSOLS_WS/install/custom_interfaces/include/custom_interfaces/custom_interfaces/msg/detail/imu_data__type_support.cpp
[3.137s] -- Up-to-date: /home/youssef/COROSOLS_WS/install/custom_interfaces/include/custom_interfaces/custom_interfaces/srv
[3.140s] -- Up-to-date: /home/youssef/COROSOLS_WS/install/custom_interfaces/include/custom_interfaces/custom_interfaces/srv/detail
[3.140s] -- Up-to-date: /home/youssef/COROSOLS_WS/install/custom_interfaces/include/custom_interfaces/custom_interfaces/srv/detail/commands__type_support.cpp
[3.141s] -- Up-to-date: /home/youssef/COROSOLS_WS/install/custom_interfaces/include/custom_interfaces/custom_interfaces/srv/detail/commands__rosidl_typesupport_introspection_cpp.hpp
[3.141s] -- Up-to-date: /home/youssef/COROSOLS_WS/install/custom_interfaces/lib/libcustom_interfaces__rosidl_typesupport_introspection_cpp.so
[3.142s] -- Up-to-date: /home/youssef/COROSOLS_WS/install/custom_interfaces/lib/libcustom_interfaces__rosidl_typesupport_cpp.so
[3.142s] -- Up-to-date: /home/youssef/COROSOLS_WS/install/custom_interfaces/share/custom_interfaces/environment/pythonpath.sh
[3.143s] -- Up-to-date: /home/youssef/COROSOLS_WS/install/custom_interfaces/share/custom_interfaces/environment/pythonpath.dsv
[3.145s] -- Up-to-date: /home/youssef/COROSOLS_WS/install/custom_interfaces/local/lib/python3.10/dist-packages/custom_interfaces-0.0.0-py3.10.egg-info
[3.146s] -- Installing: /home/youssef/COROSOLS_WS/install/custom_interfaces/local/lib/python3.10/dist-packages/custom_interfaces-0.0.0-py3.10.egg-info/dependency_links.txt
[3.146s] -- Installing: /home/youssef/COROSOLS_WS/install/custom_interfaces/local/lib/python3.10/dist-packages/custom_interfaces-0.0.0-py3.10.egg-info/PKG-INFO
[3.147s] -- Installing: /home/youssef/COROSOLS_WS/install/custom_interfaces/local/lib/python3.10/dist-packages/custom_interfaces-0.0.0-py3.10.egg-info/top_level.txt
[3.147s] -- Installing: /home/youssef/COROSOLS_WS/install/custom_interfaces/local/lib/python3.10/dist-packages/custom_interfaces-0.0.0-py3.10.egg-info/SOURCES.txt
[3.148s] -- Up-to-date: /home/youssef/COROSOLS_WS/install/custom_interfaces/local/lib/python3.10/dist-packages/custom_interfaces
[3.148s] -- Up-to-date: /home/youssef/COROSOLS_WS/install/custom_interfaces/local/lib/python3.10/dist-packages/custom_interfaces/msg
[3.149s] -- Up-to-date: /home/youssef/COROSOLS_WS/install/custom_interfaces/local/lib/python3.10/dist-packages/custom_interfaces/msg/_serial_data_s.c
[3.150s] -- Up-to-date: /home/youssef/COROSOLS_WS/install/custom_interfaces/local/lib/python3.10/dist-packages/custom_interfaces/msg/_serial_data.py
[3.150s] -- Up-to-date: /home/youssef/COROSOLS_WS/install/custom_interfaces/local/lib/python3.10/dist-packages/custom_interfaces/msg/_imu_data_s.c
[3.151s] -- Up-to-date: /home/youssef/COROSOLS_WS/install/custom_interfaces/local/lib/python3.10/dist-packages/custom_interfaces/msg/_imu_data.py
[3.151s] -- Up-to-date: /home/youssef/COROSOLS_WS/install/custom_interfaces/local/lib/python3.10/dist-packages/custom_interfaces/msg/__init__.py
[3.152s] -- Up-to-date: /home/youssef/COROSOLS_WS/install/custom_interfaces/local/lib/python3.10/dist-packages/custom_interfaces/libcustom_interfaces__rosidl_generator_py.so
[3.153s] -- Up-to-date: /home/youssef/COROSOLS_WS/install/custom_interfaces/local/lib/python3.10/dist-packages/custom_interfaces/custom_interfaces_s__rosidl_typesupport_c.cpython-310-x86_64-linux-gnu.so
[3.153s] -- Up-to-date: /home/youssef/COROSOLS_WS/install/custom_interfaces/local/lib/python3.10/dist-packages/custom_interfaces/_custom_interfaces_s.ep.rosidl_typesupport_c.c
[3.154s] -- Up-to-date: /home/youssef/COROSOLS_WS/install/custom_interfaces/local/lib/python3.10/dist-packages/custom_interfaces/custom_interfaces_s__rosidl_typesupport_introspection_c.cpython-310-x86_64-linux-gnu.so
[3.154s] -- Up-to-date: /home/youssef/COROSOLS_WS/install/custom_interfaces/local/lib/python3.10/dist-packages/custom_interfaces/custom_interfaces_s__rosidl_typesupport_fastrtps_c.cpython-310-x86_64-linux-gnu.so
[3.156s] -- Up-to-date: /home/youssef/COROSOLS_WS/install/custom_interfaces/local/lib/python3.10/dist-packages/custom_interfaces/srv
[3.156s] -- Up-to-date: /home/youssef/COROSOLS_WS/install/custom_interfaces/local/lib/python3.10/dist-packages/custom_interfaces/srv/_commands_s.c
[3.157s] -- Up-to-date: /home/youssef/COROSOLS_WS/install/custom_interfaces/local/lib/python3.10/dist-packages/custom_interfaces/srv/_commands.py
[3.158s] -- Up-to-date: /home/youssef/COROSOLS_WS/install/custom_interfaces/local/lib/python3.10/dist-packages/custom_interfaces/srv/__init__.py
[3.159s] -- Up-to-date: /home/youssef/COROSOLS_WS/install/custom_interfaces/local/lib/python3.10/dist-packages/custom_interfaces/_custom_interfaces_s.ep.rosidl_typesupport_fastrtps_c.c
[3.159s] -- Up-to-date: /home/youssef/COROSOLS_WS/install/custom_interfaces/local/lib/python3.10/dist-packages/custom_interfaces/__init__.py
[3.160s] -- Up-to-date: /home/youssef/COROSOLS_WS/install/custom_interfaces/local/lib/python3.10/dist-packages/custom_interfaces/_custom_interfaces_s.ep.rosidl_typesupport_introspection_c.c
[3.315s] Listing '/home/youssef/COROSOLS_WS/install/custom_interfaces/local/lib/python3.10/dist-packages/custom_interfaces'...
[3.316s] Listing '/home/youssef/COROSOLS_WS/install/custom_interfaces/local/lib/python3.10/dist-packages/custom_interfaces/msg'...
[3.317s] Listing '/home/youssef/COROSOLS_WS/install/custom_interfaces/local/lib/python3.10/dist-packages/custom_interfaces/srv'...
[3.338s] -- Up-to-date: /home/youssef/COROSOLS_WS/install/custom_interfaces/local/lib/python3.10/dist-packages/custom_interfaces/custom_interfaces_s__rosidl_typesupport_fastrtps_c.cpython-310-x86_64-linux-gnu.so
[3.346s] -- Up-to-date: /home/youssef/COROSOLS_WS/install/custom_interfaces/local/lib/python3.10/dist-packages/custom_interfaces/custom_interfaces_s__rosidl_typesupport_introspection_c.cpython-310-x86_64-linux-gnu.so
[3.352s] -- Up-to-date: /home/youssef/COROSOLS_WS/install/custom_interfaces/local/lib/python3.10/dist-packages/custom_interfaces/custom_interfaces_s__rosidl_typesupport_c.cpython-310-x86_64-linux-gnu.so
[3.356s] -- Up-to-date: /home/youssef/COROSOLS_WS/install/custom_interfaces/lib/libcustom_interfaces__rosidl_generator_py.so
[3.359s] -- Up-to-date: /home/youssef/COROSOLS_WS/install/custom_interfaces/share/custom_interfaces/msg/SerialData.idl
[3.362s] -- Up-to-date: /home/youssef/COROSOLS_WS/install/custom_interfaces/share/custom_interfaces/msg/ImuData.idl
[3.367s] -- Up-to-date: /home/youssef/COROSOLS_WS/install/custom_interfaces/share/custom_interfaces/srv/Commands.idl
[3.369s] -- Up-to-date: /home/youssef/COROSOLS_WS/install/custom_interfaces/share/custom_interfaces/msg/SerialData.msg
[3.370s] -- Up-to-date: /home/youssef/COROSOLS_WS/install/custom_interfaces/share/custom_interfaces/msg/ImuData.msg
[3.376s] -- Up-to-date: /home/youssef/COROSOLS_WS/install/custom_interfaces/share/custom_interfaces/srv/Commands.srv
[3.376s] -- Up-to-date: /home/youssef/COROSOLS_WS/install/custom_interfaces/share/custom_interfaces/srv/Commands_Request.msg
[3.377s] -- Up-to-date: /home/youssef/COROSOLS_WS/install/custom_interfaces/share/custom_interfaces/srv/Commands_Response.msg
[3.377s] -- Up-to-date: /home/youssef/COROSOLS_WS/install/custom_interfaces/share/ament_index/resource_index/package_run_dependencies/custom_interfaces
[3.379s] -- Up-to-date: /home/youssef/COROSOLS_WS/install/custom_interfaces/share/ament_index/resource_index/parent_prefix_path/custom_interfaces
[3.381s] -- Up-to-date: /home/youssef/COROSOLS_WS/install/custom_interfaces/share/custom_interfaces/environment/ament_prefix_path.sh
[3.386s] -- Up-to-date: /home/youssef/COROSOLS_WS/install/custom_interfaces/share/custom_interfaces/environment/ament_prefix_path.dsv
[3.387s] -- Up-to-date: /home/youssef/COROSOLS_WS/install/custom_interfaces/share/custom_interfaces/environment/path.sh
[3.388s] -- Up-to-date: /home/youssef/COROSOLS_WS/install/custom_interfaces/share/custom_interfaces/environment/path.dsv
[3.389s] -- Up-to-date: /home/youssef/COROSOLS_WS/install/custom_interfaces/share/custom_interfaces/local_setup.bash
[3.390s] -- Up-to-date: /home/youssef/COROSOLS_WS/install/custom_interfaces/share/custom_interfaces/local_setup.sh
[3.391s] -- Up-to-date: /home/youssef/COROSOLS_WS/install/custom_interfaces/share/custom_interfaces/local_setup.zsh
[3.391s] -- Up-to-date: /home/youssef/COROSOLS_WS/install/custom_interfaces/share/custom_interfaces/local_setup.dsv
[3.392s] -- Installing: /home/youssef/COROSOLS_WS/install/custom_interfaces/share/custom_interfaces/package.dsv
[3.392s] -- Up-to-date: /home/youssef/COROSOLS_WS/install/custom_interfaces/share/ament_index/resource_index/packages/custom_interfaces
[3.394s] -- Up-to-date: /home/youssef/COROSOLS_WS/install/custom_interfaces/share/custom_interfaces/cmake/export_custom_interfaces__rosidl_generator_cExport.cmake
[3.410s] -- Up-to-date: /home/youssef/COROSOLS_WS/install/custom_interfaces/share/custom_interfaces/cmake/export_custom_interfaces__rosidl_generator_cExport-noconfig.cmake
[3.411s] -- Up-to-date: /home/youssef/COROSOLS_WS/install/custom_interfaces/share/custom_interfaces/cmake/export_custom_interfaces__rosidl_typesupport_fastrtps_cExport.cmake
[3.417s] -- Up-to-date: /home/youssef/COROSOLS_WS/install/custom_interfaces/share/custom_interfaces/cmake/export_custom_interfaces__rosidl_typesupport_fastrtps_cExport-noconfig.cmake
[3.418s] -- Up-to-date: /home/youssef/COROSOLS_WS/install/custom_interfaces/share/custom_interfaces/cmake/custom_interfaces__rosidl_typesupport_introspection_cExport.cmake
[3.427s] -- Up-to-date: /home/youssef/COROSOLS_WS/install/custom_interfaces/share/custom_interfaces/cmake/custom_interfaces__rosidl_typesupport_introspection_cExport-noconfig.cmake
[3.428s] -- Up-to-date: /home/youssef/COROSOLS_WS/install/custom_interfaces/share/custom_interfaces/cmake/custom_interfaces__rosidl_typesupport_cExport.cmake
[3.430s] -- Up-to-date: /home/youssef/COROSOLS_WS/install/custom_interfaces/share/custom_interfaces/cmake/custom_interfaces__rosidl_typesupport_cExport-noconfig.cmake
[3.431s] -- Up-to-date: /home/youssef/COROSOLS_WS/install/custom_interfaces/share/custom_interfaces/cmake/export_custom_interfaces__rosidl_generator_cppExport.cmake
[3.432s] -- Up-to-date: /home/youssef/COROSOLS_WS/install/custom_interfaces/share/custom_interfaces/cmake/export_custom_interfaces__rosidl_typesupport_fastrtps_cppExport.cmake
[3.433s] -- Up-to-date: /home/youssef/COROSOLS_WS/install/custom_interfaces/share/custom_interfaces/cmake/export_custom_interfaces__rosidl_typesupport_fastrtps_cppExport-noconfig.cmake
[3.434s] -- Up-to-date: /home/youssef/COROSOLS_WS/install/custom_interfaces/share/custom_interfaces/cmake/custom_interfaces__rosidl_typesupport_introspection_cppExport.cmake
[3.435s] -- Up-to-date: /home/youssef/COROSOLS_WS/install/custom_interfaces/share/custom_interfaces/cmake/custom_interfaces__rosidl_typesupport_introspection_cppExport-noconfig.cmake
[3.436s] -- Up-to-date: /home/youssef/COROSOLS_WS/install/custom_interfaces/share/custom_interfaces/cmake/custom_interfaces__rosidl_typesupport_cppExport.cmake
[3.436s] -- Up-to-date: /home/youssef/COROSOLS_WS/install/custom_interfaces/share/custom_interfaces/cmake/custom_interfaces__rosidl_typesupport_cppExport-noconfig.cmake
[3.445s] -- Up-to-date: /home/youssef/COROSOLS_WS/install/custom_interfaces/share/custom_interfaces/cmake/export_custom_interfaces__rosidl_generator_pyExport.cmake
[3.446s] -- Up-to-date: /home/youssef/COROSOLS_WS/install/custom_interfaces/share/custom_interfaces/cmake/export_custom_interfaces__rosidl_generator_pyExport-noconfig.cmake
[3.448s] -- Up-to-date: /home/youssef/COROSOLS_WS/install/custom_interfaces/share/custom_interfaces/cmake/rosidl_cmake-extras.cmake
[3.457s] -- Up-to-date: /home/youssef/COROSOLS_WS/install/custom_interfaces/share/custom_interfaces/cmake/ament_cmake_export_include_directories-extras.cmake
[3.460s] -- Up-to-date: /home/youssef/COROSOLS_WS/install/custom_interfaces/share/custom_interfaces/cmake/ament_cmake_export_libraries-extras.cmake
[3.478s] -- Up-to-date: /home/youssef/COROSOLS_WS/install/custom_interfaces/share/custom_interfaces/cmake/ament_cmake_export_targets-extras.cmake
[3.479s] -- Up-to-date: /home/youssef/COROSOLS_WS/install/custom_interfaces/share/custom_interfaces/cmake/rosidl_cmake_export_typesupport_targets-extras.cmake
[3.480s] -- Up-to-date: /home/youssef/COROSOLS_WS/install/custom_interfaces/share/custom_interfaces/cmake/ament_cmake_export_dependencies-extras.cmake
[3.482s] -- Up-to-date: /home/youssef/COROSOLS_WS/install/custom_interfaces/share/custom_interfaces/cmake/rosidl_cmake_export_typesupport_libraries-extras.cmake
[3.484s] -- Up-to-date: /home/youssef/COROSOLS_WS/install/custom_interfaces/share/custom_interfaces/cmake/custom_interfacesConfig.cmake
[3.484s] -- Up-to-date: /home/youssef/COROSOLS_WS/install/custom_interfaces/share/custom_interfaces/cmake/custom_interfacesConfig-version.cmake
[3.485s] -- Up-to-date: /home/youssef/COROSOLS_WS/install/custom_interfaces/share/custom_interfaces/package.xml
[3.584s] Invoked command in '/home/youssef/COROSOLS_WS/build/custom_interfaces' returned '0': CMAKE_PREFIX_PATH=${CMAKE_PREFIX_PATH}:/home/youssef/COROSOLS_WS/install/corosols:/opt/ros/humble /usr/bin/cmake --install /home/youssef/COROSOLS_WS/build/custom_interfaces
