[0.712s] Invoking command in '/home/hamzalegion/COROSOLS_WS/src/corosols': CMAKE_PREFIX_PATH=/home/hamzalegion/COROSOLS_WS/install/custom_interfaces:/home/hamzalegion/COROSOLS_WS/install/action_tutorials_interfaces:/home/hamzalegion/COROSOLS_WS/install/marvelmind_ros2:/home/hamzalegion/COROSOLS_WS/install/marvelmind_ros2_msgs LD_LIBRARY_PATH=/home/hamzalegion/COROSOLS_WS/install/custom_interfaces/lib:/home/hamzalegion/COROSOLS_WS/install/action_tutorials_interfaces/lib:/home/hamzalegion/COROSOLS_WS/install/marvelmind_ros2_msgs/lib:/opt/ros/humble/opt/rviz_ogre_vendor/lib:/opt/ros/humble/lib/x86_64-linux-gnu:/opt/ros/humble/lib PYTHONPATH=/home/hamzalegion/COROSOLS_WS/build/corosols/prefix_override:/home/hamzalegion/COROSOLS_WS/install/corosols/lib/python3.10/site-packages:${PYTHONPATH} /usr/bin/python3 -W ignore:setup.py install is deprecated setup.py egg_info --egg-base ../../build/corosols build --build-base /home/hamzalegion/COROSOLS_WS/build/corosols/build install --record /home/hamzalegion/COROSOLS_WS/build/corosols/install.log --single-version-externally-managed install_data
[0.954s] running egg_info
[0.955s] writing ../../build/corosols/corosols.egg-info/PKG-INFO
[0.955s] writing dependency_links to ../../build/corosols/corosols.egg-info/dependency_links.txt
[0.955s] writing entry points to ../../build/corosols/corosols.egg-info/entry_points.txt
[0.955s] writing requirements to ../../build/corosols/corosols.egg-info/requires.txt
[0.955s] writing top-level names to ../../build/corosols/corosols.egg-info/top_level.txt
[0.957s] reading manifest file '../../build/corosols/corosols.egg-info/SOURCES.txt'
[0.958s] writing manifest file '../../build/corosols/corosols.egg-info/SOURCES.txt'
[0.958s] running build
[0.959s] running build_py
[0.959s] copying corosols/robot_speeds.py -> /home/hamzalegion/COROSOLS_WS/build/corosols/build/lib/corosols
[0.959s] running install
[0.959s] running install_lib
[0.960s] copying /home/hamzalegion/COROSOLS_WS/build/corosols/build/lib/corosols/robot_speeds.py -> /home/hamzalegion/COROSOLS_WS/install/corosols/lib/python3.10/site-packages/corosols
[0.961s] byte-compiling /home/hamzalegion/COROSOLS_WS/install/corosols/lib/python3.10/site-packages/corosols/robot_speeds.py to robot_speeds.cpython-310.pyc
[0.964s] running install_data
[0.964s] running install_egg_info
[0.967s] removing '/home/hamzalegion/COROSOLS_WS/install/corosols/lib/python3.10/site-packages/corosols-0.0.0-py3.10.egg-info' (and everything under it)
[0.968s] Copying ../../build/corosols/corosols.egg-info to /home/hamzalegion/COROSOLS_WS/install/corosols/lib/python3.10/site-packages/corosols-0.0.0-py3.10.egg-info
[0.969s] running install_scripts
[0.993s] Installing input_client script to /home/hamzalegion/COROSOLS_WS/install/corosols/lib/corosols
[0.993s] Installing pose_broadcaster script to /home/hamzalegion/COROSOLS_WS/install/corosols/lib/corosols
[0.993s] Installing robot_speeds script to /home/hamzalegion/COROSOLS_WS/install/corosols/lib/corosols
[0.993s] Installing serial script to /home/hamzalegion/COROSOLS_WS/install/corosols/lib/corosols
[0.994s] writing list of installed files to '/home/hamzalegion/COROSOLS_WS/build/corosols/install.log'
[1.031s] Invoked command in '/home/hamzalegion/COROSOLS_WS/src/corosols' returned '0': CMAKE_PREFIX_PATH=/home/hamzalegion/COROSOLS_WS/install/custom_interfaces:/home/hamzalegion/COROSOLS_WS/install/action_tutorials_interfaces:/home/hamzalegion/COROSOLS_WS/install/marvelmind_ros2:/home/hamzalegion/COROSOLS_WS/install/marvelmind_ros2_msgs LD_LIBRARY_PATH=/home/hamzalegion/COROSOLS_WS/install/custom_interfaces/lib:/home/hamzalegion/COROSOLS_WS/install/action_tutorials_interfaces/lib:/home/hamzalegion/COROSOLS_WS/install/marvelmind_ros2_msgs/lib:/opt/ros/humble/opt/rviz_ogre_vendor/lib:/opt/ros/humble/lib/x86_64-linux-gnu:/opt/ros/humble/lib PYTHONPATH=/home/hamzalegion/COROSOLS_WS/build/corosols/prefix_override:/home/hamzalegion/COROSOLS_WS/install/corosols/lib/python3.10/site-packages:${PYTHONPATH} /usr/bin/python3 -W ignore:setup.py install is deprecated setup.py egg_info --egg-base ../../build/corosols build --build-base /home/hamzalegion/COROSOLS_WS/build/corosols/build install --record /home/hamzalegion/COROSOLS_WS/build/corosols/install.log --single-version-externally-managed install_data
