[0.336s] Invoking command in '/home/youssef/COROSOLS_WS/build/marvelmind_ros2': CMAKE_PREFIX_PATH=/home/youssef/COROSOLS_WS/install/marvelmind_ros2_msgs:/home/youssef/COROSOLS_WS/install/sllidar_ros2:/home/youssef/COROSOLS_WS/install/marvelmind_ros2:/home/youssef/COROSOLS_WS/install/custom_interfaces:/home/youssef/COROSOLS_WS/install/action_tutorials_interfaces:/opt/ros/humble:/home/youssef/COROSOLS_WS/install/corosols LD_LIBRARY_PATH=/home/youssef/COROSOLS_WS/install/marvelmind_ros2_msgs/lib:/opt/ros/humble/opt/rviz_ogre_vendor/lib:/opt/ros/humble/lib/x86_64-linux-gnu:/opt/ros/humble/lib:/home/youssef/COROSOLS_WS/install/custom_interfaces/lib:/home/youssef/COROSOLS_WS/install/action_tutorials_interfaces/lib /usr/bin/cmake --build /home/youssef/COROSOLS_WS/build/marvelmind_ros2 -- -j8 -l8
[0.407s] [ 25%] Built target marvelmind_hedge_lib
[0.415s] [ 50%] Built target marvelmind_api_lib
[0.446s] [ 75%] Built target marvelmind_ros2
[0.456s] [100%] Built target marvelmind_api_ros2
[0.471s] Invoked command in '/home/youssef/COROSOLS_WS/build/marvelmind_ros2' returned '0': CMAKE_PREFIX_PATH=/home/youssef/COROSOLS_WS/install/marvelmind_ros2_msgs:/home/youssef/COROSOLS_WS/install/sllidar_ros2:/home/youssef/COROSOLS_WS/install/marvelmind_ros2:/home/youssef/COROSOLS_WS/install/custom_interfaces:/home/youssef/COROSOLS_WS/install/action_tutorials_interfaces:/opt/ros/humble:/home/youssef/COROSOLS_WS/install/corosols LD_LIBRARY_PATH=/home/youssef/COROSOLS_WS/install/marvelmind_ros2_msgs/lib:/opt/ros/humble/opt/rviz_ogre_vendor/lib:/opt/ros/humble/lib/x86_64-linux-gnu:/opt/ros/humble/lib:/home/youssef/COROSOLS_WS/install/custom_interfaces/lib:/home/youssef/COROSOLS_WS/install/action_tutorials_interfaces/lib /usr/bin/cmake --build /home/youssef/COROSOLS_WS/build/marvelmind_ros2 -- -j8 -l8
[0.473s] Invoking command in '/home/youssef/COROSOLS_WS/build/marvelmind_ros2': CMAKE_PREFIX_PATH=/home/youssef/COROSOLS_WS/install/marvelmind_ros2_msgs:/home/youssef/COROSOLS_WS/install/sllidar_ros2:/home/youssef/COROSOLS_WS/install/marvelmind_ros2:/home/youssef/COROSOLS_WS/install/custom_interfaces:/home/youssef/COROSOLS_WS/install/action_tutorials_interfaces:/opt/ros/humble:/home/youssef/COROSOLS_WS/install/corosols LD_LIBRARY_PATH=/home/youssef/COROSOLS_WS/install/marvelmind_ros2_msgs/lib:/opt/ros/humble/opt/rviz_ogre_vendor/lib:/opt/ros/humble/lib/x86_64-linux-gnu:/opt/ros/humble/lib:/home/youssef/COROSOLS_WS/install/custom_interfaces/lib:/home/youssef/COROSOLS_WS/install/action_tutorials_interfaces/lib /usr/bin/cmake --install /home/youssef/COROSOLS_WS/build/marvelmind_ros2
[0.482s] -- Install configuration: ""
[0.483s] -- Up-to-date: /home/youssef/COROSOLS_WS/install/marvelmind_ros2/lib/marvelmind_ros2/marvelmind_ros2
[0.483s] -- Up-to-date: /home/youssef/COROSOLS_WS/install/marvelmind_ros2/lib/marvelmind_ros2/marvelmind_api_ros2
[0.484s] -- Up-to-date: /home/youssef/COROSOLS_WS/install/marvelmind_ros2/share/marvelmind_ros2/config
[0.484s] -- Up-to-date: /home/youssef/COROSOLS_WS/install/marvelmind_ros2/share/marvelmind_ros2/config/marvelmind_ros2_config.yaml
[0.484s] -- Up-to-date: /home/youssef/COROSOLS_WS/install/marvelmind_ros2/share/marvelmind_ros2/launch
[0.485s] -- Up-to-date: /home/youssef/COROSOLS_WS/install/marvelmind_ros2/share/marvelmind_ros2/launch/marvelmind_ros2.launch.py
[0.485s] -- Up-to-date: /home/youssef/COROSOLS_WS/install/marvelmind_ros2/share/marvelmind_ros2/launch/marvelmind_api_ros2.launch.py
[0.485s] -- Up-to-date: /home/youssef/COROSOLS_WS/install/marvelmind_ros2/share/ament_index/resource_index/package_run_dependencies/marvelmind_ros2
[0.485s] -- Up-to-date: /home/youssef/COROSOLS_WS/install/marvelmind_ros2/share/ament_index/resource_index/parent_prefix_path/marvelmind_ros2
[0.485s] -- Up-to-date: /home/youssef/COROSOLS_WS/install/marvelmind_ros2/share/marvelmind_ros2/environment/ament_prefix_path.sh
[0.486s] -- Up-to-date: /home/youssef/COROSOLS_WS/install/marvelmind_ros2/share/marvelmind_ros2/environment/ament_prefix_path.dsv
[0.486s] -- Up-to-date: /home/youssef/COROSOLS_WS/install/marvelmind_ros2/share/marvelmind_ros2/environment/path.sh
[0.486s] -- Up-to-date: /home/youssef/COROSOLS_WS/install/marvelmind_ros2/share/marvelmind_ros2/environment/path.dsv
[0.486s] -- Up-to-date: /home/youssef/COROSOLS_WS/install/marvelmind_ros2/share/marvelmind_ros2/local_setup.bash
[0.486s] -- Up-to-date: /home/youssef/COROSOLS_WS/install/marvelmind_ros2/share/marvelmind_ros2/local_setup.sh
[0.486s] -- Up-to-date: /home/youssef/COROSOLS_WS/install/marvelmind_ros2/share/marvelmind_ros2/local_setup.zsh
[0.486s] -- Up-to-date: /home/youssef/COROSOLS_WS/install/marvelmind_ros2/share/marvelmind_ros2/local_setup.dsv
[0.487s] -- Installing: /home/youssef/COROSOLS_WS/install/marvelmind_ros2/share/marvelmind_ros2/package.dsv
[0.487s] -- Up-to-date: /home/youssef/COROSOLS_WS/install/marvelmind_ros2/share/ament_index/resource_index/packages/marvelmind_ros2
[0.487s] -- Up-to-date: /home/youssef/COROSOLS_WS/install/marvelmind_ros2/share/marvelmind_ros2/cmake/marvelmind_ros2Config.cmake
[0.487s] -- Up-to-date: /home/youssef/COROSOLS_WS/install/marvelmind_ros2/share/marvelmind_ros2/cmake/marvelmind_ros2Config-version.cmake
[0.487s] -- Up-to-date: /home/youssef/COROSOLS_WS/install/marvelmind_ros2/share/marvelmind_ros2/package.xml
[0.489s] Invoked command in '/home/youssef/COROSOLS_WS/build/marvelmind_ros2' returned '0': CMAKE_PREFIX_PATH=/home/youssef/COROSOLS_WS/install/marvelmind_ros2_msgs:/home/youssef/COROSOLS_WS/install/sllidar_ros2:/home/youssef/COROSOLS_WS/install/marvelmind_ros2:/home/youssef/COROSOLS_WS/install/custom_interfaces:/home/youssef/COROSOLS_WS/install/action_tutorials_interfaces:/opt/ros/humble:/home/youssef/COROSOLS_WS/install/corosols LD_LIBRARY_PATH=/home/youssef/COROSOLS_WS/install/marvelmind_ros2_msgs/lib:/opt/ros/humble/opt/rviz_ogre_vendor/lib:/opt/ros/humble/lib/x86_64-linux-gnu:/opt/ros/humble/lib:/home/youssef/COROSOLS_WS/install/custom_interfaces/lib:/home/youssef/COROSOLS_WS/install/action_tutorials_interfaces/lib /usr/bin/cmake --install /home/youssef/COROSOLS_WS/build/marvelmind_ros2
