[0.995s] Invoking command in '/home/youssef/COROSOLS_WS/src/corosols': AMENT_PREFIX_PATH=/home/youssef/COROSOLS_WS/install/custom_interfaces:/home/youssef/COROSOLS_WS/install/action_tutorials_interfaces:${AMENT_PREFIX_PATH} CMAKE_PREFIX_PATH=/home/youssef/COROSOLS_WS/install/custom_interfaces:/home/youssef/COROSOLS_WS/install/action_tutorials_interfaces LD_LIBRARY_PATH=/home/youssef/COROSOLS_WS/install/custom_interfaces/lib:/home/youssef/COROSOLS_WS/install/action_tutorials_interfaces/lib:${LD_LIBRARY_PATH} PYTHONPATH=/home/youssef/COROSOLS_WS/build/corosols/prefix_override:/usr/lib/python3/dist-packages/colcon_core/task/python/colcon_distutils_commands:/home/youssef/COROSOLS_WS/install/corosols/lib/python3.10/site-packages:/home/youssef/COROSOLS_WS/install/custom_interfaces/local/lib/python3.10/dist-packages:/home/youssef/COROSOLS_WS/install/action_tutorials_interfaces/local/lib/python3.10/dist-packages:${PYTHONPATH} /usr/bin/python3 -W ignore:setup.py install is deprecated -W ignore:easy_install command is deprecated setup.py egg_info --egg-base ../../build/corosols build --build-base /home/youssef/COROSOLS_WS/build/corosols/build install --record /home/youssef/COROSOLS_WS/build/corosols/install.log --single-version-externally-managed install_data
[1.477s] running egg_info
[1.478s] writing ../../build/corosols/corosols.egg-info/PKG-INFO
[1.478s] writing dependency_links to ../../build/corosols/corosols.egg-info/dependency_links.txt
[1.478s] writing entry points to ../../build/corosols/corosols.egg-info/entry_points.txt
[1.478s] writing requirements to ../../build/corosols/corosols.egg-info/requires.txt
[1.478s] writing top-level names to ../../build/corosols/corosols.egg-info/top_level.txt
[1.481s] reading manifest file '../../build/corosols/corosols.egg-info/SOURCES.txt'
[1.483s] writing manifest file '../../build/corosols/corosols.egg-info/SOURCES.txt'
[1.483s] running build
[1.483s] running build_py
[1.485s] running install
[1.486s] running install_lib
[1.488s] running install_data
[1.489s] running install_egg_info
[1.491s] removing '/home/youssef/COROSOLS_WS/install/corosols/lib/python3.10/site-packages/corosols-0.0.0-py3.10.egg-info' (and everything under it)
[1.491s] Copying ../../build/corosols/corosols.egg-info to /home/youssef/COROSOLS_WS/install/corosols/lib/python3.10/site-packages/corosols-0.0.0-py3.10.egg-info
[1.493s] running install_scripts
[1.529s] Installing imu_broadcaster script to /home/youssef/COROSOLS_WS/install/corosols/lib/corosols
[1.529s] Installing input_client script to /home/youssef/COROSOLS_WS/install/corosols/lib/corosols
[1.529s] Installing pose_broadcaster script to /home/youssef/COROSOLS_WS/install/corosols/lib/corosols
[1.530s] Installing robot_speeds script to /home/youssef/COROSOLS_WS/install/corosols/lib/corosols
[1.530s] Installing serial script to /home/youssef/COROSOLS_WS/install/corosols/lib/corosols
[1.530s] Installing station_connector script to /home/youssef/COROSOLS_WS/install/corosols/lib/corosols
[1.531s] writing list of installed files to '/home/youssef/COROSOLS_WS/build/corosols/install.log'
[1.593s] Invoked command in '/home/youssef/COROSOLS_WS/src/corosols' returned '0': AMENT_PREFIX_PATH=/home/youssef/COROSOLS_WS/install/custom_interfaces:/home/youssef/COROSOLS_WS/install/action_tutorials_interfaces:${AMENT_PREFIX_PATH} CMAKE_PREFIX_PATH=/home/youssef/COROSOLS_WS/install/custom_interfaces:/home/youssef/COROSOLS_WS/install/action_tutorials_interfaces LD_LIBRARY_PATH=/home/youssef/COROSOLS_WS/install/custom_interfaces/lib:/home/youssef/COROSOLS_WS/install/action_tutorials_interfaces/lib:${LD_LIBRARY_PATH} PYTHONPATH=/home/youssef/COROSOLS_WS/build/corosols/prefix_override:/usr/lib/python3/dist-packages/colcon_core/task/python/colcon_distutils_commands:/home/youssef/COROSOLS_WS/install/corosols/lib/python3.10/site-packages:/home/youssef/COROSOLS_WS/install/custom_interfaces/local/lib/python3.10/dist-packages:/home/youssef/COROSOLS_WS/install/action_tutorials_interfaces/local/lib/python3.10/dist-packages:${PYTHONPATH} /usr/bin/python3 -W ignore:setup.py install is deprecated -W ignore:easy_install command is deprecated setup.py egg_info --egg-base ../../build/corosols build --build-base /home/youssef/COROSOLS_WS/build/corosols/build install --record /home/youssef/COROSOLS_WS/build/corosols/install.log --single-version-externally-managed install_data
