[3.903s] Invoking command in '/home/hamzaboulandoum/corosols_ws/src/corosols': LD_LIBRARY_PATH=/home/hamzaboulandoum/corosols_ws/install/custom_interfaces/lib:/usr/local/cuda-11.4/lib64:/opt/ros/humble/opt/rviz_ogre_vendor/lib:/opt/ros/humble/lib/aarch64-linux-gnu:/opt/ros/humble/lib:/usr/local/cuda-11.4/lib64 PYTHONPATH=/home/hamzaboulandoum/corosols_ws/build/corosols/prefix_override:/home/hamzaboulandoum/corosols_ws/install/corosols/lib/python3.8/site-packages:${PYTHONPATH} /usr/bin/python3 -W ignore:setup.py install is deprecated setup.py egg_info --egg-base ../../build/corosols build --build-base /home/hamzaboulandoum/corosols_ws/build/corosols/build install --record /home/hamzaboulandoum/corosols_ws/build/corosols/install.log --single-version-externally-managed install_data
[5.274s] running egg_info
[5.277s] writing ../../build/corosols/corosols.egg-info/PKG-INFO
[5.279s] writing dependency_links to ../../build/corosols/corosols.egg-info/dependency_links.txt
[5.280s] writing entry points to ../../build/corosols/corosols.egg-info/entry_points.txt
[5.281s] writing requirements to ../../build/corosols/corosols.egg-info/requires.txt
[5.282s] writing top-level names to ../../build/corosols/corosols.egg-info/top_level.txt
[5.455s] reading manifest file '../../build/corosols/corosols.egg-info/SOURCES.txt'
[5.460s] writing manifest file '../../build/corosols/corosols.egg-info/SOURCES.txt'
[5.460s] running build
[5.461s] running build_py
[5.463s] copying corosols/controller.py -> /home/hamzaboulandoum/corosols_ws/build/corosols/build/lib/corosols
[5.464s] running install
[5.469s] running install_lib
[5.475s] copying /home/hamzaboulandoum/corosols_ws/build/corosols/build/lib/corosols/controller.py -> /home/hamzaboulandoum/corosols_ws/install/corosols/lib/python3.8/site-packages/corosols
[5.480s] byte-compiling /home/hamzaboulandoum/corosols_ws/install/corosols/lib/python3.8/site-packages/corosols/controller.py to controller.cpython-38.pyc
[5.488s] running install_data
[5.489s] running install_egg_info
[5.498s] removing '/home/hamzaboulandoum/corosols_ws/install/corosols/lib/python3.8/site-packages/corosols-0.0.0-py3.8.egg-info' (and everything under it)
[5.501s] Copying ../../build/corosols/corosols.egg-info to /home/hamzaboulandoum/corosols_ws/install/corosols/lib/python3.8/site-packages/corosols-0.0.0-py3.8.egg-info
[5.509s] running install_scripts
[5.589s] Installing controller script to /home/hamzaboulandoum/corosols_ws/install/corosols/lib/corosols
[5.590s] Installing pose_broadcaster script to /home/hamzaboulandoum/corosols_ws/install/corosols/lib/corosols
[5.591s] Installing serial script to /home/hamzaboulandoum/corosols_ws/install/corosols/lib/corosols
[5.593s] writing list of installed files to '/home/hamzaboulandoum/corosols_ws/build/corosols/install.log'
[5.699s] Invoked command in '/home/hamzaboulandoum/corosols_ws/src/corosols' returned '0': LD_LIBRARY_PATH=/home/hamzaboulandoum/corosols_ws/install/custom_interfaces/lib:/usr/local/cuda-11.4/lib64:/opt/ros/humble/opt/rviz_ogre_vendor/lib:/opt/ros/humble/lib/aarch64-linux-gnu:/opt/ros/humble/lib:/usr/local/cuda-11.4/lib64 PYTHONPATH=/home/hamzaboulandoum/corosols_ws/build/corosols/prefix_override:/home/hamzaboulandoum/corosols_ws/install/corosols/lib/python3.8/site-packages:${PYTHONPATH} /usr/bin/python3 -W ignore:setup.py install is deprecated setup.py egg_info --egg-base ../../build/corosols build --build-base /home/hamzaboulandoum/corosols_ws/build/corosols/build install --record /home/hamzaboulandoum/corosols_ws/build/corosols/install.log --single-version-externally-managed install_data
