[0.019s] Invoking command in '/home/hamzalegion/COROSOLS_WS/build/action_tutorials_interfaces': CMAKE_PREFIX_PATH=${CMAKE_PREFIX_PATH}:/home/hamzalegion/COROSOLS_WS/install/corosols:/opt/ros/humble /usr/bin/cmake --build /home/hamzalegion/COROSOLS_WS/build/action_tutorials_interfaces -- -j16 -l16
[0.070s] [  2%] Built target action_tutorials_interfaces__cpp
[0.075s] [ 12%] Built target action_tutorials_interfaces__rosidl_generator_c
[0.089s] [ 12%] Built target ament_cmake_python_copy_action_tutorials_interfaces
[0.115s] [ 25%] Built target action_tutorials_interfaces__rosidl_typesupport_introspection_c
[0.115s] [ 41%] Built target action_tutorials_interfaces__rosidl_typesupport_cpp
[0.115s] [ 43%] Built target action_tutorials_interfaces__rosidl_typesupport_introspection_cpp
[0.119s] [ 53%] Built target action_tutorials_interfaces__rosidl_typesupport_fastrtps_c
[0.119s] [ 64%] Built target action_tutorials_interfaces__rosidl_typesupport_fastrtps_cpp
[0.133s] [ 74%] Built target action_tutorials_interfaces__rosidl_typesupport_c
[0.162s] [ 74%] Built target action_tutorials_interfaces
[0.187s] [ 76%] Built target action_tutorials_interfaces__py
[0.214s] [ 84%] Built target action_tutorials_interfaces__rosidl_generator_py
[0.246s] [ 89%] Built target action_tutorials_interfaces__rosidl_typesupport_introspection_c__pyext
[0.246s] [ 97%] Built target action_tutorials_interfaces__rosidl_typesupport_fastrtps_c__pyext
[0.247s] [100%] Built target action_tutorials_interfaces__rosidl_typesupport_c__pyext
[0.386s] running egg_info
[0.388s] writing action_tutorials_interfaces.egg-info/PKG-INFO
[0.388s] writing dependency_links to action_tutorials_interfaces.egg-info/dependency_links.txt
[0.388s] writing top-level names to action_tutorials_interfaces.egg-info/top_level.txt
[0.392s] reading manifest file 'action_tutorials_interfaces.egg-info/SOURCES.txt'
[0.392s] writing manifest file 'action_tutorials_interfaces.egg-info/SOURCES.txt'
[0.444s] [100%] Built target ament_cmake_python_build_action_tutorials_interfaces_egg
[0.458s] Invoked command in '/home/hamzalegion/COROSOLS_WS/build/action_tutorials_interfaces' returned '0': CMAKE_PREFIX_PATH=${CMAKE_PREFIX_PATH}:/home/hamzalegion/COROSOLS_WS/install/corosols:/opt/ros/humble /usr/bin/cmake --build /home/hamzalegion/COROSOLS_WS/build/action_tutorials_interfaces -- -j16 -l16
[0.545s] Invoking command in '/home/hamzalegion/COROSOLS_WS/build/action_tutorials_interfaces': CMAKE_PREFIX_PATH=${CMAKE_PREFIX_PATH}:/home/hamzalegion/COROSOLS_WS/install/corosols:/opt/ros/humble /usr/bin/cmake --install /home/hamzalegion/COROSOLS_WS/build/action_tutorials_interfaces
[0.559s] -- Install configuration: ""
[0.559s] -- Up-to-date: /home/hamzalegion/COROSOLS_WS/install/action_tutorials_interfaces/share/ament_index/resource_index/rosidl_interfaces/action_tutorials_interfaces
[0.559s] -- Up-to-date: /home/hamzalegion/COROSOLS_WS/install/action_tutorials_interfaces/include/action_tutorials_interfaces/action_tutorials_interfaces
[0.559s] -- Up-to-date: /home/hamzalegion/COROSOLS_WS/install/action_tutorials_interfaces/include/action_tutorials_interfaces/action_tutorials_interfaces/msg
[0.560s] -- Up-to-date: /home/hamzalegion/COROSOLS_WS/install/action_tutorials_interfaces/include/action_tutorials_interfaces/action_tutorials_interfaces/msg/rosidl_generator_c__visibility_control.h
[0.560s] -- Up-to-date: /home/hamzalegion/COROSOLS_WS/install/action_tutorials_interfaces/include/action_tutorials_interfaces/action_tutorials_interfaces/action
[0.560s] -- Up-to-date: /home/hamzalegion/COROSOLS_WS/install/action_tutorials_interfaces/include/action_tutorials_interfaces/action_tutorials_interfaces/action/position.h
[0.560s] -- Up-to-date: /home/hamzalegion/COROSOLS_WS/install/action_tutorials_interfaces/include/action_tutorials_interfaces/action_tutorials_interfaces/action/detail
[0.560s] -- Up-to-date: /home/hamzalegion/COROSOLS_WS/install/action_tutorials_interfaces/include/action_tutorials_interfaces/action_tutorials_interfaces/action/detail/fibonacci__struct.h
[0.560s] -- Up-to-date: /home/hamzalegion/COROSOLS_WS/install/action_tutorials_interfaces/include/action_tutorials_interfaces/action_tutorials_interfaces/action/detail/position__functions.c
[0.560s] -- Up-to-date: /home/hamzalegion/COROSOLS_WS/install/action_tutorials_interfaces/include/action_tutorials_interfaces/action_tutorials_interfaces/action/detail/position__type_support.h
[0.561s] -- Up-to-date: /home/hamzalegion/COROSOLS_WS/install/action_tutorials_interfaces/include/action_tutorials_interfaces/action_tutorials_interfaces/action/detail/fibonacci__functions.c
[0.561s] -- Up-to-date: /home/hamzalegion/COROSOLS_WS/install/action_tutorials_interfaces/include/action_tutorials_interfaces/action_tutorials_interfaces/action/detail/fibonacci__type_support.h
[0.561s] -- Up-to-date: /home/hamzalegion/COROSOLS_WS/install/action_tutorials_interfaces/include/action_tutorials_interfaces/action_tutorials_interfaces/action/detail/position__functions.h
[0.561s] -- Up-to-date: /home/hamzalegion/COROSOLS_WS/install/action_tutorials_interfaces/include/action_tutorials_interfaces/action_tutorials_interfaces/action/detail/position__struct.h
[0.561s] -- Up-to-date: /home/hamzalegion/COROSOLS_WS/install/action_tutorials_interfaces/include/action_tutorials_interfaces/action_tutorials_interfaces/action/detail/fibonacci__functions.h
[0.561s] -- Up-to-date: /home/hamzalegion/COROSOLS_WS/install/action_tutorials_interfaces/include/action_tutorials_interfaces/action_tutorials_interfaces/action/fibonacci.h
[0.561s] -- Up-to-date: /home/hamzalegion/COROSOLS_WS/install/action_tutorials_interfaces/share/action_tutorials_interfaces/environment/library_path.sh
[0.561s] -- Up-to-date: /home/hamzalegion/COROSOLS_WS/install/action_tutorials_interfaces/share/action_tutorials_interfaces/environment/library_path.dsv
[0.561s] -- Up-to-date: /home/hamzalegion/COROSOLS_WS/install/action_tutorials_interfaces/lib/libaction_tutorials_interfaces__rosidl_generator_c.so
[0.562s] -- Up-to-date: /home/hamzalegion/COROSOLS_WS/install/action_tutorials_interfaces/include/action_tutorials_interfaces/action_tutorials_interfaces
[0.562s] -- Up-to-date: /home/hamzalegion/COROSOLS_WS/install/action_tutorials_interfaces/include/action_tutorials_interfaces/action_tutorials_interfaces/msg
[0.562s] -- Up-to-date: /home/hamzalegion/COROSOLS_WS/install/action_tutorials_interfaces/include/action_tutorials_interfaces/action_tutorials_interfaces/msg/rosidl_typesupport_fastrtps_c__visibility_control.h
[0.562s] -- Up-to-date: /home/hamzalegion/COROSOLS_WS/install/action_tutorials_interfaces/include/action_tutorials_interfaces/action_tutorials_interfaces/action
[0.562s] -- Up-to-date: /home/hamzalegion/COROSOLS_WS/install/action_tutorials_interfaces/include/action_tutorials_interfaces/action_tutorials_interfaces/action/detail
[0.562s] -- Up-to-date: /home/hamzalegion/COROSOLS_WS/install/action_tutorials_interfaces/include/action_tutorials_interfaces/action_tutorials_interfaces/action/detail/fibonacci__rosidl_typesupport_fastrtps_c.h
[0.562s] -- Up-to-date: /home/hamzalegion/COROSOLS_WS/install/action_tutorials_interfaces/include/action_tutorials_interfaces/action_tutorials_interfaces/action/detail/position__rosidl_typesupport_fastrtps_c.h
[0.563s] -- Up-to-date: /home/hamzalegion/COROSOLS_WS/install/action_tutorials_interfaces/lib/libaction_tutorials_interfaces__rosidl_typesupport_fastrtps_c.so
[0.563s] -- Up-to-date: /home/hamzalegion/COROSOLS_WS/install/action_tutorials_interfaces/include/action_tutorials_interfaces/action_tutorials_interfaces
[0.563s] -- Up-to-date: /home/hamzalegion/COROSOLS_WS/install/action_tutorials_interfaces/include/action_tutorials_interfaces/action_tutorials_interfaces/msg
[0.563s] -- Up-to-date: /home/hamzalegion/COROSOLS_WS/install/action_tutorials_interfaces/include/action_tutorials_interfaces/action_tutorials_interfaces/msg/rosidl_typesupport_introspection_c__visibility_control.h
[0.563s] -- Up-to-date: /home/hamzalegion/COROSOLS_WS/install/action_tutorials_interfaces/include/action_tutorials_interfaces/action_tutorials_interfaces/action
[0.563s] -- Up-to-date: /home/hamzalegion/COROSOLS_WS/install/action_tutorials_interfaces/include/action_tutorials_interfaces/action_tutorials_interfaces/action/detail
[0.563s] -- Up-to-date: /home/hamzalegion/COROSOLS_WS/install/action_tutorials_interfaces/include/action_tutorials_interfaces/action_tutorials_interfaces/action/detail/fibonacci__type_support.c
[0.563s] -- Up-to-date: /home/hamzalegion/COROSOLS_WS/install/action_tutorials_interfaces/include/action_tutorials_interfaces/action_tutorials_interfaces/action/detail/fibonacci__rosidl_typesupport_introspection_c.h
[0.563s] -- Up-to-date: /home/hamzalegion/COROSOLS_WS/install/action_tutorials_interfaces/include/action_tutorials_interfaces/action_tutorials_interfaces/action/detail/position__type_support.c
[0.563s] -- Up-to-date: /home/hamzalegion/COROSOLS_WS/install/action_tutorials_interfaces/include/action_tutorials_interfaces/action_tutorials_interfaces/action/detail/position__rosidl_typesupport_introspection_c.h
[0.563s] -- Up-to-date: /home/hamzalegion/COROSOLS_WS/install/action_tutorials_interfaces/lib/libaction_tutorials_interfaces__rosidl_typesupport_introspection_c.so
[0.563s] -- Up-to-date: /home/hamzalegion/COROSOLS_WS/install/action_tutorials_interfaces/lib/libaction_tutorials_interfaces__rosidl_typesupport_c.so
[0.563s] -- Up-to-date: /home/hamzalegion/COROSOLS_WS/install/action_tutorials_interfaces/include/action_tutorials_interfaces/action_tutorials_interfaces
[0.564s] -- Up-to-date: /home/hamzalegion/COROSOLS_WS/install/action_tutorials_interfaces/include/action_tutorials_interfaces/action_tutorials_interfaces/action
[0.564s] -- Up-to-date: /home/hamzalegion/COROSOLS_WS/install/action_tutorials_interfaces/include/action_tutorials_interfaces/action_tutorials_interfaces/action/detail
[0.564s] -- Up-to-date: /home/hamzalegion/COROSOLS_WS/install/action_tutorials_interfaces/include/action_tutorials_interfaces/action_tutorials_interfaces/action/detail/position__struct.hpp
[0.564s] -- Up-to-date: /home/hamzalegion/COROSOLS_WS/install/action_tutorials_interfaces/include/action_tutorials_interfaces/action_tutorials_interfaces/action/detail/position__traits.hpp
[0.564s] -- Up-to-date: /home/hamzalegion/COROSOLS_WS/install/action_tutorials_interfaces/include/action_tutorials_interfaces/action_tutorials_interfaces/action/detail/fibonacci__builder.hpp
[0.564s] -- Up-to-date: /home/hamzalegion/COROSOLS_WS/install/action_tutorials_interfaces/include/action_tutorials_interfaces/action_tutorials_interfaces/action/detail/fibonacci__traits.hpp
[0.564s] -- Up-to-date: /home/hamzalegion/COROSOLS_WS/install/action_tutorials_interfaces/include/action_tutorials_interfaces/action_tutorials_interfaces/action/detail/fibonacci__struct.hpp
[0.564s] -- Up-to-date: /home/hamzalegion/COROSOLS_WS/install/action_tutorials_interfaces/include/action_tutorials_interfaces/action_tutorials_interfaces/action/detail/position__builder.hpp
[0.564s] -- Up-to-date: /home/hamzalegion/COROSOLS_WS/install/action_tutorials_interfaces/include/action_tutorials_interfaces/action_tutorials_interfaces/action/fibonacci.hpp
[0.564s] -- Up-to-date: /home/hamzalegion/COROSOLS_WS/install/action_tutorials_interfaces/include/action_tutorials_interfaces/action_tutorials_interfaces/action/position.hpp
[0.564s] -- Up-to-date: /home/hamzalegion/COROSOLS_WS/install/action_tutorials_interfaces/include/action_tutorials_interfaces/action_tutorials_interfaces
[0.564s] -- Up-to-date: /home/hamzalegion/COROSOLS_WS/install/action_tutorials_interfaces/include/action_tutorials_interfaces/action_tutorials_interfaces/msg
[0.565s] -- Up-to-date: /home/hamzalegion/COROSOLS_WS/install/action_tutorials_interfaces/include/action_tutorials_interfaces/action_tutorials_interfaces/msg/rosidl_typesupport_fastrtps_cpp__visibility_control.h
[0.565s] -- Up-to-date: /home/hamzalegion/COROSOLS_WS/install/action_tutorials_interfaces/include/action_tutorials_interfaces/action_tutorials_interfaces/action
[0.565s] -- Up-to-date: /home/hamzalegion/COROSOLS_WS/install/action_tutorials_interfaces/include/action_tutorials_interfaces/action_tutorials_interfaces/action/detail
[0.565s] -- Up-to-date: /home/hamzalegion/COROSOLS_WS/install/action_tutorials_interfaces/include/action_tutorials_interfaces/action_tutorials_interfaces/action/detail/fibonacci__rosidl_typesupport_fastrtps_cpp.hpp
[0.565s] -- Up-to-date: /home/hamzalegion/COROSOLS_WS/install/action_tutorials_interfaces/include/action_tutorials_interfaces/action_tutorials_interfaces/action/detail/position__rosidl_typesupport_fastrtps_cpp.hpp
[0.565s] -- Up-to-date: /home/hamzalegion/COROSOLS_WS/install/action_tutorials_interfaces/include/action_tutorials_interfaces/action_tutorials_interfaces/action/detail/dds_fastrtps
[0.565s] -- Up-to-date: /home/hamzalegion/COROSOLS_WS/install/action_tutorials_interfaces/lib/libaction_tutorials_interfaces__rosidl_typesupport_fastrtps_cpp.so
[0.565s] -- Up-to-date: /home/hamzalegion/COROSOLS_WS/install/action_tutorials_interfaces/include/action_tutorials_interfaces/action_tutorials_interfaces
[0.565s] -- Up-to-date: /home/hamzalegion/COROSOLS_WS/install/action_tutorials_interfaces/include/action_tutorials_interfaces/action_tutorials_interfaces/action
[0.565s] -- Up-to-date: /home/hamzalegion/COROSOLS_WS/install/action_tutorials_interfaces/include/action_tutorials_interfaces/action_tutorials_interfaces/action/detail
[0.565s] -- Up-to-date: /home/hamzalegion/COROSOLS_WS/install/action_tutorials_interfaces/include/action_tutorials_interfaces/action_tutorials_interfaces/action/detail/position__type_support.cpp
[0.565s] -- Up-to-date: /home/hamzalegion/COROSOLS_WS/install/action_tutorials_interfaces/include/action_tutorials_interfaces/action_tutorials_interfaces/action/detail/fibonacci__type_support.cpp
[0.566s] -- Up-to-date: /home/hamzalegion/COROSOLS_WS/install/action_tutorials_interfaces/include/action_tutorials_interfaces/action_tutorials_interfaces/action/detail/position__rosidl_typesupport_introspection_cpp.hpp
[0.566s] -- Up-to-date: /home/hamzalegion/COROSOLS_WS/install/action_tutorials_interfaces/include/action_tutorials_interfaces/action_tutorials_interfaces/action/detail/fibonacci__rosidl_typesupport_introspection_cpp.hpp
[0.566s] -- Up-to-date: /home/hamzalegion/COROSOLS_WS/install/action_tutorials_interfaces/lib/libaction_tutorials_interfaces__rosidl_typesupport_introspection_cpp.so
[0.566s] -- Up-to-date: /home/hamzalegion/COROSOLS_WS/install/action_tutorials_interfaces/lib/libaction_tutorials_interfaces__rosidl_typesupport_cpp.so
[0.566s] -- Up-to-date: /home/hamzalegion/COROSOLS_WS/install/action_tutorials_interfaces/share/action_tutorials_interfaces/environment/pythonpath.sh
[0.566s] -- Up-to-date: /home/hamzalegion/COROSOLS_WS/install/action_tutorials_interfaces/share/action_tutorials_interfaces/environment/pythonpath.dsv
[0.566s] -- Up-to-date: /home/hamzalegion/COROSOLS_WS/install/action_tutorials_interfaces/local/lib/python3.10/dist-packages/action_tutorials_interfaces-0.0.0-py3.10.egg-info
[0.566s] -- Installing: /home/hamzalegion/COROSOLS_WS/install/action_tutorials_interfaces/local/lib/python3.10/dist-packages/action_tutorials_interfaces-0.0.0-py3.10.egg-info/top_level.txt
[0.566s] -- Installing: /home/hamzalegion/COROSOLS_WS/install/action_tutorials_interfaces/local/lib/python3.10/dist-packages/action_tutorials_interfaces-0.0.0-py3.10.egg-info/SOURCES.txt
[0.566s] -- Installing: /home/hamzalegion/COROSOLS_WS/install/action_tutorials_interfaces/local/lib/python3.10/dist-packages/action_tutorials_interfaces-0.0.0-py3.10.egg-info/dependency_links.txt
[0.566s] -- Installing: /home/hamzalegion/COROSOLS_WS/install/action_tutorials_interfaces/local/lib/python3.10/dist-packages/action_tutorials_interfaces-0.0.0-py3.10.egg-info/PKG-INFO
[0.566s] -- Up-to-date: /home/hamzalegion/COROSOLS_WS/install/action_tutorials_interfaces/local/lib/python3.10/dist-packages/action_tutorials_interfaces
[0.566s] -- Up-to-date: /home/hamzalegion/COROSOLS_WS/install/action_tutorials_interfaces/local/lib/python3.10/dist-packages/action_tutorials_interfaces/_action_tutorials_interfaces_s.ep.rosidl_typesupport_introspection_c.c
[0.566s] -- Up-to-date: /home/hamzalegion/COROSOLS_WS/install/action_tutorials_interfaces/local/lib/python3.10/dist-packages/action_tutorials_interfaces/_action_tutorials_interfaces_s.ep.rosidl_typesupport_fastrtps_c.c
[0.566s] -- Up-to-date: /home/hamzalegion/COROSOLS_WS/install/action_tutorials_interfaces/local/lib/python3.10/dist-packages/action_tutorials_interfaces/_action_tutorials_interfaces_s.ep.rosidl_typesupport_c.c
[0.566s] -- Up-to-date: /home/hamzalegion/COROSOLS_WS/install/action_tutorials_interfaces/local/lib/python3.10/dist-packages/action_tutorials_interfaces/action_tutorials_interfaces_s__rosidl_typesupport_fastrtps_c.cpython-310-x86_64-linux-gnu.so
[0.567s] -- Up-to-date: /home/hamzalegion/COROSOLS_WS/install/action_tutorials_interfaces/local/lib/python3.10/dist-packages/action_tutorials_interfaces/action
[0.567s] -- Up-to-date: /home/hamzalegion/COROSOLS_WS/install/action_tutorials_interfaces/local/lib/python3.10/dist-packages/action_tutorials_interfaces/action/_position_s.c
[0.567s] -- Up-to-date: /home/hamzalegion/COROSOLS_WS/install/action_tutorials_interfaces/local/lib/python3.10/dist-packages/action_tutorials_interfaces/action/_position.py
[0.567s] -- Up-to-date: /home/hamzalegion/COROSOLS_WS/install/action_tutorials_interfaces/local/lib/python3.10/dist-packages/action_tutorials_interfaces/action/_fibonacci_s.c
[0.567s] -- Up-to-date: /home/hamzalegion/COROSOLS_WS/install/action_tutorials_interfaces/local/lib/python3.10/dist-packages/action_tutorials_interfaces/action/_fibonacci.py
[0.567s] -- Up-to-date: /home/hamzalegion/COROSOLS_WS/install/action_tutorials_interfaces/local/lib/python3.10/dist-packages/action_tutorials_interfaces/action/__init__.py
[0.567s] -- Up-to-date: /home/hamzalegion/COROSOLS_WS/install/action_tutorials_interfaces/local/lib/python3.10/dist-packages/action_tutorials_interfaces/libaction_tutorials_interfaces__rosidl_generator_py.so
[0.567s] -- Up-to-date: /home/hamzalegion/COROSOLS_WS/install/action_tutorials_interfaces/local/lib/python3.10/dist-packages/action_tutorials_interfaces/action_tutorials_interfaces_s__rosidl_typesupport_c.cpython-310-x86_64-linux-gnu.so
[0.567s] -- Up-to-date: /home/hamzalegion/COROSOLS_WS/install/action_tutorials_interfaces/local/lib/python3.10/dist-packages/action_tutorials_interfaces/__init__.py
[0.567s] -- Up-to-date: /home/hamzalegion/COROSOLS_WS/install/action_tutorials_interfaces/local/lib/python3.10/dist-packages/action_tutorials_interfaces/action_tutorials_interfaces_s__rosidl_typesupport_introspection_c.cpython-310-x86_64-linux-gnu.so
[0.599s] Listing '/home/hamzalegion/COROSOLS_WS/install/action_tutorials_interfaces/local/lib/python3.10/dist-packages/action_tutorials_interfaces'...
[0.599s] Listing '/home/hamzalegion/COROSOLS_WS/install/action_tutorials_interfaces/local/lib/python3.10/dist-packages/action_tutorials_interfaces/action'...
[0.607s] -- Up-to-date: /home/hamzalegion/COROSOLS_WS/install/action_tutorials_interfaces/local/lib/python3.10/dist-packages/action_tutorials_interfaces/action_tutorials_interfaces_s__rosidl_typesupport_fastrtps_c.cpython-310-x86_64-linux-gnu.so
[0.607s] -- Up-to-date: /home/hamzalegion/COROSOLS_WS/install/action_tutorials_interfaces/local/lib/python3.10/dist-packages/action_tutorials_interfaces/action_tutorials_interfaces_s__rosidl_typesupport_introspection_c.cpython-310-x86_64-linux-gnu.so
[0.607s] -- Up-to-date: /home/hamzalegion/COROSOLS_WS/install/action_tutorials_interfaces/local/lib/python3.10/dist-packages/action_tutorials_interfaces/action_tutorials_interfaces_s__rosidl_typesupport_c.cpython-310-x86_64-linux-gnu.so
[0.607s] -- Up-to-date: /home/hamzalegion/COROSOLS_WS/install/action_tutorials_interfaces/lib/libaction_tutorials_interfaces__rosidl_generator_py.so
[0.607s] -- Up-to-date: /home/hamzalegion/COROSOLS_WS/install/action_tutorials_interfaces/share/action_tutorials_interfaces/action/Fibonacci.idl
[0.608s] -- Up-to-date: /home/hamzalegion/COROSOLS_WS/install/action_tutorials_interfaces/share/action_tutorials_interfaces/action/Position.idl
[0.608s] -- Up-to-date: /home/hamzalegion/COROSOLS_WS/install/action_tutorials_interfaces/share/action_tutorials_interfaces/action/Fibonacci.action
[0.608s] -- Up-to-date: /home/hamzalegion/COROSOLS_WS/install/action_tutorials_interfaces/share/action_tutorials_interfaces/action/Position.action
[0.608s] -- Up-to-date: /home/hamzalegion/COROSOLS_WS/install/action_tutorials_interfaces/share/ament_index/resource_index/package_run_dependencies/action_tutorials_interfaces
[0.608s] -- Up-to-date: /home/hamzalegion/COROSOLS_WS/install/action_tutorials_interfaces/share/ament_index/resource_index/parent_prefix_path/action_tutorials_interfaces
[0.608s] -- Up-to-date: /home/hamzalegion/COROSOLS_WS/install/action_tutorials_interfaces/share/action_tutorials_interfaces/environment/ament_prefix_path.sh
[0.608s] -- Up-to-date: /home/hamzalegion/COROSOLS_WS/install/action_tutorials_interfaces/share/action_tutorials_interfaces/environment/ament_prefix_path.dsv
[0.608s] -- Up-to-date: /home/hamzalegion/COROSOLS_WS/install/action_tutorials_interfaces/share/action_tutorials_interfaces/environment/path.sh
[0.608s] -- Up-to-date: /home/hamzalegion/COROSOLS_WS/install/action_tutorials_interfaces/share/action_tutorials_interfaces/environment/path.dsv
[0.609s] -- Up-to-date: /home/hamzalegion/COROSOLS_WS/install/action_tutorials_interfaces/share/action_tutorials_interfaces/local_setup.bash
[0.609s] -- Up-to-date: /home/hamzalegion/COROSOLS_WS/install/action_tutorials_interfaces/share/action_tutorials_interfaces/local_setup.sh
[0.609s] -- Up-to-date: /home/hamzalegion/COROSOLS_WS/install/action_tutorials_interfaces/share/action_tutorials_interfaces/local_setup.zsh
[0.609s] -- Up-to-date: /home/hamzalegion/COROSOLS_WS/install/action_tutorials_interfaces/share/action_tutorials_interfaces/local_setup.dsv
[0.609s] -- Installing: /home/hamzalegion/COROSOLS_WS/install/action_tutorials_interfaces/share/action_tutorials_interfaces/package.dsv
[0.609s] -- Up-to-date: /home/hamzalegion/COROSOLS_WS/install/action_tutorials_interfaces/share/ament_index/resource_index/packages/action_tutorials_interfaces
[0.609s] -- Up-to-date: /home/hamzalegion/COROSOLS_WS/install/action_tutorials_interfaces/share/action_tutorials_interfaces/cmake/export_action_tutorials_interfaces__rosidl_generator_cExport.cmake
[0.609s] -- Up-to-date: /home/hamzalegion/COROSOLS_WS/install/action_tutorials_interfaces/share/action_tutorials_interfaces/cmake/export_action_tutorials_interfaces__rosidl_generator_cExport-noconfig.cmake
[0.609s] -- Up-to-date: /home/hamzalegion/COROSOLS_WS/install/action_tutorials_interfaces/share/action_tutorials_interfaces/cmake/export_action_tutorials_interfaces__rosidl_typesupport_fastrtps_cExport.cmake
[0.610s] -- Up-to-date: /home/hamzalegion/COROSOLS_WS/install/action_tutorials_interfaces/share/action_tutorials_interfaces/cmake/export_action_tutorials_interfaces__rosidl_typesupport_fastrtps_cExport-noconfig.cmake
[0.610s] -- Up-to-date: /home/hamzalegion/COROSOLS_WS/install/action_tutorials_interfaces/share/action_tutorials_interfaces/cmake/action_tutorials_interfaces__rosidl_typesupport_introspection_cExport.cmake
[0.610s] -- Up-to-date: /home/hamzalegion/COROSOLS_WS/install/action_tutorials_interfaces/share/action_tutorials_interfaces/cmake/action_tutorials_interfaces__rosidl_typesupport_introspection_cExport-noconfig.cmake
[0.610s] -- Up-to-date: /home/hamzalegion/COROSOLS_WS/install/action_tutorials_interfaces/share/action_tutorials_interfaces/cmake/action_tutorials_interfaces__rosidl_typesupport_cExport.cmake
[0.610s] -- Up-to-date: /home/hamzalegion/COROSOLS_WS/install/action_tutorials_interfaces/share/action_tutorials_interfaces/cmake/action_tutorials_interfaces__rosidl_typesupport_cExport-noconfig.cmake
[0.610s] -- Up-to-date: /home/hamzalegion/COROSOLS_WS/install/action_tutorials_interfaces/share/action_tutorials_interfaces/cmake/export_action_tutorials_interfaces__rosidl_generator_cppExport.cmake
[0.610s] -- Up-to-date: /home/hamzalegion/COROSOLS_WS/install/action_tutorials_interfaces/share/action_tutorials_interfaces/cmake/export_action_tutorials_interfaces__rosidl_typesupport_fastrtps_cppExport.cmake
[0.610s] -- Up-to-date: /home/hamzalegion/COROSOLS_WS/install/action_tutorials_interfaces/share/action_tutorials_interfaces/cmake/export_action_tutorials_interfaces__rosidl_typesupport_fastrtps_cppExport-noconfig.cmake
[0.610s] -- Up-to-date: /home/hamzalegion/COROSOLS_WS/install/action_tutorials_interfaces/share/action_tutorials_interfaces/cmake/action_tutorials_interfaces__rosidl_typesupport_introspection_cppExport.cmake
[0.611s] -- Up-to-date: /home/hamzalegion/COROSOLS_WS/install/action_tutorials_interfaces/share/action_tutorials_interfaces/cmake/action_tutorials_interfaces__rosidl_typesupport_introspection_cppExport-noconfig.cmake
[0.611s] -- Up-to-date: /home/hamzalegion/COROSOLS_WS/install/action_tutorials_interfaces/share/action_tutorials_interfaces/cmake/action_tutorials_interfaces__rosidl_typesupport_cppExport.cmake
[0.611s] -- Up-to-date: /home/hamzalegion/COROSOLS_WS/install/action_tutorials_interfaces/share/action_tutorials_interfaces/cmake/action_tutorials_interfaces__rosidl_typesupport_cppExport-noconfig.cmake
[0.611s] -- Up-to-date: /home/hamzalegion/COROSOLS_WS/install/action_tutorials_interfaces/share/action_tutorials_interfaces/cmake/export_action_tutorials_interfaces__rosidl_generator_pyExport.cmake
[0.611s] -- Up-to-date: /home/hamzalegion/COROSOLS_WS/install/action_tutorials_interfaces/share/action_tutorials_interfaces/cmake/export_action_tutorials_interfaces__rosidl_generator_pyExport-noconfig.cmake
[0.611s] -- Up-to-date: /home/hamzalegion/COROSOLS_WS/install/action_tutorials_interfaces/share/action_tutorials_interfaces/cmake/rosidl_cmake-extras.cmake
[0.611s] -- Up-to-date: /home/hamzalegion/COROSOLS_WS/install/action_tutorials_interfaces/share/action_tutorials_interfaces/cmake/ament_cmake_export_dependencies-extras.cmake
[0.611s] -- Up-to-date: /home/hamzalegion/COROSOLS_WS/install/action_tutorials_interfaces/share/action_tutorials_interfaces/cmake/ament_cmake_export_include_directories-extras.cmake
[0.611s] -- Up-to-date: /home/hamzalegion/COROSOLS_WS/install/action_tutorials_interfaces/share/action_tutorials_interfaces/cmake/ament_cmake_export_libraries-extras.cmake
[0.611s] -- Up-to-date: /home/hamzalegion/COROSOLS_WS/install/action_tutorials_interfaces/share/action_tutorials_interfaces/cmake/ament_cmake_export_targets-extras.cmake
[0.611s] -- Up-to-date: /home/hamzalegion/COROSOLS_WS/install/action_tutorials_interfaces/share/action_tutorials_interfaces/cmake/rosidl_cmake_export_typesupport_targets-extras.cmake
[0.611s] -- Up-to-date: /home/hamzalegion/COROSOLS_WS/install/action_tutorials_interfaces/share/action_tutorials_interfaces/cmake/rosidl_cmake_export_typesupport_libraries-extras.cmake
[0.612s] -- Up-to-date: /home/hamzalegion/COROSOLS_WS/install/action_tutorials_interfaces/share/action_tutorials_interfaces/cmake/action_tutorials_interfacesConfig.cmake
[0.612s] -- Up-to-date: /home/hamzalegion/COROSOLS_WS/install/action_tutorials_interfaces/share/action_tutorials_interfaces/cmake/action_tutorials_interfacesConfig-version.cmake
[0.612s] -- Up-to-date: /home/hamzalegion/COROSOLS_WS/install/action_tutorials_interfaces/share/action_tutorials_interfaces/package.xml
[0.627s] Invoked command in '/home/hamzalegion/COROSOLS_WS/build/action_tutorials_interfaces' returned '0': CMAKE_PREFIX_PATH=${CMAKE_PREFIX_PATH}:/home/hamzalegion/COROSOLS_WS/install/corosols:/opt/ros/humble /usr/bin/cmake --install /home/hamzalegion/COROSOLS_WS/build/action_tutorials_interfaces
