[0.534s] Invoking command in '/home/hamzalegion/COROSOLS_WS/src/corosols': CMAKE_PREFIX_PATH=/home/hamzalegion/COROSOLS_WS/install/custom_interfaces:/home/hamzalegion/COROSOLS_WS/install/action_tutorials_interfaces:/home/hamzalegion/COROSOLS_WS/install/marvelmind_ros2:/home/hamzalegion/COROSOLS_WS/install/marvelmind_ros2_msgs LD_LIBRARY_PATH=/home/hamzalegion/COROSOLS_WS/install/custom_interfaces/lib:/home/hamzalegion/COROSOLS_WS/install/action_tutorials_interfaces/lib:/home/hamzalegion/COROSOLS_WS/install/marvelmind_ros2_msgs/lib:/opt/ros/humble/opt/rviz_ogre_vendor/lib:/opt/ros/humble/lib/x86_64-linux-gnu:/opt/ros/humble/lib PYTHONPATH=/home/hamzalegion/COROSOLS_WS/build/corosols/prefix_override:/home/hamzalegion/COROSOLS_WS/install/corosols/lib/python3.10/site-packages:${PYTHONPATH} /usr/bin/python3 -W ignore:setup.py install is deprecated setup.py egg_info --egg-base ../../build/corosols build --build-base /home/hamzalegion/COROSOLS_WS/build/corosols/build install --record /home/hamzalegion/COROSOLS_WS/build/corosols/install.log --single-version-externally-managed install_data
[0.746s] running egg_info
[0.747s] writing ../../build/corosols/corosols.egg-info/PKG-INFO
[0.747s] writing dependency_links to ../../build/corosols/corosols.egg-info/dependency_links.txt
[0.747s] writing entry points to ../../build/corosols/corosols.egg-info/entry_points.txt
[0.747s] writing requirements to ../../build/corosols/corosols.egg-info/requires.txt
[0.747s] writing top-level names to ../../build/corosols/corosols.egg-info/top_level.txt
[0.749s] reading manifest file '../../build/corosols/corosols.egg-info/SOURCES.txt'
[0.749s] writing manifest file '../../build/corosols/corosols.egg-info/SOURCES.txt'
[0.749s] running build
[0.749s] running build_py
[0.750s] copying corosols/robot_speeds.py -> /home/hamzalegion/COROSOLS_WS/build/corosols/build/lib/corosols
[0.750s] running install
[0.750s] running install_lib
[0.751s] copying /home/hamzalegion/COROSOLS_WS/build/corosols/build/lib/corosols/robot_speeds.py -> /home/hamzalegion/COROSOLS_WS/install/corosols/lib/python3.10/site-packages/corosols
[0.752s] byte-compiling /home/hamzalegion/COROSOLS_WS/install/corosols/lib/python3.10/site-packages/corosols/robot_speeds.py to robot_speeds.cpython-310.pyc
[0.754s] running install_data
[0.754s] running install_egg_info
[0.756s] removing '/home/hamzalegion/COROSOLS_WS/install/corosols/lib/python3.10/site-packages/corosols-0.0.0-py3.10.egg-info' (and everything under it)
[0.757s] Copying ../../build/corosols/corosols.egg-info to /home/hamzalegion/COROSOLS_WS/install/corosols/lib/python3.10/site-packages/corosols-0.0.0-py3.10.egg-info
[0.757s] running install_scripts
[0.773s] Installing input_client script to /home/hamzalegion/COROSOLS_WS/install/corosols/lib/corosols
[0.773s] Installing pose_broadcaster script to /home/hamzalegion/COROSOLS_WS/install/corosols/lib/corosols
[0.773s] Installing robot_speeds script to /home/hamzalegion/COROSOLS_WS/install/corosols/lib/corosols
[0.773s] Installing serial script to /home/hamzalegion/COROSOLS_WS/install/corosols/lib/corosols
[0.774s] writing list of installed files to '/home/hamzalegion/COROSOLS_WS/build/corosols/install.log'
[0.793s] Invoked command in '/home/hamzalegion/COROSOLS_WS/src/corosols' returned '0': CMAKE_PREFIX_PATH=/home/hamzalegion/COROSOLS_WS/install/custom_interfaces:/home/hamzalegion/COROSOLS_WS/install/action_tutorials_interfaces:/home/hamzalegion/COROSOLS_WS/install/marvelmind_ros2:/home/hamzalegion/COROSOLS_WS/install/marvelmind_ros2_msgs LD_LIBRARY_PATH=/home/hamzalegion/COROSOLS_WS/install/custom_interfaces/lib:/home/hamzalegion/COROSOLS_WS/install/action_tutorials_interfaces/lib:/home/hamzalegion/COROSOLS_WS/install/marvelmind_ros2_msgs/lib:/opt/ros/humble/opt/rviz_ogre_vendor/lib:/opt/ros/humble/lib/x86_64-linux-gnu:/opt/ros/humble/lib PYTHONPATH=/home/hamzalegion/COROSOLS_WS/build/corosols/prefix_override:/home/hamzalegion/COROSOLS_WS/install/corosols/lib/python3.10/site-packages:${PYTHONPATH} /usr/bin/python3 -W ignore:setup.py install is deprecated setup.py egg_info --egg-base ../../build/corosols build --build-base /home/hamzalegion/COROSOLS_WS/build/corosols/build install --record /home/hamzalegion/COROSOLS_WS/build/corosols/install.log --single-version-externally-managed install_data
