[0.032s] Invoking command in '/home/youssef/COROSOLS_WS/build/custom_interfaces': CMAKE_PREFIX_PATH=${CMAKE_PREFIX_PATH}:/home/youssef/COROSOLS_WS/install/corosols:/opt/ros/humble /usr/bin/cmake --build /home/youssef/COROSOLS_WS/build/custom_interfaces -- -j8 -l8
[0.119s] [  2%] Built target custom_interfaces__cpp
[0.134s] [ 12%] Built target custom_interfaces__rosidl_generator_c
[0.173s] [ 12%] Built target ament_cmake_python_copy_custom_interfaces
[0.240s] [ 23%] Built target custom_interfaces__rosidl_typesupport_fastrtps_cpp
[0.266s] [ 34%] Built target custom_interfaces__rosidl_typesupport_c
[0.270s] [ 44%] Built target custom_interfaces__rosidl_typesupport_cpp
[0.270s] [ 55%] Built target custom_interfaces__rosidl_typesupport_fastrtps_c
[0.280s] [ 76%] Built target custom_interfaces__rosidl_typesupport_introspection_c
[0.281s] [ 70%] Built target custom_interfaces__rosidl_typesupport_introspection_cpp
[0.355s] [ 76%] Built target custom_interfaces
[0.400s] [ 78%] Built target custom_interfaces__py
[0.445s] [ 87%] Built target custom_interfaces__rosidl_generator_py
[0.518s] [ 91%] Built target custom_interfaces__rosidl_typesupport_introspection_c__pyext
[0.526s] [ 95%] Built target custom_interfaces__rosidl_typesupport_fastrtps_c__pyext
[0.544s] [100%] Built target custom_interfaces__rosidl_typesupport_c__pyext
[0.721s] running egg_info
[0.722s] writing custom_interfaces.egg-info/PKG-INFO
[0.722s] writing dependency_links to custom_interfaces.egg-info/dependency_links.txt
[0.722s] writing top-level names to custom_interfaces.egg-info/top_level.txt
[0.725s] reading manifest file 'custom_interfaces.egg-info/SOURCES.txt'
[0.726s] writing manifest file 'custom_interfaces.egg-info/SOURCES.txt'
[0.767s] [100%] Built target ament_cmake_python_build_custom_interfaces_egg
[0.788s] Invoked command in '/home/youssef/COROSOLS_WS/build/custom_interfaces' returned '0': CMAKE_PREFIX_PATH=${CMAKE_PREFIX_PATH}:/home/youssef/COROSOLS_WS/install/corosols:/opt/ros/humble /usr/bin/cmake --build /home/youssef/COROSOLS_WS/build/custom_interfaces -- -j8 -l8
[0.802s] Invoking command in '/home/youssef/COROSOLS_WS/build/custom_interfaces': CMAKE_PREFIX_PATH=${CMAKE_PREFIX_PATH}:/home/youssef/COROSOLS_WS/install/corosols:/opt/ros/humble /usr/bin/cmake --install /home/youssef/COROSOLS_WS/build/custom_interfaces
[0.830s] -- Install configuration: ""
[0.830s] -- Up-to-date: /home/youssef/COROSOLS_WS/install/custom_interfaces/share/ament_index/resource_index/rosidl_interfaces/custom_interfaces
[0.830s] -- Up-to-date: /home/youssef/COROSOLS_WS/install/custom_interfaces/include/custom_interfaces/custom_interfaces
[0.830s] -- Up-to-date: /home/youssef/COROSOLS_WS/install/custom_interfaces/include/custom_interfaces/custom_interfaces/msg
[0.830s] -- Up-to-date: /home/youssef/COROSOLS_WS/install/custom_interfaces/include/custom_interfaces/custom_interfaces/msg/serial_data.h
[0.830s] -- Up-to-date: /home/youssef/COROSOLS_WS/install/custom_interfaces/include/custom_interfaces/custom_interfaces/msg/rosidl_generator_c__visibility_control.h
[0.830s] -- Up-to-date: /home/youssef/COROSOLS_WS/install/custom_interfaces/include/custom_interfaces/custom_interfaces/msg/detail
[0.830s] -- Up-to-date: /home/youssef/COROSOLS_WS/install/custom_interfaces/include/custom_interfaces/custom_interfaces/msg/detail/imu_data__functions.h
[0.830s] -- Up-to-date: /home/youssef/COROSOLS_WS/install/custom_interfaces/include/custom_interfaces/custom_interfaces/msg/detail/imu_data__type_support.h
[0.831s] -- Up-to-date: /home/youssef/COROSOLS_WS/install/custom_interfaces/include/custom_interfaces/custom_interfaces/msg/detail/imu_data__functions.c
[0.831s] -- Up-to-date: /home/youssef/COROSOLS_WS/install/custom_interfaces/include/custom_interfaces/custom_interfaces/msg/detail/serial_data__type_support.h
[0.831s] -- Up-to-date: /home/youssef/COROSOLS_WS/install/custom_interfaces/include/custom_interfaces/custom_interfaces/msg/detail/imu_data__struct.h
[0.831s] -- Up-to-date: /home/youssef/COROSOLS_WS/install/custom_interfaces/include/custom_interfaces/custom_interfaces/msg/detail/serial_data__functions.c
[0.831s] -- Up-to-date: /home/youssef/COROSOLS_WS/install/custom_interfaces/include/custom_interfaces/custom_interfaces/msg/detail/serial_data__struct.h
[0.831s] -- Up-to-date: /home/youssef/COROSOLS_WS/install/custom_interfaces/include/custom_interfaces/custom_interfaces/msg/detail/serial_data__functions.h
[0.831s] -- Up-to-date: /home/youssef/COROSOLS_WS/install/custom_interfaces/include/custom_interfaces/custom_interfaces/msg/imu_data.h
[0.831s] -- Up-to-date: /home/youssef/COROSOLS_WS/install/custom_interfaces/include/custom_interfaces/custom_interfaces/srv
[0.831s] -- Up-to-date: /home/youssef/COROSOLS_WS/install/custom_interfaces/include/custom_interfaces/custom_interfaces/srv/detail
[0.831s] -- Up-to-date: /home/youssef/COROSOLS_WS/install/custom_interfaces/include/custom_interfaces/custom_interfaces/srv/detail/commands__functions.h
[0.832s] -- Up-to-date: /home/youssef/COROSOLS_WS/install/custom_interfaces/include/custom_interfaces/custom_interfaces/srv/detail/commands__type_support.h
[0.832s] -- Up-to-date: /home/youssef/COROSOLS_WS/install/custom_interfaces/include/custom_interfaces/custom_interfaces/srv/detail/commands__struct.h
[0.832s] -- Up-to-date: /home/youssef/COROSOLS_WS/install/custom_interfaces/include/custom_interfaces/custom_interfaces/srv/detail/commands__functions.c
[0.832s] -- Up-to-date: /home/youssef/COROSOLS_WS/install/custom_interfaces/include/custom_interfaces/custom_interfaces/srv/commands.h
[0.832s] -- Up-to-date: /home/youssef/COROSOLS_WS/install/custom_interfaces/share/custom_interfaces/environment/library_path.sh
[0.832s] -- Up-to-date: /home/youssef/COROSOLS_WS/install/custom_interfaces/share/custom_interfaces/environment/library_path.dsv
[0.835s] -- Up-to-date: /home/youssef/COROSOLS_WS/install/custom_interfaces/lib/libcustom_interfaces__rosidl_generator_c.so
[0.835s] -- Up-to-date: /home/youssef/COROSOLS_WS/install/custom_interfaces/include/custom_interfaces/custom_interfaces
[0.835s] -- Up-to-date: /home/youssef/COROSOLS_WS/install/custom_interfaces/include/custom_interfaces/custom_interfaces/msg
[0.835s] -- Up-to-date: /home/youssef/COROSOLS_WS/install/custom_interfaces/include/custom_interfaces/custom_interfaces/msg/detail
[0.835s] -- Up-to-date: /home/youssef/COROSOLS_WS/install/custom_interfaces/include/custom_interfaces/custom_interfaces/msg/detail/imu_data__rosidl_typesupport_fastrtps_c.h
[0.835s] -- Up-to-date: /home/youssef/COROSOLS_WS/install/custom_interfaces/include/custom_interfaces/custom_interfaces/msg/detail/serial_data__rosidl_typesupport_fastrtps_c.h
[0.835s] -- Up-to-date: /home/youssef/COROSOLS_WS/install/custom_interfaces/include/custom_interfaces/custom_interfaces/msg/rosidl_typesupport_fastrtps_c__visibility_control.h
[0.835s] -- Up-to-date: /home/youssef/COROSOLS_WS/install/custom_interfaces/include/custom_interfaces/custom_interfaces/srv
[0.835s] -- Up-to-date: /home/youssef/COROSOLS_WS/install/custom_interfaces/include/custom_interfaces/custom_interfaces/srv/detail
[0.835s] -- Up-to-date: /home/youssef/COROSOLS_WS/install/custom_interfaces/include/custom_interfaces/custom_interfaces/srv/detail/commands__rosidl_typesupport_fastrtps_c.h
[0.835s] -- Up-to-date: /home/youssef/COROSOLS_WS/install/custom_interfaces/lib/libcustom_interfaces__rosidl_typesupport_fastrtps_c.so
[0.835s] -- Up-to-date: /home/youssef/COROSOLS_WS/install/custom_interfaces/include/custom_interfaces/custom_interfaces
[0.835s] -- Up-to-date: /home/youssef/COROSOLS_WS/install/custom_interfaces/include/custom_interfaces/custom_interfaces/msg
[0.836s] -- Up-to-date: /home/youssef/COROSOLS_WS/install/custom_interfaces/include/custom_interfaces/custom_interfaces/msg/rosidl_typesupport_introspection_c__visibility_control.h
[0.836s] -- Up-to-date: /home/youssef/COROSOLS_WS/install/custom_interfaces/include/custom_interfaces/custom_interfaces/msg/detail
[0.836s] -- Up-to-date: /home/youssef/COROSOLS_WS/install/custom_interfaces/include/custom_interfaces/custom_interfaces/msg/detail/imu_data__rosidl_typesupport_introspection_c.h
[0.836s] -- Up-to-date: /home/youssef/COROSOLS_WS/install/custom_interfaces/include/custom_interfaces/custom_interfaces/msg/detail/imu_data__type_support.c
[0.836s] -- Up-to-date: /home/youssef/COROSOLS_WS/install/custom_interfaces/include/custom_interfaces/custom_interfaces/msg/detail/serial_data__rosidl_typesupport_introspection_c.h
[0.836s] -- Up-to-date: /home/youssef/COROSOLS_WS/install/custom_interfaces/include/custom_interfaces/custom_interfaces/msg/detail/serial_data__type_support.c
[0.836s] -- Up-to-date: /home/youssef/COROSOLS_WS/install/custom_interfaces/include/custom_interfaces/custom_interfaces/srv
[0.836s] -- Up-to-date: /home/youssef/COROSOLS_WS/install/custom_interfaces/include/custom_interfaces/custom_interfaces/srv/detail
[0.836s] -- Up-to-date: /home/youssef/COROSOLS_WS/install/custom_interfaces/include/custom_interfaces/custom_interfaces/srv/detail/commands__rosidl_typesupport_introspection_c.h
[0.836s] -- Up-to-date: /home/youssef/COROSOLS_WS/install/custom_interfaces/include/custom_interfaces/custom_interfaces/srv/detail/commands__type_support.c
[0.836s] -- Up-to-date: /home/youssef/COROSOLS_WS/install/custom_interfaces/lib/libcustom_interfaces__rosidl_typesupport_introspection_c.so
[0.836s] -- Up-to-date: /home/youssef/COROSOLS_WS/install/custom_interfaces/lib/libcustom_interfaces__rosidl_typesupport_c.so
[0.836s] -- Up-to-date: /home/youssef/COROSOLS_WS/install/custom_interfaces/include/custom_interfaces/custom_interfaces
[0.836s] -- Up-to-date: /home/youssef/COROSOLS_WS/install/custom_interfaces/include/custom_interfaces/custom_interfaces/msg
[0.837s] -- Up-to-date: /home/youssef/COROSOLS_WS/install/custom_interfaces/include/custom_interfaces/custom_interfaces/msg/rosidl_generator_cpp__visibility_control.hpp
[0.837s] -- Up-to-date: /home/youssef/COROSOLS_WS/install/custom_interfaces/include/custom_interfaces/custom_interfaces/msg/serial_data.hpp
[0.837s] -- Up-to-date: /home/youssef/COROSOLS_WS/install/custom_interfaces/include/custom_interfaces/custom_interfaces/msg/imu_data.hpp
[0.837s] -- Up-to-date: /home/youssef/COROSOLS_WS/install/custom_interfaces/include/custom_interfaces/custom_interfaces/msg/detail
[0.837s] -- Up-to-date: /home/youssef/COROSOLS_WS/install/custom_interfaces/include/custom_interfaces/custom_interfaces/msg/detail/serial_data__traits.hpp
[0.837s] -- Up-to-date: /home/youssef/COROSOLS_WS/install/custom_interfaces/include/custom_interfaces/custom_interfaces/msg/detail/serial_data__struct.hpp
[0.837s] -- Up-to-date: /home/youssef/COROSOLS_WS/install/custom_interfaces/include/custom_interfaces/custom_interfaces/msg/detail/imu_data__struct.hpp
[0.837s] -- Up-to-date: /home/youssef/COROSOLS_WS/install/custom_interfaces/include/custom_interfaces/custom_interfaces/msg/detail/serial_data__type_support.hpp
[0.837s] -- Up-to-date: /home/youssef/COROSOLS_WS/install/custom_interfaces/include/custom_interfaces/custom_interfaces/msg/detail/imu_data__type_support.hpp
[0.837s] -- Up-to-date: /home/youssef/COROSOLS_WS/install/custom_interfaces/include/custom_interfaces/custom_interfaces/msg/detail/imu_data__traits.hpp
[0.837s] -- Up-to-date: /home/youssef/COROSOLS_WS/install/custom_interfaces/include/custom_interfaces/custom_interfaces/msg/detail/serial_data__builder.hpp
[0.837s] -- Up-to-date: /home/youssef/COROSOLS_WS/install/custom_interfaces/include/custom_interfaces/custom_interfaces/msg/detail/imu_data__builder.hpp
[0.837s] -- Up-to-date: /home/youssef/COROSOLS_WS/install/custom_interfaces/include/custom_interfaces/custom_interfaces/srv
[0.837s] -- Up-to-date: /home/youssef/COROSOLS_WS/install/custom_interfaces/include/custom_interfaces/custom_interfaces/srv/commands.hpp
[0.838s] -- Up-to-date: /home/youssef/COROSOLS_WS/install/custom_interfaces/include/custom_interfaces/custom_interfaces/srv/detail
[0.838s] -- Up-to-date: /home/youssef/COROSOLS_WS/install/custom_interfaces/include/custom_interfaces/custom_interfaces/srv/detail/commands__struct.hpp
[0.838s] -- Up-to-date: /home/youssef/COROSOLS_WS/install/custom_interfaces/include/custom_interfaces/custom_interfaces/srv/detail/commands__traits.hpp
[0.838s] -- Up-to-date: /home/youssef/COROSOLS_WS/install/custom_interfaces/include/custom_interfaces/custom_interfaces/srv/detail/commands__type_support.hpp
[0.838s] -- Up-to-date: /home/youssef/COROSOLS_WS/install/custom_interfaces/include/custom_interfaces/custom_interfaces/srv/detail/commands__builder.hpp
[0.838s] -- Up-to-date: /home/youssef/COROSOLS_WS/install/custom_interfaces/include/custom_interfaces/custom_interfaces
[0.838s] -- Up-to-date: /home/youssef/COROSOLS_WS/install/custom_interfaces/include/custom_interfaces/custom_interfaces/msg
[0.838s] -- Up-to-date: /home/youssef/COROSOLS_WS/install/custom_interfaces/include/custom_interfaces/custom_interfaces/msg/rosidl_typesupport_fastrtps_cpp__visibility_control.h
[0.838s] -- Up-to-date: /home/youssef/COROSOLS_WS/install/custom_interfaces/include/custom_interfaces/custom_interfaces/msg/detail
[0.838s] -- Up-to-date: /home/youssef/COROSOLS_WS/install/custom_interfaces/include/custom_interfaces/custom_interfaces/msg/detail/serial_data__rosidl_typesupport_fastrtps_cpp.hpp
[0.838s] -- Up-to-date: /home/youssef/COROSOLS_WS/install/custom_interfaces/include/custom_interfaces/custom_interfaces/msg/detail/dds_fastrtps
[0.838s] -- Up-to-date: /home/youssef/COROSOLS_WS/install/custom_interfaces/include/custom_interfaces/custom_interfaces/msg/detail/imu_data__rosidl_typesupport_fastrtps_cpp.hpp
[0.838s] -- Up-to-date: /home/youssef/COROSOLS_WS/install/custom_interfaces/include/custom_interfaces/custom_interfaces/srv
[0.838s] -- Up-to-date: /home/youssef/COROSOLS_WS/install/custom_interfaces/include/custom_interfaces/custom_interfaces/srv/detail
[0.839s] -- Up-to-date: /home/youssef/COROSOLS_WS/install/custom_interfaces/include/custom_interfaces/custom_interfaces/srv/detail/dds_fastrtps
[0.839s] -- Up-to-date: /home/youssef/COROSOLS_WS/install/custom_interfaces/include/custom_interfaces/custom_interfaces/srv/detail/commands__rosidl_typesupport_fastrtps_cpp.hpp
[0.839s] -- Up-to-date: /home/youssef/COROSOLS_WS/install/custom_interfaces/lib/libcustom_interfaces__rosidl_typesupport_fastrtps_cpp.so
[0.839s] -- Up-to-date: /home/youssef/COROSOLS_WS/install/custom_interfaces/include/custom_interfaces/custom_interfaces
[0.839s] -- Up-to-date: /home/youssef/COROSOLS_WS/install/custom_interfaces/include/custom_interfaces/custom_interfaces/msg
[0.839s] -- Up-to-date: /home/youssef/COROSOLS_WS/install/custom_interfaces/include/custom_interfaces/custom_interfaces/msg/detail
[0.839s] -- Up-to-date: /home/youssef/COROSOLS_WS/install/custom_interfaces/include/custom_interfaces/custom_interfaces/msg/detail/serial_data__type_support.cpp
[0.839s] -- Up-to-date: /home/youssef/COROSOLS_WS/install/custom_interfaces/include/custom_interfaces/custom_interfaces/msg/detail/imu_data__rosidl_typesupport_introspection_cpp.hpp
[0.839s] -- Up-to-date: /home/youssef/COROSOLS_WS/install/custom_interfaces/include/custom_interfaces/custom_interfaces/msg/detail/serial_data__rosidl_typesupport_introspection_cpp.hpp
[0.839s] -- Up-to-date: /home/youssef/COROSOLS_WS/install/custom_interfaces/include/custom_interfaces/custom_interfaces/msg/detail/imu_data__type_support.cpp
[0.839s] -- Up-to-date: /home/youssef/COROSOLS_WS/install/custom_interfaces/include/custom_interfaces/custom_interfaces/srv
[0.839s] -- Up-to-date: /home/youssef/COROSOLS_WS/install/custom_interfaces/include/custom_interfaces/custom_interfaces/srv/detail
[0.839s] -- Up-to-date: /home/youssef/COROSOLS_WS/install/custom_interfaces/include/custom_interfaces/custom_interfaces/srv/detail/commands__type_support.cpp
[0.839s] -- Up-to-date: /home/youssef/COROSOLS_WS/install/custom_interfaces/include/custom_interfaces/custom_interfaces/srv/detail/commands__rosidl_typesupport_introspection_cpp.hpp
[0.839s] -- Up-to-date: /home/youssef/COROSOLS_WS/install/custom_interfaces/lib/libcustom_interfaces__rosidl_typesupport_introspection_cpp.so
[0.840s] -- Up-to-date: /home/youssef/COROSOLS_WS/install/custom_interfaces/lib/libcustom_interfaces__rosidl_typesupport_cpp.so
[0.840s] -- Up-to-date: /home/youssef/COROSOLS_WS/install/custom_interfaces/share/custom_interfaces/environment/pythonpath.sh
[0.840s] -- Up-to-date: /home/youssef/COROSOLS_WS/install/custom_interfaces/share/custom_interfaces/environment/pythonpath.dsv
[0.840s] -- Up-to-date: /home/youssef/COROSOLS_WS/install/custom_interfaces/local/lib/python3.10/dist-packages/custom_interfaces-0.0.0-py3.10.egg-info
[0.840s] -- Installing: /home/youssef/COROSOLS_WS/install/custom_interfaces/local/lib/python3.10/dist-packages/custom_interfaces-0.0.0-py3.10.egg-info/dependency_links.txt
[0.840s] -- Installing: /home/youssef/COROSOLS_WS/install/custom_interfaces/local/lib/python3.10/dist-packages/custom_interfaces-0.0.0-py3.10.egg-info/PKG-INFO
[0.840s] -- Installing: /home/youssef/COROSOLS_WS/install/custom_interfaces/local/lib/python3.10/dist-packages/custom_interfaces-0.0.0-py3.10.egg-info/top_level.txt
[0.840s] -- Installing: /home/youssef/COROSOLS_WS/install/custom_interfaces/local/lib/python3.10/dist-packages/custom_interfaces-0.0.0-py3.10.egg-info/SOURCES.txt
[0.840s] -- Up-to-date: /home/youssef/COROSOLS_WS/install/custom_interfaces/local/lib/python3.10/dist-packages/custom_interfaces
[0.840s] -- Up-to-date: /home/youssef/COROSOLS_WS/install/custom_interfaces/local/lib/python3.10/dist-packages/custom_interfaces/msg
[0.840s] -- Up-to-date: /home/youssef/COROSOLS_WS/install/custom_interfaces/local/lib/python3.10/dist-packages/custom_interfaces/msg/_serial_data_s.c
[0.840s] -- Up-to-date: /home/youssef/COROSOLS_WS/install/custom_interfaces/local/lib/python3.10/dist-packages/custom_interfaces/msg/_serial_data.py
[0.840s] -- Up-to-date: /home/youssef/COROSOLS_WS/install/custom_interfaces/local/lib/python3.10/dist-packages/custom_interfaces/msg/_imu_data_s.c
[0.840s] -- Up-to-date: /home/youssef/COROSOLS_WS/install/custom_interfaces/local/lib/python3.10/dist-packages/custom_interfaces/msg/_imu_data.py
[0.841s] -- Up-to-date: /home/youssef/COROSOLS_WS/install/custom_interfaces/local/lib/python3.10/dist-packages/custom_interfaces/msg/__init__.py
[0.841s] -- Up-to-date: /home/youssef/COROSOLS_WS/install/custom_interfaces/local/lib/python3.10/dist-packages/custom_interfaces/libcustom_interfaces__rosidl_generator_py.so
[0.841s] -- Up-to-date: /home/youssef/COROSOLS_WS/install/custom_interfaces/local/lib/python3.10/dist-packages/custom_interfaces/custom_interfaces_s__rosidl_typesupport_c.cpython-310-x86_64-linux-gnu.so
[0.841s] -- Up-to-date: /home/youssef/COROSOLS_WS/install/custom_interfaces/local/lib/python3.10/dist-packages/custom_interfaces/_custom_interfaces_s.ep.rosidl_typesupport_c.c
[0.841s] -- Up-to-date: /home/youssef/COROSOLS_WS/install/custom_interfaces/local/lib/python3.10/dist-packages/custom_interfaces/custom_interfaces_s__rosidl_typesupport_introspection_c.cpython-310-x86_64-linux-gnu.so
[0.841s] -- Up-to-date: /home/youssef/COROSOLS_WS/install/custom_interfaces/local/lib/python3.10/dist-packages/custom_interfaces/custom_interfaces_s__rosidl_typesupport_fastrtps_c.cpython-310-x86_64-linux-gnu.so
[0.841s] -- Up-to-date: /home/youssef/COROSOLS_WS/install/custom_interfaces/local/lib/python3.10/dist-packages/custom_interfaces/srv
[0.841s] -- Up-to-date: /home/youssef/COROSOLS_WS/install/custom_interfaces/local/lib/python3.10/dist-packages/custom_interfaces/srv/_commands_s.c
[0.841s] -- Up-to-date: /home/youssef/COROSOLS_WS/install/custom_interfaces/local/lib/python3.10/dist-packages/custom_interfaces/srv/_commands.py
[0.841s] -- Up-to-date: /home/youssef/COROSOLS_WS/install/custom_interfaces/local/lib/python3.10/dist-packages/custom_interfaces/srv/__init__.py
[0.841s] -- Up-to-date: /home/youssef/COROSOLS_WS/install/custom_interfaces/local/lib/python3.10/dist-packages/custom_interfaces/_custom_interfaces_s.ep.rosidl_typesupport_fastrtps_c.c
[0.841s] -- Up-to-date: /home/youssef/COROSOLS_WS/install/custom_interfaces/local/lib/python3.10/dist-packages/custom_interfaces/__init__.py
[0.841s] -- Up-to-date: /home/youssef/COROSOLS_WS/install/custom_interfaces/local/lib/python3.10/dist-packages/custom_interfaces/_custom_interfaces_s.ep.rosidl_typesupport_introspection_c.c
[0.856s] Listing '/home/youssef/COROSOLS_WS/install/custom_interfaces/local/lib/python3.10/dist-packages/custom_interfaces'...
[0.856s] Listing '/home/youssef/COROSOLS_WS/install/custom_interfaces/local/lib/python3.10/dist-packages/custom_interfaces/msg'...
[0.856s] Listing '/home/youssef/COROSOLS_WS/install/custom_interfaces/local/lib/python3.10/dist-packages/custom_interfaces/srv'...
[0.863s] -- Up-to-date: /home/youssef/COROSOLS_WS/install/custom_interfaces/local/lib/python3.10/dist-packages/custom_interfaces/custom_interfaces_s__rosidl_typesupport_fastrtps_c.cpython-310-x86_64-linux-gnu.so
[0.863s] -- Up-to-date: /home/youssef/COROSOLS_WS/install/custom_interfaces/local/lib/python3.10/dist-packages/custom_interfaces/custom_interfaces_s__rosidl_typesupport_introspection_c.cpython-310-x86_64-linux-gnu.so
[0.864s] -- Up-to-date: /home/youssef/COROSOLS_WS/install/custom_interfaces/local/lib/python3.10/dist-packages/custom_interfaces/custom_interfaces_s__rosidl_typesupport_c.cpython-310-x86_64-linux-gnu.so
[0.864s] -- Up-to-date: /home/youssef/COROSOLS_WS/install/custom_interfaces/lib/libcustom_interfaces__rosidl_generator_py.so
[0.864s] -- Up-to-date: /home/youssef/COROSOLS_WS/install/custom_interfaces/share/custom_interfaces/msg/SerialData.idl
[0.865s] -- Up-to-date: /home/youssef/COROSOLS_WS/install/custom_interfaces/share/custom_interfaces/msg/ImuData.idl
[0.865s] -- Up-to-date: /home/youssef/COROSOLS_WS/install/custom_interfaces/share/custom_interfaces/srv/Commands.idl
[0.865s] -- Up-to-date: /home/youssef/COROSOLS_WS/install/custom_interfaces/share/custom_interfaces/msg/SerialData.msg
[0.866s] -- Up-to-date: /home/youssef/COROSOLS_WS/install/custom_interfaces/share/custom_interfaces/msg/ImuData.msg
[0.866s] -- Up-to-date: /home/youssef/COROSOLS_WS/install/custom_interfaces/share/custom_interfaces/srv/Commands.srv
[0.866s] -- Up-to-date: /home/youssef/COROSOLS_WS/install/custom_interfaces/share/custom_interfaces/srv/Commands_Request.msg
[0.867s] -- Up-to-date: /home/youssef/COROSOLS_WS/install/custom_interfaces/share/custom_interfaces/srv/Commands_Response.msg
[0.867s] -- Up-to-date: /home/youssef/COROSOLS_WS/install/custom_interfaces/share/ament_index/resource_index/package_run_dependencies/custom_interfaces
[0.867s] -- Up-to-date: /home/youssef/COROSOLS_WS/install/custom_interfaces/share/ament_index/resource_index/parent_prefix_path/custom_interfaces
[0.867s] -- Up-to-date: /home/youssef/COROSOLS_WS/install/custom_interfaces/share/custom_interfaces/environment/ament_prefix_path.sh
[0.868s] -- Up-to-date: /home/youssef/COROSOLS_WS/install/custom_interfaces/share/custom_interfaces/environment/ament_prefix_path.dsv
[0.868s] -- Up-to-date: /home/youssef/COROSOLS_WS/install/custom_interfaces/share/custom_interfaces/environment/path.sh
[0.868s] -- Up-to-date: /home/youssef/COROSOLS_WS/install/custom_interfaces/share/custom_interfaces/environment/path.dsv
[0.868s] -- Up-to-date: /home/youssef/COROSOLS_WS/install/custom_interfaces/share/custom_interfaces/local_setup.bash
[0.869s] -- Up-to-date: /home/youssef/COROSOLS_WS/install/custom_interfaces/share/custom_interfaces/local_setup.sh
[0.869s] -- Up-to-date: /home/youssef/COROSOLS_WS/install/custom_interfaces/share/custom_interfaces/local_setup.zsh
[0.869s] -- Up-to-date: /home/youssef/COROSOLS_WS/install/custom_interfaces/share/custom_interfaces/local_setup.dsv
[0.869s] -- Installing: /home/youssef/COROSOLS_WS/install/custom_interfaces/share/custom_interfaces/package.dsv
[0.869s] -- Up-to-date: /home/youssef/COROSOLS_WS/install/custom_interfaces/share/ament_index/resource_index/packages/custom_interfaces
[0.870s] -- Up-to-date: /home/youssef/COROSOLS_WS/install/custom_interfaces/share/custom_interfaces/cmake/export_custom_interfaces__rosidl_generator_cExport.cmake
[0.871s] -- Up-to-date: /home/youssef/COROSOLS_WS/install/custom_interfaces/share/custom_interfaces/cmake/export_custom_interfaces__rosidl_generator_cExport-noconfig.cmake
[0.872s] -- Up-to-date: /home/youssef/COROSOLS_WS/install/custom_interfaces/share/custom_interfaces/cmake/export_custom_interfaces__rosidl_typesupport_fastrtps_cExport.cmake
[0.872s] -- Up-to-date: /home/youssef/COROSOLS_WS/install/custom_interfaces/share/custom_interfaces/cmake/export_custom_interfaces__rosidl_typesupport_fastrtps_cExport-noconfig.cmake
[0.872s] -- Up-to-date: /home/youssef/COROSOLS_WS/install/custom_interfaces/share/custom_interfaces/cmake/custom_interfaces__rosidl_typesupport_introspection_cExport.cmake
[0.872s] -- Up-to-date: /home/youssef/COROSOLS_WS/install/custom_interfaces/share/custom_interfaces/cmake/custom_interfaces__rosidl_typesupport_introspection_cExport-noconfig.cmake
[0.873s] -- Up-to-date: /home/youssef/COROSOLS_WS/install/custom_interfaces/share/custom_interfaces/cmake/custom_interfaces__rosidl_typesupport_cExport.cmake
[0.873s] -- Up-to-date: /home/youssef/COROSOLS_WS/install/custom_interfaces/share/custom_interfaces/cmake/custom_interfaces__rosidl_typesupport_cExport-noconfig.cmake
[0.873s] -- Up-to-date: /home/youssef/COROSOLS_WS/install/custom_interfaces/share/custom_interfaces/cmake/export_custom_interfaces__rosidl_generator_cppExport.cmake
[0.873s] -- Up-to-date: /home/youssef/COROSOLS_WS/install/custom_interfaces/share/custom_interfaces/cmake/export_custom_interfaces__rosidl_typesupport_fastrtps_cppExport.cmake
[0.874s] -- Up-to-date: /home/youssef/COROSOLS_WS/install/custom_interfaces/share/custom_interfaces/cmake/export_custom_interfaces__rosidl_typesupport_fastrtps_cppExport-noconfig.cmake
[0.874s] -- Up-to-date: /home/youssef/COROSOLS_WS/install/custom_interfaces/share/custom_interfaces/cmake/custom_interfaces__rosidl_typesupport_introspection_cppExport.cmake
[0.874s] -- Up-to-date: /home/youssef/COROSOLS_WS/install/custom_interfaces/share/custom_interfaces/cmake/custom_interfaces__rosidl_typesupport_introspection_cppExport-noconfig.cmake
[0.874s] -- Up-to-date: /home/youssef/COROSOLS_WS/install/custom_interfaces/share/custom_interfaces/cmake/custom_interfaces__rosidl_typesupport_cppExport.cmake
[0.874s] -- Up-to-date: /home/youssef/COROSOLS_WS/install/custom_interfaces/share/custom_interfaces/cmake/custom_interfaces__rosidl_typesupport_cppExport-noconfig.cmake
[0.874s] -- Up-to-date: /home/youssef/COROSOLS_WS/install/custom_interfaces/share/custom_interfaces/cmake/export_custom_interfaces__rosidl_generator_pyExport.cmake
[0.874s] -- Up-to-date: /home/youssef/COROSOLS_WS/install/custom_interfaces/share/custom_interfaces/cmake/export_custom_interfaces__rosidl_generator_pyExport-noconfig.cmake
[0.874s] -- Up-to-date: /home/youssef/COROSOLS_WS/install/custom_interfaces/share/custom_interfaces/cmake/rosidl_cmake-extras.cmake
[0.875s] -- Up-to-date: /home/youssef/COROSOLS_WS/install/custom_interfaces/share/custom_interfaces/cmake/ament_cmake_export_include_directories-extras.cmake
[0.875s] -- Up-to-date: /home/youssef/COROSOLS_WS/install/custom_interfaces/share/custom_interfaces/cmake/ament_cmake_export_libraries-extras.cmake
[0.875s] -- Up-to-date: /home/youssef/COROSOLS_WS/install/custom_interfaces/share/custom_interfaces/cmake/ament_cmake_export_targets-extras.cmake
[0.875s] -- Up-to-date: /home/youssef/COROSOLS_WS/install/custom_interfaces/share/custom_interfaces/cmake/rosidl_cmake_export_typesupport_targets-extras.cmake
[0.875s] -- Up-to-date: /home/youssef/COROSOLS_WS/install/custom_interfaces/share/custom_interfaces/cmake/ament_cmake_export_dependencies-extras.cmake
[0.875s] -- Up-to-date: /home/youssef/COROSOLS_WS/install/custom_interfaces/share/custom_interfaces/cmake/rosidl_cmake_export_typesupport_libraries-extras.cmake
[0.875s] -- Up-to-date: /home/youssef/COROSOLS_WS/install/custom_interfaces/share/custom_interfaces/cmake/custom_interfacesConfig.cmake
[0.875s] -- Up-to-date: /home/youssef/COROSOLS_WS/install/custom_interfaces/share/custom_interfaces/cmake/custom_interfacesConfig-version.cmake
[0.876s] -- Up-to-date: /home/youssef/COROSOLS_WS/install/custom_interfaces/share/custom_interfaces/package.xml
[0.937s] Invoked command in '/home/youssef/COROSOLS_WS/build/custom_interfaces' returned '0': CMAKE_PREFIX_PATH=${CMAKE_PREFIX_PATH}:/home/youssef/COROSOLS_WS/install/corosols:/opt/ros/humble /usr/bin/cmake --install /home/youssef/COROSOLS_WS/build/custom_interfaces
