[0.537s] Invoking command in '/home/hamzalegion/COROSOLS_WS/src/corosols': PYTHONPATH=/home/hamzalegion/COROSOLS_WS/build/corosols/prefix_override:/home/hamzalegion/COROSOLS_WS/install/corosols/lib/python3.10/site-packages:${PYTHONPATH} /usr/bin/python3 -W ignore:setup.py install is deprecated setup.py egg_info --egg-base ../../build/corosols build --build-base /home/hamzalegion/COROSOLS_WS/build/corosols/build install --record /home/hamzalegion/COROSOLS_WS/build/corosols/install.log --single-version-externally-managed install_data
[0.742s] running egg_info
[0.742s] writing ../../build/corosols/corosols.egg-info/PKG-INFO
[0.743s] writing dependency_links to ../../build/corosols/corosols.egg-info/dependency_links.txt
[0.743s] writing entry points to ../../build/corosols/corosols.egg-info/entry_points.txt
[0.743s] writing requirements to ../../build/corosols/corosols.egg-info/requires.txt
[0.743s] writing top-level names to ../../build/corosols/corosols.egg-info/top_level.txt
[0.745s] reading manifest file '../../build/corosols/corosols.egg-info/SOURCES.txt'
[0.746s] writing manifest file '../../build/corosols/corosols.egg-info/SOURCES.txt'
[0.746s] running build
[0.746s] running build_py
[0.746s] copying corosols/pose_broadcaster.py -> /home/hamzalegion/COROSOLS_WS/build/corosols/build/lib/corosols
[0.746s] running install
[0.746s] running install_lib
[0.747s] copying /home/hamzalegion/COROSOLS_WS/build/corosols/build/lib/corosols/pose_broadcaster.py -> /home/hamzalegion/COROSOLS_WS/install/corosols/lib/python3.10/site-packages/corosols
[0.748s] byte-compiling /home/hamzalegion/COROSOLS_WS/install/corosols/lib/python3.10/site-packages/corosols/pose_broadcaster.py to pose_broadcaster.cpython-310.pyc
[0.749s] running install_data
[0.749s] running install_egg_info
[0.750s] removing '/home/hamzalegion/COROSOLS_WS/install/corosols/lib/python3.10/site-packages/corosols-0.0.0-py3.10.egg-info' (and everything under it)
[0.751s] Copying ../../build/corosols/corosols.egg-info to /home/hamzalegion/COROSOLS_WS/install/corosols/lib/python3.10/site-packages/corosols-0.0.0-py3.10.egg-info
[0.752s] running install_scripts
[0.769s] Installing input_client script to /home/hamzalegion/COROSOLS_WS/install/corosols/lib/corosols
[0.769s] Installing pose_broadcaster script to /home/hamzalegion/COROSOLS_WS/install/corosols/lib/corosols
[0.769s] Installing serial script to /home/hamzalegion/COROSOLS_WS/install/corosols/lib/corosols
[0.769s] Installing velocity_calculator script to /home/hamzalegion/COROSOLS_WS/install/corosols/lib/corosols
[0.769s] writing list of installed files to '/home/hamzalegion/COROSOLS_WS/build/corosols/install.log'
[0.791s] Invoked command in '/home/hamzalegion/COROSOLS_WS/src/corosols' returned '0': PYTHONPATH=/home/hamzalegion/COROSOLS_WS/build/corosols/prefix_override:/home/hamzalegion/COROSOLS_WS/install/corosols/lib/python3.10/site-packages:${PYTHONPATH} /usr/bin/python3 -W ignore:setup.py install is deprecated setup.py egg_info --egg-base ../../build/corosols build --build-base /home/hamzalegion/COROSOLS_WS/build/corosols/build install --record /home/hamzalegion/COROSOLS_WS/build/corosols/install.log --single-version-externally-managed install_data
