[0.500s] Invoking command in '/home/hamzalegion/COROSOLS_WS/src/corosols': CMAKE_PREFIX_PATH=/home/hamzalegion/COROSOLS_WS/install/custom_interfaces:/home/hamzalegion/COROSOLS_WS/install/action_tutorials_interfaces LD_LIBRARY_PATH=/home/hamzalegion/COROSOLS_WS/install/custom_interfaces/lib:/home/hamzalegion/COROSOLS_WS/install/action_tutorials_interfaces/lib:/opt/ros/humble/opt/rviz_ogre_vendor/lib:/opt/ros/humble/lib/x86_64-linux-gnu:/opt/ros/humble/lib PYTHONPATH=/home/hamzalegion/COROSOLS_WS/build/corosols/prefix_override:/home/hamzalegion/COROSOLS_WS/install/corosols/lib/python3.10/site-packages:${PYTHONPATH} /usr/bin/python3 -W ignore:setup.py install is deprecated setup.py egg_info --egg-base ../../build/corosols build --build-base /home/hamzalegion/COROSOLS_WS/build/corosols/build install --record /home/hamzalegion/COROSOLS_WS/build/corosols/install.log --single-version-externally-managed install_data
[0.694s] running egg_info
[0.694s] writing ../../build/corosols/corosols.egg-info/PKG-INFO
[0.694s] writing dependency_links to ../../build/corosols/corosols.egg-info/dependency_links.txt
[0.694s] writing entry points to ../../build/corosols/corosols.egg-info/entry_points.txt
[0.694s] writing requirements to ../../build/corosols/corosols.egg-info/requires.txt
[0.695s] writing top-level names to ../../build/corosols/corosols.egg-info/top_level.txt
[0.696s] reading manifest file '../../build/corosols/corosols.egg-info/SOURCES.txt'
[0.696s] writing manifest file '../../build/corosols/corosols.egg-info/SOURCES.txt'
[0.697s] running build
[0.697s] running build_py
[0.697s] copying corosols/velocity_calculator.py -> /home/hamzalegion/COROSOLS_WS/build/corosols/build/lib/corosols
[0.697s] copying corosols/serial_read.py -> /home/hamzalegion/COROSOLS_WS/build/corosols/build/lib/corosols
[0.697s] running install
[0.698s] running install_lib
[0.698s] copying /home/hamzalegion/COROSOLS_WS/build/corosols/build/lib/corosols/velocity_calculator.py -> /home/hamzalegion/COROSOLS_WS/install/corosols/lib/python3.10/site-packages/corosols
[0.698s] copying /home/hamzalegion/COROSOLS_WS/build/corosols/build/lib/corosols/serial_read.py -> /home/hamzalegion/COROSOLS_WS/install/corosols/lib/python3.10/site-packages/corosols
[0.699s] byte-compiling /home/hamzalegion/COROSOLS_WS/install/corosols/lib/python3.10/site-packages/corosols/velocity_calculator.py to velocity_calculator.cpython-310.pyc
[0.700s] byte-compiling /home/hamzalegion/COROSOLS_WS/install/corosols/lib/python3.10/site-packages/corosols/serial_read.py to serial_read.cpython-310.pyc
[0.701s] running install_data
[0.701s] running install_egg_info
[0.702s] removing '/home/hamzalegion/COROSOLS_WS/install/corosols/lib/python3.10/site-packages/corosols-0.0.0-py3.10.egg-info' (and everything under it)
[0.702s] Copying ../../build/corosols/corosols.egg-info to /home/hamzalegion/COROSOLS_WS/install/corosols/lib/python3.10/site-packages/corosols-0.0.0-py3.10.egg-info
[0.703s] running install_scripts
[0.718s] Installing input_client script to /home/hamzalegion/COROSOLS_WS/install/corosols/lib/corosols
[0.718s] Installing pose_broadcaster script to /home/hamzalegion/COROSOLS_WS/install/corosols/lib/corosols
[0.719s] Installing serial script to /home/hamzalegion/COROSOLS_WS/install/corosols/lib/corosols
[0.719s] Installing task script to /home/hamzalegion/COROSOLS_WS/install/corosols/lib/corosols
[0.719s] Installing user_input script to /home/hamzalegion/COROSOLS_WS/install/corosols/lib/corosols
[0.719s] Installing velocity_calculator script to /home/hamzalegion/COROSOLS_WS/install/corosols/lib/corosols
[0.719s] writing list of installed files to '/home/hamzalegion/COROSOLS_WS/build/corosols/install.log'
[0.737s] Invoked command in '/home/hamzalegion/COROSOLS_WS/src/corosols' returned '0': CMAKE_PREFIX_PATH=/home/hamzalegion/COROSOLS_WS/install/custom_interfaces:/home/hamzalegion/COROSOLS_WS/install/action_tutorials_interfaces LD_LIBRARY_PATH=/home/hamzalegion/COROSOLS_WS/install/custom_interfaces/lib:/home/hamzalegion/COROSOLS_WS/install/action_tutorials_interfaces/lib:/opt/ros/humble/opt/rviz_ogre_vendor/lib:/opt/ros/humble/lib/x86_64-linux-gnu:/opt/ros/humble/lib PYTHONPATH=/home/hamzalegion/COROSOLS_WS/build/corosols/prefix_override:/home/hamzalegion/COROSOLS_WS/install/corosols/lib/python3.10/site-packages:${PYTHONPATH} /usr/bin/python3 -W ignore:setup.py install is deprecated setup.py egg_info --egg-base ../../build/corosols build --build-base /home/hamzalegion/COROSOLS_WS/build/corosols/build install --record /home/hamzalegion/COROSOLS_WS/build/corosols/install.log --single-version-externally-managed install_data
