[0.037s] Invoking command in '/home/youssef/COROSOLS_WS/build/action_tutorials_interfaces': CMAKE_PREFIX_PATH=${CMAKE_PREFIX_PATH}:/home/youssef/COROSOLS_WS/install/corosols:/opt/ros/humble /usr/bin/cmake --build /home/youssef/COROSOLS_WS/build/action_tutorials_interfaces -- -j8 -l8
[0.170s] [  2%] Built target action_tutorials_interfaces__cpp
[0.172s] [ 12%] Built target action_tutorials_interfaces__rosidl_generator_c
[0.227s] [ 12%] Built target ament_cmake_python_copy_action_tutorials_interfaces
[0.312s] [ 23%] Built target action_tutorials_interfaces__rosidl_typesupport_introspection_cpp
[0.312s] [ 33%] Built target action_tutorials_interfaces__rosidl_typesupport_cpp
[0.312s] [ 43%] Built target action_tutorials_interfaces__rosidl_typesupport_fastrtps_cpp
[0.328s] [ 53%] Built target action_tutorials_interfaces__rosidl_typesupport_fastrtps_c
[0.343s] [ 64%] Built target action_tutorials_interfaces__rosidl_typesupport_c
[0.370s] [ 74%] Built target action_tutorials_interfaces__rosidl_typesupport_introspection_c
[0.416s] [ 74%] Built target action_tutorials_interfaces
[0.459s] [ 76%] Built target action_tutorials_interfaces__py
[0.531s] [ 84%] Built target action_tutorials_interfaces__rosidl_generator_py
[0.583s] [ 89%] Built target action_tutorials_interfaces__rosidl_typesupport_fastrtps_c__pyext
[0.589s] [ 94%] Built target action_tutorials_interfaces__rosidl_typesupport_introspection_c__pyext
[0.603s] [100%] Built target action_tutorials_interfaces__rosidl_typesupport_c__pyext
[0.820s] running egg_info
[0.821s] writing action_tutorials_interfaces.egg-info/PKG-INFO
[0.822s] writing dependency_links to action_tutorials_interfaces.egg-info/dependency_links.txt
[0.822s] writing top-level names to action_tutorials_interfaces.egg-info/top_level.txt
[0.827s] reading manifest file 'action_tutorials_interfaces.egg-info/SOURCES.txt'
[0.829s] writing manifest file 'action_tutorials_interfaces.egg-info/SOURCES.txt'
[0.880s] [100%] Built target ament_cmake_python_build_action_tutorials_interfaces_egg
[0.891s] Invoked command in '/home/youssef/COROSOLS_WS/build/action_tutorials_interfaces' returned '0': CMAKE_PREFIX_PATH=${CMAKE_PREFIX_PATH}:/home/youssef/COROSOLS_WS/install/corosols:/opt/ros/humble /usr/bin/cmake --build /home/youssef/COROSOLS_WS/build/action_tutorials_interfaces -- -j8 -l8
[0.894s] Invoking command in '/home/youssef/COROSOLS_WS/build/action_tutorials_interfaces': CMAKE_PREFIX_PATH=${CMAKE_PREFIX_PATH}:/home/youssef/COROSOLS_WS/install/corosols:/opt/ros/humble /usr/bin/cmake --install /home/youssef/COROSOLS_WS/build/action_tutorials_interfaces
[0.906s] -- Install configuration: ""
[0.906s] -- Up-to-date: /home/youssef/COROSOLS_WS/install/action_tutorials_interfaces/share/ament_index/resource_index/rosidl_interfaces/action_tutorials_interfaces
[0.907s] -- Up-to-date: /home/youssef/COROSOLS_WS/install/action_tutorials_interfaces/include/action_tutorials_interfaces/action_tutorials_interfaces
[0.907s] -- Up-to-date: /home/youssef/COROSOLS_WS/install/action_tutorials_interfaces/include/action_tutorials_interfaces/action_tutorials_interfaces/msg
[0.907s] -- Up-to-date: /home/youssef/COROSOLS_WS/install/action_tutorials_interfaces/include/action_tutorials_interfaces/action_tutorials_interfaces/msg/rosidl_generator_c__visibility_control.h
[0.907s] -- Up-to-date: /home/youssef/COROSOLS_WS/install/action_tutorials_interfaces/include/action_tutorials_interfaces/action_tutorials_interfaces/action
[0.907s] -- Up-to-date: /home/youssef/COROSOLS_WS/install/action_tutorials_interfaces/include/action_tutorials_interfaces/action_tutorials_interfaces/action/fibonacci.h
[0.908s] -- Up-to-date: /home/youssef/COROSOLS_WS/install/action_tutorials_interfaces/include/action_tutorials_interfaces/action_tutorials_interfaces/action/position.h
[0.908s] -- Up-to-date: /home/youssef/COROSOLS_WS/install/action_tutorials_interfaces/include/action_tutorials_interfaces/action_tutorials_interfaces/action/detail
[0.908s] -- Up-to-date: /home/youssef/COROSOLS_WS/install/action_tutorials_interfaces/include/action_tutorials_interfaces/action_tutorials_interfaces/action/detail/fibonacci__type_support.h
[0.908s] -- Up-to-date: /home/youssef/COROSOLS_WS/install/action_tutorials_interfaces/include/action_tutorials_interfaces/action_tutorials_interfaces/action/detail/fibonacci__functions.c
[0.908s] -- Up-to-date: /home/youssef/COROSOLS_WS/install/action_tutorials_interfaces/include/action_tutorials_interfaces/action_tutorials_interfaces/action/detail/position__functions.h
[0.909s] -- Up-to-date: /home/youssef/COROSOLS_WS/install/action_tutorials_interfaces/include/action_tutorials_interfaces/action_tutorials_interfaces/action/detail/position__type_support.h
[0.909s] -- Up-to-date: /home/youssef/COROSOLS_WS/install/action_tutorials_interfaces/include/action_tutorials_interfaces/action_tutorials_interfaces/action/detail/position__functions.c
[0.909s] -- Up-to-date: /home/youssef/COROSOLS_WS/install/action_tutorials_interfaces/include/action_tutorials_interfaces/action_tutorials_interfaces/action/detail/fibonacci__functions.h
[0.909s] -- Up-to-date: /home/youssef/COROSOLS_WS/install/action_tutorials_interfaces/include/action_tutorials_interfaces/action_tutorials_interfaces/action/detail/fibonacci__struct.h
[0.909s] -- Up-to-date: /home/youssef/COROSOLS_WS/install/action_tutorials_interfaces/include/action_tutorials_interfaces/action_tutorials_interfaces/action/detail/position__struct.h
[0.910s] -- Up-to-date: /home/youssef/COROSOLS_WS/install/action_tutorials_interfaces/share/action_tutorials_interfaces/environment/library_path.sh
[0.910s] -- Up-to-date: /home/youssef/COROSOLS_WS/install/action_tutorials_interfaces/share/action_tutorials_interfaces/environment/library_path.dsv
[0.910s] -- Up-to-date: /home/youssef/COROSOLS_WS/install/action_tutorials_interfaces/lib/libaction_tutorials_interfaces__rosidl_generator_c.so
[0.910s] -- Up-to-date: /home/youssef/COROSOLS_WS/install/action_tutorials_interfaces/include/action_tutorials_interfaces/action_tutorials_interfaces
[0.910s] -- Up-to-date: /home/youssef/COROSOLS_WS/install/action_tutorials_interfaces/include/action_tutorials_interfaces/action_tutorials_interfaces/msg
[0.911s] -- Up-to-date: /home/youssef/COROSOLS_WS/install/action_tutorials_interfaces/include/action_tutorials_interfaces/action_tutorials_interfaces/msg/rosidl_typesupport_fastrtps_c__visibility_control.h
[0.911s] -- Up-to-date: /home/youssef/COROSOLS_WS/install/action_tutorials_interfaces/include/action_tutorials_interfaces/action_tutorials_interfaces/action
[0.911s] -- Up-to-date: /home/youssef/COROSOLS_WS/install/action_tutorials_interfaces/include/action_tutorials_interfaces/action_tutorials_interfaces/action/detail
[0.912s] -- Up-to-date: /home/youssef/COROSOLS_WS/install/action_tutorials_interfaces/include/action_tutorials_interfaces/action_tutorials_interfaces/action/detail/position__rosidl_typesupport_fastrtps_c.h
[0.912s] -- Up-to-date: /home/youssef/COROSOLS_WS/install/action_tutorials_interfaces/include/action_tutorials_interfaces/action_tutorials_interfaces/action/detail/fibonacci__rosidl_typesupport_fastrtps_c.h
[0.912s] -- Up-to-date: /home/youssef/COROSOLS_WS/install/action_tutorials_interfaces/lib/libaction_tutorials_interfaces__rosidl_typesupport_fastrtps_c.so
[0.912s] -- Up-to-date: /home/youssef/COROSOLS_WS/install/action_tutorials_interfaces/include/action_tutorials_interfaces/action_tutorials_interfaces
[0.913s] -- Up-to-date: /home/youssef/COROSOLS_WS/install/action_tutorials_interfaces/include/action_tutorials_interfaces/action_tutorials_interfaces/msg
[0.913s] -- Up-to-date: /home/youssef/COROSOLS_WS/install/action_tutorials_interfaces/include/action_tutorials_interfaces/action_tutorials_interfaces/msg/rosidl_typesupport_introspection_c__visibility_control.h
[0.913s] -- Up-to-date: /home/youssef/COROSOLS_WS/install/action_tutorials_interfaces/include/action_tutorials_interfaces/action_tutorials_interfaces/action
[0.913s] -- Up-to-date: /home/youssef/COROSOLS_WS/install/action_tutorials_interfaces/include/action_tutorials_interfaces/action_tutorials_interfaces/action/detail
[0.914s] -- Up-to-date: /home/youssef/COROSOLS_WS/install/action_tutorials_interfaces/include/action_tutorials_interfaces/action_tutorials_interfaces/action/detail/fibonacci__type_support.c
[0.914s] -- Up-to-date: /home/youssef/COROSOLS_WS/install/action_tutorials_interfaces/include/action_tutorials_interfaces/action_tutorials_interfaces/action/detail/fibonacci__rosidl_typesupport_introspection_c.h
[0.914s] -- Up-to-date: /home/youssef/COROSOLS_WS/install/action_tutorials_interfaces/include/action_tutorials_interfaces/action_tutorials_interfaces/action/detail/position__rosidl_typesupport_introspection_c.h
[0.914s] -- Up-to-date: /home/youssef/COROSOLS_WS/install/action_tutorials_interfaces/include/action_tutorials_interfaces/action_tutorials_interfaces/action/detail/position__type_support.c
[0.914s] -- Up-to-date: /home/youssef/COROSOLS_WS/install/action_tutorials_interfaces/lib/libaction_tutorials_interfaces__rosidl_typesupport_introspection_c.so
[0.915s] -- Up-to-date: /home/youssef/COROSOLS_WS/install/action_tutorials_interfaces/lib/libaction_tutorials_interfaces__rosidl_typesupport_c.so
[0.915s] -- Up-to-date: /home/youssef/COROSOLS_WS/install/action_tutorials_interfaces/include/action_tutorials_interfaces/action_tutorials_interfaces
[0.915s] -- Up-to-date: /home/youssef/COROSOLS_WS/install/action_tutorials_interfaces/include/action_tutorials_interfaces/action_tutorials_interfaces/msg
[0.915s] -- Up-to-date: /home/youssef/COROSOLS_WS/install/action_tutorials_interfaces/include/action_tutorials_interfaces/action_tutorials_interfaces/msg/rosidl_generator_cpp__visibility_control.hpp
[0.915s] -- Up-to-date: /home/youssef/COROSOLS_WS/install/action_tutorials_interfaces/include/action_tutorials_interfaces/action_tutorials_interfaces/action
[0.916s] -- Up-to-date: /home/youssef/COROSOLS_WS/install/action_tutorials_interfaces/include/action_tutorials_interfaces/action_tutorials_interfaces/action/position.hpp
[0.916s] -- Up-to-date: /home/youssef/COROSOLS_WS/install/action_tutorials_interfaces/include/action_tutorials_interfaces/action_tutorials_interfaces/action/detail
[0.916s] -- Up-to-date: /home/youssef/COROSOLS_WS/install/action_tutorials_interfaces/include/action_tutorials_interfaces/action_tutorials_interfaces/action/detail/fibonacci__builder.hpp
[0.916s] -- Up-to-date: /home/youssef/COROSOLS_WS/install/action_tutorials_interfaces/include/action_tutorials_interfaces/action_tutorials_interfaces/action/detail/position__builder.hpp
[0.916s] -- Up-to-date: /home/youssef/COROSOLS_WS/install/action_tutorials_interfaces/include/action_tutorials_interfaces/action_tutorials_interfaces/action/detail/fibonacci__type_support.hpp
[0.916s] -- Up-to-date: /home/youssef/COROSOLS_WS/install/action_tutorials_interfaces/include/action_tutorials_interfaces/action_tutorials_interfaces/action/detail/fibonacci__struct.hpp
[0.917s] -- Up-to-date: /home/youssef/COROSOLS_WS/install/action_tutorials_interfaces/include/action_tutorials_interfaces/action_tutorials_interfaces/action/detail/position__type_support.hpp
[0.917s] -- Up-to-date: /home/youssef/COROSOLS_WS/install/action_tutorials_interfaces/include/action_tutorials_interfaces/action_tutorials_interfaces/action/detail/position__traits.hpp
[0.918s] -- Up-to-date: /home/youssef/COROSOLS_WS/install/action_tutorials_interfaces/include/action_tutorials_interfaces/action_tutorials_interfaces/action/detail/fibonacci__traits.hpp
[0.918s] -- Up-to-date: /home/youssef/COROSOLS_WS/install/action_tutorials_interfaces/include/action_tutorials_interfaces/action_tutorials_interfaces/action/detail/position__struct.hpp
[0.918s] -- Up-to-date: /home/youssef/COROSOLS_WS/install/action_tutorials_interfaces/include/action_tutorials_interfaces/action_tutorials_interfaces/action/fibonacci.hpp
[0.918s] -- Up-to-date: /home/youssef/COROSOLS_WS/install/action_tutorials_interfaces/include/action_tutorials_interfaces/action_tutorials_interfaces
[0.919s] -- Up-to-date: /home/youssef/COROSOLS_WS/install/action_tutorials_interfaces/include/action_tutorials_interfaces/action_tutorials_interfaces/msg
[0.919s] -- Up-to-date: /home/youssef/COROSOLS_WS/install/action_tutorials_interfaces/include/action_tutorials_interfaces/action_tutorials_interfaces/msg/rosidl_typesupport_fastrtps_cpp__visibility_control.h
[0.920s] -- Up-to-date: /home/youssef/COROSOLS_WS/install/action_tutorials_interfaces/include/action_tutorials_interfaces/action_tutorials_interfaces/action
[0.920s] -- Up-to-date: /home/youssef/COROSOLS_WS/install/action_tutorials_interfaces/include/action_tutorials_interfaces/action_tutorials_interfaces/action/detail
[0.920s] -- Up-to-date: /home/youssef/COROSOLS_WS/install/action_tutorials_interfaces/include/action_tutorials_interfaces/action_tutorials_interfaces/action/detail/dds_fastrtps
[0.921s] -- Up-to-date: /home/youssef/COROSOLS_WS/install/action_tutorials_interfaces/include/action_tutorials_interfaces/action_tutorials_interfaces/action/detail/fibonacci__rosidl_typesupport_fastrtps_cpp.hpp
[0.922s] -- Up-to-date: /home/youssef/COROSOLS_WS/install/action_tutorials_interfaces/include/action_tutorials_interfaces/action_tutorials_interfaces/action/detail/position__rosidl_typesupport_fastrtps_cpp.hpp
[0.924s] -- Up-to-date: /home/youssef/COROSOLS_WS/install/action_tutorials_interfaces/lib/libaction_tutorials_interfaces__rosidl_typesupport_fastrtps_cpp.so
[0.927s] -- Up-to-date: /home/youssef/COROSOLS_WS/install/action_tutorials_interfaces/include/action_tutorials_interfaces/action_tutorials_interfaces
[0.927s] -- Up-to-date: /home/youssef/COROSOLS_WS/install/action_tutorials_interfaces/include/action_tutorials_interfaces/action_tutorials_interfaces/action
[0.927s] -- Up-to-date: /home/youssef/COROSOLS_WS/install/action_tutorials_interfaces/include/action_tutorials_interfaces/action_tutorials_interfaces/action/detail
[0.928s] -- Up-to-date: /home/youssef/COROSOLS_WS/install/action_tutorials_interfaces/include/action_tutorials_interfaces/action_tutorials_interfaces/action/detail/fibonacci__type_support.cpp
[0.928s] -- Up-to-date: /home/youssef/COROSOLS_WS/install/action_tutorials_interfaces/include/action_tutorials_interfaces/action_tutorials_interfaces/action/detail/position__type_support.cpp
[0.928s] -- Up-to-date: /home/youssef/COROSOLS_WS/install/action_tutorials_interfaces/include/action_tutorials_interfaces/action_tutorials_interfaces/action/detail/fibonacci__rosidl_typesupport_introspection_cpp.hpp
[0.928s] -- Up-to-date: /home/youssef/COROSOLS_WS/install/action_tutorials_interfaces/include/action_tutorials_interfaces/action_tutorials_interfaces/action/detail/position__rosidl_typesupport_introspection_cpp.hpp
[0.930s] -- Up-to-date: /home/youssef/COROSOLS_WS/install/action_tutorials_interfaces/lib/libaction_tutorials_interfaces__rosidl_typesupport_introspection_cpp.so
[0.933s] -- Up-to-date: /home/youssef/COROSOLS_WS/install/action_tutorials_interfaces/lib/libaction_tutorials_interfaces__rosidl_typesupport_cpp.so
[0.934s] -- Up-to-date: /home/youssef/COROSOLS_WS/install/action_tutorials_interfaces/share/action_tutorials_interfaces/environment/pythonpath.sh
[0.934s] -- Up-to-date: /home/youssef/COROSOLS_WS/install/action_tutorials_interfaces/share/action_tutorials_interfaces/environment/pythonpath.dsv
[0.934s] -- Up-to-date: /home/youssef/COROSOLS_WS/install/action_tutorials_interfaces/local/lib/python3.10/dist-packages/action_tutorials_interfaces-0.0.0-py3.10.egg-info
[0.937s] -- Installing: /home/youssef/COROSOLS_WS/install/action_tutorials_interfaces/local/lib/python3.10/dist-packages/action_tutorials_interfaces-0.0.0-py3.10.egg-info/dependency_links.txt
[0.937s] -- Installing: /home/youssef/COROSOLS_WS/install/action_tutorials_interfaces/local/lib/python3.10/dist-packages/action_tutorials_interfaces-0.0.0-py3.10.egg-info/PKG-INFO
[0.938s] -- Installing: /home/youssef/COROSOLS_WS/install/action_tutorials_interfaces/local/lib/python3.10/dist-packages/action_tutorials_interfaces-0.0.0-py3.10.egg-info/top_level.txt
[0.938s] -- Installing: /home/youssef/COROSOLS_WS/install/action_tutorials_interfaces/local/lib/python3.10/dist-packages/action_tutorials_interfaces-0.0.0-py3.10.egg-info/SOURCES.txt
[0.938s] -- Up-to-date: /home/youssef/COROSOLS_WS/install/action_tutorials_interfaces/local/lib/python3.10/dist-packages/action_tutorials_interfaces
[0.939s] -- Up-to-date: /home/youssef/COROSOLS_WS/install/action_tutorials_interfaces/local/lib/python3.10/dist-packages/action_tutorials_interfaces/action_tutorials_interfaces_s__rosidl_typesupport_fastrtps_c.cpython-310-x86_64-linux-gnu.so
[0.939s] -- Up-to-date: /home/youssef/COROSOLS_WS/install/action_tutorials_interfaces/local/lib/python3.10/dist-packages/action_tutorials_interfaces/_action_tutorials_interfaces_s.ep.rosidl_typesupport_introspection_c.c
[0.939s] -- Up-to-date: /home/youssef/COROSOLS_WS/install/action_tutorials_interfaces/local/lib/python3.10/dist-packages/action_tutorials_interfaces/_action_tutorials_interfaces_s.ep.rosidl_typesupport_c.c
[0.939s] -- Up-to-date: /home/youssef/COROSOLS_WS/install/action_tutorials_interfaces/local/lib/python3.10/dist-packages/action_tutorials_interfaces/action_tutorials_interfaces_s__rosidl_typesupport_introspection_c.cpython-310-x86_64-linux-gnu.so
[0.939s] -- Up-to-date: /home/youssef/COROSOLS_WS/install/action_tutorials_interfaces/local/lib/python3.10/dist-packages/action_tutorials_interfaces/action_tutorials_interfaces_s__rosidl_typesupport_c.cpython-310-x86_64-linux-gnu.so
[0.939s] -- Up-to-date: /home/youssef/COROSOLS_WS/install/action_tutorials_interfaces/local/lib/python3.10/dist-packages/action_tutorials_interfaces/_action_tutorials_interfaces_s.ep.rosidl_typesupport_fastrtps_c.c
[0.940s] -- Up-to-date: /home/youssef/COROSOLS_WS/install/action_tutorials_interfaces/local/lib/python3.10/dist-packages/action_tutorials_interfaces/action
[0.940s] -- Up-to-date: /home/youssef/COROSOLS_WS/install/action_tutorials_interfaces/local/lib/python3.10/dist-packages/action_tutorials_interfaces/action/_fibonacci.py
[0.940s] -- Up-to-date: /home/youssef/COROSOLS_WS/install/action_tutorials_interfaces/local/lib/python3.10/dist-packages/action_tutorials_interfaces/action/_position.py
[0.940s] -- Up-to-date: /home/youssef/COROSOLS_WS/install/action_tutorials_interfaces/local/lib/python3.10/dist-packages/action_tutorials_interfaces/action/_fibonacci_s.c
[0.940s] -- Up-to-date: /home/youssef/COROSOLS_WS/install/action_tutorials_interfaces/local/lib/python3.10/dist-packages/action_tutorials_interfaces/action/_position_s.c
[0.940s] -- Up-to-date: /home/youssef/COROSOLS_WS/install/action_tutorials_interfaces/local/lib/python3.10/dist-packages/action_tutorials_interfaces/action/__init__.py
[0.941s] -- Up-to-date: /home/youssef/COROSOLS_WS/install/action_tutorials_interfaces/local/lib/python3.10/dist-packages/action_tutorials_interfaces/__init__.py
[0.941s] -- Up-to-date: /home/youssef/COROSOLS_WS/install/action_tutorials_interfaces/local/lib/python3.10/dist-packages/action_tutorials_interfaces/libaction_tutorials_interfaces__rosidl_generator_py.so
[1.004s] Listing '/home/youssef/COROSOLS_WS/install/action_tutorials_interfaces/local/lib/python3.10/dist-packages/action_tutorials_interfaces'...
[1.005s] Listing '/home/youssef/COROSOLS_WS/install/action_tutorials_interfaces/local/lib/python3.10/dist-packages/action_tutorials_interfaces/action'...
[1.006s] -- Up-to-date: /home/youssef/COROSOLS_WS/install/action_tutorials_interfaces/local/lib/python3.10/dist-packages/action_tutorials_interfaces/action_tutorials_interfaces_s__rosidl_typesupport_fastrtps_c.cpython-310-x86_64-linux-gnu.so
[1.006s] -- Up-to-date: /home/youssef/COROSOLS_WS/install/action_tutorials_interfaces/local/lib/python3.10/dist-packages/action_tutorials_interfaces/action_tutorials_interfaces_s__rosidl_typesupport_introspection_c.cpython-310-x86_64-linux-gnu.so
[1.006s] -- Up-to-date: /home/youssef/COROSOLS_WS/install/action_tutorials_interfaces/local/lib/python3.10/dist-packages/action_tutorials_interfaces/action_tutorials_interfaces_s__rosidl_typesupport_c.cpython-310-x86_64-linux-gnu.so
[1.006s] -- Up-to-date: /home/youssef/COROSOLS_WS/install/action_tutorials_interfaces/lib/libaction_tutorials_interfaces__rosidl_generator_py.so
[1.007s] -- Up-to-date: /home/youssef/COROSOLS_WS/install/action_tutorials_interfaces/share/action_tutorials_interfaces/action/Fibonacci.idl
[1.007s] -- Up-to-date: /home/youssef/COROSOLS_WS/install/action_tutorials_interfaces/share/action_tutorials_interfaces/action/Position.idl
[1.007s] -- Up-to-date: /home/youssef/COROSOLS_WS/install/action_tutorials_interfaces/share/action_tutorials_interfaces/action/Fibonacci.action
[1.007s] -- Up-to-date: /home/youssef/COROSOLS_WS/install/action_tutorials_interfaces/share/action_tutorials_interfaces/action/Position.action
[1.008s] -- Up-to-date: /home/youssef/COROSOLS_WS/install/action_tutorials_interfaces/share/ament_index/resource_index/package_run_dependencies/action_tutorials_interfaces
[1.008s] -- Up-to-date: /home/youssef/COROSOLS_WS/install/action_tutorials_interfaces/share/ament_index/resource_index/parent_prefix_path/action_tutorials_interfaces
[1.008s] -- Up-to-date: /home/youssef/COROSOLS_WS/install/action_tutorials_interfaces/share/action_tutorials_interfaces/environment/ament_prefix_path.sh
[1.008s] -- Up-to-date: /home/youssef/COROSOLS_WS/install/action_tutorials_interfaces/share/action_tutorials_interfaces/environment/ament_prefix_path.dsv
[1.009s] -- Up-to-date: /home/youssef/COROSOLS_WS/install/action_tutorials_interfaces/share/action_tutorials_interfaces/environment/path.sh
[1.009s] -- Up-to-date: /home/youssef/COROSOLS_WS/install/action_tutorials_interfaces/share/action_tutorials_interfaces/environment/path.dsv
[1.009s] -- Up-to-date: /home/youssef/COROSOLS_WS/install/action_tutorials_interfaces/share/action_tutorials_interfaces/local_setup.bash
[1.009s] -- Up-to-date: /home/youssef/COROSOLS_WS/install/action_tutorials_interfaces/share/action_tutorials_interfaces/local_setup.sh
[1.010s] -- Up-to-date: /home/youssef/COROSOLS_WS/install/action_tutorials_interfaces/share/action_tutorials_interfaces/local_setup.zsh
[1.010s] -- Up-to-date: /home/youssef/COROSOLS_WS/install/action_tutorials_interfaces/share/action_tutorials_interfaces/local_setup.dsv
[1.010s] -- Installing: /home/youssef/COROSOLS_WS/install/action_tutorials_interfaces/share/action_tutorials_interfaces/package.dsv
[1.010s] -- Up-to-date: /home/youssef/COROSOLS_WS/install/action_tutorials_interfaces/share/ament_index/resource_index/packages/action_tutorials_interfaces
[1.010s] -- Up-to-date: /home/youssef/COROSOLS_WS/install/action_tutorials_interfaces/share/action_tutorials_interfaces/cmake/export_action_tutorials_interfaces__rosidl_generator_cExport.cmake
[1.011s] -- Up-to-date: /home/youssef/COROSOLS_WS/install/action_tutorials_interfaces/share/action_tutorials_interfaces/cmake/export_action_tutorials_interfaces__rosidl_generator_cExport-noconfig.cmake
[1.011s] -- Up-to-date: /home/youssef/COROSOLS_WS/install/action_tutorials_interfaces/share/action_tutorials_interfaces/cmake/export_action_tutorials_interfaces__rosidl_typesupport_fastrtps_cExport.cmake
[1.011s] -- Up-to-date: /home/youssef/COROSOLS_WS/install/action_tutorials_interfaces/share/action_tutorials_interfaces/cmake/export_action_tutorials_interfaces__rosidl_typesupport_fastrtps_cExport-noconfig.cmake
[1.011s] -- Up-to-date: /home/youssef/COROSOLS_WS/install/action_tutorials_interfaces/share/action_tutorials_interfaces/cmake/action_tutorials_interfaces__rosidl_typesupport_introspection_cExport.cmake
[1.011s] -- Up-to-date: /home/youssef/COROSOLS_WS/install/action_tutorials_interfaces/share/action_tutorials_interfaces/cmake/action_tutorials_interfaces__rosidl_typesupport_introspection_cExport-noconfig.cmake
[1.011s] -- Up-to-date: /home/youssef/COROSOLS_WS/install/action_tutorials_interfaces/share/action_tutorials_interfaces/cmake/action_tutorials_interfaces__rosidl_typesupport_cExport.cmake
[1.012s] -- Up-to-date: /home/youssef/COROSOLS_WS/install/action_tutorials_interfaces/share/action_tutorials_interfaces/cmake/action_tutorials_interfaces__rosidl_typesupport_cExport-noconfig.cmake
[1.012s] -- Up-to-date: /home/youssef/COROSOLS_WS/install/action_tutorials_interfaces/share/action_tutorials_interfaces/cmake/export_action_tutorials_interfaces__rosidl_generator_cppExport.cmake
[1.012s] -- Up-to-date: /home/youssef/COROSOLS_WS/install/action_tutorials_interfaces/share/action_tutorials_interfaces/cmake/export_action_tutorials_interfaces__rosidl_typesupport_fastrtps_cppExport.cmake
[1.012s] -- Up-to-date: /home/youssef/COROSOLS_WS/install/action_tutorials_interfaces/share/action_tutorials_interfaces/cmake/export_action_tutorials_interfaces__rosidl_typesupport_fastrtps_cppExport-noconfig.cmake
[1.012s] -- Up-to-date: /home/youssef/COROSOLS_WS/install/action_tutorials_interfaces/share/action_tutorials_interfaces/cmake/action_tutorials_interfaces__rosidl_typesupport_introspection_cppExport.cmake
[1.012s] -- Up-to-date: /home/youssef/COROSOLS_WS/install/action_tutorials_interfaces/share/action_tutorials_interfaces/cmake/action_tutorials_interfaces__rosidl_typesupport_introspection_cppExport-noconfig.cmake
[1.013s] -- Up-to-date: /home/youssef/COROSOLS_WS/install/action_tutorials_interfaces/share/action_tutorials_interfaces/cmake/action_tutorials_interfaces__rosidl_typesupport_cppExport.cmake
[1.013s] -- Up-to-date: /home/youssef/COROSOLS_WS/install/action_tutorials_interfaces/share/action_tutorials_interfaces/cmake/action_tutorials_interfaces__rosidl_typesupport_cppExport-noconfig.cmake
[1.013s] -- Up-to-date: /home/youssef/COROSOLS_WS/install/action_tutorials_interfaces/share/action_tutorials_interfaces/cmake/export_action_tutorials_interfaces__rosidl_generator_pyExport.cmake
[1.013s] -- Up-to-date: /home/youssef/COROSOLS_WS/install/action_tutorials_interfaces/share/action_tutorials_interfaces/cmake/export_action_tutorials_interfaces__rosidl_generator_pyExport-noconfig.cmake
[1.013s] -- Up-to-date: /home/youssef/COROSOLS_WS/install/action_tutorials_interfaces/share/action_tutorials_interfaces/cmake/rosidl_cmake-extras.cmake
[1.014s] -- Up-to-date: /home/youssef/COROSOLS_WS/install/action_tutorials_interfaces/share/action_tutorials_interfaces/cmake/ament_cmake_export_dependencies-extras.cmake
[1.014s] -- Up-to-date: /home/youssef/COROSOLS_WS/install/action_tutorials_interfaces/share/action_tutorials_interfaces/cmake/ament_cmake_export_include_directories-extras.cmake
[1.014s] -- Up-to-date: /home/youssef/COROSOLS_WS/install/action_tutorials_interfaces/share/action_tutorials_interfaces/cmake/ament_cmake_export_libraries-extras.cmake
[1.014s] -- Up-to-date: /home/youssef/COROSOLS_WS/install/action_tutorials_interfaces/share/action_tutorials_interfaces/cmake/ament_cmake_export_targets-extras.cmake
[1.014s] -- Up-to-date: /home/youssef/COROSOLS_WS/install/action_tutorials_interfaces/share/action_tutorials_interfaces/cmake/rosidl_cmake_export_typesupport_targets-extras.cmake
[1.014s] -- Up-to-date: /home/youssef/COROSOLS_WS/install/action_tutorials_interfaces/share/action_tutorials_interfaces/cmake/rosidl_cmake_export_typesupport_libraries-extras.cmake
[1.015s] -- Up-to-date: /home/youssef/COROSOLS_WS/install/action_tutorials_interfaces/share/action_tutorials_interfaces/cmake/action_tutorials_interfacesConfig.cmake
[1.015s] -- Up-to-date: /home/youssef/COROSOLS_WS/install/action_tutorials_interfaces/share/action_tutorials_interfaces/cmake/action_tutorials_interfacesConfig-version.cmake
[1.015s] -- Up-to-date: /home/youssef/COROSOLS_WS/install/action_tutorials_interfaces/share/action_tutorials_interfaces/package.xml
[1.039s] Invoked command in '/home/youssef/COROSOLS_WS/build/action_tutorials_interfaces' returned '0': CMAKE_PREFIX_PATH=${CMAKE_PREFIX_PATH}:/home/youssef/COROSOLS_WS/install/corosols:/opt/ros/humble /usr/bin/cmake --install /home/youssef/COROSOLS_WS/build/action_tutorials_interfaces
