[0.016s] Invoking command in '/home/robot001/Desktop/Application/COROSOLS_WS/build/action_tutorials_interfaces': CMAKE_PREFIX_PATH=/opt/ros/humble /usr/bin/cmake --build /home/robot001/Desktop/Application/COROSOLS_WS/build/action_tutorials_interfaces -- -j16 -l16
[0.076s] [  2%] Built target action_tutorials_interfaces__cpp
[0.082s] [ 12%] Built target action_tutorials_interfaces__rosidl_generator_c
[0.091s] [ 12%] Built target ament_cmake_python_copy_action_tutorials_interfaces
[0.104s] [ 33%] Built target action_tutorials_interfaces__rosidl_typesupport_introspection_cpp
[0.104s] [ 33%] Built target action_tutorials_interfaces__rosidl_typesupport_cpp
[0.105s] [ 43%] Built target action_tutorials_interfaces__rosidl_typesupport_introspection_c
[0.106s] [ 53%] Built target action_tutorials_interfaces__rosidl_typesupport_fastrtps_cpp
[0.107s] [ 64%] Built target action_tutorials_interfaces__rosidl_typesupport_fastrtps_c
[0.108s] [ 74%] Built target action_tutorials_interfaces__rosidl_typesupport_c
[0.129s] [ 74%] Built target action_tutorials_interfaces
[0.147s] [ 76%] Built target action_tutorials_interfaces__py
[0.165s] [ 84%] Built target action_tutorials_interfaces__rosidl_generator_py
[0.183s] [ 94%] Built target action_tutorials_interfaces__rosidl_typesupport_fastrtps_c__pyext
[0.183s] [ 94%] Built target action_tutorials_interfaces__rosidl_typesupport_c__pyext
[0.183s] [100%] Built target action_tutorials_interfaces__rosidl_typesupport_introspection_c__pyext
[0.253s] running egg_info
[0.253s] writing action_tutorials_interfaces.egg-info/PKG-INFO
[0.253s] writing dependency_links to action_tutorials_interfaces.egg-info/dependency_links.txt
[0.253s] writing top-level names to action_tutorials_interfaces.egg-info/top_level.txt
[0.255s] reading manifest file 'action_tutorials_interfaces.egg-info/SOURCES.txt'
[0.255s] writing manifest file 'action_tutorials_interfaces.egg-info/SOURCES.txt'
[0.277s] [100%] Built target ament_cmake_python_build_action_tutorials_interfaces_egg
[0.285s] Invoked command in '/home/robot001/Desktop/Application/COROSOLS_WS/build/action_tutorials_interfaces' returned '0': CMAKE_PREFIX_PATH=/opt/ros/humble /usr/bin/cmake --build /home/robot001/Desktop/Application/COROSOLS_WS/build/action_tutorials_interfaces -- -j16 -l16
[0.292s] Invoking command in '/home/robot001/Desktop/Application/COROSOLS_WS/build/action_tutorials_interfaces': CMAKE_PREFIX_PATH=/opt/ros/humble /usr/bin/cmake --install /home/robot001/Desktop/Application/COROSOLS_WS/build/action_tutorials_interfaces
[0.297s] -- Install configuration: ""
[0.297s] -- Up-to-date: /home/robot001/Desktop/Application/COROSOLS_WS/install/action_tutorials_interfaces/share/ament_index/resource_index/rosidl_interfaces/action_tutorials_interfaces
[0.298s] -- Up-to-date: /home/robot001/Desktop/Application/COROSOLS_WS/install/action_tutorials_interfaces/include/action_tutorials_interfaces/action_tutorials_interfaces
[0.298s] -- Up-to-date: /home/robot001/Desktop/Application/COROSOLS_WS/install/action_tutorials_interfaces/include/action_tutorials_interfaces/action_tutorials_interfaces/action
[0.298s] -- Up-to-date: /home/robot001/Desktop/Application/COROSOLS_WS/install/action_tutorials_interfaces/include/action_tutorials_interfaces/action_tutorials_interfaces/action/position.h
[0.298s] -- Up-to-date: /home/robot001/Desktop/Application/COROSOLS_WS/install/action_tutorials_interfaces/include/action_tutorials_interfaces/action_tutorials_interfaces/action/detail
[0.298s] -- Up-to-date: /home/robot001/Desktop/Application/COROSOLS_WS/install/action_tutorials_interfaces/include/action_tutorials_interfaces/action_tutorials_interfaces/action/detail/position__struct.h
[0.298s] -- Up-to-date: /home/robot001/Desktop/Application/COROSOLS_WS/install/action_tutorials_interfaces/include/action_tutorials_interfaces/action_tutorials_interfaces/action/detail/position__type_support.h
[0.298s] -- Up-to-date: /home/robot001/Desktop/Application/COROSOLS_WS/install/action_tutorials_interfaces/include/action_tutorials_interfaces/action_tutorials_interfaces/action/detail/fibonacci__functions.h
[0.298s] -- Up-to-date: /home/robot001/Desktop/Application/COROSOLS_WS/install/action_tutorials_interfaces/include/action_tutorials_interfaces/action_tutorials_interfaces/action/detail/fibonacci__functions.c
[0.298s] -- Up-to-date: /home/robot001/Desktop/Application/COROSOLS_WS/install/action_tutorials_interfaces/include/action_tutorials_interfaces/action_tutorials_interfaces/action/detail/position__functions.c
[0.298s] -- Up-to-date: /home/robot001/Desktop/Application/COROSOLS_WS/install/action_tutorials_interfaces/include/action_tutorials_interfaces/action_tutorials_interfaces/action/detail/fibonacci__struct.h
[0.298s] -- Up-to-date: /home/robot001/Desktop/Application/COROSOLS_WS/install/action_tutorials_interfaces/include/action_tutorials_interfaces/action_tutorials_interfaces/action/detail/position__functions.h
[0.298s] -- Up-to-date: /home/robot001/Desktop/Application/COROSOLS_WS/install/action_tutorials_interfaces/include/action_tutorials_interfaces/action_tutorials_interfaces/action/detail/fibonacci__type_support.h
[0.298s] -- Up-to-date: /home/robot001/Desktop/Application/COROSOLS_WS/install/action_tutorials_interfaces/include/action_tutorials_interfaces/action_tutorials_interfaces/action/fibonacci.h
[0.298s] -- Up-to-date: /home/robot001/Desktop/Application/COROSOLS_WS/install/action_tutorials_interfaces/include/action_tutorials_interfaces/action_tutorials_interfaces/msg
[0.298s] -- Up-to-date: /home/robot001/Desktop/Application/COROSOLS_WS/install/action_tutorials_interfaces/include/action_tutorials_interfaces/action_tutorials_interfaces/msg/rosidl_generator_c__visibility_control.h
[0.298s] -- Up-to-date: /home/robot001/Desktop/Application/COROSOLS_WS/install/action_tutorials_interfaces/share/action_tutorials_interfaces/environment/library_path.sh
[0.298s] -- Up-to-date: /home/robot001/Desktop/Application/COROSOLS_WS/install/action_tutorials_interfaces/share/action_tutorials_interfaces/environment/library_path.dsv
[0.299s] -- Up-to-date: /home/robot001/Desktop/Application/COROSOLS_WS/install/action_tutorials_interfaces/lib/libaction_tutorials_interfaces__rosidl_generator_c.so
[0.299s] -- Up-to-date: /home/robot001/Desktop/Application/COROSOLS_WS/install/action_tutorials_interfaces/include/action_tutorials_interfaces/action_tutorials_interfaces
[0.299s] -- Up-to-date: /home/robot001/Desktop/Application/COROSOLS_WS/install/action_tutorials_interfaces/include/action_tutorials_interfaces/action_tutorials_interfaces/action
[0.299s] -- Up-to-date: /home/robot001/Desktop/Application/COROSOLS_WS/install/action_tutorials_interfaces/include/action_tutorials_interfaces/action_tutorials_interfaces/action/detail
[0.299s] -- Up-to-date: /home/robot001/Desktop/Application/COROSOLS_WS/install/action_tutorials_interfaces/include/action_tutorials_interfaces/action_tutorials_interfaces/action/detail/fibonacci__rosidl_typesupport_fastrtps_c.h
[0.299s] -- Up-to-date: /home/robot001/Desktop/Application/COROSOLS_WS/install/action_tutorials_interfaces/include/action_tutorials_interfaces/action_tutorials_interfaces/action/detail/position__rosidl_typesupport_fastrtps_c.h
[0.299s] -- Up-to-date: /home/robot001/Desktop/Application/COROSOLS_WS/install/action_tutorials_interfaces/include/action_tutorials_interfaces/action_tutorials_interfaces/msg
[0.299s] -- Up-to-date: /home/robot001/Desktop/Application/COROSOLS_WS/install/action_tutorials_interfaces/include/action_tutorials_interfaces/action_tutorials_interfaces/msg/rosidl_typesupport_fastrtps_c__visibility_control.h
[0.300s] -- Up-to-date: /home/robot001/Desktop/Application/COROSOLS_WS/install/action_tutorials_interfaces/lib/libaction_tutorials_interfaces__rosidl_typesupport_fastrtps_c.so
[0.300s] -- Up-to-date: /home/robot001/Desktop/Application/COROSOLS_WS/install/action_tutorials_interfaces/include/action_tutorials_interfaces/action_tutorials_interfaces
[0.300s] -- Up-to-date: /home/robot001/Desktop/Application/COROSOLS_WS/install/action_tutorials_interfaces/include/action_tutorials_interfaces/action_tutorials_interfaces/action
[0.300s] -- Up-to-date: /home/robot001/Desktop/Application/COROSOLS_WS/install/action_tutorials_interfaces/include/action_tutorials_interfaces/action_tutorials_interfaces/action/detail
[0.300s] -- Up-to-date: /home/robot001/Desktop/Application/COROSOLS_WS/install/action_tutorials_interfaces/include/action_tutorials_interfaces/action_tutorials_interfaces/action/detail/position__rosidl_typesupport_introspection_c.h
[0.300s] -- Up-to-date: /home/robot001/Desktop/Application/COROSOLS_WS/install/action_tutorials_interfaces/include/action_tutorials_interfaces/action_tutorials_interfaces/action/detail/position__type_support.c
[0.300s] -- Up-to-date: /home/robot001/Desktop/Application/COROSOLS_WS/install/action_tutorials_interfaces/include/action_tutorials_interfaces/action_tutorials_interfaces/action/detail/fibonacci__rosidl_typesupport_introspection_c.h
[0.300s] -- Up-to-date: /home/robot001/Desktop/Application/COROSOLS_WS/install/action_tutorials_interfaces/include/action_tutorials_interfaces/action_tutorials_interfaces/action/detail/fibonacci__type_support.c
[0.300s] -- Up-to-date: /home/robot001/Desktop/Application/COROSOLS_WS/install/action_tutorials_interfaces/include/action_tutorials_interfaces/action_tutorials_interfaces/msg
[0.301s] -- Up-to-date: /home/robot001/Desktop/Application/COROSOLS_WS/install/action_tutorials_interfaces/include/action_tutorials_interfaces/action_tutorials_interfaces/msg/rosidl_typesupport_introspection_c__visibility_control.h
[0.302s] -- Up-to-date: /home/robot001/Desktop/Application/COROSOLS_WS/install/action_tutorials_interfaces/lib/libaction_tutorials_interfaces__rosidl_typesupport_introspection_c.so
[0.302s] -- Up-to-date: /home/robot001/Desktop/Application/COROSOLS_WS/install/action_tutorials_interfaces/lib/libaction_tutorials_interfaces__rosidl_typesupport_c.so
[0.302s] -- Up-to-date: /home/robot001/Desktop/Application/COROSOLS_WS/install/action_tutorials_interfaces/include/action_tutorials_interfaces/action_tutorials_interfaces
[0.302s] -- Up-to-date: /home/robot001/Desktop/Application/COROSOLS_WS/install/action_tutorials_interfaces/include/action_tutorials_interfaces/action_tutorials_interfaces/action
[0.302s] -- Up-to-date: /home/robot001/Desktop/Application/COROSOLS_WS/install/action_tutorials_interfaces/include/action_tutorials_interfaces/action_tutorials_interfaces/action/detail
[0.303s] -- Up-to-date: /home/robot001/Desktop/Application/COROSOLS_WS/install/action_tutorials_interfaces/include/action_tutorials_interfaces/action_tutorials_interfaces/action/detail/position__struct.hpp
[0.303s] -- Up-to-date: /home/robot001/Desktop/Application/COROSOLS_WS/install/action_tutorials_interfaces/include/action_tutorials_interfaces/action_tutorials_interfaces/action/detail/position__builder.hpp
[0.303s] -- Up-to-date: /home/robot001/Desktop/Application/COROSOLS_WS/install/action_tutorials_interfaces/include/action_tutorials_interfaces/action_tutorials_interfaces/action/detail/fibonacci__traits.hpp
[0.303s] -- Up-to-date: /home/robot001/Desktop/Application/COROSOLS_WS/install/action_tutorials_interfaces/include/action_tutorials_interfaces/action_tutorials_interfaces/action/detail/position__traits.hpp
[0.303s] -- Up-to-date: /home/robot001/Desktop/Application/COROSOLS_WS/install/action_tutorials_interfaces/include/action_tutorials_interfaces/action_tutorials_interfaces/action/detail/fibonacci__type_support.hpp
[0.303s] -- Up-to-date: /home/robot001/Desktop/Application/COROSOLS_WS/install/action_tutorials_interfaces/include/action_tutorials_interfaces/action_tutorials_interfaces/action/detail/fibonacci__struct.hpp
[0.303s] -- Up-to-date: /home/robot001/Desktop/Application/COROSOLS_WS/install/action_tutorials_interfaces/include/action_tutorials_interfaces/action_tutorials_interfaces/action/detail/fibonacci__builder.hpp
[0.303s] -- Up-to-date: /home/robot001/Desktop/Application/COROSOLS_WS/install/action_tutorials_interfaces/include/action_tutorials_interfaces/action_tutorials_interfaces/action/detail/position__type_support.hpp
[0.303s] -- Up-to-date: /home/robot001/Desktop/Application/COROSOLS_WS/install/action_tutorials_interfaces/include/action_tutorials_interfaces/action_tutorials_interfaces/action/position.hpp
[0.303s] -- Up-to-date: /home/robot001/Desktop/Application/COROSOLS_WS/install/action_tutorials_interfaces/include/action_tutorials_interfaces/action_tutorials_interfaces/action/fibonacci.hpp
[0.303s] -- Up-to-date: /home/robot001/Desktop/Application/COROSOLS_WS/install/action_tutorials_interfaces/include/action_tutorials_interfaces/action_tutorials_interfaces/msg
[0.303s] -- Up-to-date: /home/robot001/Desktop/Application/COROSOLS_WS/install/action_tutorials_interfaces/include/action_tutorials_interfaces/action_tutorials_interfaces/msg/rosidl_generator_cpp__visibility_control.hpp
[0.303s] -- Up-to-date: /home/robot001/Desktop/Application/COROSOLS_WS/install/action_tutorials_interfaces/include/action_tutorials_interfaces/action_tutorials_interfaces
[0.303s] -- Up-to-date: /home/robot001/Desktop/Application/COROSOLS_WS/install/action_tutorials_interfaces/include/action_tutorials_interfaces/action_tutorials_interfaces/action
[0.303s] -- Up-to-date: /home/robot001/Desktop/Application/COROSOLS_WS/install/action_tutorials_interfaces/include/action_tutorials_interfaces/action_tutorials_interfaces/action/detail
[0.303s] -- Up-to-date: /home/robot001/Desktop/Application/COROSOLS_WS/install/action_tutorials_interfaces/include/action_tutorials_interfaces/action_tutorials_interfaces/action/detail/position__rosidl_typesupport_fastrtps_cpp.hpp
[0.303s] -- Up-to-date: /home/robot001/Desktop/Application/COROSOLS_WS/install/action_tutorials_interfaces/include/action_tutorials_interfaces/action_tutorials_interfaces/action/detail/fibonacci__rosidl_typesupport_fastrtps_cpp.hpp
[0.303s] -- Up-to-date: /home/robot001/Desktop/Application/COROSOLS_WS/install/action_tutorials_interfaces/include/action_tutorials_interfaces/action_tutorials_interfaces/action/detail/dds_fastrtps
[0.303s] -- Up-to-date: /home/robot001/Desktop/Application/COROSOLS_WS/install/action_tutorials_interfaces/include/action_tutorials_interfaces/action_tutorials_interfaces/msg
[0.304s] -- Up-to-date: /home/robot001/Desktop/Application/COROSOLS_WS/install/action_tutorials_interfaces/include/action_tutorials_interfaces/action_tutorials_interfaces/msg/rosidl_typesupport_fastrtps_cpp__visibility_control.h
[0.304s] -- Up-to-date: /home/robot001/Desktop/Application/COROSOLS_WS/install/action_tutorials_interfaces/lib/libaction_tutorials_interfaces__rosidl_typesupport_fastrtps_cpp.so
[0.304s] -- Up-to-date: /home/robot001/Desktop/Application/COROSOLS_WS/install/action_tutorials_interfaces/include/action_tutorials_interfaces/action_tutorials_interfaces
[0.305s] -- Up-to-date: /home/robot001/Desktop/Application/COROSOLS_WS/install/action_tutorials_interfaces/include/action_tutorials_interfaces/action_tutorials_interfaces/action
[0.305s] -- Up-to-date: /home/robot001/Desktop/Application/COROSOLS_WS/install/action_tutorials_interfaces/include/action_tutorials_interfaces/action_tutorials_interfaces/action/detail
[0.305s] -- Up-to-date: /home/robot001/Desktop/Application/COROSOLS_WS/install/action_tutorials_interfaces/include/action_tutorials_interfaces/action_tutorials_interfaces/action/detail/fibonacci__type_support.cpp
[0.305s] -- Up-to-date: /home/robot001/Desktop/Application/COROSOLS_WS/install/action_tutorials_interfaces/include/action_tutorials_interfaces/action_tutorials_interfaces/action/detail/fibonacci__rosidl_typesupport_introspection_cpp.hpp
[0.305s] -- Up-to-date: /home/robot001/Desktop/Application/COROSOLS_WS/install/action_tutorials_interfaces/include/action_tutorials_interfaces/action_tutorials_interfaces/action/detail/position__type_support.cpp
[0.305s] -- Up-to-date: /home/robot001/Desktop/Application/COROSOLS_WS/install/action_tutorials_interfaces/include/action_tutorials_interfaces/action_tutorials_interfaces/action/detail/position__rosidl_typesupport_introspection_cpp.hpp
[0.305s] -- Up-to-date: /home/robot001/Desktop/Application/COROSOLS_WS/install/action_tutorials_interfaces/lib/libaction_tutorials_interfaces__rosidl_typesupport_introspection_cpp.so
[0.306s] -- Up-to-date: /home/robot001/Desktop/Application/COROSOLS_WS/install/action_tutorials_interfaces/lib/libaction_tutorials_interfaces__rosidl_typesupport_cpp.so
[0.306s] -- Up-to-date: /home/robot001/Desktop/Application/COROSOLS_WS/install/action_tutorials_interfaces/share/action_tutorials_interfaces/environment/pythonpath.sh
[0.306s] -- Up-to-date: /home/robot001/Desktop/Application/COROSOLS_WS/install/action_tutorials_interfaces/share/action_tutorials_interfaces/environment/pythonpath.dsv
[0.306s] -- Up-to-date: /home/robot001/Desktop/Application/COROSOLS_WS/install/action_tutorials_interfaces/local/lib/python3.10/dist-packages/action_tutorials_interfaces-0.0.0-py3.10.egg-info
[0.307s] -- Installing: /home/robot001/Desktop/Application/COROSOLS_WS/install/action_tutorials_interfaces/local/lib/python3.10/dist-packages/action_tutorials_interfaces-0.0.0-py3.10.egg-info/SOURCES.txt
[0.307s] -- Installing: /home/robot001/Desktop/Application/COROSOLS_WS/install/action_tutorials_interfaces/local/lib/python3.10/dist-packages/action_tutorials_interfaces-0.0.0-py3.10.egg-info/PKG-INFO
[0.307s] -- Installing: /home/robot001/Desktop/Application/COROSOLS_WS/install/action_tutorials_interfaces/local/lib/python3.10/dist-packages/action_tutorials_interfaces-0.0.0-py3.10.egg-info/top_level.txt
[0.307s] -- Installing: /home/robot001/Desktop/Application/COROSOLS_WS/install/action_tutorials_interfaces/local/lib/python3.10/dist-packages/action_tutorials_interfaces-0.0.0-py3.10.egg-info/dependency_links.txt
[0.307s] -- Up-to-date: /home/robot001/Desktop/Application/COROSOLS_WS/install/action_tutorials_interfaces/local/lib/python3.10/dist-packages/action_tutorials_interfaces
[0.308s] -- Up-to-date: /home/robot001/Desktop/Application/COROSOLS_WS/install/action_tutorials_interfaces/local/lib/python3.10/dist-packages/action_tutorials_interfaces/_action_tutorials_interfaces_s.ep.rosidl_typesupport_introspection_c.c
[0.308s] -- Up-to-date: /home/robot001/Desktop/Application/COROSOLS_WS/install/action_tutorials_interfaces/local/lib/python3.10/dist-packages/action_tutorials_interfaces/_action_tutorials_interfaces_s.ep.rosidl_typesupport_c.c
[0.308s] -- Up-to-date: /home/robot001/Desktop/Application/COROSOLS_WS/install/action_tutorials_interfaces/local/lib/python3.10/dist-packages/action_tutorials_interfaces/__init__.py
[0.308s] -- Up-to-date: /home/robot001/Desktop/Application/COROSOLS_WS/install/action_tutorials_interfaces/local/lib/python3.10/dist-packages/action_tutorials_interfaces/action_tutorials_interfaces_s__rosidl_typesupport_c.cpython-310-x86_64-linux-gnu.so
[0.308s] -- Up-to-date: /home/robot001/Desktop/Application/COROSOLS_WS/install/action_tutorials_interfaces/local/lib/python3.10/dist-packages/action_tutorials_interfaces/action
[0.308s] -- Up-to-date: /home/robot001/Desktop/Application/COROSOLS_WS/install/action_tutorials_interfaces/local/lib/python3.10/dist-packages/action_tutorials_interfaces/action/_fibonacci_s.c
[0.308s] -- Up-to-date: /home/robot001/Desktop/Application/COROSOLS_WS/install/action_tutorials_interfaces/local/lib/python3.10/dist-packages/action_tutorials_interfaces/action/_position_s.c
[0.308s] -- Up-to-date: /home/robot001/Desktop/Application/COROSOLS_WS/install/action_tutorials_interfaces/local/lib/python3.10/dist-packages/action_tutorials_interfaces/action/__init__.py
[0.308s] -- Up-to-date: /home/robot001/Desktop/Application/COROSOLS_WS/install/action_tutorials_interfaces/local/lib/python3.10/dist-packages/action_tutorials_interfaces/action/_fibonacci.py
[0.309s] -- Up-to-date: /home/robot001/Desktop/Application/COROSOLS_WS/install/action_tutorials_interfaces/local/lib/python3.10/dist-packages/action_tutorials_interfaces/action/_position.py
[0.309s] -- Up-to-date: /home/robot001/Desktop/Application/COROSOLS_WS/install/action_tutorials_interfaces/local/lib/python3.10/dist-packages/action_tutorials_interfaces/libaction_tutorials_interfaces__rosidl_generator_py.so
[0.309s] -- Up-to-date: /home/robot001/Desktop/Application/COROSOLS_WS/install/action_tutorials_interfaces/local/lib/python3.10/dist-packages/action_tutorials_interfaces/_action_tutorials_interfaces_s.ep.rosidl_typesupport_fastrtps_c.c
[0.309s] -- Up-to-date: /home/robot001/Desktop/Application/COROSOLS_WS/install/action_tutorials_interfaces/local/lib/python3.10/dist-packages/action_tutorials_interfaces/action_tutorials_interfaces_s__rosidl_typesupport_fastrtps_c.cpython-310-x86_64-linux-gnu.so
[0.309s] -- Up-to-date: /home/robot001/Desktop/Application/COROSOLS_WS/install/action_tutorials_interfaces/local/lib/python3.10/dist-packages/action_tutorials_interfaces/action_tutorials_interfaces_s__rosidl_typesupport_introspection_c.cpython-310-x86_64-linux-gnu.so
[0.328s] Listing '/home/robot001/Desktop/Application/COROSOLS_WS/install/action_tutorials_interfaces/local/lib/python3.10/dist-packages/action_tutorials_interfaces'...
[0.328s] Listing '/home/robot001/Desktop/Application/COROSOLS_WS/install/action_tutorials_interfaces/local/lib/python3.10/dist-packages/action_tutorials_interfaces/action'...
[0.333s] -- Up-to-date: /home/robot001/Desktop/Application/COROSOLS_WS/install/action_tutorials_interfaces/local/lib/python3.10/dist-packages/action_tutorials_interfaces/action_tutorials_interfaces_s__rosidl_typesupport_fastrtps_c.cpython-310-x86_64-linux-gnu.so
[0.333s] -- Up-to-date: /home/robot001/Desktop/Application/COROSOLS_WS/install/action_tutorials_interfaces/local/lib/python3.10/dist-packages/action_tutorials_interfaces/action_tutorials_interfaces_s__rosidl_typesupport_introspection_c.cpython-310-x86_64-linux-gnu.so
[0.334s] -- Up-to-date: /home/robot001/Desktop/Application/COROSOLS_WS/install/action_tutorials_interfaces/local/lib/python3.10/dist-packages/action_tutorials_interfaces/action_tutorials_interfaces_s__rosidl_typesupport_c.cpython-310-x86_64-linux-gnu.so
[0.334s] -- Up-to-date: /home/robot001/Desktop/Application/COROSOLS_WS/install/action_tutorials_interfaces/lib/libaction_tutorials_interfaces__rosidl_generator_py.so
[0.334s] -- Up-to-date: /home/robot001/Desktop/Application/COROSOLS_WS/install/action_tutorials_interfaces/share/action_tutorials_interfaces/action/Fibonacci.idl
[0.334s] -- Up-to-date: /home/robot001/Desktop/Application/COROSOLS_WS/install/action_tutorials_interfaces/share/action_tutorials_interfaces/action/Position.idl
[0.334s] -- Up-to-date: /home/robot001/Desktop/Application/COROSOLS_WS/install/action_tutorials_interfaces/share/action_tutorials_interfaces/action/Fibonacci.action
[0.334s] -- Up-to-date: /home/robot001/Desktop/Application/COROSOLS_WS/install/action_tutorials_interfaces/share/action_tutorials_interfaces/action/Position.action
[0.334s] -- Up-to-date: /home/robot001/Desktop/Application/COROSOLS_WS/install/action_tutorials_interfaces/share/ament_index/resource_index/package_run_dependencies/action_tutorials_interfaces
[0.334s] -- Up-to-date: /home/robot001/Desktop/Application/COROSOLS_WS/install/action_tutorials_interfaces/share/ament_index/resource_index/parent_prefix_path/action_tutorials_interfaces
[0.334s] -- Up-to-date: /home/robot001/Desktop/Application/COROSOLS_WS/install/action_tutorials_interfaces/share/action_tutorials_interfaces/environment/ament_prefix_path.sh
[0.334s] -- Up-to-date: /home/robot001/Desktop/Application/COROSOLS_WS/install/action_tutorials_interfaces/share/action_tutorials_interfaces/environment/ament_prefix_path.dsv
[0.334s] -- Up-to-date: /home/robot001/Desktop/Application/COROSOLS_WS/install/action_tutorials_interfaces/share/action_tutorials_interfaces/environment/path.sh
[0.335s] -- Up-to-date: /home/robot001/Desktop/Application/COROSOLS_WS/install/action_tutorials_interfaces/share/action_tutorials_interfaces/environment/path.dsv
[0.335s] -- Up-to-date: /home/robot001/Desktop/Application/COROSOLS_WS/install/action_tutorials_interfaces/share/action_tutorials_interfaces/local_setup.bash
[0.335s] -- Up-to-date: /home/robot001/Desktop/Application/COROSOLS_WS/install/action_tutorials_interfaces/share/action_tutorials_interfaces/local_setup.sh
[0.335s] -- Up-to-date: /home/robot001/Desktop/Application/COROSOLS_WS/install/action_tutorials_interfaces/share/action_tutorials_interfaces/local_setup.zsh
[0.335s] -- Up-to-date: /home/robot001/Desktop/Application/COROSOLS_WS/install/action_tutorials_interfaces/share/action_tutorials_interfaces/local_setup.dsv
[0.335s] -- Installing: /home/robot001/Desktop/Application/COROSOLS_WS/install/action_tutorials_interfaces/share/action_tutorials_interfaces/package.dsv
[0.335s] -- Up-to-date: /home/robot001/Desktop/Application/COROSOLS_WS/install/action_tutorials_interfaces/share/ament_index/resource_index/packages/action_tutorials_interfaces
[0.335s] -- Up-to-date: /home/robot001/Desktop/Application/COROSOLS_WS/install/action_tutorials_interfaces/share/action_tutorials_interfaces/cmake/export_action_tutorials_interfaces__rosidl_generator_cExport.cmake
[0.335s] -- Up-to-date: /home/robot001/Desktop/Application/COROSOLS_WS/install/action_tutorials_interfaces/share/action_tutorials_interfaces/cmake/export_action_tutorials_interfaces__rosidl_generator_cExport-noconfig.cmake
[0.335s] -- Up-to-date: /home/robot001/Desktop/Application/COROSOLS_WS/install/action_tutorials_interfaces/share/action_tutorials_interfaces/cmake/export_action_tutorials_interfaces__rosidl_typesupport_fastrtps_cExport.cmake
[0.335s] -- Up-to-date: /home/robot001/Desktop/Application/COROSOLS_WS/install/action_tutorials_interfaces/share/action_tutorials_interfaces/cmake/export_action_tutorials_interfaces__rosidl_typesupport_fastrtps_cExport-noconfig.cmake
[0.336s] -- Up-to-date: /home/robot001/Desktop/Application/COROSOLS_WS/install/action_tutorials_interfaces/share/action_tutorials_interfaces/cmake/action_tutorials_interfaces__rosidl_typesupport_introspection_cExport.cmake
[0.336s] -- Up-to-date: /home/robot001/Desktop/Application/COROSOLS_WS/install/action_tutorials_interfaces/share/action_tutorials_interfaces/cmake/action_tutorials_interfaces__rosidl_typesupport_introspection_cExport-noconfig.cmake
[0.336s] -- Up-to-date: /home/robot001/Desktop/Application/COROSOLS_WS/install/action_tutorials_interfaces/share/action_tutorials_interfaces/cmake/action_tutorials_interfaces__rosidl_typesupport_cExport.cmake
[0.336s] -- Up-to-date: /home/robot001/Desktop/Application/COROSOLS_WS/install/action_tutorials_interfaces/share/action_tutorials_interfaces/cmake/action_tutorials_interfaces__rosidl_typesupport_cExport-noconfig.cmake
[0.336s] -- Up-to-date: /home/robot001/Desktop/Application/COROSOLS_WS/install/action_tutorials_interfaces/share/action_tutorials_interfaces/cmake/export_action_tutorials_interfaces__rosidl_generator_cppExport.cmake
[0.336s] -- Up-to-date: /home/robot001/Desktop/Application/COROSOLS_WS/install/action_tutorials_interfaces/share/action_tutorials_interfaces/cmake/export_action_tutorials_interfaces__rosidl_typesupport_fastrtps_cppExport.cmake
[0.336s] -- Up-to-date: /home/robot001/Desktop/Application/COROSOLS_WS/install/action_tutorials_interfaces/share/action_tutorials_interfaces/cmake/export_action_tutorials_interfaces__rosidl_typesupport_fastrtps_cppExport-noconfig.cmake
[0.336s] -- Up-to-date: /home/robot001/Desktop/Application/COROSOLS_WS/install/action_tutorials_interfaces/share/action_tutorials_interfaces/cmake/action_tutorials_interfaces__rosidl_typesupport_introspection_cppExport.cmake
[0.336s] -- Up-to-date: /home/robot001/Desktop/Application/COROSOLS_WS/install/action_tutorials_interfaces/share/action_tutorials_interfaces/cmake/action_tutorials_interfaces__rosidl_typesupport_introspection_cppExport-noconfig.cmake
[0.337s] -- Up-to-date: /home/robot001/Desktop/Application/COROSOLS_WS/install/action_tutorials_interfaces/share/action_tutorials_interfaces/cmake/action_tutorials_interfaces__rosidl_typesupport_cppExport.cmake
[0.337s] -- Up-to-date: /home/robot001/Desktop/Application/COROSOLS_WS/install/action_tutorials_interfaces/share/action_tutorials_interfaces/cmake/action_tutorials_interfaces__rosidl_typesupport_cppExport-noconfig.cmake
[0.337s] -- Up-to-date: /home/robot001/Desktop/Application/COROSOLS_WS/install/action_tutorials_interfaces/share/action_tutorials_interfaces/cmake/export_action_tutorials_interfaces__rosidl_generator_pyExport.cmake
[0.337s] -- Up-to-date: /home/robot001/Desktop/Application/COROSOLS_WS/install/action_tutorials_interfaces/share/action_tutorials_interfaces/cmake/export_action_tutorials_interfaces__rosidl_generator_pyExport-noconfig.cmake
[0.337s] -- Up-to-date: /home/robot001/Desktop/Application/COROSOLS_WS/install/action_tutorials_interfaces/share/action_tutorials_interfaces/cmake/rosidl_cmake-extras.cmake
[0.337s] -- Up-to-date: /home/robot001/Desktop/Application/COROSOLS_WS/install/action_tutorials_interfaces/share/action_tutorials_interfaces/cmake/ament_cmake_export_dependencies-extras.cmake
[0.337s] -- Up-to-date: /home/robot001/Desktop/Application/COROSOLS_WS/install/action_tutorials_interfaces/share/action_tutorials_interfaces/cmake/ament_cmake_export_include_directories-extras.cmake
[0.337s] -- Up-to-date: /home/robot001/Desktop/Application/COROSOLS_WS/install/action_tutorials_interfaces/share/action_tutorials_interfaces/cmake/ament_cmake_export_libraries-extras.cmake
[0.337s] -- Up-to-date: /home/robot001/Desktop/Application/COROSOLS_WS/install/action_tutorials_interfaces/share/action_tutorials_interfaces/cmake/ament_cmake_export_targets-extras.cmake
[0.337s] -- Up-to-date: /home/robot001/Desktop/Application/COROSOLS_WS/install/action_tutorials_interfaces/share/action_tutorials_interfaces/cmake/rosidl_cmake_export_typesupport_targets-extras.cmake
[0.337s] -- Up-to-date: /home/robot001/Desktop/Application/COROSOLS_WS/install/action_tutorials_interfaces/share/action_tutorials_interfaces/cmake/rosidl_cmake_export_typesupport_libraries-extras.cmake
[0.337s] -- Up-to-date: /home/robot001/Desktop/Application/COROSOLS_WS/install/action_tutorials_interfaces/share/action_tutorials_interfaces/cmake/action_tutorials_interfacesConfig.cmake
[0.338s] -- Up-to-date: /home/robot001/Desktop/Application/COROSOLS_WS/install/action_tutorials_interfaces/share/action_tutorials_interfaces/cmake/action_tutorials_interfacesConfig-version.cmake
[0.338s] -- Up-to-date: /home/robot001/Desktop/Application/COROSOLS_WS/install/action_tutorials_interfaces/share/action_tutorials_interfaces/package.xml
[0.339s] Invoked command in '/home/robot001/Desktop/Application/COROSOLS_WS/build/action_tutorials_interfaces' returned '0': CMAKE_PREFIX_PATH=/opt/ros/humble /usr/bin/cmake --install /home/robot001/Desktop/Application/COROSOLS_WS/build/action_tutorials_interfaces
