[1.011s] Invoking command in '/home/youssef/COROSOLS_WS/src/corosols': CMAKE_PREFIX_PATH=/home/youssef/COROSOLS_WS/install/custom_interfaces:/home/youssef/COROSOLS_WS/install/action_tutorials_interfaces:/home/youssef/COROSOLS_WS/install/marvelmind_ros2:/home/youssef/COROSOLS_WS/install/marvelmind_ros2_msgs LD_LIBRARY_PATH=/home/youssef/COROSOLS_WS/install/custom_interfaces/lib:/home/youssef/COROSOLS_WS/install/action_tutorials_interfaces/lib:/home/youssef/COROSOLS_WS/install/marvelmind_ros2_msgs/lib:/opt/ros/humble/opt/rviz_ogre_vendor/lib:/opt/ros/humble/lib/x86_64-linux-gnu:/opt/ros/humble/lib PYTHONPATH=/home/youssef/COROSOLS_WS/build/corosols/prefix_override:/usr/lib/python3/dist-packages/colcon_core/task/python/colcon_distutils_commands:/home/youssef/COROSOLS_WS/install/corosols/lib/python3.10/site-packages:${PYTHONPATH} /usr/bin/python3 -W ignore:setup.py install is deprecated setup.py egg_info --egg-base ../../build/corosols build --build-base /home/youssef/COROSOLS_WS/build/corosols/build install --record /home/youssef/COROSOLS_WS/build/corosols/install.log --single-version-externally-managed install_data
[1.418s] running egg_info
[1.419s] writing ../../build/corosols/corosols.egg-info/PKG-INFO
[1.419s] writing dependency_links to ../../build/corosols/corosols.egg-info/dependency_links.txt
[1.419s] writing entry points to ../../build/corosols/corosols.egg-info/entry_points.txt
[1.420s] writing requirements to ../../build/corosols/corosols.egg-info/requires.txt
[1.420s] writing top-level names to ../../build/corosols/corosols.egg-info/top_level.txt
[1.423s] reading manifest file '../../build/corosols/corosols.egg-info/SOURCES.txt'
[1.424s] writing manifest file '../../build/corosols/corosols.egg-info/SOURCES.txt'
[1.424s] running build
[1.424s] running build_py
[1.425s] running install
[1.426s] running install_lib
[1.428s] running install_data
[1.429s] running install_egg_info
[1.431s] removing '/home/youssef/COROSOLS_WS/install/corosols/lib/python3.10/site-packages/corosols-0.0.0-py3.10.egg-info' (and everything under it)
[1.431s] Copying ../../build/corosols/corosols.egg-info to /home/youssef/COROSOLS_WS/install/corosols/lib/python3.10/site-packages/corosols-0.0.0-py3.10.egg-info
[1.433s] running install_scripts
[1.461s] Installing input_client script to /home/youssef/COROSOLS_WS/install/corosols/lib/corosols
[1.462s] Installing pose_broadcaster script to /home/youssef/COROSOLS_WS/install/corosols/lib/corosols
[1.462s] Installing robot_speeds script to /home/youssef/COROSOLS_WS/install/corosols/lib/corosols
[1.462s] Installing serial script to /home/youssef/COROSOLS_WS/install/corosols/lib/corosols
[1.463s] writing list of installed files to '/home/youssef/COROSOLS_WS/build/corosols/install.log'
[1.501s] Invoked command in '/home/youssef/COROSOLS_WS/src/corosols' returned '0': CMAKE_PREFIX_PATH=/home/youssef/COROSOLS_WS/install/custom_interfaces:/home/youssef/COROSOLS_WS/install/action_tutorials_interfaces:/home/youssef/COROSOLS_WS/install/marvelmind_ros2:/home/youssef/COROSOLS_WS/install/marvelmind_ros2_msgs LD_LIBRARY_PATH=/home/youssef/COROSOLS_WS/install/custom_interfaces/lib:/home/youssef/COROSOLS_WS/install/action_tutorials_interfaces/lib:/home/youssef/COROSOLS_WS/install/marvelmind_ros2_msgs/lib:/opt/ros/humble/opt/rviz_ogre_vendor/lib:/opt/ros/humble/lib/x86_64-linux-gnu:/opt/ros/humble/lib PYTHONPATH=/home/youssef/COROSOLS_WS/build/corosols/prefix_override:/usr/lib/python3/dist-packages/colcon_core/task/python/colcon_distutils_commands:/home/youssef/COROSOLS_WS/install/corosols/lib/python3.10/site-packages:${PYTHONPATH} /usr/bin/python3 -W ignore:setup.py install is deprecated setup.py egg_info --egg-base ../../build/corosols build --build-base /home/youssef/COROSOLS_WS/build/corosols/build install --record /home/youssef/COROSOLS_WS/build/corosols/install.log --single-version-externally-managed install_data
