[0.020s] Invoking command in '/home/hamzalegion/COROSOLS_WS/build/action_tutorials_interfaces': CMAKE_PREFIX_PATH=${CMAKE_PREFIX_PATH}:/home/hamzalegion/COROSOLS_WS/install/corosols:/opt/ros/humble /usr/bin/cmake --build /home/hamzalegion/COROSOLS_WS/build/action_tutorials_interfaces -- -j16 -l16
[0.076s] [ 10%] Built target action_tutorials_interfaces__rosidl_generator_c
[0.076s] [ 12%] Built target action_tutorials_interfaces__cpp
[0.091s] [35m[1mConsolidate compiler generated dependencies of target action_tutorials_interfaces__rosidl_typesupport_cpp[0m
[0.095s] [ 12%] Built target ament_cmake_python_copy_action_tutorials_interfaces
[0.098s] [35m[1mConsolidate compiler generated dependencies of target action_tutorials_interfaces__rosidl_typesupport_introspection_cpp[0m
[0.098s] [35m[1mConsolidate compiler generated dependencies of target action_tutorials_interfaces__rosidl_typesupport_fastrtps_c[0m
[0.099s] [35m[1mConsolidate compiler generated dependencies of target action_tutorials_interfaces__rosidl_typesupport_fastrtps_cpp[0m
[0.108s] [ 23%] Built target action_tutorials_interfaces__rosidl_typesupport_c
[0.112s] [ 33%] Built target action_tutorials_interfaces__rosidl_typesupport_introspection_c
[0.114s] [ 43%] Built target action_tutorials_interfaces__rosidl_typesupport_cpp
[0.129s] [ 64%] Built target action_tutorials_interfaces__rosidl_typesupport_introspection_cpp
[0.129s] [ 64%] Built target action_tutorials_interfaces__rosidl_typesupport_fastrtps_cpp
[0.130s] [ 74%] Built target action_tutorials_interfaces__rosidl_typesupport_fastrtps_c
[0.160s] [ 74%] Built target action_tutorials_interfaces
[0.182s] [ 76%] Built target action_tutorials_interfaces__py
[0.207s] [ 84%] Built target action_tutorials_interfaces__rosidl_generator_py
[0.239s] [ 94%] Built target action_tutorials_interfaces__rosidl_typesupport_fastrtps_c__pyext
[0.239s] [ 94%] Built target action_tutorials_interfaces__rosidl_typesupport_introspection_c__pyext
[0.242s] [100%] Built target action_tutorials_interfaces__rosidl_typesupport_c__pyext
[0.451s] running egg_info
[0.452s] writing action_tutorials_interfaces.egg-info/PKG-INFO
[0.452s] writing dependency_links to action_tutorials_interfaces.egg-info/dependency_links.txt
[0.453s] writing top-level names to action_tutorials_interfaces.egg-info/top_level.txt
[0.458s] reading manifest file 'action_tutorials_interfaces.egg-info/SOURCES.txt'
[0.458s] writing manifest file 'action_tutorials_interfaces.egg-info/SOURCES.txt'
[0.502s] [100%] Built target ament_cmake_python_build_action_tutorials_interfaces_egg
[0.520s] Invoked command in '/home/hamzalegion/COROSOLS_WS/build/action_tutorials_interfaces' returned '0': CMAKE_PREFIX_PATH=${CMAKE_PREFIX_PATH}:/home/hamzalegion/COROSOLS_WS/install/corosols:/opt/ros/humble /usr/bin/cmake --build /home/hamzalegion/COROSOLS_WS/build/action_tutorials_interfaces -- -j16 -l16
[0.613s] Invoking command in '/home/hamzalegion/COROSOLS_WS/build/action_tutorials_interfaces': CMAKE_PREFIX_PATH=${CMAKE_PREFIX_PATH}:/home/hamzalegion/COROSOLS_WS/install/corosols:/opt/ros/humble /usr/bin/cmake --install /home/hamzalegion/COROSOLS_WS/build/action_tutorials_interfaces
[0.624s] -- Install configuration: ""
[0.625s] -- Up-to-date: /home/hamzalegion/COROSOLS_WS/install/action_tutorials_interfaces/share/ament_index/resource_index/rosidl_interfaces/action_tutorials_interfaces
[0.625s] -- Up-to-date: /home/hamzalegion/COROSOLS_WS/install/action_tutorials_interfaces/include/action_tutorials_interfaces/action_tutorials_interfaces
[0.625s] -- Up-to-date: /home/hamzalegion/COROSOLS_WS/install/action_tutorials_interfaces/include/action_tutorials_interfaces/action_tutorials_interfaces/msg
[0.625s] -- Up-to-date: /home/hamzalegion/COROSOLS_WS/install/action_tutorials_interfaces/include/action_tutorials_interfaces/action_tutorials_interfaces/msg/rosidl_generator_c__visibility_control.h
[0.625s] -- Up-to-date: /home/hamzalegion/COROSOLS_WS/install/action_tutorials_interfaces/include/action_tutorials_interfaces/action_tutorials_interfaces/action
[0.625s] -- Up-to-date: /home/hamzalegion/COROSOLS_WS/install/action_tutorials_interfaces/include/action_tutorials_interfaces/action_tutorials_interfaces/action/position.h
[0.625s] -- Up-to-date: /home/hamzalegion/COROSOLS_WS/install/action_tutorials_interfaces/include/action_tutorials_interfaces/action_tutorials_interfaces/action/detail
[0.626s] -- Up-to-date: /home/hamzalegion/COROSOLS_WS/install/action_tutorials_interfaces/include/action_tutorials_interfaces/action_tutorials_interfaces/action/detail/fibonacci__struct.h
[0.626s] -- Up-to-date: /home/hamzalegion/COROSOLS_WS/install/action_tutorials_interfaces/include/action_tutorials_interfaces/action_tutorials_interfaces/action/detail/position__functions.c
[0.626s] -- Up-to-date: /home/hamzalegion/COROSOLS_WS/install/action_tutorials_interfaces/include/action_tutorials_interfaces/action_tutorials_interfaces/action/detail/position__type_support.h
[0.626s] -- Up-to-date: /home/hamzalegion/COROSOLS_WS/install/action_tutorials_interfaces/include/action_tutorials_interfaces/action_tutorials_interfaces/action/detail/fibonacci__functions.c
[0.626s] -- Up-to-date: /home/hamzalegion/COROSOLS_WS/install/action_tutorials_interfaces/include/action_tutorials_interfaces/action_tutorials_interfaces/action/detail/fibonacci__type_support.h
[0.626s] -- Up-to-date: /home/hamzalegion/COROSOLS_WS/install/action_tutorials_interfaces/include/action_tutorials_interfaces/action_tutorials_interfaces/action/detail/position__functions.h
[0.626s] -- Up-to-date: /home/hamzalegion/COROSOLS_WS/install/action_tutorials_interfaces/include/action_tutorials_interfaces/action_tutorials_interfaces/action/detail/position__struct.h
[0.626s] -- Up-to-date: /home/hamzalegion/COROSOLS_WS/install/action_tutorials_interfaces/include/action_tutorials_interfaces/action_tutorials_interfaces/action/detail/fibonacci__functions.h
[0.626s] -- Up-to-date: /home/hamzalegion/COROSOLS_WS/install/action_tutorials_interfaces/include/action_tutorials_interfaces/action_tutorials_interfaces/action/fibonacci.h
[0.626s] -- Up-to-date: /home/hamzalegion/COROSOLS_WS/install/action_tutorials_interfaces/share/action_tutorials_interfaces/environment/library_path.sh
[0.626s] -- Up-to-date: /home/hamzalegion/COROSOLS_WS/install/action_tutorials_interfaces/share/action_tutorials_interfaces/environment/library_path.dsv
[0.626s] -- Up-to-date: /home/hamzalegion/COROSOLS_WS/install/action_tutorials_interfaces/lib/libaction_tutorials_interfaces__rosidl_generator_c.so
[0.627s] -- Up-to-date: /home/hamzalegion/COROSOLS_WS/install/action_tutorials_interfaces/include/action_tutorials_interfaces/action_tutorials_interfaces
[0.627s] -- Up-to-date: /home/hamzalegion/COROSOLS_WS/install/action_tutorials_interfaces/include/action_tutorials_interfaces/action_tutorials_interfaces/msg
[0.627s] -- Up-to-date: /home/hamzalegion/COROSOLS_WS/install/action_tutorials_interfaces/include/action_tutorials_interfaces/action_tutorials_interfaces/msg/rosidl_typesupport_fastrtps_c__visibility_control.h
[0.627s] -- Up-to-date: /home/hamzalegion/COROSOLS_WS/install/action_tutorials_interfaces/include/action_tutorials_interfaces/action_tutorials_interfaces/action
[0.627s] -- Up-to-date: /home/hamzalegion/COROSOLS_WS/install/action_tutorials_interfaces/include/action_tutorials_interfaces/action_tutorials_interfaces/action/detail
[0.627s] -- Up-to-date: /home/hamzalegion/COROSOLS_WS/install/action_tutorials_interfaces/include/action_tutorials_interfaces/action_tutorials_interfaces/action/detail/fibonacci__rosidl_typesupport_fastrtps_c.h
[0.627s] -- Up-to-date: /home/hamzalegion/COROSOLS_WS/install/action_tutorials_interfaces/include/action_tutorials_interfaces/action_tutorials_interfaces/action/detail/position__rosidl_typesupport_fastrtps_c.h
[0.627s] -- Up-to-date: /home/hamzalegion/COROSOLS_WS/install/action_tutorials_interfaces/lib/libaction_tutorials_interfaces__rosidl_typesupport_fastrtps_c.so
[0.627s] -- Up-to-date: /home/hamzalegion/COROSOLS_WS/install/action_tutorials_interfaces/include/action_tutorials_interfaces/action_tutorials_interfaces
[0.627s] -- Up-to-date: /home/hamzalegion/COROSOLS_WS/install/action_tutorials_interfaces/include/action_tutorials_interfaces/action_tutorials_interfaces/msg
[0.628s] -- Up-to-date: /home/hamzalegion/COROSOLS_WS/install/action_tutorials_interfaces/include/action_tutorials_interfaces/action_tutorials_interfaces/msg/rosidl_typesupport_introspection_c__visibility_control.h
[0.628s] -- Up-to-date: /home/hamzalegion/COROSOLS_WS/install/action_tutorials_interfaces/include/action_tutorials_interfaces/action_tutorials_interfaces/action
[0.628s] -- Up-to-date: /home/hamzalegion/COROSOLS_WS/install/action_tutorials_interfaces/include/action_tutorials_interfaces/action_tutorials_interfaces/action/detail
[0.628s] -- Up-to-date: /home/hamzalegion/COROSOLS_WS/install/action_tutorials_interfaces/include/action_tutorials_interfaces/action_tutorials_interfaces/action/detail/fibonacci__type_support.c
[0.628s] -- Up-to-date: /home/hamzalegion/COROSOLS_WS/install/action_tutorials_interfaces/include/action_tutorials_interfaces/action_tutorials_interfaces/action/detail/fibonacci__rosidl_typesupport_introspection_c.h
[0.628s] -- Up-to-date: /home/hamzalegion/COROSOLS_WS/install/action_tutorials_interfaces/include/action_tutorials_interfaces/action_tutorials_interfaces/action/detail/position__type_support.c
[0.628s] -- Up-to-date: /home/hamzalegion/COROSOLS_WS/install/action_tutorials_interfaces/include/action_tutorials_interfaces/action_tutorials_interfaces/action/detail/position__rosidl_typesupport_introspection_c.h
[0.628s] -- Up-to-date: /home/hamzalegion/COROSOLS_WS/install/action_tutorials_interfaces/lib/libaction_tutorials_interfaces__rosidl_typesupport_introspection_c.so
[0.629s] -- Up-to-date: /home/hamzalegion/COROSOLS_WS/install/action_tutorials_interfaces/lib/libaction_tutorials_interfaces__rosidl_typesupport_c.so
[0.629s] -- Up-to-date: /home/hamzalegion/COROSOLS_WS/install/action_tutorials_interfaces/include/action_tutorials_interfaces/action_tutorials_interfaces
[0.629s] -- Up-to-date: /home/hamzalegion/COROSOLS_WS/install/action_tutorials_interfaces/include/action_tutorials_interfaces/action_tutorials_interfaces/action
[0.629s] -- Up-to-date: /home/hamzalegion/COROSOLS_WS/install/action_tutorials_interfaces/include/action_tutorials_interfaces/action_tutorials_interfaces/action/detail
[0.630s] -- Up-to-date: /home/hamzalegion/COROSOLS_WS/install/action_tutorials_interfaces/include/action_tutorials_interfaces/action_tutorials_interfaces/action/detail/position__struct.hpp
[0.630s] -- Up-to-date: /home/hamzalegion/COROSOLS_WS/install/action_tutorials_interfaces/include/action_tutorials_interfaces/action_tutorials_interfaces/action/detail/position__traits.hpp
[0.630s] -- Up-to-date: /home/hamzalegion/COROSOLS_WS/install/action_tutorials_interfaces/include/action_tutorials_interfaces/action_tutorials_interfaces/action/detail/fibonacci__builder.hpp
[0.630s] -- Up-to-date: /home/hamzalegion/COROSOLS_WS/install/action_tutorials_interfaces/include/action_tutorials_interfaces/action_tutorials_interfaces/action/detail/fibonacci__traits.hpp
[0.630s] -- Up-to-date: /home/hamzalegion/COROSOLS_WS/install/action_tutorials_interfaces/include/action_tutorials_interfaces/action_tutorials_interfaces/action/detail/fibonacci__struct.hpp
[0.630s] -- Up-to-date: /home/hamzalegion/COROSOLS_WS/install/action_tutorials_interfaces/include/action_tutorials_interfaces/action_tutorials_interfaces/action/detail/position__builder.hpp
[0.630s] -- Up-to-date: /home/hamzalegion/COROSOLS_WS/install/action_tutorials_interfaces/include/action_tutorials_interfaces/action_tutorials_interfaces/action/fibonacci.hpp
[0.630s] -- Up-to-date: /home/hamzalegion/COROSOLS_WS/install/action_tutorials_interfaces/include/action_tutorials_interfaces/action_tutorials_interfaces/action/position.hpp
[0.631s] -- Up-to-date: /home/hamzalegion/COROSOLS_WS/install/action_tutorials_interfaces/include/action_tutorials_interfaces/action_tutorials_interfaces
[0.631s] -- Up-to-date: /home/hamzalegion/COROSOLS_WS/install/action_tutorials_interfaces/include/action_tutorials_interfaces/action_tutorials_interfaces/msg
[0.631s] -- Up-to-date: /home/hamzalegion/COROSOLS_WS/install/action_tutorials_interfaces/include/action_tutorials_interfaces/action_tutorials_interfaces/msg/rosidl_typesupport_fastrtps_cpp__visibility_control.h
[0.631s] -- Up-to-date: /home/hamzalegion/COROSOLS_WS/install/action_tutorials_interfaces/include/action_tutorials_interfaces/action_tutorials_interfaces/action
[0.631s] -- Up-to-date: /home/hamzalegion/COROSOLS_WS/install/action_tutorials_interfaces/include/action_tutorials_interfaces/action_tutorials_interfaces/action/detail
[0.631s] -- Up-to-date: /home/hamzalegion/COROSOLS_WS/install/action_tutorials_interfaces/include/action_tutorials_interfaces/action_tutorials_interfaces/action/detail/fibonacci__rosidl_typesupport_fastrtps_cpp.hpp
[0.631s] -- Up-to-date: /home/hamzalegion/COROSOLS_WS/install/action_tutorials_interfaces/include/action_tutorials_interfaces/action_tutorials_interfaces/action/detail/position__rosidl_typesupport_fastrtps_cpp.hpp
[0.631s] -- Up-to-date: /home/hamzalegion/COROSOLS_WS/install/action_tutorials_interfaces/include/action_tutorials_interfaces/action_tutorials_interfaces/action/detail/dds_fastrtps
[0.631s] -- Up-to-date: /home/hamzalegion/COROSOLS_WS/install/action_tutorials_interfaces/lib/libaction_tutorials_interfaces__rosidl_typesupport_fastrtps_cpp.so
[0.631s] -- Up-to-date: /home/hamzalegion/COROSOLS_WS/install/action_tutorials_interfaces/include/action_tutorials_interfaces/action_tutorials_interfaces
[0.631s] -- Up-to-date: /home/hamzalegion/COROSOLS_WS/install/action_tutorials_interfaces/include/action_tutorials_interfaces/action_tutorials_interfaces/action
[0.631s] -- Up-to-date: /home/hamzalegion/COROSOLS_WS/install/action_tutorials_interfaces/include/action_tutorials_interfaces/action_tutorials_interfaces/action/detail
[0.632s] -- Up-to-date: /home/hamzalegion/COROSOLS_WS/install/action_tutorials_interfaces/include/action_tutorials_interfaces/action_tutorials_interfaces/action/detail/position__type_support.cpp
[0.632s] -- Up-to-date: /home/hamzalegion/COROSOLS_WS/install/action_tutorials_interfaces/include/action_tutorials_interfaces/action_tutorials_interfaces/action/detail/fibonacci__type_support.cpp
[0.632s] -- Up-to-date: /home/hamzalegion/COROSOLS_WS/install/action_tutorials_interfaces/include/action_tutorials_interfaces/action_tutorials_interfaces/action/detail/position__rosidl_typesupport_introspection_cpp.hpp
[0.632s] -- Up-to-date: /home/hamzalegion/COROSOLS_WS/install/action_tutorials_interfaces/include/action_tutorials_interfaces/action_tutorials_interfaces/action/detail/fibonacci__rosidl_typesupport_introspection_cpp.hpp
[0.632s] -- Up-to-date: /home/hamzalegion/COROSOLS_WS/install/action_tutorials_interfaces/lib/libaction_tutorials_interfaces__rosidl_typesupport_introspection_cpp.so
[0.632s] -- Up-to-date: /home/hamzalegion/COROSOLS_WS/install/action_tutorials_interfaces/lib/libaction_tutorials_interfaces__rosidl_typesupport_cpp.so
[0.632s] -- Up-to-date: /home/hamzalegion/COROSOLS_WS/install/action_tutorials_interfaces/share/action_tutorials_interfaces/environment/pythonpath.sh
[0.632s] -- Up-to-date: /home/hamzalegion/COROSOLS_WS/install/action_tutorials_interfaces/share/action_tutorials_interfaces/environment/pythonpath.dsv
[0.632s] -- Up-to-date: /home/hamzalegion/COROSOLS_WS/install/action_tutorials_interfaces/local/lib/python3.10/dist-packages/action_tutorials_interfaces-0.0.0-py3.10.egg-info
[0.632s] -- Installing: /home/hamzalegion/COROSOLS_WS/install/action_tutorials_interfaces/local/lib/python3.10/dist-packages/action_tutorials_interfaces-0.0.0-py3.10.egg-info/top_level.txt
[0.632s] -- Installing: /home/hamzalegion/COROSOLS_WS/install/action_tutorials_interfaces/local/lib/python3.10/dist-packages/action_tutorials_interfaces-0.0.0-py3.10.egg-info/SOURCES.txt
[0.633s] -- Installing: /home/hamzalegion/COROSOLS_WS/install/action_tutorials_interfaces/local/lib/python3.10/dist-packages/action_tutorials_interfaces-0.0.0-py3.10.egg-info/dependency_links.txt
[0.633s] -- Installing: /home/hamzalegion/COROSOLS_WS/install/action_tutorials_interfaces/local/lib/python3.10/dist-packages/action_tutorials_interfaces-0.0.0-py3.10.egg-info/PKG-INFO
[0.633s] -- Up-to-date: /home/hamzalegion/COROSOLS_WS/install/action_tutorials_interfaces/local/lib/python3.10/dist-packages/action_tutorials_interfaces
[0.633s] -- Up-to-date: /home/hamzalegion/COROSOLS_WS/install/action_tutorials_interfaces/local/lib/python3.10/dist-packages/action_tutorials_interfaces/_action_tutorials_interfaces_s.ep.rosidl_typesupport_introspection_c.c
[0.633s] -- Up-to-date: /home/hamzalegion/COROSOLS_WS/install/action_tutorials_interfaces/local/lib/python3.10/dist-packages/action_tutorials_interfaces/_action_tutorials_interfaces_s.ep.rosidl_typesupport_fastrtps_c.c
[0.633s] -- Up-to-date: /home/hamzalegion/COROSOLS_WS/install/action_tutorials_interfaces/local/lib/python3.10/dist-packages/action_tutorials_interfaces/_action_tutorials_interfaces_s.ep.rosidl_typesupport_c.c
[0.634s] -- Up-to-date: /home/hamzalegion/COROSOLS_WS/install/action_tutorials_interfaces/local/lib/python3.10/dist-packages/action_tutorials_interfaces/action_tutorials_interfaces_s__rosidl_typesupport_fastrtps_c.cpython-310-x86_64-linux-gnu.so
[0.634s] -- Up-to-date: /home/hamzalegion/COROSOLS_WS/install/action_tutorials_interfaces/local/lib/python3.10/dist-packages/action_tutorials_interfaces/action
[0.634s] -- Up-to-date: /home/hamzalegion/COROSOLS_WS/install/action_tutorials_interfaces/local/lib/python3.10/dist-packages/action_tutorials_interfaces/action/_position_s.c
[0.634s] -- Up-to-date: /home/hamzalegion/COROSOLS_WS/install/action_tutorials_interfaces/local/lib/python3.10/dist-packages/action_tutorials_interfaces/action/_position.py
[0.634s] -- Up-to-date: /home/hamzalegion/COROSOLS_WS/install/action_tutorials_interfaces/local/lib/python3.10/dist-packages/action_tutorials_interfaces/action/_fibonacci_s.c
[0.634s] -- Up-to-date: /home/hamzalegion/COROSOLS_WS/install/action_tutorials_interfaces/local/lib/python3.10/dist-packages/action_tutorials_interfaces/action/_fibonacci.py
[0.634s] -- Up-to-date: /home/hamzalegion/COROSOLS_WS/install/action_tutorials_interfaces/local/lib/python3.10/dist-packages/action_tutorials_interfaces/action/__init__.py
[0.634s] -- Up-to-date: /home/hamzalegion/COROSOLS_WS/install/action_tutorials_interfaces/local/lib/python3.10/dist-packages/action_tutorials_interfaces/libaction_tutorials_interfaces__rosidl_generator_py.so
[0.634s] -- Up-to-date: /home/hamzalegion/COROSOLS_WS/install/action_tutorials_interfaces/local/lib/python3.10/dist-packages/action_tutorials_interfaces/action_tutorials_interfaces_s__rosidl_typesupport_c.cpython-310-x86_64-linux-gnu.so
[0.634s] -- Up-to-date: /home/hamzalegion/COROSOLS_WS/install/action_tutorials_interfaces/local/lib/python3.10/dist-packages/action_tutorials_interfaces/__init__.py
[0.634s] -- Up-to-date: /home/hamzalegion/COROSOLS_WS/install/action_tutorials_interfaces/local/lib/python3.10/dist-packages/action_tutorials_interfaces/action_tutorials_interfaces_s__rosidl_typesupport_introspection_c.cpython-310-x86_64-linux-gnu.so
[0.663s] Listing '/home/hamzalegion/COROSOLS_WS/install/action_tutorials_interfaces/local/lib/python3.10/dist-packages/action_tutorials_interfaces'...
[0.663s] Listing '/home/hamzalegion/COROSOLS_WS/install/action_tutorials_interfaces/local/lib/python3.10/dist-packages/action_tutorials_interfaces/action'...
[0.667s] -- Up-to-date: /home/hamzalegion/COROSOLS_WS/install/action_tutorials_interfaces/local/lib/python3.10/dist-packages/action_tutorials_interfaces/action_tutorials_interfaces_s__rosidl_typesupport_fastrtps_c.cpython-310-x86_64-linux-gnu.so
[0.667s] -- Up-to-date: /home/hamzalegion/COROSOLS_WS/install/action_tutorials_interfaces/local/lib/python3.10/dist-packages/action_tutorials_interfaces/action_tutorials_interfaces_s__rosidl_typesupport_introspection_c.cpython-310-x86_64-linux-gnu.so
[0.668s] -- Up-to-date: /home/hamzalegion/COROSOLS_WS/install/action_tutorials_interfaces/local/lib/python3.10/dist-packages/action_tutorials_interfaces/action_tutorials_interfaces_s__rosidl_typesupport_c.cpython-310-x86_64-linux-gnu.so
[0.668s] -- Up-to-date: /home/hamzalegion/COROSOLS_WS/install/action_tutorials_interfaces/lib/libaction_tutorials_interfaces__rosidl_generator_py.so
[0.669s] -- Up-to-date: /home/hamzalegion/COROSOLS_WS/install/action_tutorials_interfaces/share/action_tutorials_interfaces/action/Fibonacci.idl
[0.669s] -- Up-to-date: /home/hamzalegion/COROSOLS_WS/install/action_tutorials_interfaces/share/action_tutorials_interfaces/action/Position.idl
[0.669s] -- Up-to-date: /home/hamzalegion/COROSOLS_WS/install/action_tutorials_interfaces/share/action_tutorials_interfaces/action/Fibonacci.action
[0.669s] -- Up-to-date: /home/hamzalegion/COROSOLS_WS/install/action_tutorials_interfaces/share/action_tutorials_interfaces/action/Position.action
[0.669s] -- Up-to-date: /home/hamzalegion/COROSOLS_WS/install/action_tutorials_interfaces/share/ament_index/resource_index/package_run_dependencies/action_tutorials_interfaces
[0.669s] -- Up-to-date: /home/hamzalegion/COROSOLS_WS/install/action_tutorials_interfaces/share/ament_index/resource_index/parent_prefix_path/action_tutorials_interfaces
[0.669s] -- Up-to-date: /home/hamzalegion/COROSOLS_WS/install/action_tutorials_interfaces/share/action_tutorials_interfaces/environment/ament_prefix_path.sh
[0.669s] -- Up-to-date: /home/hamzalegion/COROSOLS_WS/install/action_tutorials_interfaces/share/action_tutorials_interfaces/environment/ament_prefix_path.dsv
[0.669s] -- Up-to-date: /home/hamzalegion/COROSOLS_WS/install/action_tutorials_interfaces/share/action_tutorials_interfaces/environment/path.sh
[0.670s] -- Up-to-date: /home/hamzalegion/COROSOLS_WS/install/action_tutorials_interfaces/share/action_tutorials_interfaces/environment/path.dsv
[0.670s] -- Up-to-date: /home/hamzalegion/COROSOLS_WS/install/action_tutorials_interfaces/share/action_tutorials_interfaces/local_setup.bash
[0.670s] -- Up-to-date: /home/hamzalegion/COROSOLS_WS/install/action_tutorials_interfaces/share/action_tutorials_interfaces/local_setup.sh
[0.670s] -- Up-to-date: /home/hamzalegion/COROSOLS_WS/install/action_tutorials_interfaces/share/action_tutorials_interfaces/local_setup.zsh
[0.670s] -- Up-to-date: /home/hamzalegion/COROSOLS_WS/install/action_tutorials_interfaces/share/action_tutorials_interfaces/local_setup.dsv
[0.670s] -- Installing: /home/hamzalegion/COROSOLS_WS/install/action_tutorials_interfaces/share/action_tutorials_interfaces/package.dsv
[0.670s] -- Up-to-date: /home/hamzalegion/COROSOLS_WS/install/action_tutorials_interfaces/share/ament_index/resource_index/packages/action_tutorials_interfaces
[0.670s] -- Up-to-date: /home/hamzalegion/COROSOLS_WS/install/action_tutorials_interfaces/share/action_tutorials_interfaces/cmake/export_action_tutorials_interfaces__rosidl_generator_cExport.cmake
[0.670s] -- Up-to-date: /home/hamzalegion/COROSOLS_WS/install/action_tutorials_interfaces/share/action_tutorials_interfaces/cmake/export_action_tutorials_interfaces__rosidl_generator_cExport-noconfig.cmake
[0.671s] -- Up-to-date: /home/hamzalegion/COROSOLS_WS/install/action_tutorials_interfaces/share/action_tutorials_interfaces/cmake/export_action_tutorials_interfaces__rosidl_typesupport_fastrtps_cExport.cmake
[0.671s] -- Up-to-date: /home/hamzalegion/COROSOLS_WS/install/action_tutorials_interfaces/share/action_tutorials_interfaces/cmake/export_action_tutorials_interfaces__rosidl_typesupport_fastrtps_cExport-noconfig.cmake
[0.671s] -- Up-to-date: /home/hamzalegion/COROSOLS_WS/install/action_tutorials_interfaces/share/action_tutorials_interfaces/cmake/action_tutorials_interfaces__rosidl_typesupport_introspection_cExport.cmake
[0.671s] -- Up-to-date: /home/hamzalegion/COROSOLS_WS/install/action_tutorials_interfaces/share/action_tutorials_interfaces/cmake/action_tutorials_interfaces__rosidl_typesupport_introspection_cExport-noconfig.cmake
[0.671s] -- Up-to-date: /home/hamzalegion/COROSOLS_WS/install/action_tutorials_interfaces/share/action_tutorials_interfaces/cmake/action_tutorials_interfaces__rosidl_typesupport_cExport.cmake
[0.671s] -- Up-to-date: /home/hamzalegion/COROSOLS_WS/install/action_tutorials_interfaces/share/action_tutorials_interfaces/cmake/action_tutorials_interfaces__rosidl_typesupport_cExport-noconfig.cmake
[0.672s] -- Up-to-date: /home/hamzalegion/COROSOLS_WS/install/action_tutorials_interfaces/share/action_tutorials_interfaces/cmake/export_action_tutorials_interfaces__rosidl_generator_cppExport.cmake
[0.672s] -- Up-to-date: /home/hamzalegion/COROSOLS_WS/install/action_tutorials_interfaces/share/action_tutorials_interfaces/cmake/export_action_tutorials_interfaces__rosidl_typesupport_fastrtps_cppExport.cmake
[0.672s] -- Up-to-date: /home/hamzalegion/COROSOLS_WS/install/action_tutorials_interfaces/share/action_tutorials_interfaces/cmake/export_action_tutorials_interfaces__rosidl_typesupport_fastrtps_cppExport-noconfig.cmake
[0.672s] -- Up-to-date: /home/hamzalegion/COROSOLS_WS/install/action_tutorials_interfaces/share/action_tutorials_interfaces/cmake/action_tutorials_interfaces__rosidl_typesupport_introspection_cppExport.cmake
[0.672s] -- Up-to-date: /home/hamzalegion/COROSOLS_WS/install/action_tutorials_interfaces/share/action_tutorials_interfaces/cmake/action_tutorials_interfaces__rosidl_typesupport_introspection_cppExport-noconfig.cmake
[0.672s] -- Up-to-date: /home/hamzalegion/COROSOLS_WS/install/action_tutorials_interfaces/share/action_tutorials_interfaces/cmake/action_tutorials_interfaces__rosidl_typesupport_cppExport.cmake
[0.672s] -- Up-to-date: /home/hamzalegion/COROSOLS_WS/install/action_tutorials_interfaces/share/action_tutorials_interfaces/cmake/action_tutorials_interfaces__rosidl_typesupport_cppExport-noconfig.cmake
[0.672s] -- Up-to-date: /home/hamzalegion/COROSOLS_WS/install/action_tutorials_interfaces/share/action_tutorials_interfaces/cmake/export_action_tutorials_interfaces__rosidl_generator_pyExport.cmake
[0.672s] -- Up-to-date: /home/hamzalegion/COROSOLS_WS/install/action_tutorials_interfaces/share/action_tutorials_interfaces/cmake/export_action_tutorials_interfaces__rosidl_generator_pyExport-noconfig.cmake
[0.672s] -- Up-to-date: /home/hamzalegion/COROSOLS_WS/install/action_tutorials_interfaces/share/action_tutorials_interfaces/cmake/rosidl_cmake-extras.cmake
[0.672s] -- Up-to-date: /home/hamzalegion/COROSOLS_WS/install/action_tutorials_interfaces/share/action_tutorials_interfaces/cmake/ament_cmake_export_dependencies-extras.cmake
[0.672s] -- Up-to-date: /home/hamzalegion/COROSOLS_WS/install/action_tutorials_interfaces/share/action_tutorials_interfaces/cmake/ament_cmake_export_include_directories-extras.cmake
[0.673s] -- Up-to-date: /home/hamzalegion/COROSOLS_WS/install/action_tutorials_interfaces/share/action_tutorials_interfaces/cmake/ament_cmake_export_libraries-extras.cmake
[0.673s] -- Up-to-date: /home/hamzalegion/COROSOLS_WS/install/action_tutorials_interfaces/share/action_tutorials_interfaces/cmake/ament_cmake_export_targets-extras.cmake
[0.673s] -- Up-to-date: /home/hamzalegion/COROSOLS_WS/install/action_tutorials_interfaces/share/action_tutorials_interfaces/cmake/rosidl_cmake_export_typesupport_targets-extras.cmake
[0.673s] -- Up-to-date: /home/hamzalegion/COROSOLS_WS/install/action_tutorials_interfaces/share/action_tutorials_interfaces/cmake/rosidl_cmake_export_typesupport_libraries-extras.cmake
[0.673s] -- Up-to-date: /home/hamzalegion/COROSOLS_WS/install/action_tutorials_interfaces/share/action_tutorials_interfaces/cmake/action_tutorials_interfacesConfig.cmake
[0.673s] -- Up-to-date: /home/hamzalegion/COROSOLS_WS/install/action_tutorials_interfaces/share/action_tutorials_interfaces/cmake/action_tutorials_interfacesConfig-version.cmake
[0.673s] -- Up-to-date: /home/hamzalegion/COROSOLS_WS/install/action_tutorials_interfaces/share/action_tutorials_interfaces/package.xml
[0.684s] Invoked command in '/home/hamzalegion/COROSOLS_WS/build/action_tutorials_interfaces' returned '0': CMAKE_PREFIX_PATH=${CMAKE_PREFIX_PATH}:/home/hamzalegion/COROSOLS_WS/install/corosols:/opt/ros/humble /usr/bin/cmake --install /home/hamzalegion/COROSOLS_WS/build/action_tutorials_interfaces
