[4.764s] Invoking command in '/home/hamzaboulandoum/corosols_ws/src/corosols': LD_LIBRARY_PATH=/home/hamzaboulandoum/corosols_ws/install/custom_interfaces/lib:/usr/local/cuda-11.4/lib64:/opt/ros/humble/opt/rviz_ogre_vendor/lib:/opt/ros/humble/lib/aarch64-linux-gnu:/opt/ros/humble/lib:/usr/local/cuda-11.4/lib64 PYTHONPATH=/home/hamzaboulandoum/corosols_ws/build/corosols/prefix_override:/home/hamzaboulandoum/corosols_ws/install/corosols/lib/python3.8/site-packages:${PYTHONPATH} /usr/bin/python3 -W ignore:setup.py install is deprecated setup.py egg_info --egg-base ../../build/corosols build --build-base /home/hamzaboulandoum/corosols_ws/build/corosols/build install --record /home/hamzaboulandoum/corosols_ws/build/corosols/install.log --single-version-externally-managed install_data
[6.372s] running egg_info
[6.374s] writing ../../build/corosols/corosols.egg-info/PKG-INFO
[6.378s] writing dependency_links to ../../build/corosols/corosols.egg-info/dependency_links.txt
[6.380s] writing entry points to ../../build/corosols/corosols.egg-info/entry_points.txt
[6.381s] writing requirements to ../../build/corosols/corosols.egg-info/requires.txt
[6.381s] writing top-level names to ../../build/corosols/corosols.egg-info/top_level.txt
[6.569s] reading manifest file '../../build/corosols/corosols.egg-info/SOURCES.txt'
[6.574s] writing manifest file '../../build/corosols/corosols.egg-info/SOURCES.txt'
[6.576s] running build
[6.577s] running build_py
[6.578s] running install
[6.582s] running install_lib
[6.592s] running install_data
[6.594s] running install_egg_info
[6.603s] removing '/home/hamzaboulandoum/corosols_ws/install/corosols/lib/python3.8/site-packages/corosols-0.0.0-py3.8.egg-info' (and everything under it)
[6.606s] Copying ../../build/corosols/corosols.egg-info to /home/hamzaboulandoum/corosols_ws/install/corosols/lib/python3.8/site-packages/corosols-0.0.0-py3.8.egg-info
[6.614s] running install_scripts
[6.716s] Installing controller script to /home/hamzaboulandoum/corosols_ws/install/corosols/lib/corosols
[6.717s] Installing pose_broadcaster script to /home/hamzaboulandoum/corosols_ws/install/corosols/lib/corosols
[6.718s] Installing serial script to /home/hamzaboulandoum/corosols_ws/install/corosols/lib/corosols
[6.723s] writing list of installed files to '/home/hamzaboulandoum/corosols_ws/build/corosols/install.log'
[6.849s] Invoked command in '/home/hamzaboulandoum/corosols_ws/src/corosols' returned '0': LD_LIBRARY_PATH=/home/hamzaboulandoum/corosols_ws/install/custom_interfaces/lib:/usr/local/cuda-11.4/lib64:/opt/ros/humble/opt/rviz_ogre_vendor/lib:/opt/ros/humble/lib/aarch64-linux-gnu:/opt/ros/humble/lib:/usr/local/cuda-11.4/lib64 PYTHONPATH=/home/hamzaboulandoum/corosols_ws/build/corosols/prefix_override:/home/hamzaboulandoum/corosols_ws/install/corosols/lib/python3.8/site-packages:${PYTHONPATH} /usr/bin/python3 -W ignore:setup.py install is deprecated setup.py egg_info --egg-base ../../build/corosols build --build-base /home/hamzaboulandoum/corosols_ws/build/corosols/build install --record /home/hamzaboulandoum/corosols_ws/build/corosols/install.log --single-version-externally-managed install_data
