[0.010s] Invoking command in '/home/hamzalegion/COROSOLS_WS/build/custom_interfaces': CMAKE_PREFIX_PATH=/opt/ros/humble /usr/bin/cmake /home/hamzalegion/COROSOLS_WS/src/custom_interfaces -DCMAKE_INSTALL_PREFIX=/home/hamzalegion/COROSOLS_WS/install/custom_interfaces
[0.091s] -- The C compiler identification is GNU 11.4.0
[0.155s] -- The CXX compiler identification is GNU 11.4.0
[0.164s] -- Detecting C compiler ABI info
[0.231s] -- Detecting C compiler ABI info - done
[0.236s] -- Check for working C compiler: /usr/bin/cc - skipped
[0.236s] -- Detecting C compile features
[0.237s] -- Detecting C compile features - done
[0.240s] -- Detecting CXX compiler ABI info
[0.312s] -- Detecting CXX compiler ABI info - done
[0.317s] -- Check for working CXX compiler: /usr/bin/c++ - skipped
[0.318s] -- Detecting CXX compile features
[0.318s] -- Detecting CXX compile features - done
[0.321s] -- Found ament_cmake: 1.3.8 (/opt/ros/humble/share/ament_cmake/cmake)
[0.445s] -- Found Python3: /usr/bin/python3 (found version "3.10.12") found components: Interpreter 
[0.527s] -- Found rosidl_default_generators: 1.2.0 (/opt/ros/humble/share/rosidl_default_generators/cmake)
[0.532s] -- Using all available rosidl_typesupport_c: rosidl_typesupport_fastrtps_c;rosidl_typesupport_introspection_c
[0.541s] -- Found rosidl_adapter: 3.1.5 (/opt/ros/humble/share/rosidl_adapter/cmake)
[0.582s] -- Using all available rosidl_typesupport_cpp: rosidl_typesupport_fastrtps_cpp;rosidl_typesupport_introspection_cpp
[0.817s] -- Found ament_cmake_ros: 0.10.0 (/opt/ros/humble/share/ament_cmake_ros/cmake)
[0.969s] -- Using all available rosidl_typesupport_c: rosidl_typesupport_fastrtps_c;rosidl_typesupport_introspection_c
[1.159s] -- Using all available rosidl_typesupport_cpp: rosidl_typesupport_fastrtps_cpp;rosidl_typesupport_introspection_cpp
[1.178s] -- Found PythonInterp: /usr/bin/python3 (found suitable version "3.10.12", minimum required is "3.6") 
[1.179s] -- Found python_cmake_module: 0.10.0 (/opt/ros/humble/share/python_cmake_module/cmake)
[1.200s] -- Found PythonLibs: /usr/lib/x86_64-linux-gnu/libpython3.10.so (found suitable version "3.10.12", minimum required is "3.5") 
[1.200s] -- Using PYTHON_EXECUTABLE: /usr/bin/python3
[1.200s] -- Using PYTHON_INCLUDE_DIRS: /usr/include/python3.10
[1.201s] -- Using PYTHON_LIBRARIES: /usr/lib/x86_64-linux-gnu/libpython3.10.so
[1.217s] -- Found PythonExtra: .so  
[1.245s] -- Found ament_lint_auto: 0.12.10 (/opt/ros/humble/share/ament_lint_auto/cmake)
[1.288s] -- Added test 'lint_cmake' to check CMake code style
[1.290s] -- Added test 'xmllint' to check XML markup files
[1.293s] -- Configuring done
[1.325s] -- Generating done
[1.328s] -- Build files have been written to: /home/hamzalegion/COROSOLS_WS/build/custom_interfaces
[1.334s] Invoked command in '/home/hamzalegion/COROSOLS_WS/build/custom_interfaces' returned '0': CMAKE_PREFIX_PATH=/opt/ros/humble /usr/bin/cmake /home/hamzalegion/COROSOLS_WS/src/custom_interfaces -DCMAKE_INSTALL_PREFIX=/home/hamzalegion/COROSOLS_WS/install/custom_interfaces
[1.336s] Invoking command in '/home/hamzalegion/COROSOLS_WS/build/custom_interfaces': CMAKE_PREFIX_PATH=/opt/ros/humble /usr/bin/cmake --build /home/hamzalegion/COROSOLS_WS/build/custom_interfaces -- -j16 -l16
[1.374s] [  2%] [34m[1mGenerating C code for ROS interfaces[0m
[1.385s] [  4%] [34m[1mGenerating C++ code for ROS interfaces[0m
[1.393s] [  4%] Built target ament_cmake_python_copy_custom_interfaces
[1.624s] running egg_info
[1.624s] creating custom_interfaces.egg-info
[1.625s] writing custom_interfaces.egg-info/PKG-INFO
[1.625s] writing dependency_links to custom_interfaces.egg-info/dependency_links.txt
[1.625s] writing top-level names to custom_interfaces.egg-info/top_level.txt
[1.626s] writing manifest file 'custom_interfaces.egg-info/SOURCES.txt'
[1.631s] reading manifest file 'custom_interfaces.egg-info/SOURCES.txt'
[1.632s] writing manifest file 'custom_interfaces.egg-info/SOURCES.txt'
[1.652s] [  4%] Built target custom_interfaces__cpp
[1.655s] [ 10%] [32mBuilding C object CMakeFiles/custom_interfaces__rosidl_generator_c.dir/rosidl_generator_c/custom_interfaces/msg/detail/target__functions.c.o[0m
[1.655s] [ 10%] [32mBuilding C object CMakeFiles/custom_interfaces__rosidl_generator_c.dir/rosidl_generator_c/custom_interfaces/msg/detail/command__functions.c.o[0m
[1.655s] [ 10%] [32mBuilding C object CMakeFiles/custom_interfaces__rosidl_generator_c.dir/rosidl_generator_c/custom_interfaces/msg/detail/serial_data__functions.c.o[0m
[1.662s] [ 17%] [34m[1mGenerating C++ type support dispatch for ROS interfaces[0m
[1.662s] [ 17%] [34m[1mGenerating C++ type support for eProsima Fast-RTPS[0m
[1.662s] [ 17%] Built target ament_cmake_python_build_custom_interfaces_egg
[1.662s] [ 17%] [34m[1mGenerating C++ introspection for ROS interfaces[0m
[1.698s] [ 19%] [32m[1mLinking C shared library libcustom_interfaces__rosidl_generator_c.so[0m
[1.735s] [ 19%] Built target custom_interfaces__rosidl_generator_c
[1.745s] [ 25%] [34m[1mGenerating C type support dispatch for ROS interfaces[0m
[1.745s] [ 25%] [34m[1mGenerating C introspection for ROS interfaces[0m
[1.746s] [ 25%] [34m[1mGenerating C type support for eProsima Fast-RTPS[0m
[1.879s] [ 27%] [32mBuilding CXX object CMakeFiles/custom_interfaces__rosidl_typesupport_cpp.dir/rosidl_typesupport_cpp/custom_interfaces/msg/target__type_support.cpp.o[0m
[1.880s] [ 29%] [32mBuilding CXX object CMakeFiles/custom_interfaces__rosidl_typesupport_cpp.dir/rosidl_typesupport_cpp/custom_interfaces/msg/serial_data__type_support.cpp.o[0m
[1.880s] [ 31%] [32mBuilding CXX object CMakeFiles/custom_interfaces__rosidl_typesupport_cpp.dir/rosidl_typesupport_cpp/custom_interfaces/msg/command__type_support.cpp.o[0m
[1.900s] [ 34%] [32mBuilding CXX object CMakeFiles/custom_interfaces__rosidl_typesupport_introspection_cpp.dir/rosidl_typesupport_introspection_cpp/custom_interfaces/msg/detail/serial_data__type_support.cpp.o[0m
[1.901s] [ 36%] [32mBuilding CXX object CMakeFiles/custom_interfaces__rosidl_typesupport_introspection_cpp.dir/rosidl_typesupport_introspection_cpp/custom_interfaces/msg/detail/target__type_support.cpp.o[0m
[1.902s] [ 38%] [32mBuilding CXX object CMakeFiles/custom_interfaces__rosidl_typesupport_introspection_cpp.dir/rosidl_typesupport_introspection_cpp/custom_interfaces/msg/detail/command__type_support.cpp.o[0m
[1.930s] [ 44%] [32mBuilding CXX object CMakeFiles/custom_interfaces__rosidl_typesupport_fastrtps_cpp.dir/rosidl_typesupport_fastrtps_cpp/custom_interfaces/msg/detail/dds_fastrtps/serial_data__type_support.cpp.o[0m
[1.930s] [ 44%] [32mBuilding CXX object CMakeFiles/custom_interfaces__rosidl_typesupport_fastrtps_cpp.dir/rosidl_typesupport_fastrtps_cpp/custom_interfaces/msg/detail/dds_fastrtps/command__type_support.cpp.o[0m
[1.930s] [ 44%] [32mBuilding CXX object CMakeFiles/custom_interfaces__rosidl_typesupport_fastrtps_cpp.dir/rosidl_typesupport_fastrtps_cpp/custom_interfaces/msg/detail/dds_fastrtps/target__type_support.cpp.o[0m
[1.985s] [ 46%] [32mBuilding CXX object CMakeFiles/custom_interfaces__rosidl_typesupport_c.dir/rosidl_typesupport_c/custom_interfaces/msg/serial_data__type_support.cpp.o[0m
[1.994s] [ 48%] [32mBuilding CXX object CMakeFiles/custom_interfaces__rosidl_typesupport_c.dir/rosidl_typesupport_c/custom_interfaces/msg/target__type_support.cpp.o[0m
[1.996s] [ 51%] [32mBuilding CXX object CMakeFiles/custom_interfaces__rosidl_typesupport_c.dir/rosidl_typesupport_c/custom_interfaces/msg/command__type_support.cpp.o[0m
[2.011s] [ 57%] [32mBuilding C object CMakeFiles/custom_interfaces__rosidl_typesupport_introspection_c.dir/rosidl_typesupport_introspection_c/custom_interfaces/msg/detail/command__type_support.c.o[0m
[2.012s] [ 57%] [32mBuilding C object CMakeFiles/custom_interfaces__rosidl_typesupport_introspection_c.dir/rosidl_typesupport_introspection_c/custom_interfaces/msg/detail/target__type_support.c.o[0m
[2.012s] [ 57%] [32mBuilding C object CMakeFiles/custom_interfaces__rosidl_typesupport_introspection_c.dir/rosidl_typesupport_introspection_c/custom_interfaces/msg/detail/serial_data__type_support.c.o[0m
[2.042s] [ 59%] [32m[1mLinking CXX shared library libcustom_interfaces__rosidl_typesupport_c.so[0m
[2.058s] [ 61%] [32m[1mLinking C shared library libcustom_interfaces__rosidl_typesupport_introspection_c.so[0m
[2.099s] [ 61%] Built target custom_interfaces__rosidl_typesupport_introspection_c
[2.108s] [ 63%] Built target custom_interfaces__rosidl_typesupport_c
[2.109s] [ 63%] [32mBuilding CXX object CMakeFiles/custom_interfaces__rosidl_typesupport_fastrtps_c.dir/rosidl_typesupport_fastrtps_c/custom_interfaces/msg/detail/command__type_support_c.cpp.o[0m
[2.111s] [ 65%] [32mBuilding CXX object CMakeFiles/custom_interfaces__rosidl_typesupport_fastrtps_c.dir/rosidl_typesupport_fastrtps_c/custom_interfaces/msg/detail/serial_data__type_support_c.cpp.o[0m
[2.111s] [ 68%] [32mBuilding CXX object CMakeFiles/custom_interfaces__rosidl_typesupport_fastrtps_c.dir/rosidl_typesupport_fastrtps_c/custom_interfaces/msg/detail/target__type_support_c.cpp.o[0m
[2.203s] [ 70%] [32m[1mLinking CXX shared library libcustom_interfaces__rosidl_typesupport_cpp.so[0m
[2.258s] [ 70%] Built target custom_interfaces__rosidl_typesupport_cpp
[2.322s] [ 72%] [32m[1mLinking CXX shared library libcustom_interfaces__rosidl_typesupport_introspection_cpp.so[0m
[2.364s] [ 72%] Built target custom_interfaces__rosidl_typesupport_introspection_cpp
[2.381s] [ 74%] [32m[1mLinking CXX shared library libcustom_interfaces__rosidl_typesupport_fastrtps_cpp.so[0m
[2.451s] [ 74%] Built target custom_interfaces__rosidl_typesupport_fastrtps_cpp
[2.461s] [ 76%] [32m[1mLinking CXX shared library libcustom_interfaces__rosidl_typesupport_fastrtps_c.so[0m
[2.527s] [ 76%] Built target custom_interfaces__rosidl_typesupport_fastrtps_c
[2.547s] [ 76%] Built target custom_interfaces
[2.567s] [ 78%] [34m[1mGenerating Python code for ROS interfaces[0m
[2.937s] [ 78%] Built target custom_interfaces__py
[2.958s] [ 85%] [32mBuilding C object CMakeFiles/custom_interfaces__rosidl_generator_py.dir/rosidl_generator_py/custom_interfaces/msg/_command_s.c.o[0m
[2.958s] [ 85%] [32mBuilding C object CMakeFiles/custom_interfaces__rosidl_generator_py.dir/rosidl_generator_py/custom_interfaces/msg/_serial_data_s.c.o[0m
[2.958s] [ 85%] [32mBuilding C object CMakeFiles/custom_interfaces__rosidl_generator_py.dir/rosidl_generator_py/custom_interfaces/msg/_target_s.c.o[0m
[3.042s] [ 87%] [32m[1mLinking C shared library rosidl_generator_py/custom_interfaces/libcustom_interfaces__rosidl_generator_py.so[0m
[3.078s] [ 87%] Built target custom_interfaces__rosidl_generator_py
[3.099s] [ 91%] [32mBuilding C object CMakeFiles/custom_interfaces__rosidl_typesupport_introspection_c__pyext.dir/rosidl_generator_py/custom_interfaces/_custom_interfaces_s.ep.rosidl_typesupport_introspection_c.c.o[0m
[3.099s] [ 93%] [32mBuilding C object CMakeFiles/custom_interfaces__rosidl_typesupport_c__pyext.dir/rosidl_generator_py/custom_interfaces/_custom_interfaces_s.ep.rosidl_typesupport_c.c.o[0m
[3.099s] [ 93%] [32mBuilding C object CMakeFiles/custom_interfaces__rosidl_typesupport_fastrtps_c__pyext.dir/rosidl_generator_py/custom_interfaces/_custom_interfaces_s.ep.rosidl_typesupport_fastrtps_c.c.o[0m
[3.179s] [ 97%] [32m[1mLinking C shared library rosidl_generator_py/custom_interfaces/custom_interfaces_s__rosidl_typesupport_introspection_c.cpython-310-x86_64-linux-gnu.so[0m
[3.179s] [ 97%] [32m[1mLinking C shared library rosidl_generator_py/custom_interfaces/custom_interfaces_s__rosidl_typesupport_c.cpython-310-x86_64-linux-gnu.so[0m
[3.183s] [100%] [32m[1mLinking C shared library rosidl_generator_py/custom_interfaces/custom_interfaces_s__rosidl_typesupport_fastrtps_c.cpython-310-x86_64-linux-gnu.so[0m
[3.210s] [100%] Built target custom_interfaces__rosidl_typesupport_introspection_c__pyext
[3.210s] [100%] Built target custom_interfaces__rosidl_typesupport_c__pyext
[3.216s] [100%] Built target custom_interfaces__rosidl_typesupport_fastrtps_c__pyext
[3.229s] Invoked command in '/home/hamzalegion/COROSOLS_WS/build/custom_interfaces' returned '0': CMAKE_PREFIX_PATH=/opt/ros/humble /usr/bin/cmake --build /home/hamzalegion/COROSOLS_WS/build/custom_interfaces -- -j16 -l16
[3.345s] Invoking command in '/home/hamzalegion/COROSOLS_WS/build/custom_interfaces': CMAKE_PREFIX_PATH=/opt/ros/humble /usr/bin/cmake --install /home/hamzalegion/COROSOLS_WS/build/custom_interfaces
[3.352s] -- Install configuration: ""
[3.352s] -- Installing: /home/hamzalegion/COROSOLS_WS/install/custom_interfaces/share/ament_index/resource_index/rosidl_interfaces/custom_interfaces
[3.352s] -- Up-to-date: /home/hamzalegion/COROSOLS_WS/install/custom_interfaces/include/custom_interfaces/custom_interfaces
[3.352s] -- Up-to-date: /home/hamzalegion/COROSOLS_WS/install/custom_interfaces/include/custom_interfaces/custom_interfaces/msg
[3.352s] -- Installing: /home/hamzalegion/COROSOLS_WS/install/custom_interfaces/include/custom_interfaces/custom_interfaces/msg/rosidl_generator_c__visibility_control.h
[3.352s] -- Up-to-date: /home/hamzalegion/COROSOLS_WS/install/custom_interfaces/include/custom_interfaces/custom_interfaces/msg/detail
[3.352s] -- Installing: /home/hamzalegion/COROSOLS_WS/install/custom_interfaces/include/custom_interfaces/custom_interfaces/msg/detail/serial_data__functions.c
[3.353s] -- Installing: /home/hamzalegion/COROSOLS_WS/install/custom_interfaces/include/custom_interfaces/custom_interfaces/msg/detail/serial_data__struct.h
[3.353s] -- Installing: /home/hamzalegion/COROSOLS_WS/install/custom_interfaces/include/custom_interfaces/custom_interfaces/msg/detail/command__functions.c
[3.353s] -- Installing: /home/hamzalegion/COROSOLS_WS/install/custom_interfaces/include/custom_interfaces/custom_interfaces/msg/detail/serial_data__type_support.h
[3.353s] -- Installing: /home/hamzalegion/COROSOLS_WS/install/custom_interfaces/include/custom_interfaces/custom_interfaces/msg/detail/target__type_support.h
[3.353s] -- Installing: /home/hamzalegion/COROSOLS_WS/install/custom_interfaces/include/custom_interfaces/custom_interfaces/msg/detail/target__functions.h
[3.354s] -- Installing: /home/hamzalegion/COROSOLS_WS/install/custom_interfaces/include/custom_interfaces/custom_interfaces/msg/detail/serial_data__functions.h
[3.354s] -- Installing: /home/hamzalegion/COROSOLS_WS/install/custom_interfaces/include/custom_interfaces/custom_interfaces/msg/detail/command__functions.h
[3.354s] -- Installing: /home/hamzalegion/COROSOLS_WS/install/custom_interfaces/include/custom_interfaces/custom_interfaces/msg/detail/command__struct.h
[3.354s] -- Installing: /home/hamzalegion/COROSOLS_WS/install/custom_interfaces/include/custom_interfaces/custom_interfaces/msg/detail/target__struct.h
[3.354s] -- Installing: /home/hamzalegion/COROSOLS_WS/install/custom_interfaces/include/custom_interfaces/custom_interfaces/msg/detail/command__type_support.h
[3.354s] -- Installing: /home/hamzalegion/COROSOLS_WS/install/custom_interfaces/include/custom_interfaces/custom_interfaces/msg/detail/target__functions.c
[3.355s] -- Installing: /home/hamzalegion/COROSOLS_WS/install/custom_interfaces/include/custom_interfaces/custom_interfaces/msg/serial_data.h
[3.355s] -- Installing: /home/hamzalegion/COROSOLS_WS/install/custom_interfaces/include/custom_interfaces/custom_interfaces/msg/target.h
[3.355s] -- Installing: /home/hamzalegion/COROSOLS_WS/install/custom_interfaces/include/custom_interfaces/custom_interfaces/msg/command.h
[3.355s] -- Installing: /home/hamzalegion/COROSOLS_WS/install/custom_interfaces/share/custom_interfaces/environment/library_path.sh
[3.355s] -- Installing: /home/hamzalegion/COROSOLS_WS/install/custom_interfaces/share/custom_interfaces/environment/library_path.dsv
[3.356s] -- Installing: /home/hamzalegion/COROSOLS_WS/install/custom_interfaces/lib/libcustom_interfaces__rosidl_generator_c.so
[3.356s] -- Set runtime path of "/home/hamzalegion/COROSOLS_WS/install/custom_interfaces/lib/libcustom_interfaces__rosidl_generator_c.so" to ""
[3.356s] -- Up-to-date: /home/hamzalegion/COROSOLS_WS/install/custom_interfaces/include/custom_interfaces/custom_interfaces
[3.356s] -- Up-to-date: /home/hamzalegion/COROSOLS_WS/install/custom_interfaces/include/custom_interfaces/custom_interfaces/msg
[3.356s] -- Up-to-date: /home/hamzalegion/COROSOLS_WS/install/custom_interfaces/include/custom_interfaces/custom_interfaces/msg/detail
[3.356s] -- Installing: /home/hamzalegion/COROSOLS_WS/install/custom_interfaces/include/custom_interfaces/custom_interfaces/msg/detail/serial_data__rosidl_typesupport_fastrtps_c.h
[3.357s] -- Installing: /home/hamzalegion/COROSOLS_WS/install/custom_interfaces/include/custom_interfaces/custom_interfaces/msg/detail/target__rosidl_typesupport_fastrtps_c.h
[3.357s] -- Installing: /home/hamzalegion/COROSOLS_WS/install/custom_interfaces/include/custom_interfaces/custom_interfaces/msg/detail/command__rosidl_typesupport_fastrtps_c.h
[3.357s] -- Installing: /home/hamzalegion/COROSOLS_WS/install/custom_interfaces/include/custom_interfaces/custom_interfaces/msg/rosidl_typesupport_fastrtps_c__visibility_control.h
[3.357s] -- Installing: /home/hamzalegion/COROSOLS_WS/install/custom_interfaces/lib/libcustom_interfaces__rosidl_typesupport_fastrtps_c.so
[3.358s] -- Set runtime path of "/home/hamzalegion/COROSOLS_WS/install/custom_interfaces/lib/libcustom_interfaces__rosidl_typesupport_fastrtps_c.so" to ""
[3.358s] -- Up-to-date: /home/hamzalegion/COROSOLS_WS/install/custom_interfaces/include/custom_interfaces/custom_interfaces
[3.358s] -- Up-to-date: /home/hamzalegion/COROSOLS_WS/install/custom_interfaces/include/custom_interfaces/custom_interfaces/msg
[3.358s] -- Up-to-date: /home/hamzalegion/COROSOLS_WS/install/custom_interfaces/include/custom_interfaces/custom_interfaces/msg/detail
[3.358s] -- Installing: /home/hamzalegion/COROSOLS_WS/install/custom_interfaces/include/custom_interfaces/custom_interfaces/msg/detail/serial_data__rosidl_typesupport_introspection_c.h
[3.358s] -- Installing: /home/hamzalegion/COROSOLS_WS/install/custom_interfaces/include/custom_interfaces/custom_interfaces/msg/detail/target__type_support.c
[3.358s] -- Installing: /home/hamzalegion/COROSOLS_WS/install/custom_interfaces/include/custom_interfaces/custom_interfaces/msg/detail/command__rosidl_typesupport_introspection_c.h
[3.358s] -- Installing: /home/hamzalegion/COROSOLS_WS/install/custom_interfaces/include/custom_interfaces/custom_interfaces/msg/detail/target__rosidl_typesupport_introspection_c.h
[3.358s] -- Installing: /home/hamzalegion/COROSOLS_WS/install/custom_interfaces/include/custom_interfaces/custom_interfaces/msg/detail/command__type_support.c
[3.359s] -- Installing: /home/hamzalegion/COROSOLS_WS/install/custom_interfaces/include/custom_interfaces/custom_interfaces/msg/detail/serial_data__type_support.c
[3.359s] -- Installing: /home/hamzalegion/COROSOLS_WS/install/custom_interfaces/include/custom_interfaces/custom_interfaces/msg/rosidl_typesupport_introspection_c__visibility_control.h
[3.359s] -- Installing: /home/hamzalegion/COROSOLS_WS/install/custom_interfaces/lib/libcustom_interfaces__rosidl_typesupport_introspection_c.so
[3.359s] -- Set runtime path of "/home/hamzalegion/COROSOLS_WS/install/custom_interfaces/lib/libcustom_interfaces__rosidl_typesupport_introspection_c.so" to ""
[3.360s] -- Installing: /home/hamzalegion/COROSOLS_WS/install/custom_interfaces/lib/libcustom_interfaces__rosidl_typesupport_c.so
[3.360s] -- Set runtime path of "/home/hamzalegion/COROSOLS_WS/install/custom_interfaces/lib/libcustom_interfaces__rosidl_typesupport_c.so" to ""
[3.360s] -- Up-to-date: /home/hamzalegion/COROSOLS_WS/install/custom_interfaces/include/custom_interfaces/custom_interfaces
[3.360s] -- Up-to-date: /home/hamzalegion/COROSOLS_WS/install/custom_interfaces/include/custom_interfaces/custom_interfaces/msg
[3.360s] -- Up-to-date: /home/hamzalegion/COROSOLS_WS/install/custom_interfaces/include/custom_interfaces/custom_interfaces/msg/detail
[3.360s] -- Installing: /home/hamzalegion/COROSOLS_WS/install/custom_interfaces/include/custom_interfaces/custom_interfaces/msg/detail/serial_data__traits.hpp
[3.360s] -- Installing: /home/hamzalegion/COROSOLS_WS/install/custom_interfaces/include/custom_interfaces/custom_interfaces/msg/detail/command__traits.hpp
[3.360s] -- Installing: /home/hamzalegion/COROSOLS_WS/install/custom_interfaces/include/custom_interfaces/custom_interfaces/msg/detail/serial_data__builder.hpp
[3.361s] -- Installing: /home/hamzalegion/COROSOLS_WS/install/custom_interfaces/include/custom_interfaces/custom_interfaces/msg/detail/target__builder.hpp
[3.361s] -- Installing: /home/hamzalegion/COROSOLS_WS/install/custom_interfaces/include/custom_interfaces/custom_interfaces/msg/detail/target__struct.hpp
[3.361s] -- Installing: /home/hamzalegion/COROSOLS_WS/install/custom_interfaces/include/custom_interfaces/custom_interfaces/msg/detail/serial_data__struct.hpp
[3.361s] -- Installing: /home/hamzalegion/COROSOLS_WS/install/custom_interfaces/include/custom_interfaces/custom_interfaces/msg/detail/target__traits.hpp
[3.361s] -- Installing: /home/hamzalegion/COROSOLS_WS/install/custom_interfaces/include/custom_interfaces/custom_interfaces/msg/detail/command__builder.hpp
[3.362s] -- Installing: /home/hamzalegion/COROSOLS_WS/install/custom_interfaces/include/custom_interfaces/custom_interfaces/msg/detail/command__struct.hpp
[3.362s] -- Installing: /home/hamzalegion/COROSOLS_WS/install/custom_interfaces/include/custom_interfaces/custom_interfaces/msg/serial_data.hpp
[3.362s] -- Installing: /home/hamzalegion/COROSOLS_WS/install/custom_interfaces/include/custom_interfaces/custom_interfaces/msg/command.hpp
[3.362s] -- Installing: /home/hamzalegion/COROSOLS_WS/install/custom_interfaces/include/custom_interfaces/custom_interfaces/msg/target.hpp
[3.362s] -- Up-to-date: /home/hamzalegion/COROSOLS_WS/install/custom_interfaces/include/custom_interfaces/custom_interfaces
[3.362s] -- Up-to-date: /home/hamzalegion/COROSOLS_WS/install/custom_interfaces/include/custom_interfaces/custom_interfaces/msg
[3.363s] -- Up-to-date: /home/hamzalegion/COROSOLS_WS/install/custom_interfaces/include/custom_interfaces/custom_interfaces/msg/detail
[3.363s] -- Installing: /home/hamzalegion/COROSOLS_WS/install/custom_interfaces/include/custom_interfaces/custom_interfaces/msg/detail/serial_data__rosidl_typesupport_fastrtps_cpp.hpp
[3.363s] -- Installing: /home/hamzalegion/COROSOLS_WS/install/custom_interfaces/include/custom_interfaces/custom_interfaces/msg/detail/command__rosidl_typesupport_fastrtps_cpp.hpp
[3.363s] -- Installing: /home/hamzalegion/COROSOLS_WS/install/custom_interfaces/include/custom_interfaces/custom_interfaces/msg/detail/target__rosidl_typesupport_fastrtps_cpp.hpp
[3.363s] -- Installing: /home/hamzalegion/COROSOLS_WS/install/custom_interfaces/include/custom_interfaces/custom_interfaces/msg/detail/dds_fastrtps
[3.363s] -- Installing: /home/hamzalegion/COROSOLS_WS/install/custom_interfaces/include/custom_interfaces/custom_interfaces/msg/rosidl_typesupport_fastrtps_cpp__visibility_control.h
[3.363s] -- Installing: /home/hamzalegion/COROSOLS_WS/install/custom_interfaces/lib/libcustom_interfaces__rosidl_typesupport_fastrtps_cpp.so
[3.364s] -- Set runtime path of "/home/hamzalegion/COROSOLS_WS/install/custom_interfaces/lib/libcustom_interfaces__rosidl_typesupport_fastrtps_cpp.so" to ""
[3.364s] -- Up-to-date: /home/hamzalegion/COROSOLS_WS/install/custom_interfaces/include/custom_interfaces/custom_interfaces
[3.364s] -- Up-to-date: /home/hamzalegion/COROSOLS_WS/install/custom_interfaces/include/custom_interfaces/custom_interfaces/msg
[3.364s] -- Up-to-date: /home/hamzalegion/COROSOLS_WS/install/custom_interfaces/include/custom_interfaces/custom_interfaces/msg/detail
[3.364s] -- Installing: /home/hamzalegion/COROSOLS_WS/install/custom_interfaces/include/custom_interfaces/custom_interfaces/msg/detail/command__type_support.cpp
[3.364s] -- Installing: /home/hamzalegion/COROSOLS_WS/install/custom_interfaces/include/custom_interfaces/custom_interfaces/msg/detail/command__rosidl_typesupport_introspection_cpp.hpp
[3.364s] -- Installing: /home/hamzalegion/COROSOLS_WS/install/custom_interfaces/include/custom_interfaces/custom_interfaces/msg/detail/target__type_support.cpp
[3.365s] -- Installing: /home/hamzalegion/COROSOLS_WS/install/custom_interfaces/include/custom_interfaces/custom_interfaces/msg/detail/target__rosidl_typesupport_introspection_cpp.hpp
[3.365s] -- Installing: /home/hamzalegion/COROSOLS_WS/install/custom_interfaces/include/custom_interfaces/custom_interfaces/msg/detail/serial_data__rosidl_typesupport_introspection_cpp.hpp
[3.365s] -- Installing: /home/hamzalegion/COROSOLS_WS/install/custom_interfaces/include/custom_interfaces/custom_interfaces/msg/detail/serial_data__type_support.cpp
[3.365s] -- Installing: /home/hamzalegion/COROSOLS_WS/install/custom_interfaces/lib/libcustom_interfaces__rosidl_typesupport_introspection_cpp.so
[3.366s] -- Set runtime path of "/home/hamzalegion/COROSOLS_WS/install/custom_interfaces/lib/libcustom_interfaces__rosidl_typesupport_introspection_cpp.so" to ""
[3.366s] -- Installing: /home/hamzalegion/COROSOLS_WS/install/custom_interfaces/lib/libcustom_interfaces__rosidl_typesupport_cpp.so
[3.366s] -- Set runtime path of "/home/hamzalegion/COROSOLS_WS/install/custom_interfaces/lib/libcustom_interfaces__rosidl_typesupport_cpp.so" to ""
[3.366s] -- Installing: /home/hamzalegion/COROSOLS_WS/install/custom_interfaces/share/custom_interfaces/environment/pythonpath.sh
[3.366s] -- Installing: /home/hamzalegion/COROSOLS_WS/install/custom_interfaces/share/custom_interfaces/environment/pythonpath.dsv
[3.366s] -- Installing: /home/hamzalegion/COROSOLS_WS/install/custom_interfaces/local/lib/python3.10/dist-packages/custom_interfaces-0.0.0-py3.10.egg-info
[3.367s] -- Installing: /home/hamzalegion/COROSOLS_WS/install/custom_interfaces/local/lib/python3.10/dist-packages/custom_interfaces-0.0.0-py3.10.egg-info/top_level.txt
[3.367s] -- Installing: /home/hamzalegion/COROSOLS_WS/install/custom_interfaces/local/lib/python3.10/dist-packages/custom_interfaces-0.0.0-py3.10.egg-info/SOURCES.txt
[3.367s] -- Installing: /home/hamzalegion/COROSOLS_WS/install/custom_interfaces/local/lib/python3.10/dist-packages/custom_interfaces-0.0.0-py3.10.egg-info/dependency_links.txt
[3.367s] -- Installing: /home/hamzalegion/COROSOLS_WS/install/custom_interfaces/local/lib/python3.10/dist-packages/custom_interfaces-0.0.0-py3.10.egg-info/PKG-INFO
[3.367s] -- Installing: /home/hamzalegion/COROSOLS_WS/install/custom_interfaces/local/lib/python3.10/dist-packages/custom_interfaces
[3.367s] -- Installing: /home/hamzalegion/COROSOLS_WS/install/custom_interfaces/local/lib/python3.10/dist-packages/custom_interfaces/libcustom_interfaces__rosidl_generator_py.so
[3.367s] -- Installing: /home/hamzalegion/COROSOLS_WS/install/custom_interfaces/local/lib/python3.10/dist-packages/custom_interfaces/custom_interfaces_s__rosidl_typesupport_fastrtps_c.cpython-310-x86_64-linux-gnu.so
[3.368s] -- Installing: /home/hamzalegion/COROSOLS_WS/install/custom_interfaces/local/lib/python3.10/dist-packages/custom_interfaces/msg
[3.368s] -- Installing: /home/hamzalegion/COROSOLS_WS/install/custom_interfaces/local/lib/python3.10/dist-packages/custom_interfaces/msg/_command_s.c
[3.368s] -- Installing: /home/hamzalegion/COROSOLS_WS/install/custom_interfaces/local/lib/python3.10/dist-packages/custom_interfaces/msg/_serial_data.py
[3.368s] -- Installing: /home/hamzalegion/COROSOLS_WS/install/custom_interfaces/local/lib/python3.10/dist-packages/custom_interfaces/msg/_target_s.c
[3.368s] -- Installing: /home/hamzalegion/COROSOLS_WS/install/custom_interfaces/local/lib/python3.10/dist-packages/custom_interfaces/msg/_command.py
[3.368s] -- Installing: /home/hamzalegion/COROSOLS_WS/install/custom_interfaces/local/lib/python3.10/dist-packages/custom_interfaces/msg/__init__.py
[3.369s] -- Installing: /home/hamzalegion/COROSOLS_WS/install/custom_interfaces/local/lib/python3.10/dist-packages/custom_interfaces/msg/_target.py
[3.369s] -- Installing: /home/hamzalegion/COROSOLS_WS/install/custom_interfaces/local/lib/python3.10/dist-packages/custom_interfaces/msg/_serial_data_s.c
[3.369s] -- Installing: /home/hamzalegion/COROSOLS_WS/install/custom_interfaces/local/lib/python3.10/dist-packages/custom_interfaces/custom_interfaces_s__rosidl_typesupport_c.cpython-310-x86_64-linux-gnu.so
[3.369s] -- Installing: /home/hamzalegion/COROSOLS_WS/install/custom_interfaces/local/lib/python3.10/dist-packages/custom_interfaces/_custom_interfaces_s.ep.rosidl_typesupport_c.c
[3.369s] -- Installing: /home/hamzalegion/COROSOLS_WS/install/custom_interfaces/local/lib/python3.10/dist-packages/custom_interfaces/custom_interfaces_s__rosidl_typesupport_introspection_c.cpython-310-x86_64-linux-gnu.so
[3.369s] -- Installing: /home/hamzalegion/COROSOLS_WS/install/custom_interfaces/local/lib/python3.10/dist-packages/custom_interfaces/_custom_interfaces_s.ep.rosidl_typesupport_introspection_c.c
[3.369s] -- Installing: /home/hamzalegion/COROSOLS_WS/install/custom_interfaces/local/lib/python3.10/dist-packages/custom_interfaces/__init__.py
[3.370s] -- Installing: /home/hamzalegion/COROSOLS_WS/install/custom_interfaces/local/lib/python3.10/dist-packages/custom_interfaces/_custom_interfaces_s.ep.rosidl_typesupport_fastrtps_c.c
[3.405s] Listing '/home/hamzalegion/COROSOLS_WS/install/custom_interfaces/local/lib/python3.10/dist-packages/custom_interfaces'...
[3.405s] Compiling '/home/hamzalegion/COROSOLS_WS/install/custom_interfaces/local/lib/python3.10/dist-packages/custom_interfaces/__init__.py'...
[3.405s] Listing '/home/hamzalegion/COROSOLS_WS/install/custom_interfaces/local/lib/python3.10/dist-packages/custom_interfaces/msg'...
[3.405s] Compiling '/home/hamzalegion/COROSOLS_WS/install/custom_interfaces/local/lib/python3.10/dist-packages/custom_interfaces/msg/__init__.py'...
[3.405s] Compiling '/home/hamzalegion/COROSOLS_WS/install/custom_interfaces/local/lib/python3.10/dist-packages/custom_interfaces/msg/_command.py'...
[3.405s] Compiling '/home/hamzalegion/COROSOLS_WS/install/custom_interfaces/local/lib/python3.10/dist-packages/custom_interfaces/msg/_serial_data.py'...
[3.405s] Compiling '/home/hamzalegion/COROSOLS_WS/install/custom_interfaces/local/lib/python3.10/dist-packages/custom_interfaces/msg/_target.py'...
[3.408s] -- Installing: /home/hamzalegion/COROSOLS_WS/install/custom_interfaces/local/lib/python3.10/dist-packages/custom_interfaces/custom_interfaces_s__rosidl_typesupport_fastrtps_c.cpython-310-x86_64-linux-gnu.so
[3.408s] -- Set runtime path of "/home/hamzalegion/COROSOLS_WS/install/custom_interfaces/local/lib/python3.10/dist-packages/custom_interfaces/custom_interfaces_s__rosidl_typesupport_fastrtps_c.cpython-310-x86_64-linux-gnu.so" to ""
[3.409s] -- Installing: /home/hamzalegion/COROSOLS_WS/install/custom_interfaces/local/lib/python3.10/dist-packages/custom_interfaces/custom_interfaces_s__rosidl_typesupport_introspection_c.cpython-310-x86_64-linux-gnu.so
[3.409s] -- Set runtime path of "/home/hamzalegion/COROSOLS_WS/install/custom_interfaces/local/lib/python3.10/dist-packages/custom_interfaces/custom_interfaces_s__rosidl_typesupport_introspection_c.cpython-310-x86_64-linux-gnu.so" to ""
[3.409s] -- Installing: /home/hamzalegion/COROSOLS_WS/install/custom_interfaces/local/lib/python3.10/dist-packages/custom_interfaces/custom_interfaces_s__rosidl_typesupport_c.cpython-310-x86_64-linux-gnu.so
[3.409s] -- Set runtime path of "/home/hamzalegion/COROSOLS_WS/install/custom_interfaces/local/lib/python3.10/dist-packages/custom_interfaces/custom_interfaces_s__rosidl_typesupport_c.cpython-310-x86_64-linux-gnu.so" to ""
[3.409s] -- Installing: /home/hamzalegion/COROSOLS_WS/install/custom_interfaces/lib/libcustom_interfaces__rosidl_generator_py.so
[3.410s] -- Set runtime path of "/home/hamzalegion/COROSOLS_WS/install/custom_interfaces/lib/libcustom_interfaces__rosidl_generator_py.so" to ""
[3.410s] -- Installing: /home/hamzalegion/COROSOLS_WS/install/custom_interfaces/share/custom_interfaces/msg/SerialData.idl
[3.410s] -- Installing: /home/hamzalegion/COROSOLS_WS/install/custom_interfaces/share/custom_interfaces/msg/Target.idl
[3.410s] -- Installing: /home/hamzalegion/COROSOLS_WS/install/custom_interfaces/share/custom_interfaces/msg/Command.idl
[3.410s] -- Up-to-date: /home/hamzalegion/COROSOLS_WS/install/custom_interfaces/share/custom_interfaces/msg/SerialData.msg
[3.411s] -- Up-to-date: /home/hamzalegion/COROSOLS_WS/install/custom_interfaces/share/custom_interfaces/msg/Target.msg
[3.411s] -- Up-to-date: /home/hamzalegion/COROSOLS_WS/install/custom_interfaces/share/custom_interfaces/msg/Command.msg
[3.411s] -- Installing: /home/hamzalegion/COROSOLS_WS/install/custom_interfaces/share/ament_index/resource_index/package_run_dependencies/custom_interfaces
[3.411s] -- Installing: /home/hamzalegion/COROSOLS_WS/install/custom_interfaces/share/ament_index/resource_index/parent_prefix_path/custom_interfaces
[3.411s] -- Installing: /home/hamzalegion/COROSOLS_WS/install/custom_interfaces/share/custom_interfaces/environment/ament_prefix_path.sh
[3.411s] -- Installing: /home/hamzalegion/COROSOLS_WS/install/custom_interfaces/share/custom_interfaces/environment/ament_prefix_path.dsv
[3.412s] -- Installing: /home/hamzalegion/COROSOLS_WS/install/custom_interfaces/share/custom_interfaces/environment/path.sh
[3.412s] -- Installing: /home/hamzalegion/COROSOLS_WS/install/custom_interfaces/share/custom_interfaces/environment/path.dsv
[3.412s] -- Installing: /home/hamzalegion/COROSOLS_WS/install/custom_interfaces/share/custom_interfaces/local_setup.bash
[3.412s] -- Installing: /home/hamzalegion/COROSOLS_WS/install/custom_interfaces/share/custom_interfaces/local_setup.sh
[3.412s] -- Installing: /home/hamzalegion/COROSOLS_WS/install/custom_interfaces/share/custom_interfaces/local_setup.zsh
[3.413s] -- Installing: /home/hamzalegion/COROSOLS_WS/install/custom_interfaces/share/custom_interfaces/local_setup.dsv
[3.413s] -- Installing: /home/hamzalegion/COROSOLS_WS/install/custom_interfaces/share/custom_interfaces/package.dsv
[3.413s] -- Installing: /home/hamzalegion/COROSOLS_WS/install/custom_interfaces/share/ament_index/resource_index/packages/custom_interfaces
[3.413s] -- Old export file "/home/hamzalegion/COROSOLS_WS/install/custom_interfaces/share/custom_interfaces/cmake/export_custom_interfaces__rosidl_generator_cExport.cmake" will be replaced.  Removing files [/home/hamzalegion/COROSOLS_WS/install/custom_interfaces/share/custom_interfaces/cmake/export_custom_interfaces__rosidl_generator_cExport-noconfig.cmake].
[3.413s] -- Installing: /home/hamzalegion/COROSOLS_WS/install/custom_interfaces/share/custom_interfaces/cmake/export_custom_interfaces__rosidl_generator_cExport.cmake
[3.413s] -- Installing: /home/hamzalegion/COROSOLS_WS/install/custom_interfaces/share/custom_interfaces/cmake/export_custom_interfaces__rosidl_generator_cExport-noconfig.cmake
[3.414s] -- Old export file "/home/hamzalegion/COROSOLS_WS/install/custom_interfaces/share/custom_interfaces/cmake/export_custom_interfaces__rosidl_typesupport_fastrtps_cExport.cmake" will be replaced.  Removing files [/home/hamzalegion/COROSOLS_WS/install/custom_interfaces/share/custom_interfaces/cmake/export_custom_interfaces__rosidl_typesupport_fastrtps_cExport-noconfig.cmake].
[3.414s] -- Installing: /home/hamzalegion/COROSOLS_WS/install/custom_interfaces/share/custom_interfaces/cmake/export_custom_interfaces__rosidl_typesupport_fastrtps_cExport.cmake
[3.414s] -- Installing: /home/hamzalegion/COROSOLS_WS/install/custom_interfaces/share/custom_interfaces/cmake/export_custom_interfaces__rosidl_typesupport_fastrtps_cExport-noconfig.cmake
[3.414s] -- Old export file "/home/hamzalegion/COROSOLS_WS/install/custom_interfaces/share/custom_interfaces/cmake/custom_interfaces__rosidl_typesupport_introspection_cExport.cmake" will be replaced.  Removing files [/home/hamzalegion/COROSOLS_WS/install/custom_interfaces/share/custom_interfaces/cmake/custom_interfaces__rosidl_typesupport_introspection_cExport-noconfig.cmake].
[3.414s] -- Installing: /home/hamzalegion/COROSOLS_WS/install/custom_interfaces/share/custom_interfaces/cmake/custom_interfaces__rosidl_typesupport_introspection_cExport.cmake
[3.415s] -- Installing: /home/hamzalegion/COROSOLS_WS/install/custom_interfaces/share/custom_interfaces/cmake/custom_interfaces__rosidl_typesupport_introspection_cExport-noconfig.cmake
[3.415s] -- Old export file "/home/hamzalegion/COROSOLS_WS/install/custom_interfaces/share/custom_interfaces/cmake/custom_interfaces__rosidl_typesupport_cExport.cmake" will be replaced.  Removing files [/home/hamzalegion/COROSOLS_WS/install/custom_interfaces/share/custom_interfaces/cmake/custom_interfaces__rosidl_typesupport_cExport-noconfig.cmake].
[3.415s] -- Installing: /home/hamzalegion/COROSOLS_WS/install/custom_interfaces/share/custom_interfaces/cmake/custom_interfaces__rosidl_typesupport_cExport.cmake
[3.415s] -- Installing: /home/hamzalegion/COROSOLS_WS/install/custom_interfaces/share/custom_interfaces/cmake/custom_interfaces__rosidl_typesupport_cExport-noconfig.cmake
[3.415s] -- Installing: /home/hamzalegion/COROSOLS_WS/install/custom_interfaces/share/custom_interfaces/cmake/export_custom_interfaces__rosidl_generator_cppExport.cmake
[3.416s] -- Old export file "/home/hamzalegion/COROSOLS_WS/install/custom_interfaces/share/custom_interfaces/cmake/export_custom_interfaces__rosidl_typesupport_fastrtps_cppExport.cmake" will be replaced.  Removing files [/home/hamzalegion/COROSOLS_WS/install/custom_interfaces/share/custom_interfaces/cmake/export_custom_interfaces__rosidl_typesupport_fastrtps_cppExport-noconfig.cmake].
[3.416s] -- Installing: /home/hamzalegion/COROSOLS_WS/install/custom_interfaces/share/custom_interfaces/cmake/export_custom_interfaces__rosidl_typesupport_fastrtps_cppExport.cmake
[3.416s] -- Installing: /home/hamzalegion/COROSOLS_WS/install/custom_interfaces/share/custom_interfaces/cmake/export_custom_interfaces__rosidl_typesupport_fastrtps_cppExport-noconfig.cmake
[3.416s] -- Old export file "/home/hamzalegion/COROSOLS_WS/install/custom_interfaces/share/custom_interfaces/cmake/custom_interfaces__rosidl_typesupport_introspection_cppExport.cmake" will be replaced.  Removing files [/home/hamzalegion/COROSOLS_WS/install/custom_interfaces/share/custom_interfaces/cmake/custom_interfaces__rosidl_typesupport_introspection_cppExport-noconfig.cmake].
[3.416s] -- Installing: /home/hamzalegion/COROSOLS_WS/install/custom_interfaces/share/custom_interfaces/cmake/custom_interfaces__rosidl_typesupport_introspection_cppExport.cmake
[3.417s] -- Installing: /home/hamzalegion/COROSOLS_WS/install/custom_interfaces/share/custom_interfaces/cmake/custom_interfaces__rosidl_typesupport_introspection_cppExport-noconfig.cmake
[3.417s] -- Old export file "/home/hamzalegion/COROSOLS_WS/install/custom_interfaces/share/custom_interfaces/cmake/custom_interfaces__rosidl_typesupport_cppExport.cmake" will be replaced.  Removing files [/home/hamzalegion/COROSOLS_WS/install/custom_interfaces/share/custom_interfaces/cmake/custom_interfaces__rosidl_typesupport_cppExport-noconfig.cmake].
[3.417s] -- Installing: /home/hamzalegion/COROSOLS_WS/install/custom_interfaces/share/custom_interfaces/cmake/custom_interfaces__rosidl_typesupport_cppExport.cmake
[3.417s] -- Installing: /home/hamzalegion/COROSOLS_WS/install/custom_interfaces/share/custom_interfaces/cmake/custom_interfaces__rosidl_typesupport_cppExport-noconfig.cmake
[3.417s] -- Old export file "/home/hamzalegion/COROSOLS_WS/install/custom_interfaces/share/custom_interfaces/cmake/export_custom_interfaces__rosidl_generator_pyExport.cmake" will be replaced.  Removing files [/home/hamzalegion/COROSOLS_WS/install/custom_interfaces/share/custom_interfaces/cmake/export_custom_interfaces__rosidl_generator_pyExport-noconfig.cmake].
[3.417s] -- Installing: /home/hamzalegion/COROSOLS_WS/install/custom_interfaces/share/custom_interfaces/cmake/export_custom_interfaces__rosidl_generator_pyExport.cmake
[3.418s] -- Installing: /home/hamzalegion/COROSOLS_WS/install/custom_interfaces/share/custom_interfaces/cmake/export_custom_interfaces__rosidl_generator_pyExport-noconfig.cmake
[3.418s] -- Installing: /home/hamzalegion/COROSOLS_WS/install/custom_interfaces/share/custom_interfaces/cmake/rosidl_cmake-extras.cmake
[3.418s] -- Installing: /home/hamzalegion/COROSOLS_WS/install/custom_interfaces/share/custom_interfaces/cmake/ament_cmake_export_include_directories-extras.cmake
[3.418s] -- Installing: /home/hamzalegion/COROSOLS_WS/install/custom_interfaces/share/custom_interfaces/cmake/ament_cmake_export_libraries-extras.cmake
[3.418s] -- Installing: /home/hamzalegion/COROSOLS_WS/install/custom_interfaces/share/custom_interfaces/cmake/ament_cmake_export_targets-extras.cmake
[3.419s] -- Installing: /home/hamzalegion/COROSOLS_WS/install/custom_interfaces/share/custom_interfaces/cmake/rosidl_cmake_export_typesupport_targets-extras.cmake
[3.419s] -- Installing: /home/hamzalegion/COROSOLS_WS/install/custom_interfaces/share/custom_interfaces/cmake/ament_cmake_export_dependencies-extras.cmake
[3.419s] -- Installing: /home/hamzalegion/COROSOLS_WS/install/custom_interfaces/share/custom_interfaces/cmake/rosidl_cmake_export_typesupport_libraries-extras.cmake
[3.419s] -- Installing: /home/hamzalegion/COROSOLS_WS/install/custom_interfaces/share/custom_interfaces/cmake/custom_interfacesConfig.cmake
[3.419s] -- Installing: /home/hamzalegion/COROSOLS_WS/install/custom_interfaces/share/custom_interfaces/cmake/custom_interfacesConfig-version.cmake
[3.420s] -- Up-to-date: /home/hamzalegion/COROSOLS_WS/install/custom_interfaces/share/custom_interfaces/package.xml
[3.422s] Invoked command in '/home/hamzalegion/COROSOLS_WS/build/custom_interfaces' returned '0': CMAKE_PREFIX_PATH=/opt/ros/humble /usr/bin/cmake --install /home/hamzalegion/COROSOLS_WS/build/custom_interfaces
