[0.807s] Invoking command in '/home/hamzalegion/COROSOLS_WS/src/corosols': CMAKE_PREFIX_PATH=/home/hamzalegion/COROSOLS_WS/install/custom_interfaces:/home/hamzalegion/COROSOLS_WS/install/action_tutorials_interfaces:/home/hamzalegion/COROSOLS_WS/install/marvelmind_ros2:/home/hamzalegion/COROSOLS_WS/install/marvelmind_ros2_msgs LD_LIBRARY_PATH=/home/hamzalegion/COROSOLS_WS/install/custom_interfaces/lib:/home/hamzalegion/COROSOLS_WS/install/action_tutorials_interfaces/lib:/home/hamzalegion/COROSOLS_WS/install/marvelmind_ros2_msgs/lib:/opt/ros/humble/opt/rviz_ogre_vendor/lib:/opt/ros/humble/lib/x86_64-linux-gnu:/opt/ros/humble/lib PYTHONPATH=/home/hamzalegion/COROSOLS_WS/build/corosols/prefix_override:/home/hamzalegion/COROSOLS_WS/install/corosols/lib/python3.10/site-packages:${PYTHONPATH} /usr/bin/python3 -W ignore:setup.py install is deprecated setup.py egg_info --egg-base ../../build/corosols build --build-base /home/hamzalegion/COROSOLS_WS/build/corosols/build install --record /home/hamzalegion/COROSOLS_WS/build/corosols/install.log --single-version-externally-managed install_data
[1.097s] running egg_info
[1.098s] writing ../../build/corosols/corosols.egg-info/PKG-INFO
[1.098s] writing dependency_links to ../../build/corosols/corosols.egg-info/dependency_links.txt
[1.098s] writing entry points to ../../build/corosols/corosols.egg-info/entry_points.txt
[1.098s] writing requirements to ../../build/corosols/corosols.egg-info/requires.txt
[1.099s] writing top-level names to ../../build/corosols/corosols.egg-info/top_level.txt
[1.100s] reading manifest file '../../build/corosols/corosols.egg-info/SOURCES.txt'
[1.102s] writing manifest file '../../build/corosols/corosols.egg-info/SOURCES.txt'
[1.102s] running build
[1.102s] running build_py
[1.102s] running install
[1.103s] running install_lib
[1.105s] running install_data
[1.105s] copying launch/servers.launch.py -> /home/hamzalegion/COROSOLS_WS/install/corosols/share/corosols/launch
[1.105s] running install_egg_info
[1.107s] removing '/home/hamzalegion/COROSOLS_WS/install/corosols/lib/python3.10/site-packages/corosols-0.0.0-py3.10.egg-info' (and everything under it)
[1.107s] Copying ../../build/corosols/corosols.egg-info to /home/hamzalegion/COROSOLS_WS/install/corosols/lib/python3.10/site-packages/corosols-0.0.0-py3.10.egg-info
[1.108s] running install_scripts
[1.132s] Installing input_client script to /home/hamzalegion/COROSOLS_WS/install/corosols/lib/corosols
[1.132s] Installing pose_broadcaster script to /home/hamzalegion/COROSOLS_WS/install/corosols/lib/corosols
[1.132s] Installing robot_speeds script to /home/hamzalegion/COROSOLS_WS/install/corosols/lib/corosols
[1.133s] Installing serial script to /home/hamzalegion/COROSOLS_WS/install/corosols/lib/corosols
[1.133s] writing list of installed files to '/home/hamzalegion/COROSOLS_WS/build/corosols/install.log'
[1.172s] Invoked command in '/home/hamzalegion/COROSOLS_WS/src/corosols' returned '0': CMAKE_PREFIX_PATH=/home/hamzalegion/COROSOLS_WS/install/custom_interfaces:/home/hamzalegion/COROSOLS_WS/install/action_tutorials_interfaces:/home/hamzalegion/COROSOLS_WS/install/marvelmind_ros2:/home/hamzalegion/COROSOLS_WS/install/marvelmind_ros2_msgs LD_LIBRARY_PATH=/home/hamzalegion/COROSOLS_WS/install/custom_interfaces/lib:/home/hamzalegion/COROSOLS_WS/install/action_tutorials_interfaces/lib:/home/hamzalegion/COROSOLS_WS/install/marvelmind_ros2_msgs/lib:/opt/ros/humble/opt/rviz_ogre_vendor/lib:/opt/ros/humble/lib/x86_64-linux-gnu:/opt/ros/humble/lib PYTHONPATH=/home/hamzalegion/COROSOLS_WS/build/corosols/prefix_override:/home/hamzalegion/COROSOLS_WS/install/corosols/lib/python3.10/site-packages:${PYTHONPATH} /usr/bin/python3 -W ignore:setup.py install is deprecated setup.py egg_info --egg-base ../../build/corosols build --build-base /home/hamzalegion/COROSOLS_WS/build/corosols/build install --record /home/hamzalegion/COROSOLS_WS/build/corosols/install.log --single-version-externally-managed install_data
