[0.037s] Invoking command in '/home/youssef/COROSOLS_WS/build/sllidar_ros2': CMAKE_PREFIX_PATH=${CMAKE_PREFIX_PATH}:/home/youssef/COROSOLS_WS/install/corosols:/opt/ros/humble /usr/bin/cmake --build /home/youssef/COROSOLS_WS/build/sllidar_ros2 -- -j8 -l8
[0.177s] [ 10%] Built target sllidar_client
[0.269s] [100%] Built target sllidar_node
[0.339s] Invoked command in '/home/youssef/COROSOLS_WS/build/sllidar_ros2' returned '0': CMAKE_PREFIX_PATH=${CMAKE_PREFIX_PATH}:/home/youssef/COROSOLS_WS/install/corosols:/opt/ros/humble /usr/bin/cmake --build /home/youssef/COROSOLS_WS/build/sllidar_ros2 -- -j8 -l8
[0.364s] Invoking command in '/home/youssef/COROSOLS_WS/build/sllidar_ros2': CMAKE_PREFIX_PATH=${CMAKE_PREFIX_PATH}:/home/youssef/COROSOLS_WS/install/corosols:/opt/ros/humble /usr/bin/cmake --install /home/youssef/COROSOLS_WS/build/sllidar_ros2
[0.374s] -- Install configuration: ""
[0.374s] -- Up-to-date: /home/youssef/COROSOLS_WS/install/sllidar_ros2/share/sllidar_ros2/launch
[0.374s] -- Up-to-date: /home/youssef/COROSOLS_WS/install/sllidar_ros2/share/sllidar_ros2/launch/sllidar_s3_launch.py
[0.375s] -- Up-to-date: /home/youssef/COROSOLS_WS/install/sllidar_ros2/share/sllidar_ros2/launch/sllidar_s1_tcp_launch.py
[0.375s] -- Up-to-date: /home/youssef/COROSOLS_WS/install/sllidar_ros2/share/sllidar_ros2/launch/view_sllidar_a3_launch.py
[0.375s] -- Up-to-date: /home/youssef/COROSOLS_WS/install/sllidar_ros2/share/sllidar_ros2/launch/view_sllidar_a2m8_launch.py
[0.375s] -- Up-to-date: /home/youssef/COROSOLS_WS/install/sllidar_ros2/share/sllidar_ros2/launch/sllidar_s2e_launch.py
[0.375s] -- Up-to-date: /home/youssef/COROSOLS_WS/install/sllidar_ros2/share/sllidar_ros2/launch/view_sllidar_a1_launch.py
[0.375s] -- Up-to-date: /home/youssef/COROSOLS_WS/install/sllidar_ros2/share/sllidar_ros2/launch/sllidar_a2m7_launch.py
[0.375s] -- Up-to-date: /home/youssef/COROSOLS_WS/install/sllidar_ros2/share/sllidar_ros2/launch/view_sllidar_s2_launch.py
[0.376s] -- Up-to-date: /home/youssef/COROSOLS_WS/install/sllidar_ros2/share/sllidar_ros2/launch/view_sllidar_a2m12_launch.py
[0.376s] -- Up-to-date: /home/youssef/COROSOLS_WS/install/sllidar_ros2/share/sllidar_ros2/launch/sllidar_t1_launch.py
[0.376s] -- Up-to-date: /home/youssef/COROSOLS_WS/install/sllidar_ros2/share/sllidar_ros2/launch/view_sllidar_s1_launch.py
[0.376s] -- Up-to-date: /home/youssef/COROSOLS_WS/install/sllidar_ros2/share/sllidar_ros2/launch/view_sllidar_s3_launch.py
[0.376s] -- Up-to-date: /home/youssef/COROSOLS_WS/install/sllidar_ros2/share/sllidar_ros2/launch/sllidar_a1_launch.py
[0.376s] -- Up-to-date: /home/youssef/COROSOLS_WS/install/sllidar_ros2/share/sllidar_ros2/launch/sllidar_a3_launch.py
[0.378s] -- Up-to-date: /home/youssef/COROSOLS_WS/install/sllidar_ros2/share/sllidar_ros2/launch/view_sllidar_c1_launch.py
[0.380s] -- Up-to-date: /home/youssef/COROSOLS_WS/install/sllidar_ros2/share/sllidar_ros2/launch/view_sllidar_t1_launch.py
[0.380s] -- Up-to-date: /home/youssef/COROSOLS_WS/install/sllidar_ros2/share/sllidar_ros2/launch/sllidar_c1_launch.py
[0.380s] -- Up-to-date: /home/youssef/COROSOLS_WS/install/sllidar_ros2/share/sllidar_ros2/launch/view_sllidar_a2m7_launch.py
[0.381s] -- Up-to-date: /home/youssef/COROSOLS_WS/install/sllidar_ros2/share/sllidar_ros2/launch/view_sllidar_s2e_launch.py
[0.381s] -- Up-to-date: /home/youssef/COROSOLS_WS/install/sllidar_ros2/share/sllidar_ros2/launch/view_sllidar_s1_tcp_launch.py
[0.381s] -- Up-to-date: /home/youssef/COROSOLS_WS/install/sllidar_ros2/share/sllidar_ros2/launch/sllidar_a2m8_launch.py
[0.381s] -- Up-to-date: /home/youssef/COROSOLS_WS/install/sllidar_ros2/share/sllidar_ros2/launch/sllidar_a2m12_launch .py
[0.381s] -- Up-to-date: /home/youssef/COROSOLS_WS/install/sllidar_ros2/share/sllidar_ros2/launch/sllidar_s2_launch.py
[0.381s] -- Up-to-date: /home/youssef/COROSOLS_WS/install/sllidar_ros2/share/sllidar_ros2/launch/sllidar_s1_launch.py
[0.381s] -- Up-to-date: /home/youssef/COROSOLS_WS/install/sllidar_ros2/share/sllidar_ros2/rviz
[0.381s] -- Up-to-date: /home/youssef/COROSOLS_WS/install/sllidar_ros2/share/sllidar_ros2/rviz/sllidar_ros2.rviz
[0.382s] -- Up-to-date: /home/youssef/COROSOLS_WS/install/sllidar_ros2/lib/sllidar_ros2/sllidar_node
[0.382s] -- Up-to-date: /home/youssef/COROSOLS_WS/install/sllidar_ros2/lib/sllidar_ros2/sllidar_client
[0.382s] -- Up-to-date: /home/youssef/COROSOLS_WS/install/sllidar_ros2/share/ament_index/resource_index/package_run_dependencies/sllidar_ros2
[0.397s] -- Up-to-date: /home/youssef/COROSOLS_WS/install/sllidar_ros2/share/ament_index/resource_index/parent_prefix_path/sllidar_ros2
[0.398s] -- Up-to-date: /home/youssef/COROSOLS_WS/install/sllidar_ros2/share/sllidar_ros2/environment/ament_prefix_path.sh
[0.398s] -- Up-to-date: /home/youssef/COROSOLS_WS/install/sllidar_ros2/share/sllidar_ros2/environment/ament_prefix_path.dsv
[0.398s] -- Up-to-date: /home/youssef/COROSOLS_WS/install/sllidar_ros2/share/sllidar_ros2/environment/path.sh
[0.398s] -- Up-to-date: /home/youssef/COROSOLS_WS/install/sllidar_ros2/share/sllidar_ros2/environment/path.dsv
[0.398s] -- Up-to-date: /home/youssef/COROSOLS_WS/install/sllidar_ros2/share/sllidar_ros2/local_setup.bash
[0.398s] -- Up-to-date: /home/youssef/COROSOLS_WS/install/sllidar_ros2/share/sllidar_ros2/local_setup.sh
[0.399s] -- Up-to-date: /home/youssef/COROSOLS_WS/install/sllidar_ros2/share/sllidar_ros2/local_setup.zsh
[0.399s] -- Up-to-date: /home/youssef/COROSOLS_WS/install/sllidar_ros2/share/sllidar_ros2/local_setup.dsv
[0.399s] -- Installing: /home/youssef/COROSOLS_WS/install/sllidar_ros2/share/sllidar_ros2/package.dsv
[0.399s] -- Up-to-date: /home/youssef/COROSOLS_WS/install/sllidar_ros2/share/ament_index/resource_index/packages/sllidar_ros2
[0.399s] -- Up-to-date: /home/youssef/COROSOLS_WS/install/sllidar_ros2/share/sllidar_ros2/cmake/ament_cmake_export_dependencies-extras.cmake
[0.399s] -- Up-to-date: /home/youssef/COROSOLS_WS/install/sllidar_ros2/share/sllidar_ros2/cmake/ament_cmake_export_include_directories-extras.cmake
[0.399s] -- Up-to-date: /home/youssef/COROSOLS_WS/install/sllidar_ros2/share/sllidar_ros2/cmake/sllidar_ros2Config.cmake
[0.400s] -- Up-to-date: /home/youssef/COROSOLS_WS/install/sllidar_ros2/share/sllidar_ros2/cmake/sllidar_ros2Config-version.cmake
[0.400s] -- Up-to-date: /home/youssef/COROSOLS_WS/install/sllidar_ros2/share/sllidar_ros2/package.xml
[0.400s] Invoked command in '/home/youssef/COROSOLS_WS/build/sllidar_ros2' returned '0': CMAKE_PREFIX_PATH=${CMAKE_PREFIX_PATH}:/home/youssef/COROSOLS_WS/install/corosols:/opt/ros/humble /usr/bin/cmake --install /home/youssef/COROSOLS_WS/build/sllidar_ros2
