[0.043s] Invoking command in '/home/youssef/COROSOLS_WS/build/marvelmind_ros2_msgs': CMAKE_PREFIX_PATH=${CMAKE_PREFIX_PATH}:/home/youssef/COROSOLS_WS/install/corosols:/opt/ros/humble /usr/bin/cmake --build /home/youssef/COROSOLS_WS/build/marvelmind_ros2_msgs -- -j8 -l8
[0.190s] [35m[1mConsolidate compiler generated dependencies of target marvelmind_ros2_msgs__rosidl_generator_c[0m
[0.323s] [  0%] Built target marvelmind_ros2_msgs__cpp
[0.330s] [ 12%] Built target marvelmind_ros2_msgs__rosidl_generator_c
[0.349s] [ 12%] Built target ament_cmake_python_copy_marvelmind_ros2_msgs
[0.387s] [35m[1mConsolidate compiler generated dependencies of target marvelmind_ros2_msgs__rosidl_typesupport_introspection_cpp[0m
[0.388s] [35m[1mConsolidate compiler generated dependencies of target marvelmind_ros2_msgs__rosidl_typesupport_cpp[0m
[0.391s] [35m[1mConsolidate compiler generated dependencies of target marvelmind_ros2_msgs__rosidl_typesupport_fastrtps_cpp[0m
[0.392s] [35m[1mConsolidate compiler generated dependencies of target marvelmind_ros2_msgs__rosidl_typesupport_c[0m
[0.419s] [35m[1mConsolidate compiler generated dependencies of target marvelmind_ros2_msgs__rosidl_typesupport_fastrtps_c[0m
[0.432s] [35m[1mConsolidate compiler generated dependencies of target marvelmind_ros2_msgs__rosidl_typesupport_introspection_c[0m
[0.458s] [ 24%] Built target marvelmind_ros2_msgs__rosidl_typesupport_c
[0.475s] [ 36%] Built target marvelmind_ros2_msgs__rosidl_typesupport_introspection_cpp
[0.478s] [ 48%] Built target marvelmind_ros2_msgs__rosidl_typesupport_cpp
[0.486s] [ 59%] Built target marvelmind_ros2_msgs__rosidl_typesupport_fastrtps_cpp
[0.500s] [ 71%] Built target marvelmind_ros2_msgs__rosidl_typesupport_introspection_c
[0.510s] [ 83%] Built target marvelmind_ros2_msgs__rosidl_typesupport_fastrtps_c
[0.553s] [ 83%] Built target marvelmind_ros2_msgs
[0.610s] [ 84%] Built target marvelmind_ros2_msgs__py
[0.646s] [35m[1mConsolidate compiler generated dependencies of target marvelmind_ros2_msgs__rosidl_generator_py[0m
[0.728s] [ 95%] Built target marvelmind_ros2_msgs__rosidl_generator_py
[0.768s] [35m[1mConsolidate compiler generated dependencies of target marvelmind_ros2_msgs__rosidl_typesupport_fastrtps_c__pyext[0m
[0.769s] [35m[1mConsolidate compiler generated dependencies of target marvelmind_ros2_msgs__rosidl_typesupport_introspection_c__pyext[0m
[0.769s] [35m[1mConsolidate compiler generated dependencies of target marvelmind_ros2_msgs__rosidl_typesupport_c__pyext[0m
[0.798s] [ 99%] Built target marvelmind_ros2_msgs__rosidl_typesupport_fastrtps_c__pyext
[0.801s] [ 99%] Built target marvelmind_ros2_msgs__rosidl_typesupport_introspection_c__pyext
[0.803s] [100%] Built target marvelmind_ros2_msgs__rosidl_typesupport_c__pyext
[1.034s] running egg_info
[1.035s] writing marvelmind_ros2_msgs.egg-info/PKG-INFO
[1.036s] writing dependency_links to marvelmind_ros2_msgs.egg-info/dependency_links.txt
[1.036s] writing top-level names to marvelmind_ros2_msgs.egg-info/top_level.txt
[1.041s] reading manifest file 'marvelmind_ros2_msgs.egg-info/SOURCES.txt'
[1.042s] writing manifest file 'marvelmind_ros2_msgs.egg-info/SOURCES.txt'
[1.092s] [100%] Built target ament_cmake_python_build_marvelmind_ros2_msgs_egg
[1.119s] Invoked command in '/home/youssef/COROSOLS_WS/build/marvelmind_ros2_msgs' returned '0': CMAKE_PREFIX_PATH=${CMAKE_PREFIX_PATH}:/home/youssef/COROSOLS_WS/install/corosols:/opt/ros/humble /usr/bin/cmake --build /home/youssef/COROSOLS_WS/build/marvelmind_ros2_msgs -- -j8 -l8
[2.156s] Invoking command in '/home/youssef/COROSOLS_WS/build/marvelmind_ros2_msgs': CMAKE_PREFIX_PATH=${CMAKE_PREFIX_PATH}:/home/youssef/COROSOLS_WS/install/corosols:/opt/ros/humble /usr/bin/cmake --install /home/youssef/COROSOLS_WS/build/marvelmind_ros2_msgs
[2.170s] -- Install configuration: ""
[2.170s] -- Up-to-date: /home/youssef/COROSOLS_WS/install/marvelmind_ros2_msgs/share/ament_index/resource_index/rosidl_interfaces/marvelmind_ros2_msgs
[2.170s] -- Up-to-date: /home/youssef/COROSOLS_WS/install/marvelmind_ros2_msgs/include/marvelmind_ros2_msgs/marvelmind_ros2_msgs
[2.170s] -- Up-to-date: /home/youssef/COROSOLS_WS/install/marvelmind_ros2_msgs/include/marvelmind_ros2_msgs/marvelmind_ros2_msgs/msg
[2.171s] -- Up-to-date: /home/youssef/COROSOLS_WS/install/marvelmind_ros2_msgs/include/marvelmind_ros2_msgs/marvelmind_ros2_msgs/msg/marvelmind_user_data.h
[2.171s] -- Up-to-date: /home/youssef/COROSOLS_WS/install/marvelmind_ros2_msgs/include/marvelmind_ros2_msgs/marvelmind_ros2_msgs/msg/hedge_imu_raw.h
[2.171s] -- Up-to-date: /home/youssef/COROSOLS_WS/install/marvelmind_ros2_msgs/include/marvelmind_ros2_msgs/marvelmind_ros2_msgs/msg/hedge_telemetry.h
[2.171s] -- Up-to-date: /home/youssef/COROSOLS_WS/install/marvelmind_ros2_msgs/include/marvelmind_ros2_msgs/marvelmind_ros2_msgs/msg/beacon_distance.h
[2.171s] -- Up-to-date: /home/youssef/COROSOLS_WS/install/marvelmind_ros2_msgs/include/marvelmind_ros2_msgs/marvelmind_ros2_msgs/msg/hedge_position_angle.h
[2.171s] -- Up-to-date: /home/youssef/COROSOLS_WS/install/marvelmind_ros2_msgs/include/marvelmind_ros2_msgs/marvelmind_ros2_msgs/msg/rosidl_generator_c__visibility_control.h
[2.172s] -- Up-to-date: /home/youssef/COROSOLS_WS/install/marvelmind_ros2_msgs/include/marvelmind_ros2_msgs/marvelmind_ros2_msgs/msg/hedge_quality.h
[2.172s] -- Up-to-date: /home/youssef/COROSOLS_WS/install/marvelmind_ros2_msgs/include/marvelmind_ros2_msgs/marvelmind_ros2_msgs/msg/detail
[2.172s] -- Up-to-date: /home/youssef/COROSOLS_WS/install/marvelmind_ros2_msgs/include/marvelmind_ros2_msgs/marvelmind_ros2_msgs/msg/detail/beacon_distance__type_support.h
[2.172s] -- Up-to-date: /home/youssef/COROSOLS_WS/install/marvelmind_ros2_msgs/include/marvelmind_ros2_msgs/marvelmind_ros2_msgs/msg/detail/hedge_position_angle__type_support.h
[2.172s] -- Up-to-date: /home/youssef/COROSOLS_WS/install/marvelmind_ros2_msgs/include/marvelmind_ros2_msgs/marvelmind_ros2_msgs/msg/detail/hedge_quality__functions.h
[2.172s] -- Up-to-date: /home/youssef/COROSOLS_WS/install/marvelmind_ros2_msgs/include/marvelmind_ros2_msgs/marvelmind_ros2_msgs/msg/detail/marvelmind_user_data__functions.h
[2.172s] -- Up-to-date: /home/youssef/COROSOLS_WS/install/marvelmind_ros2_msgs/include/marvelmind_ros2_msgs/marvelmind_ros2_msgs/msg/detail/hedge_position_addressed__functions.h
[2.172s] -- Up-to-date: /home/youssef/COROSOLS_WS/install/marvelmind_ros2_msgs/include/marvelmind_ros2_msgs/marvelmind_ros2_msgs/msg/detail/hedge_position_addressed__type_support.h
[2.173s] -- Up-to-date: /home/youssef/COROSOLS_WS/install/marvelmind_ros2_msgs/include/marvelmind_ros2_msgs/marvelmind_ros2_msgs/msg/detail/hedge_quality__type_support.h
[2.173s] -- Up-to-date: /home/youssef/COROSOLS_WS/install/marvelmind_ros2_msgs/include/marvelmind_ros2_msgs/marvelmind_ros2_msgs/msg/detail/hedge_quality__functions.c
[2.173s] -- Up-to-date: /home/youssef/COROSOLS_WS/install/marvelmind_ros2_msgs/include/marvelmind_ros2_msgs/marvelmind_ros2_msgs/msg/detail/hedge_imu_fusion__functions.h
[2.173s] -- Up-to-date: /home/youssef/COROSOLS_WS/install/marvelmind_ros2_msgs/include/marvelmind_ros2_msgs/marvelmind_ros2_msgs/msg/detail/hedge_telemetry__functions.c
[2.173s] -- Up-to-date: /home/youssef/COROSOLS_WS/install/marvelmind_ros2_msgs/include/marvelmind_ros2_msgs/marvelmind_ros2_msgs/msg/detail/marvelmind_waypoint__type_support.h
[2.173s] -- Up-to-date: /home/youssef/COROSOLS_WS/install/marvelmind_ros2_msgs/include/marvelmind_ros2_msgs/marvelmind_ros2_msgs/msg/detail/beacon_position_addressed__functions.h
[2.173s] -- Up-to-date: /home/youssef/COROSOLS_WS/install/marvelmind_ros2_msgs/include/marvelmind_ros2_msgs/marvelmind_ros2_msgs/msg/detail/hedge_imu_raw__functions.c
[2.174s] -- Up-to-date: /home/youssef/COROSOLS_WS/install/marvelmind_ros2_msgs/include/marvelmind_ros2_msgs/marvelmind_ros2_msgs/msg/detail/hedge_telemetry__struct.h
[2.174s] -- Up-to-date: /home/youssef/COROSOLS_WS/install/marvelmind_ros2_msgs/include/marvelmind_ros2_msgs/marvelmind_ros2_msgs/msg/detail/hedge_imu_raw__functions.h
[2.174s] -- Up-to-date: /home/youssef/COROSOLS_WS/install/marvelmind_ros2_msgs/include/marvelmind_ros2_msgs/marvelmind_ros2_msgs/msg/detail/hedge_telemetry__type_support.h
[2.174s] -- Up-to-date: /home/youssef/COROSOLS_WS/install/marvelmind_ros2_msgs/include/marvelmind_ros2_msgs/marvelmind_ros2_msgs/msg/detail/hedge_position__functions.c
[2.174s] -- Up-to-date: /home/youssef/COROSOLS_WS/install/marvelmind_ros2_msgs/include/marvelmind_ros2_msgs/marvelmind_ros2_msgs/msg/detail/marvelmind_user_data__functions.c
[2.174s] -- Up-to-date: /home/youssef/COROSOLS_WS/install/marvelmind_ros2_msgs/include/marvelmind_ros2_msgs/marvelmind_ros2_msgs/msg/detail/hedge_imu_raw__type_support.h
[2.174s] -- Up-to-date: /home/youssef/COROSOLS_WS/install/marvelmind_ros2_msgs/include/marvelmind_ros2_msgs/marvelmind_ros2_msgs/msg/detail/beacon_position_addressed__type_support.h
[2.175s] -- Up-to-date: /home/youssef/COROSOLS_WS/install/marvelmind_ros2_msgs/include/marvelmind_ros2_msgs/marvelmind_ros2_msgs/msg/detail/beacon_distance__functions.h
[2.175s] -- Up-to-date: /home/youssef/COROSOLS_WS/install/marvelmind_ros2_msgs/include/marvelmind_ros2_msgs/marvelmind_ros2_msgs/msg/detail/hedge_imu_fusion__type_support.h
[2.175s] -- Up-to-date: /home/youssef/COROSOLS_WS/install/marvelmind_ros2_msgs/include/marvelmind_ros2_msgs/marvelmind_ros2_msgs/msg/detail/marvelmind_user_data__struct.h
[2.175s] -- Up-to-date: /home/youssef/COROSOLS_WS/install/marvelmind_ros2_msgs/include/marvelmind_ros2_msgs/marvelmind_ros2_msgs/msg/detail/hedge_position_angle__functions.h
[2.175s] -- Up-to-date: /home/youssef/COROSOLS_WS/install/marvelmind_ros2_msgs/include/marvelmind_ros2_msgs/marvelmind_ros2_msgs/msg/detail/marvelmind_waypoint__functions.c
[2.175s] -- Up-to-date: /home/youssef/COROSOLS_WS/install/marvelmind_ros2_msgs/include/marvelmind_ros2_msgs/marvelmind_ros2_msgs/msg/detail/beacon_position_addressed__struct.h
[2.175s] -- Up-to-date: /home/youssef/COROSOLS_WS/install/marvelmind_ros2_msgs/include/marvelmind_ros2_msgs/marvelmind_ros2_msgs/msg/detail/marvelmind_waypoint__struct.h
[2.175s] -- Up-to-date: /home/youssef/COROSOLS_WS/install/marvelmind_ros2_msgs/include/marvelmind_ros2_msgs/marvelmind_ros2_msgs/msg/detail/hedge_imu_fusion__functions.c
[2.175s] -- Up-to-date: /home/youssef/COROSOLS_WS/install/marvelmind_ros2_msgs/include/marvelmind_ros2_msgs/marvelmind_ros2_msgs/msg/detail/hedge_imu_fusion__struct.h
[2.176s] -- Up-to-date: /home/youssef/COROSOLS_WS/install/marvelmind_ros2_msgs/include/marvelmind_ros2_msgs/marvelmind_ros2_msgs/msg/detail/beacon_position_addressed__functions.c
[2.176s] -- Up-to-date: /home/youssef/COROSOLS_WS/install/marvelmind_ros2_msgs/include/marvelmind_ros2_msgs/marvelmind_ros2_msgs/msg/detail/hedge_telemetry__functions.h
[2.176s] -- Up-to-date: /home/youssef/COROSOLS_WS/install/marvelmind_ros2_msgs/include/marvelmind_ros2_msgs/marvelmind_ros2_msgs/msg/detail/hedge_position_angle__struct.h
[2.176s] -- Up-to-date: /home/youssef/COROSOLS_WS/install/marvelmind_ros2_msgs/include/marvelmind_ros2_msgs/marvelmind_ros2_msgs/msg/detail/beacon_distance__struct.h
[2.176s] -- Up-to-date: /home/youssef/COROSOLS_WS/install/marvelmind_ros2_msgs/include/marvelmind_ros2_msgs/marvelmind_ros2_msgs/msg/detail/marvelmind_waypoint__functions.h
[2.176s] -- Up-to-date: /home/youssef/COROSOLS_WS/install/marvelmind_ros2_msgs/include/marvelmind_ros2_msgs/marvelmind_ros2_msgs/msg/detail/hedge_position__functions.h
[2.176s] -- Up-to-date: /home/youssef/COROSOLS_WS/install/marvelmind_ros2_msgs/include/marvelmind_ros2_msgs/marvelmind_ros2_msgs/msg/detail/hedge_quality__struct.h
[2.176s] -- Up-to-date: /home/youssef/COROSOLS_WS/install/marvelmind_ros2_msgs/include/marvelmind_ros2_msgs/marvelmind_ros2_msgs/msg/detail/beacon_distance__functions.c
[2.177s] -- Up-to-date: /home/youssef/COROSOLS_WS/install/marvelmind_ros2_msgs/include/marvelmind_ros2_msgs/marvelmind_ros2_msgs/msg/detail/hedge_position_addressed__struct.h
[2.177s] -- Up-to-date: /home/youssef/COROSOLS_WS/install/marvelmind_ros2_msgs/include/marvelmind_ros2_msgs/marvelmind_ros2_msgs/msg/detail/hedge_imu_raw__struct.h
[2.177s] -- Up-to-date: /home/youssef/COROSOLS_WS/install/marvelmind_ros2_msgs/include/marvelmind_ros2_msgs/marvelmind_ros2_msgs/msg/detail/hedge_position_addressed__functions.c
[2.177s] -- Up-to-date: /home/youssef/COROSOLS_WS/install/marvelmind_ros2_msgs/include/marvelmind_ros2_msgs/marvelmind_ros2_msgs/msg/detail/hedge_position_angle__functions.c
[2.177s] -- Up-to-date: /home/youssef/COROSOLS_WS/install/marvelmind_ros2_msgs/include/marvelmind_ros2_msgs/marvelmind_ros2_msgs/msg/detail/hedge_position__type_support.h
[2.177s] -- Up-to-date: /home/youssef/COROSOLS_WS/install/marvelmind_ros2_msgs/include/marvelmind_ros2_msgs/marvelmind_ros2_msgs/msg/detail/hedge_position__struct.h
[2.177s] -- Up-to-date: /home/youssef/COROSOLS_WS/install/marvelmind_ros2_msgs/include/marvelmind_ros2_msgs/marvelmind_ros2_msgs/msg/detail/marvelmind_user_data__type_support.h
[2.177s] -- Up-to-date: /home/youssef/COROSOLS_WS/install/marvelmind_ros2_msgs/include/marvelmind_ros2_msgs/marvelmind_ros2_msgs/msg/hedge_position.h
[2.177s] -- Up-to-date: /home/youssef/COROSOLS_WS/install/marvelmind_ros2_msgs/include/marvelmind_ros2_msgs/marvelmind_ros2_msgs/msg/hedge_position_addressed.h
[2.178s] -- Up-to-date: /home/youssef/COROSOLS_WS/install/marvelmind_ros2_msgs/include/marvelmind_ros2_msgs/marvelmind_ros2_msgs/msg/marvelmind_waypoint.h
[2.178s] -- Up-to-date: /home/youssef/COROSOLS_WS/install/marvelmind_ros2_msgs/include/marvelmind_ros2_msgs/marvelmind_ros2_msgs/msg/hedge_imu_fusion.h
[2.178s] -- Up-to-date: /home/youssef/COROSOLS_WS/install/marvelmind_ros2_msgs/include/marvelmind_ros2_msgs/marvelmind_ros2_msgs/msg/beacon_position_addressed.h
[2.178s] -- Up-to-date: /home/youssef/COROSOLS_WS/install/marvelmind_ros2_msgs/include/marvelmind_ros2_msgs/marvelmind_ros2_msgs/srv
[2.178s] -- Up-to-date: /home/youssef/COROSOLS_WS/install/marvelmind_ros2_msgs/include/marvelmind_ros2_msgs/marvelmind_ros2_msgs/srv/detail
[2.178s] -- Up-to-date: /home/youssef/COROSOLS_WS/install/marvelmind_ros2_msgs/include/marvelmind_ros2_msgs/marvelmind_ros2_msgs/srv/detail/marvelmind_api__type_support.h
[2.178s] -- Up-to-date: /home/youssef/COROSOLS_WS/install/marvelmind_ros2_msgs/include/marvelmind_ros2_msgs/marvelmind_ros2_msgs/srv/detail/marvelmind_api__functions.h
[2.179s] -- Up-to-date: /home/youssef/COROSOLS_WS/install/marvelmind_ros2_msgs/include/marvelmind_ros2_msgs/marvelmind_ros2_msgs/srv/detail/marvelmind_api__struct.h
[2.179s] -- Up-to-date: /home/youssef/COROSOLS_WS/install/marvelmind_ros2_msgs/include/marvelmind_ros2_msgs/marvelmind_ros2_msgs/srv/detail/marvelmind_api__functions.c
[2.179s] -- Up-to-date: /home/youssef/COROSOLS_WS/install/marvelmind_ros2_msgs/include/marvelmind_ros2_msgs/marvelmind_ros2_msgs/srv/marvelmind_api.h
[2.179s] -- Up-to-date: /home/youssef/COROSOLS_WS/install/marvelmind_ros2_msgs/share/marvelmind_ros2_msgs/environment/library_path.sh
[2.179s] -- Up-to-date: /home/youssef/COROSOLS_WS/install/marvelmind_ros2_msgs/share/marvelmind_ros2_msgs/environment/library_path.dsv
[2.179s] -- Up-to-date: /home/youssef/COROSOLS_WS/install/marvelmind_ros2_msgs/lib/libmarvelmind_ros2_msgs__rosidl_generator_c.so
[2.179s] -- Up-to-date: /home/youssef/COROSOLS_WS/install/marvelmind_ros2_msgs/include/marvelmind_ros2_msgs/marvelmind_ros2_msgs
[2.180s] -- Up-to-date: /home/youssef/COROSOLS_WS/install/marvelmind_ros2_msgs/include/marvelmind_ros2_msgs/marvelmind_ros2_msgs/msg
[2.180s] -- Up-to-date: /home/youssef/COROSOLS_WS/install/marvelmind_ros2_msgs/include/marvelmind_ros2_msgs/marvelmind_ros2_msgs/msg/detail
[2.180s] -- Up-to-date: /home/youssef/COROSOLS_WS/install/marvelmind_ros2_msgs/include/marvelmind_ros2_msgs/marvelmind_ros2_msgs/msg/detail/hedge_quality__rosidl_typesupport_fastrtps_c.h
[2.180s] -- Up-to-date: /home/youssef/COROSOLS_WS/install/marvelmind_ros2_msgs/include/marvelmind_ros2_msgs/marvelmind_ros2_msgs/msg/detail/hedge_position_angle__rosidl_typesupport_fastrtps_c.h
[2.180s] -- Up-to-date: /home/youssef/COROSOLS_WS/install/marvelmind_ros2_msgs/include/marvelmind_ros2_msgs/marvelmind_ros2_msgs/msg/detail/hedge_telemetry__rosidl_typesupport_fastrtps_c.h
[2.180s] -- Up-to-date: /home/youssef/COROSOLS_WS/install/marvelmind_ros2_msgs/include/marvelmind_ros2_msgs/marvelmind_ros2_msgs/msg/detail/beacon_distance__rosidl_typesupport_fastrtps_c.h
[2.180s] -- Up-to-date: /home/youssef/COROSOLS_WS/install/marvelmind_ros2_msgs/include/marvelmind_ros2_msgs/marvelmind_ros2_msgs/msg/detail/beacon_position_addressed__rosidl_typesupport_fastrtps_c.h
[2.180s] -- Up-to-date: /home/youssef/COROSOLS_WS/install/marvelmind_ros2_msgs/include/marvelmind_ros2_msgs/marvelmind_ros2_msgs/msg/detail/hedge_position__rosidl_typesupport_fastrtps_c.h
[2.180s] -- Up-to-date: /home/youssef/COROSOLS_WS/install/marvelmind_ros2_msgs/include/marvelmind_ros2_msgs/marvelmind_ros2_msgs/msg/detail/hedge_imu_raw__rosidl_typesupport_fastrtps_c.h
[2.181s] -- Up-to-date: /home/youssef/COROSOLS_WS/install/marvelmind_ros2_msgs/include/marvelmind_ros2_msgs/marvelmind_ros2_msgs/msg/detail/hedge_imu_fusion__rosidl_typesupport_fastrtps_c.h
[2.181s] -- Up-to-date: /home/youssef/COROSOLS_WS/install/marvelmind_ros2_msgs/include/marvelmind_ros2_msgs/marvelmind_ros2_msgs/msg/detail/marvelmind_user_data__rosidl_typesupport_fastrtps_c.h
[2.181s] -- Up-to-date: /home/youssef/COROSOLS_WS/install/marvelmind_ros2_msgs/include/marvelmind_ros2_msgs/marvelmind_ros2_msgs/msg/detail/hedge_position_addressed__rosidl_typesupport_fastrtps_c.h
[2.181s] -- Up-to-date: /home/youssef/COROSOLS_WS/install/marvelmind_ros2_msgs/include/marvelmind_ros2_msgs/marvelmind_ros2_msgs/msg/detail/marvelmind_waypoint__rosidl_typesupport_fastrtps_c.h
[2.181s] -- Up-to-date: /home/youssef/COROSOLS_WS/install/marvelmind_ros2_msgs/include/marvelmind_ros2_msgs/marvelmind_ros2_msgs/msg/rosidl_typesupport_fastrtps_c__visibility_control.h
[2.181s] -- Up-to-date: /home/youssef/COROSOLS_WS/install/marvelmind_ros2_msgs/include/marvelmind_ros2_msgs/marvelmind_ros2_msgs/srv
[2.181s] -- Up-to-date: /home/youssef/COROSOLS_WS/install/marvelmind_ros2_msgs/include/marvelmind_ros2_msgs/marvelmind_ros2_msgs/srv/detail
[2.182s] -- Up-to-date: /home/youssef/COROSOLS_WS/install/marvelmind_ros2_msgs/include/marvelmind_ros2_msgs/marvelmind_ros2_msgs/srv/detail/marvelmind_api__rosidl_typesupport_fastrtps_c.h
[2.182s] -- Up-to-date: /home/youssef/COROSOLS_WS/install/marvelmind_ros2_msgs/lib/libmarvelmind_ros2_msgs__rosidl_typesupport_fastrtps_c.so
[2.182s] -- Up-to-date: /home/youssef/COROSOLS_WS/install/marvelmind_ros2_msgs/include/marvelmind_ros2_msgs/marvelmind_ros2_msgs
[2.182s] -- Up-to-date: /home/youssef/COROSOLS_WS/install/marvelmind_ros2_msgs/include/marvelmind_ros2_msgs/marvelmind_ros2_msgs/msg
[2.182s] -- Up-to-date: /home/youssef/COROSOLS_WS/install/marvelmind_ros2_msgs/include/marvelmind_ros2_msgs/marvelmind_ros2_msgs/msg/rosidl_typesupport_introspection_c__visibility_control.h
[2.182s] -- Up-to-date: /home/youssef/COROSOLS_WS/install/marvelmind_ros2_msgs/include/marvelmind_ros2_msgs/marvelmind_ros2_msgs/msg/detail
[2.182s] -- Up-to-date: /home/youssef/COROSOLS_WS/install/marvelmind_ros2_msgs/include/marvelmind_ros2_msgs/marvelmind_ros2_msgs/msg/detail/marvelmind_waypoint__rosidl_typesupport_introspection_c.h
[2.182s] -- Up-to-date: /home/youssef/COROSOLS_WS/install/marvelmind_ros2_msgs/include/marvelmind_ros2_msgs/marvelmind_ros2_msgs/msg/detail/hedge_imu_raw__rosidl_typesupport_introspection_c.h
[2.183s] -- Up-to-date: /home/youssef/COROSOLS_WS/install/marvelmind_ros2_msgs/include/marvelmind_ros2_msgs/marvelmind_ros2_msgs/msg/detail/marvelmind_user_data__rosidl_typesupport_introspection_c.h
[2.183s] -- Up-to-date: /home/youssef/COROSOLS_WS/install/marvelmind_ros2_msgs/include/marvelmind_ros2_msgs/marvelmind_ros2_msgs/msg/detail/hedge_telemetry__type_support.c
[2.183s] -- Up-to-date: /home/youssef/COROSOLS_WS/install/marvelmind_ros2_msgs/include/marvelmind_ros2_msgs/marvelmind_ros2_msgs/msg/detail/hedge_position_addressed__type_support.c
[2.183s] -- Up-to-date: /home/youssef/COROSOLS_WS/install/marvelmind_ros2_msgs/include/marvelmind_ros2_msgs/marvelmind_ros2_msgs/msg/detail/beacon_position_addressed__type_support.c
[2.183s] -- Up-to-date: /home/youssef/COROSOLS_WS/install/marvelmind_ros2_msgs/include/marvelmind_ros2_msgs/marvelmind_ros2_msgs/msg/detail/hedge_position_angle__type_support.c
[2.183s] -- Up-to-date: /home/youssef/COROSOLS_WS/install/marvelmind_ros2_msgs/include/marvelmind_ros2_msgs/marvelmind_ros2_msgs/msg/detail/hedge_imu_fusion__rosidl_typesupport_introspection_c.h
[2.183s] -- Up-to-date: /home/youssef/COROSOLS_WS/install/marvelmind_ros2_msgs/include/marvelmind_ros2_msgs/marvelmind_ros2_msgs/msg/detail/beacon_distance__type_support.c
[2.184s] -- Up-to-date: /home/youssef/COROSOLS_WS/install/marvelmind_ros2_msgs/include/marvelmind_ros2_msgs/marvelmind_ros2_msgs/msg/detail/hedge_quality__rosidl_typesupport_introspection_c.h
[2.184s] -- Up-to-date: /home/youssef/COROSOLS_WS/install/marvelmind_ros2_msgs/include/marvelmind_ros2_msgs/marvelmind_ros2_msgs/msg/detail/hedge_position_angle__rosidl_typesupport_introspection_c.h
[2.184s] -- Up-to-date: /home/youssef/COROSOLS_WS/install/marvelmind_ros2_msgs/include/marvelmind_ros2_msgs/marvelmind_ros2_msgs/msg/detail/marvelmind_waypoint__type_support.c
[2.184s] -- Up-to-date: /home/youssef/COROSOLS_WS/install/marvelmind_ros2_msgs/include/marvelmind_ros2_msgs/marvelmind_ros2_msgs/msg/detail/beacon_position_addressed__rosidl_typesupport_introspection_c.h
[2.184s] -- Up-to-date: /home/youssef/COROSOLS_WS/install/marvelmind_ros2_msgs/include/marvelmind_ros2_msgs/marvelmind_ros2_msgs/msg/detail/hedge_quality__type_support.c
[2.185s] -- Up-to-date: /home/youssef/COROSOLS_WS/install/marvelmind_ros2_msgs/include/marvelmind_ros2_msgs/marvelmind_ros2_msgs/msg/detail/hedge_imu_fusion__type_support.c
[2.185s] -- Up-to-date: /home/youssef/COROSOLS_WS/install/marvelmind_ros2_msgs/include/marvelmind_ros2_msgs/marvelmind_ros2_msgs/msg/detail/hedge_imu_raw__type_support.c
[2.185s] -- Up-to-date: /home/youssef/COROSOLS_WS/install/marvelmind_ros2_msgs/include/marvelmind_ros2_msgs/marvelmind_ros2_msgs/msg/detail/hedge_telemetry__rosidl_typesupport_introspection_c.h
[2.185s] -- Up-to-date: /home/youssef/COROSOLS_WS/install/marvelmind_ros2_msgs/include/marvelmind_ros2_msgs/marvelmind_ros2_msgs/msg/detail/hedge_position_addressed__rosidl_typesupport_introspection_c.h
[2.185s] -- Up-to-date: /home/youssef/COROSOLS_WS/install/marvelmind_ros2_msgs/include/marvelmind_ros2_msgs/marvelmind_ros2_msgs/msg/detail/marvelmind_user_data__type_support.c
[2.185s] -- Up-to-date: /home/youssef/COROSOLS_WS/install/marvelmind_ros2_msgs/include/marvelmind_ros2_msgs/marvelmind_ros2_msgs/msg/detail/beacon_distance__rosidl_typesupport_introspection_c.h
[2.185s] -- Up-to-date: /home/youssef/COROSOLS_WS/install/marvelmind_ros2_msgs/include/marvelmind_ros2_msgs/marvelmind_ros2_msgs/msg/detail/hedge_position__type_support.c
[2.186s] -- Up-to-date: /home/youssef/COROSOLS_WS/install/marvelmind_ros2_msgs/include/marvelmind_ros2_msgs/marvelmind_ros2_msgs/msg/detail/hedge_position__rosidl_typesupport_introspection_c.h
[2.186s] -- Up-to-date: /home/youssef/COROSOLS_WS/install/marvelmind_ros2_msgs/include/marvelmind_ros2_msgs/marvelmind_ros2_msgs/srv
[2.186s] -- Up-to-date: /home/youssef/COROSOLS_WS/install/marvelmind_ros2_msgs/include/marvelmind_ros2_msgs/marvelmind_ros2_msgs/srv/detail
[2.186s] -- Up-to-date: /home/youssef/COROSOLS_WS/install/marvelmind_ros2_msgs/include/marvelmind_ros2_msgs/marvelmind_ros2_msgs/srv/detail/marvelmind_api__type_support.c
[2.186s] -- Up-to-date: /home/youssef/COROSOLS_WS/install/marvelmind_ros2_msgs/include/marvelmind_ros2_msgs/marvelmind_ros2_msgs/srv/detail/marvelmind_api__rosidl_typesupport_introspection_c.h
[2.186s] -- Up-to-date: /home/youssef/COROSOLS_WS/install/marvelmind_ros2_msgs/lib/libmarvelmind_ros2_msgs__rosidl_typesupport_introspection_c.so
[2.186s] -- Up-to-date: /home/youssef/COROSOLS_WS/install/marvelmind_ros2_msgs/lib/libmarvelmind_ros2_msgs__rosidl_typesupport_c.so
[2.186s] -- Up-to-date: /home/youssef/COROSOLS_WS/install/marvelmind_ros2_msgs/include/marvelmind_ros2_msgs/marvelmind_ros2_msgs
[2.186s] -- Up-to-date: /home/youssef/COROSOLS_WS/install/marvelmind_ros2_msgs/include/marvelmind_ros2_msgs/marvelmind_ros2_msgs/msg
[2.187s] -- Up-to-date: /home/youssef/COROSOLS_WS/install/marvelmind_ros2_msgs/include/marvelmind_ros2_msgs/marvelmind_ros2_msgs/msg/marvelmind_user_data.hpp
[2.187s] -- Up-to-date: /home/youssef/COROSOLS_WS/install/marvelmind_ros2_msgs/include/marvelmind_ros2_msgs/marvelmind_ros2_msgs/msg/hedge_imu_raw.hpp
[2.187s] -- Up-to-date: /home/youssef/COROSOLS_WS/install/marvelmind_ros2_msgs/include/marvelmind_ros2_msgs/marvelmind_ros2_msgs/msg/marvelmind_waypoint.hpp
[2.187s] -- Up-to-date: /home/youssef/COROSOLS_WS/install/marvelmind_ros2_msgs/include/marvelmind_ros2_msgs/marvelmind_ros2_msgs/msg/hedge_position.hpp
[2.187s] -- Up-to-date: /home/youssef/COROSOLS_WS/install/marvelmind_ros2_msgs/include/marvelmind_ros2_msgs/marvelmind_ros2_msgs/msg/hedge_quality.hpp
[2.187s] -- Up-to-date: /home/youssef/COROSOLS_WS/install/marvelmind_ros2_msgs/include/marvelmind_ros2_msgs/marvelmind_ros2_msgs/msg/hedge_position_angle.hpp
[2.187s] -- Up-to-date: /home/youssef/COROSOLS_WS/install/marvelmind_ros2_msgs/include/marvelmind_ros2_msgs/marvelmind_ros2_msgs/msg/hedge_imu_fusion.hpp
[2.187s] -- Up-to-date: /home/youssef/COROSOLS_WS/install/marvelmind_ros2_msgs/include/marvelmind_ros2_msgs/marvelmind_ros2_msgs/msg/beacon_distance.hpp
[2.188s] -- Up-to-date: /home/youssef/COROSOLS_WS/install/marvelmind_ros2_msgs/include/marvelmind_ros2_msgs/marvelmind_ros2_msgs/msg/beacon_position_addressed.hpp
[2.188s] -- Up-to-date: /home/youssef/COROSOLS_WS/install/marvelmind_ros2_msgs/include/marvelmind_ros2_msgs/marvelmind_ros2_msgs/msg/hedge_telemetry.hpp
[2.188s] -- Up-to-date: /home/youssef/COROSOLS_WS/install/marvelmind_ros2_msgs/include/marvelmind_ros2_msgs/marvelmind_ros2_msgs/msg/hedge_position_addressed.hpp
[2.188s] -- Up-to-date: /home/youssef/COROSOLS_WS/install/marvelmind_ros2_msgs/include/marvelmind_ros2_msgs/marvelmind_ros2_msgs/msg/detail
[2.188s] -- Up-to-date: /home/youssef/COROSOLS_WS/install/marvelmind_ros2_msgs/include/marvelmind_ros2_msgs/marvelmind_ros2_msgs/msg/detail/marvelmind_waypoint__traits.hpp
[2.188s] -- Up-to-date: /home/youssef/COROSOLS_WS/install/marvelmind_ros2_msgs/include/marvelmind_ros2_msgs/marvelmind_ros2_msgs/msg/detail/hedge_imu_raw__builder.hpp
[2.188s] -- Up-to-date: /home/youssef/COROSOLS_WS/install/marvelmind_ros2_msgs/include/marvelmind_ros2_msgs/marvelmind_ros2_msgs/msg/detail/marvelmind_user_data__traits.hpp
[2.189s] -- Up-to-date: /home/youssef/COROSOLS_WS/install/marvelmind_ros2_msgs/include/marvelmind_ros2_msgs/marvelmind_ros2_msgs/msg/detail/beacon_distance__traits.hpp
[2.189s] -- Up-to-date: /home/youssef/COROSOLS_WS/install/marvelmind_ros2_msgs/include/marvelmind_ros2_msgs/marvelmind_ros2_msgs/msg/detail/hedge_imu_fusion__traits.hpp
[2.189s] -- Up-to-date: /home/youssef/COROSOLS_WS/install/marvelmind_ros2_msgs/include/marvelmind_ros2_msgs/marvelmind_ros2_msgs/msg/detail/hedge_imu_raw__struct.hpp
[2.189s] -- Up-to-date: /home/youssef/COROSOLS_WS/install/marvelmind_ros2_msgs/include/marvelmind_ros2_msgs/marvelmind_ros2_msgs/msg/detail/hedge_telemetry__traits.hpp
[2.189s] -- Up-to-date: /home/youssef/COROSOLS_WS/install/marvelmind_ros2_msgs/include/marvelmind_ros2_msgs/marvelmind_ros2_msgs/msg/detail/hedge_position_angle__traits.hpp
[2.190s] -- Up-to-date: /home/youssef/COROSOLS_WS/install/marvelmind_ros2_msgs/include/marvelmind_ros2_msgs/marvelmind_ros2_msgs/msg/detail/beacon_position_addressed__builder.hpp
[2.190s] -- Up-to-date: /home/youssef/COROSOLS_WS/install/marvelmind_ros2_msgs/include/marvelmind_ros2_msgs/marvelmind_ros2_msgs/msg/detail/beacon_position_addressed__traits.hpp
[2.190s] -- Up-to-date: /home/youssef/COROSOLS_WS/install/marvelmind_ros2_msgs/include/marvelmind_ros2_msgs/marvelmind_ros2_msgs/msg/detail/hedge_imu_fusion__builder.hpp
[2.190s] -- Up-to-date: /home/youssef/COROSOLS_WS/install/marvelmind_ros2_msgs/include/marvelmind_ros2_msgs/marvelmind_ros2_msgs/msg/detail/hedge_position__struct.hpp
[2.190s] -- Up-to-date: /home/youssef/COROSOLS_WS/install/marvelmind_ros2_msgs/include/marvelmind_ros2_msgs/marvelmind_ros2_msgs/msg/detail/hedge_telemetry__builder.hpp
[2.191s] -- Up-to-date: /home/youssef/COROSOLS_WS/install/marvelmind_ros2_msgs/include/marvelmind_ros2_msgs/marvelmind_ros2_msgs/msg/detail/hedge_position__traits.hpp
[2.191s] -- Up-to-date: /home/youssef/COROSOLS_WS/install/marvelmind_ros2_msgs/include/marvelmind_ros2_msgs/marvelmind_ros2_msgs/msg/detail/hedge_quality__struct.hpp
[2.191s] -- Up-to-date: /home/youssef/COROSOLS_WS/install/marvelmind_ros2_msgs/include/marvelmind_ros2_msgs/marvelmind_ros2_msgs/msg/detail/marvelmind_waypoint__struct.hpp
[2.192s] -- Up-to-date: /home/youssef/COROSOLS_WS/install/marvelmind_ros2_msgs/include/marvelmind_ros2_msgs/marvelmind_ros2_msgs/msg/detail/hedge_position__builder.hpp
[2.192s] -- Up-to-date: /home/youssef/COROSOLS_WS/install/marvelmind_ros2_msgs/include/marvelmind_ros2_msgs/marvelmind_ros2_msgs/msg/detail/hedge_quality__builder.hpp
[2.192s] -- Up-to-date: /home/youssef/COROSOLS_WS/install/marvelmind_ros2_msgs/include/marvelmind_ros2_msgs/marvelmind_ros2_msgs/msg/detail/hedge_position_addressed__traits.hpp
[2.192s] -- Up-to-date: /home/youssef/COROSOLS_WS/install/marvelmind_ros2_msgs/include/marvelmind_ros2_msgs/marvelmind_ros2_msgs/msg/detail/marvelmind_user_data__builder.hpp
[2.192s] -- Up-to-date: /home/youssef/COROSOLS_WS/install/marvelmind_ros2_msgs/include/marvelmind_ros2_msgs/marvelmind_ros2_msgs/msg/detail/beacon_position_addressed__struct.hpp
[2.193s] -- Up-to-date: /home/youssef/COROSOLS_WS/install/marvelmind_ros2_msgs/include/marvelmind_ros2_msgs/marvelmind_ros2_msgs/msg/detail/hedge_position_angle__struct.hpp
[2.193s] -- Up-to-date: /home/youssef/COROSOLS_WS/install/marvelmind_ros2_msgs/include/marvelmind_ros2_msgs/marvelmind_ros2_msgs/msg/detail/hedge_position_angle__builder.hpp
[2.193s] -- Up-to-date: /home/youssef/COROSOLS_WS/install/marvelmind_ros2_msgs/include/marvelmind_ros2_msgs/marvelmind_ros2_msgs/msg/detail/hedge_telemetry__struct.hpp
[2.193s] -- Up-to-date: /home/youssef/COROSOLS_WS/install/marvelmind_ros2_msgs/include/marvelmind_ros2_msgs/marvelmind_ros2_msgs/msg/detail/hedge_imu_raw__traits.hpp
[2.194s] -- Up-to-date: /home/youssef/COROSOLS_WS/install/marvelmind_ros2_msgs/include/marvelmind_ros2_msgs/marvelmind_ros2_msgs/msg/detail/marvelmind_user_data__struct.hpp
[2.194s] -- Up-to-date: /home/youssef/COROSOLS_WS/install/marvelmind_ros2_msgs/include/marvelmind_ros2_msgs/marvelmind_ros2_msgs/msg/detail/hedge_position_addressed__builder.hpp
[2.194s] -- Up-to-date: /home/youssef/COROSOLS_WS/install/marvelmind_ros2_msgs/include/marvelmind_ros2_msgs/marvelmind_ros2_msgs/msg/detail/hedge_position_addressed__struct.hpp
[2.195s] -- Up-to-date: /home/youssef/COROSOLS_WS/install/marvelmind_ros2_msgs/include/marvelmind_ros2_msgs/marvelmind_ros2_msgs/msg/detail/beacon_distance__builder.hpp
[2.195s] -- Up-to-date: /home/youssef/COROSOLS_WS/install/marvelmind_ros2_msgs/include/marvelmind_ros2_msgs/marvelmind_ros2_msgs/msg/detail/marvelmind_waypoint__builder.hpp
[2.195s] -- Up-to-date: /home/youssef/COROSOLS_WS/install/marvelmind_ros2_msgs/include/marvelmind_ros2_msgs/marvelmind_ros2_msgs/msg/detail/beacon_distance__struct.hpp
[2.195s] -- Up-to-date: /home/youssef/COROSOLS_WS/install/marvelmind_ros2_msgs/include/marvelmind_ros2_msgs/marvelmind_ros2_msgs/msg/detail/hedge_imu_fusion__struct.hpp
[2.196s] -- Up-to-date: /home/youssef/COROSOLS_WS/install/marvelmind_ros2_msgs/include/marvelmind_ros2_msgs/marvelmind_ros2_msgs/msg/detail/hedge_quality__traits.hpp
[2.196s] -- Up-to-date: /home/youssef/COROSOLS_WS/install/marvelmind_ros2_msgs/include/marvelmind_ros2_msgs/marvelmind_ros2_msgs/srv
[2.196s] -- Up-to-date: /home/youssef/COROSOLS_WS/install/marvelmind_ros2_msgs/include/marvelmind_ros2_msgs/marvelmind_ros2_msgs/srv/detail
[2.196s] -- Up-to-date: /home/youssef/COROSOLS_WS/install/marvelmind_ros2_msgs/include/marvelmind_ros2_msgs/marvelmind_ros2_msgs/srv/detail/marvelmind_api__struct.hpp
[2.196s] -- Up-to-date: /home/youssef/COROSOLS_WS/install/marvelmind_ros2_msgs/include/marvelmind_ros2_msgs/marvelmind_ros2_msgs/srv/detail/marvelmind_api__traits.hpp
[2.196s] -- Up-to-date: /home/youssef/COROSOLS_WS/install/marvelmind_ros2_msgs/include/marvelmind_ros2_msgs/marvelmind_ros2_msgs/srv/detail/marvelmind_api__builder.hpp
[2.197s] -- Up-to-date: /home/youssef/COROSOLS_WS/install/marvelmind_ros2_msgs/include/marvelmind_ros2_msgs/marvelmind_ros2_msgs/srv/marvelmind_api.hpp
[2.197s] -- Up-to-date: /home/youssef/COROSOLS_WS/install/marvelmind_ros2_msgs/include/marvelmind_ros2_msgs/marvelmind_ros2_msgs
[2.197s] -- Up-to-date: /home/youssef/COROSOLS_WS/install/marvelmind_ros2_msgs/include/marvelmind_ros2_msgs/marvelmind_ros2_msgs/msg
[2.198s] -- Up-to-date: /home/youssef/COROSOLS_WS/install/marvelmind_ros2_msgs/include/marvelmind_ros2_msgs/marvelmind_ros2_msgs/msg/rosidl_typesupport_fastrtps_cpp__visibility_control.h
[2.198s] -- Up-to-date: /home/youssef/COROSOLS_WS/install/marvelmind_ros2_msgs/include/marvelmind_ros2_msgs/marvelmind_ros2_msgs/msg/detail
[2.198s] -- Up-to-date: /home/youssef/COROSOLS_WS/install/marvelmind_ros2_msgs/include/marvelmind_ros2_msgs/marvelmind_ros2_msgs/msg/detail/hedge_quality__rosidl_typesupport_fastrtps_cpp.hpp
[2.198s] -- Up-to-date: /home/youssef/COROSOLS_WS/install/marvelmind_ros2_msgs/include/marvelmind_ros2_msgs/marvelmind_ros2_msgs/msg/detail/dds_fastrtps
[2.199s] -- Up-to-date: /home/youssef/COROSOLS_WS/install/marvelmind_ros2_msgs/include/marvelmind_ros2_msgs/marvelmind_ros2_msgs/msg/detail/hedge_imu_raw__rosidl_typesupport_fastrtps_cpp.hpp
[2.199s] -- Up-to-date: /home/youssef/COROSOLS_WS/install/marvelmind_ros2_msgs/include/marvelmind_ros2_msgs/marvelmind_ros2_msgs/msg/detail/beacon_position_addressed__rosidl_typesupport_fastrtps_cpp.hpp
[2.199s] -- Up-to-date: /home/youssef/COROSOLS_WS/install/marvelmind_ros2_msgs/include/marvelmind_ros2_msgs/marvelmind_ros2_msgs/msg/detail/hedge_imu_fusion__rosidl_typesupport_fastrtps_cpp.hpp
[2.199s] -- Up-to-date: /home/youssef/COROSOLS_WS/install/marvelmind_ros2_msgs/include/marvelmind_ros2_msgs/marvelmind_ros2_msgs/msg/detail/hedge_position_addressed__rosidl_typesupport_fastrtps_cpp.hpp
[2.199s] -- Up-to-date: /home/youssef/COROSOLS_WS/install/marvelmind_ros2_msgs/include/marvelmind_ros2_msgs/marvelmind_ros2_msgs/msg/detail/hedge_position__rosidl_typesupport_fastrtps_cpp.hpp
[2.199s] -- Up-to-date: /home/youssef/COROSOLS_WS/install/marvelmind_ros2_msgs/include/marvelmind_ros2_msgs/marvelmind_ros2_msgs/msg/detail/hedge_position_angle__rosidl_typesupport_fastrtps_cpp.hpp
[2.199s] -- Up-to-date: /home/youssef/COROSOLS_WS/install/marvelmind_ros2_msgs/include/marvelmind_ros2_msgs/marvelmind_ros2_msgs/msg/detail/beacon_distance__rosidl_typesupport_fastrtps_cpp.hpp
[2.200s] -- Up-to-date: /home/youssef/COROSOLS_WS/install/marvelmind_ros2_msgs/include/marvelmind_ros2_msgs/marvelmind_ros2_msgs/msg/detail/marvelmind_user_data__rosidl_typesupport_fastrtps_cpp.hpp
[2.200s] -- Up-to-date: /home/youssef/COROSOLS_WS/install/marvelmind_ros2_msgs/include/marvelmind_ros2_msgs/marvelmind_ros2_msgs/msg/detail/marvelmind_waypoint__rosidl_typesupport_fastrtps_cpp.hpp
[2.200s] -- Up-to-date: /home/youssef/COROSOLS_WS/install/marvelmind_ros2_msgs/include/marvelmind_ros2_msgs/marvelmind_ros2_msgs/msg/detail/hedge_telemetry__rosidl_typesupport_fastrtps_cpp.hpp
[2.200s] -- Up-to-date: /home/youssef/COROSOLS_WS/install/marvelmind_ros2_msgs/include/marvelmind_ros2_msgs/marvelmind_ros2_msgs/srv
[2.200s] -- Up-to-date: /home/youssef/COROSOLS_WS/install/marvelmind_ros2_msgs/include/marvelmind_ros2_msgs/marvelmind_ros2_msgs/srv/detail
[2.200s] -- Up-to-date: /home/youssef/COROSOLS_WS/install/marvelmind_ros2_msgs/include/marvelmind_ros2_msgs/marvelmind_ros2_msgs/srv/detail/dds_fastrtps
[2.200s] -- Up-to-date: /home/youssef/COROSOLS_WS/install/marvelmind_ros2_msgs/include/marvelmind_ros2_msgs/marvelmind_ros2_msgs/srv/detail/marvelmind_api__rosidl_typesupport_fastrtps_cpp.hpp
[2.201s] -- Up-to-date: /home/youssef/COROSOLS_WS/install/marvelmind_ros2_msgs/lib/libmarvelmind_ros2_msgs__rosidl_typesupport_fastrtps_cpp.so
[2.201s] -- Up-to-date: /home/youssef/COROSOLS_WS/install/marvelmind_ros2_msgs/include/marvelmind_ros2_msgs/marvelmind_ros2_msgs
[2.201s] -- Up-to-date: /home/youssef/COROSOLS_WS/install/marvelmind_ros2_msgs/include/marvelmind_ros2_msgs/marvelmind_ros2_msgs/msg
[2.201s] -- Up-to-date: /home/youssef/COROSOLS_WS/install/marvelmind_ros2_msgs/include/marvelmind_ros2_msgs/marvelmind_ros2_msgs/msg/detail
[2.201s] -- Up-to-date: /home/youssef/COROSOLS_WS/install/marvelmind_ros2_msgs/include/marvelmind_ros2_msgs/marvelmind_ros2_msgs/msg/detail/hedge_position_angle__type_support.cpp
[2.201s] -- Up-to-date: /home/youssef/COROSOLS_WS/install/marvelmind_ros2_msgs/include/marvelmind_ros2_msgs/marvelmind_ros2_msgs/msg/detail/hedge_position__type_support.cpp
[2.202s] -- Up-to-date: /home/youssef/COROSOLS_WS/install/marvelmind_ros2_msgs/include/marvelmind_ros2_msgs/marvelmind_ros2_msgs/msg/detail/beacon_position_addressed__rosidl_typesupport_introspection_cpp.hpp
[2.202s] -- Up-to-date: /home/youssef/COROSOLS_WS/install/marvelmind_ros2_msgs/include/marvelmind_ros2_msgs/marvelmind_ros2_msgs/msg/detail/hedge_position_addressed__rosidl_typesupport_introspection_cpp.hpp
[2.202s] -- Up-to-date: /home/youssef/COROSOLS_WS/install/marvelmind_ros2_msgs/include/marvelmind_ros2_msgs/marvelmind_ros2_msgs/msg/detail/marvelmind_user_data__rosidl_typesupport_introspection_cpp.hpp
[2.202s] -- Up-to-date: /home/youssef/COROSOLS_WS/install/marvelmind_ros2_msgs/include/marvelmind_ros2_msgs/marvelmind_ros2_msgs/msg/detail/marvelmind_waypoint__type_support.cpp
[2.202s] -- Up-to-date: /home/youssef/COROSOLS_WS/install/marvelmind_ros2_msgs/include/marvelmind_ros2_msgs/marvelmind_ros2_msgs/msg/detail/hedge_quality__rosidl_typesupport_introspection_cpp.hpp
[2.203s] -- Up-to-date: /home/youssef/COROSOLS_WS/install/marvelmind_ros2_msgs/include/marvelmind_ros2_msgs/marvelmind_ros2_msgs/msg/detail/beacon_position_addressed__type_support.cpp
[2.203s] -- Up-to-date: /home/youssef/COROSOLS_WS/install/marvelmind_ros2_msgs/include/marvelmind_ros2_msgs/marvelmind_ros2_msgs/msg/detail/hedge_imu_raw__type_support.cpp
[2.203s] -- Up-to-date: /home/youssef/COROSOLS_WS/install/marvelmind_ros2_msgs/include/marvelmind_ros2_msgs/marvelmind_ros2_msgs/msg/detail/hedge_imu_fusion__rosidl_typesupport_introspection_cpp.hpp
[2.203s] -- Up-to-date: /home/youssef/COROSOLS_WS/install/marvelmind_ros2_msgs/include/marvelmind_ros2_msgs/marvelmind_ros2_msgs/msg/detail/hedge_telemetry__rosidl_typesupport_introspection_cpp.hpp
[2.204s] -- Up-to-date: /home/youssef/COROSOLS_WS/install/marvelmind_ros2_msgs/include/marvelmind_ros2_msgs/marvelmind_ros2_msgs/msg/detail/hedge_quality__type_support.cpp
[2.204s] -- Up-to-date: /home/youssef/COROSOLS_WS/install/marvelmind_ros2_msgs/include/marvelmind_ros2_msgs/marvelmind_ros2_msgs/msg/detail/hedge_imu_fusion__type_support.cpp
[2.204s] -- Up-to-date: /home/youssef/COROSOLS_WS/install/marvelmind_ros2_msgs/include/marvelmind_ros2_msgs/marvelmind_ros2_msgs/msg/detail/beacon_distance__rosidl_typesupport_introspection_cpp.hpp
[2.204s] -- Up-to-date: /home/youssef/COROSOLS_WS/install/marvelmind_ros2_msgs/include/marvelmind_ros2_msgs/marvelmind_ros2_msgs/msg/detail/hedge_position_angle__rosidl_typesupport_introspection_cpp.hpp
[2.204s] -- Up-to-date: /home/youssef/COROSOLS_WS/install/marvelmind_ros2_msgs/include/marvelmind_ros2_msgs/marvelmind_ros2_msgs/msg/detail/hedge_position__rosidl_typesupport_introspection_cpp.hpp
[2.204s] -- Up-to-date: /home/youssef/COROSOLS_WS/install/marvelmind_ros2_msgs/include/marvelmind_ros2_msgs/marvelmind_ros2_msgs/msg/detail/marvelmind_user_data__type_support.cpp
[2.204s] -- Up-to-date: /home/youssef/COROSOLS_WS/install/marvelmind_ros2_msgs/include/marvelmind_ros2_msgs/marvelmind_ros2_msgs/msg/detail/hedge_imu_raw__rosidl_typesupport_introspection_cpp.hpp
[2.204s] -- Up-to-date: /home/youssef/COROSOLS_WS/install/marvelmind_ros2_msgs/include/marvelmind_ros2_msgs/marvelmind_ros2_msgs/msg/detail/marvelmind_waypoint__rosidl_typesupport_introspection_cpp.hpp
[2.205s] -- Up-to-date: /home/youssef/COROSOLS_WS/install/marvelmind_ros2_msgs/include/marvelmind_ros2_msgs/marvelmind_ros2_msgs/msg/detail/hedge_position_addressed__type_support.cpp
[2.205s] -- Up-to-date: /home/youssef/COROSOLS_WS/install/marvelmind_ros2_msgs/include/marvelmind_ros2_msgs/marvelmind_ros2_msgs/msg/detail/hedge_telemetry__type_support.cpp
[2.205s] -- Up-to-date: /home/youssef/COROSOLS_WS/install/marvelmind_ros2_msgs/include/marvelmind_ros2_msgs/marvelmind_ros2_msgs/msg/detail/beacon_distance__type_support.cpp
[2.205s] -- Up-to-date: /home/youssef/COROSOLS_WS/install/marvelmind_ros2_msgs/include/marvelmind_ros2_msgs/marvelmind_ros2_msgs/srv
[2.205s] -- Up-to-date: /home/youssef/COROSOLS_WS/install/marvelmind_ros2_msgs/include/marvelmind_ros2_msgs/marvelmind_ros2_msgs/srv/detail
[2.205s] -- Up-to-date: /home/youssef/COROSOLS_WS/install/marvelmind_ros2_msgs/include/marvelmind_ros2_msgs/marvelmind_ros2_msgs/srv/detail/marvelmind_api__type_support.cpp
[2.205s] -- Up-to-date: /home/youssef/COROSOLS_WS/install/marvelmind_ros2_msgs/include/marvelmind_ros2_msgs/marvelmind_ros2_msgs/srv/detail/marvelmind_api__rosidl_typesupport_introspection_cpp.hpp
[2.205s] -- Up-to-date: /home/youssef/COROSOLS_WS/install/marvelmind_ros2_msgs/lib/libmarvelmind_ros2_msgs__rosidl_typesupport_introspection_cpp.so
[2.205s] -- Up-to-date: /home/youssef/COROSOLS_WS/install/marvelmind_ros2_msgs/lib/libmarvelmind_ros2_msgs__rosidl_typesupport_cpp.so
[2.206s] -- Up-to-date: /home/youssef/COROSOLS_WS/install/marvelmind_ros2_msgs/share/marvelmind_ros2_msgs/environment/pythonpath.sh
[2.206s] -- Up-to-date: /home/youssef/COROSOLS_WS/install/marvelmind_ros2_msgs/share/marvelmind_ros2_msgs/environment/pythonpath.dsv
[2.206s] -- Up-to-date: /home/youssef/COROSOLS_WS/install/marvelmind_ros2_msgs/local/lib/python3.10/dist-packages/marvelmind_ros2_msgs-1.0.2-py3.10.egg-info
[2.206s] -- Installing: /home/youssef/COROSOLS_WS/install/marvelmind_ros2_msgs/local/lib/python3.10/dist-packages/marvelmind_ros2_msgs-1.0.2-py3.10.egg-info/dependency_links.txt
[2.206s] -- Installing: /home/youssef/COROSOLS_WS/install/marvelmind_ros2_msgs/local/lib/python3.10/dist-packages/marvelmind_ros2_msgs-1.0.2-py3.10.egg-info/PKG-INFO
[2.206s] -- Installing: /home/youssef/COROSOLS_WS/install/marvelmind_ros2_msgs/local/lib/python3.10/dist-packages/marvelmind_ros2_msgs-1.0.2-py3.10.egg-info/top_level.txt
[2.206s] -- Installing: /home/youssef/COROSOLS_WS/install/marvelmind_ros2_msgs/local/lib/python3.10/dist-packages/marvelmind_ros2_msgs-1.0.2-py3.10.egg-info/SOURCES.txt
[2.206s] -- Up-to-date: /home/youssef/COROSOLS_WS/install/marvelmind_ros2_msgs/local/lib/python3.10/dist-packages/marvelmind_ros2_msgs
[2.207s] -- Up-to-date: /home/youssef/COROSOLS_WS/install/marvelmind_ros2_msgs/local/lib/python3.10/dist-packages/marvelmind_ros2_msgs/msg
[2.207s] -- Up-to-date: /home/youssef/COROSOLS_WS/install/marvelmind_ros2_msgs/local/lib/python3.10/dist-packages/marvelmind_ros2_msgs/msg/_beacon_position_addressed_s.c
[2.207s] -- Up-to-date: /home/youssef/COROSOLS_WS/install/marvelmind_ros2_msgs/local/lib/python3.10/dist-packages/marvelmind_ros2_msgs/msg/_hedge_position_angle.py
[2.207s] -- Up-to-date: /home/youssef/COROSOLS_WS/install/marvelmind_ros2_msgs/local/lib/python3.10/dist-packages/marvelmind_ros2_msgs/msg/_marvelmind_waypoint_s.c
[2.207s] -- Up-to-date: /home/youssef/COROSOLS_WS/install/marvelmind_ros2_msgs/local/lib/python3.10/dist-packages/marvelmind_ros2_msgs/msg/_hedge_telemetry.py
[2.207s] -- Up-to-date: /home/youssef/COROSOLS_WS/install/marvelmind_ros2_msgs/local/lib/python3.10/dist-packages/marvelmind_ros2_msgs/msg/_hedge_imu_fusion_s.c
[2.207s] -- Up-to-date: /home/youssef/COROSOLS_WS/install/marvelmind_ros2_msgs/local/lib/python3.10/dist-packages/marvelmind_ros2_msgs/msg/_hedge_imu_raw.py
[2.207s] -- Up-to-date: /home/youssef/COROSOLS_WS/install/marvelmind_ros2_msgs/local/lib/python3.10/dist-packages/marvelmind_ros2_msgs/msg/_hedge_position_addressed.py
[2.208s] -- Up-to-date: /home/youssef/COROSOLS_WS/install/marvelmind_ros2_msgs/local/lib/python3.10/dist-packages/marvelmind_ros2_msgs/msg/_hedge_imu_raw_s.c
[2.208s] -- Up-to-date: /home/youssef/COROSOLS_WS/install/marvelmind_ros2_msgs/local/lib/python3.10/dist-packages/marvelmind_ros2_msgs/msg/_hedge_position.py
[2.208s] -- Up-to-date: /home/youssef/COROSOLS_WS/install/marvelmind_ros2_msgs/local/lib/python3.10/dist-packages/marvelmind_ros2_msgs/msg/_marvelmind_user_data.py
[2.208s] -- Up-to-date: /home/youssef/COROSOLS_WS/install/marvelmind_ros2_msgs/local/lib/python3.10/dist-packages/marvelmind_ros2_msgs/msg/_beacon_position_addressed.py
[2.208s] -- Up-to-date: /home/youssef/COROSOLS_WS/install/marvelmind_ros2_msgs/local/lib/python3.10/dist-packages/marvelmind_ros2_msgs/msg/_hedge_imu_fusion.py
[2.208s] -- Up-to-date: /home/youssef/COROSOLS_WS/install/marvelmind_ros2_msgs/local/lib/python3.10/dist-packages/marvelmind_ros2_msgs/msg/_beacon_distance.py
[2.208s] -- Up-to-date: /home/youssef/COROSOLS_WS/install/marvelmind_ros2_msgs/local/lib/python3.10/dist-packages/marvelmind_ros2_msgs/msg/_hedge_position_angle_s.c
[2.208s] -- Up-to-date: /home/youssef/COROSOLS_WS/install/marvelmind_ros2_msgs/local/lib/python3.10/dist-packages/marvelmind_ros2_msgs/msg/_hedge_position_addressed_s.c
[2.208s] -- Up-to-date: /home/youssef/COROSOLS_WS/install/marvelmind_ros2_msgs/local/lib/python3.10/dist-packages/marvelmind_ros2_msgs/msg/_hedge_telemetry_s.c
[2.209s] -- Up-to-date: /home/youssef/COROSOLS_WS/install/marvelmind_ros2_msgs/local/lib/python3.10/dist-packages/marvelmind_ros2_msgs/msg/_hedge_quality_s.c
[2.209s] -- Up-to-date: /home/youssef/COROSOLS_WS/install/marvelmind_ros2_msgs/local/lib/python3.10/dist-packages/marvelmind_ros2_msgs/msg/_hedge_position_s.c
[2.209s] -- Up-to-date: /home/youssef/COROSOLS_WS/install/marvelmind_ros2_msgs/local/lib/python3.10/dist-packages/marvelmind_ros2_msgs/msg/__init__.py
[2.209s] -- Up-to-date: /home/youssef/COROSOLS_WS/install/marvelmind_ros2_msgs/local/lib/python3.10/dist-packages/marvelmind_ros2_msgs/msg/_hedge_quality.py
[2.209s] -- Up-to-date: /home/youssef/COROSOLS_WS/install/marvelmind_ros2_msgs/local/lib/python3.10/dist-packages/marvelmind_ros2_msgs/msg/_beacon_distance_s.c
[2.209s] -- Up-to-date: /home/youssef/COROSOLS_WS/install/marvelmind_ros2_msgs/local/lib/python3.10/dist-packages/marvelmind_ros2_msgs/msg/_marvelmind_user_data_s.c
[2.209s] -- Up-to-date: /home/youssef/COROSOLS_WS/install/marvelmind_ros2_msgs/local/lib/python3.10/dist-packages/marvelmind_ros2_msgs/msg/_marvelmind_waypoint.py
[2.209s] -- Up-to-date: /home/youssef/COROSOLS_WS/install/marvelmind_ros2_msgs/local/lib/python3.10/dist-packages/marvelmind_ros2_msgs/libmarvelmind_ros2_msgs__rosidl_generator_py.so
[2.210s] -- Up-to-date: /home/youssef/COROSOLS_WS/install/marvelmind_ros2_msgs/local/lib/python3.10/dist-packages/marvelmind_ros2_msgs/_marvelmind_ros2_msgs_s.ep.rosidl_typesupport_introspection_c.c
[2.210s] -- Up-to-date: /home/youssef/COROSOLS_WS/install/marvelmind_ros2_msgs/local/lib/python3.10/dist-packages/marvelmind_ros2_msgs/marvelmind_ros2_msgs_s__rosidl_typesupport_introspection_c.cpython-310-x86_64-linux-gnu.so
[2.210s] -- Up-to-date: /home/youssef/COROSOLS_WS/install/marvelmind_ros2_msgs/local/lib/python3.10/dist-packages/marvelmind_ros2_msgs/srv
[2.210s] -- Up-to-date: /home/youssef/COROSOLS_WS/install/marvelmind_ros2_msgs/local/lib/python3.10/dist-packages/marvelmind_ros2_msgs/srv/_marvelmind_api_s.c
[2.210s] -- Up-to-date: /home/youssef/COROSOLS_WS/install/marvelmind_ros2_msgs/local/lib/python3.10/dist-packages/marvelmind_ros2_msgs/srv/_marvelmind_api.py
[2.211s] -- Up-to-date: /home/youssef/COROSOLS_WS/install/marvelmind_ros2_msgs/local/lib/python3.10/dist-packages/marvelmind_ros2_msgs/srv/__init__.py
[2.211s] -- Up-to-date: /home/youssef/COROSOLS_WS/install/marvelmind_ros2_msgs/local/lib/python3.10/dist-packages/marvelmind_ros2_msgs/_marvelmind_ros2_msgs_s.ep.rosidl_typesupport_fastrtps_c.c
[2.211s] -- Up-to-date: /home/youssef/COROSOLS_WS/install/marvelmind_ros2_msgs/local/lib/python3.10/dist-packages/marvelmind_ros2_msgs/_marvelmind_ros2_msgs_s.ep.rosidl_typesupport_c.c
[2.211s] -- Up-to-date: /home/youssef/COROSOLS_WS/install/marvelmind_ros2_msgs/local/lib/python3.10/dist-packages/marvelmind_ros2_msgs/marvelmind_ros2_msgs_s__rosidl_typesupport_c.cpython-310-x86_64-linux-gnu.so
[2.211s] -- Up-to-date: /home/youssef/COROSOLS_WS/install/marvelmind_ros2_msgs/local/lib/python3.10/dist-packages/marvelmind_ros2_msgs/marvelmind_ros2_msgs_s__rosidl_typesupport_fastrtps_c.cpython-310-x86_64-linux-gnu.so
[2.211s] -- Up-to-date: /home/youssef/COROSOLS_WS/install/marvelmind_ros2_msgs/local/lib/python3.10/dist-packages/marvelmind_ros2_msgs/__init__.py
[2.274s] Listing '/home/youssef/COROSOLS_WS/install/marvelmind_ros2_msgs/local/lib/python3.10/dist-packages/marvelmind_ros2_msgs'...
[2.274s] Listing '/home/youssef/COROSOLS_WS/install/marvelmind_ros2_msgs/local/lib/python3.10/dist-packages/marvelmind_ros2_msgs/msg'...
[2.274s] Listing '/home/youssef/COROSOLS_WS/install/marvelmind_ros2_msgs/local/lib/python3.10/dist-packages/marvelmind_ros2_msgs/srv'...
[2.283s] -- Up-to-date: /home/youssef/COROSOLS_WS/install/marvelmind_ros2_msgs/local/lib/python3.10/dist-packages/marvelmind_ros2_msgs/marvelmind_ros2_msgs_s__rosidl_typesupport_fastrtps_c.cpython-310-x86_64-linux-gnu.so
[2.283s] -- Up-to-date: /home/youssef/COROSOLS_WS/install/marvelmind_ros2_msgs/local/lib/python3.10/dist-packages/marvelmind_ros2_msgs/marvelmind_ros2_msgs_s__rosidl_typesupport_introspection_c.cpython-310-x86_64-linux-gnu.so
[2.284s] -- Up-to-date: /home/youssef/COROSOLS_WS/install/marvelmind_ros2_msgs/local/lib/python3.10/dist-packages/marvelmind_ros2_msgs/marvelmind_ros2_msgs_s__rosidl_typesupport_c.cpython-310-x86_64-linux-gnu.so
[2.285s] -- Up-to-date: /home/youssef/COROSOLS_WS/install/marvelmind_ros2_msgs/lib/libmarvelmind_ros2_msgs__rosidl_generator_py.so
[2.286s] -- Up-to-date: /home/youssef/COROSOLS_WS/install/marvelmind_ros2_msgs/share/marvelmind_ros2_msgs/msg/BeaconDistance.idl
[2.286s] -- Up-to-date: /home/youssef/COROSOLS_WS/install/marvelmind_ros2_msgs/share/marvelmind_ros2_msgs/msg/BeaconPositionAddressed.idl
[2.286s] -- Up-to-date: /home/youssef/COROSOLS_WS/install/marvelmind_ros2_msgs/share/marvelmind_ros2_msgs/msg/HedgeImuFusion.idl
[2.287s] -- Up-to-date: /home/youssef/COROSOLS_WS/install/marvelmind_ros2_msgs/share/marvelmind_ros2_msgs/msg/HedgeImuRaw.idl
[2.287s] -- Up-to-date: /home/youssef/COROSOLS_WS/install/marvelmind_ros2_msgs/share/marvelmind_ros2_msgs/msg/HedgePositionAddressed.idl
[2.287s] -- Up-to-date: /home/youssef/COROSOLS_WS/install/marvelmind_ros2_msgs/share/marvelmind_ros2_msgs/msg/HedgePositionAngle.idl
[2.287s] -- Up-to-date: /home/youssef/COROSOLS_WS/install/marvelmind_ros2_msgs/share/marvelmind_ros2_msgs/msg/HedgePosition.idl
[2.288s] -- Up-to-date: /home/youssef/COROSOLS_WS/install/marvelmind_ros2_msgs/share/marvelmind_ros2_msgs/msg/HedgeQuality.idl
[2.288s] -- Up-to-date: /home/youssef/COROSOLS_WS/install/marvelmind_ros2_msgs/share/marvelmind_ros2_msgs/msg/HedgeTelemetry.idl
[2.288s] -- Up-to-date: /home/youssef/COROSOLS_WS/install/marvelmind_ros2_msgs/share/marvelmind_ros2_msgs/msg/MarvelmindWaypoint.idl
[2.288s] -- Up-to-date: /home/youssef/COROSOLS_WS/install/marvelmind_ros2_msgs/share/marvelmind_ros2_msgs/msg/MarvelmindUserData.idl
[2.288s] -- Up-to-date: /home/youssef/COROSOLS_WS/install/marvelmind_ros2_msgs/share/marvelmind_ros2_msgs/srv/MarvelmindAPI.idl
[2.288s] -- Up-to-date: /home/youssef/COROSOLS_WS/install/marvelmind_ros2_msgs/share/marvelmind_ros2_msgs/msg/BeaconDistance.msg
[2.289s] -- Up-to-date: /home/youssef/COROSOLS_WS/install/marvelmind_ros2_msgs/share/marvelmind_ros2_msgs/msg/BeaconPositionAddressed.msg
[2.289s] -- Up-to-date: /home/youssef/COROSOLS_WS/install/marvelmind_ros2_msgs/share/marvelmind_ros2_msgs/msg/HedgeImuFusion.msg
[2.289s] -- Up-to-date: /home/youssef/COROSOLS_WS/install/marvelmind_ros2_msgs/share/marvelmind_ros2_msgs/msg/HedgeImuRaw.msg
[2.289s] -- Up-to-date: /home/youssef/COROSOLS_WS/install/marvelmind_ros2_msgs/share/marvelmind_ros2_msgs/msg/HedgePositionAddressed.msg
[2.289s] -- Up-to-date: /home/youssef/COROSOLS_WS/install/marvelmind_ros2_msgs/share/marvelmind_ros2_msgs/msg/HedgePositionAngle.msg
[2.290s] -- Up-to-date: /home/youssef/COROSOLS_WS/install/marvelmind_ros2_msgs/share/marvelmind_ros2_msgs/msg/HedgePosition.msg
[2.290s] -- Up-to-date: /home/youssef/COROSOLS_WS/install/marvelmind_ros2_msgs/share/marvelmind_ros2_msgs/msg/HedgeQuality.msg
[2.290s] -- Up-to-date: /home/youssef/COROSOLS_WS/install/marvelmind_ros2_msgs/share/marvelmind_ros2_msgs/msg/HedgeTelemetry.msg
[2.291s] -- Up-to-date: /home/youssef/COROSOLS_WS/install/marvelmind_ros2_msgs/share/marvelmind_ros2_msgs/msg/MarvelmindWaypoint.msg
[2.291s] -- Up-to-date: /home/youssef/COROSOLS_WS/install/marvelmind_ros2_msgs/share/marvelmind_ros2_msgs/msg/MarvelmindUserData.msg
[2.291s] -- Up-to-date: /home/youssef/COROSOLS_WS/install/marvelmind_ros2_msgs/share/marvelmind_ros2_msgs/srv/MarvelmindAPI.srv
[2.291s] -- Up-to-date: /home/youssef/COROSOLS_WS/install/marvelmind_ros2_msgs/share/marvelmind_ros2_msgs/srv/MarvelmindAPI_Request.msg
[2.291s] -- Up-to-date: /home/youssef/COROSOLS_WS/install/marvelmind_ros2_msgs/share/marvelmind_ros2_msgs/srv/MarvelmindAPI_Response.msg
[2.292s] -- Up-to-date: /home/youssef/COROSOLS_WS/install/marvelmind_ros2_msgs/share/ament_index/resource_index/package_run_dependencies/marvelmind_ros2_msgs
[2.292s] -- Up-to-date: /home/youssef/COROSOLS_WS/install/marvelmind_ros2_msgs/share/ament_index/resource_index/parent_prefix_path/marvelmind_ros2_msgs
[2.292s] -- Up-to-date: /home/youssef/COROSOLS_WS/install/marvelmind_ros2_msgs/share/marvelmind_ros2_msgs/environment/ament_prefix_path.sh
[2.292s] -- Up-to-date: /home/youssef/COROSOLS_WS/install/marvelmind_ros2_msgs/share/marvelmind_ros2_msgs/environment/ament_prefix_path.dsv
[2.292s] -- Up-to-date: /home/youssef/COROSOLS_WS/install/marvelmind_ros2_msgs/share/marvelmind_ros2_msgs/environment/path.sh
[2.293s] -- Up-to-date: /home/youssef/COROSOLS_WS/install/marvelmind_ros2_msgs/share/marvelmind_ros2_msgs/environment/path.dsv
[2.293s] -- Up-to-date: /home/youssef/COROSOLS_WS/install/marvelmind_ros2_msgs/share/marvelmind_ros2_msgs/local_setup.bash
[2.293s] -- Up-to-date: /home/youssef/COROSOLS_WS/install/marvelmind_ros2_msgs/share/marvelmind_ros2_msgs/local_setup.sh
[2.293s] -- Up-to-date: /home/youssef/COROSOLS_WS/install/marvelmind_ros2_msgs/share/marvelmind_ros2_msgs/local_setup.zsh
[2.293s] -- Up-to-date: /home/youssef/COROSOLS_WS/install/marvelmind_ros2_msgs/share/marvelmind_ros2_msgs/local_setup.dsv
[2.293s] -- Installing: /home/youssef/COROSOLS_WS/install/marvelmind_ros2_msgs/share/marvelmind_ros2_msgs/package.dsv
[2.293s] -- Up-to-date: /home/youssef/COROSOLS_WS/install/marvelmind_ros2_msgs/share/ament_index/resource_index/packages/marvelmind_ros2_msgs
[2.294s] -- Up-to-date: /home/youssef/COROSOLS_WS/install/marvelmind_ros2_msgs/share/marvelmind_ros2_msgs/cmake/export_marvelmind_ros2_msgs__rosidl_generator_cExport.cmake
[2.294s] -- Up-to-date: /home/youssef/COROSOLS_WS/install/marvelmind_ros2_msgs/share/marvelmind_ros2_msgs/cmake/export_marvelmind_ros2_msgs__rosidl_generator_cExport-noconfig.cmake
[2.294s] -- Up-to-date: /home/youssef/COROSOLS_WS/install/marvelmind_ros2_msgs/share/marvelmind_ros2_msgs/cmake/export_marvelmind_ros2_msgs__rosidl_typesupport_fastrtps_cExport.cmake
[2.294s] -- Up-to-date: /home/youssef/COROSOLS_WS/install/marvelmind_ros2_msgs/share/marvelmind_ros2_msgs/cmake/export_marvelmind_ros2_msgs__rosidl_typesupport_fastrtps_cExport-noconfig.cmake
[2.294s] -- Up-to-date: /home/youssef/COROSOLS_WS/install/marvelmind_ros2_msgs/share/marvelmind_ros2_msgs/cmake/marvelmind_ros2_msgs__rosidl_typesupport_introspection_cExport.cmake
[2.295s] -- Up-to-date: /home/youssef/COROSOLS_WS/install/marvelmind_ros2_msgs/share/marvelmind_ros2_msgs/cmake/marvelmind_ros2_msgs__rosidl_typesupport_introspection_cExport-noconfig.cmake
[2.295s] -- Up-to-date: /home/youssef/COROSOLS_WS/install/marvelmind_ros2_msgs/share/marvelmind_ros2_msgs/cmake/marvelmind_ros2_msgs__rosidl_typesupport_cExport.cmake
[2.295s] -- Up-to-date: /home/youssef/COROSOLS_WS/install/marvelmind_ros2_msgs/share/marvelmind_ros2_msgs/cmake/marvelmind_ros2_msgs__rosidl_typesupport_cExport-noconfig.cmake
[2.295s] -- Up-to-date: /home/youssef/COROSOLS_WS/install/marvelmind_ros2_msgs/share/marvelmind_ros2_msgs/cmake/export_marvelmind_ros2_msgs__rosidl_generator_cppExport.cmake
[2.296s] -- Up-to-date: /home/youssef/COROSOLS_WS/install/marvelmind_ros2_msgs/share/marvelmind_ros2_msgs/cmake/export_marvelmind_ros2_msgs__rosidl_typesupport_fastrtps_cppExport.cmake
[2.296s] -- Up-to-date: /home/youssef/COROSOLS_WS/install/marvelmind_ros2_msgs/share/marvelmind_ros2_msgs/cmake/export_marvelmind_ros2_msgs__rosidl_typesupport_fastrtps_cppExport-noconfig.cmake
[2.296s] -- Up-to-date: /home/youssef/COROSOLS_WS/install/marvelmind_ros2_msgs/share/marvelmind_ros2_msgs/cmake/marvelmind_ros2_msgs__rosidl_typesupport_introspection_cppExport.cmake
[2.297s] -- Up-to-date: /home/youssef/COROSOLS_WS/install/marvelmind_ros2_msgs/share/marvelmind_ros2_msgs/cmake/marvelmind_ros2_msgs__rosidl_typesupport_introspection_cppExport-noconfig.cmake
[2.297s] -- Up-to-date: /home/youssef/COROSOLS_WS/install/marvelmind_ros2_msgs/share/marvelmind_ros2_msgs/cmake/marvelmind_ros2_msgs__rosidl_typesupport_cppExport.cmake
[2.297s] -- Up-to-date: /home/youssef/COROSOLS_WS/install/marvelmind_ros2_msgs/share/marvelmind_ros2_msgs/cmake/marvelmind_ros2_msgs__rosidl_typesupport_cppExport-noconfig.cmake
[2.298s] -- Up-to-date: /home/youssef/COROSOLS_WS/install/marvelmind_ros2_msgs/share/marvelmind_ros2_msgs/cmake/export_marvelmind_ros2_msgs__rosidl_generator_pyExport.cmake
[2.298s] -- Up-to-date: /home/youssef/COROSOLS_WS/install/marvelmind_ros2_msgs/share/marvelmind_ros2_msgs/cmake/export_marvelmind_ros2_msgs__rosidl_generator_pyExport-noconfig.cmake
[2.298s] -- Up-to-date: /home/youssef/COROSOLS_WS/install/marvelmind_ros2_msgs/share/marvelmind_ros2_msgs/cmake/rosidl_cmake-extras.cmake
[2.298s] -- Up-to-date: /home/youssef/COROSOLS_WS/install/marvelmind_ros2_msgs/share/marvelmind_ros2_msgs/cmake/ament_cmake_export_dependencies-extras.cmake
[2.299s] -- Up-to-date: /home/youssef/COROSOLS_WS/install/marvelmind_ros2_msgs/share/marvelmind_ros2_msgs/cmake/ament_cmake_export_include_directories-extras.cmake
[2.299s] -- Up-to-date: /home/youssef/COROSOLS_WS/install/marvelmind_ros2_msgs/share/marvelmind_ros2_msgs/cmake/ament_cmake_export_libraries-extras.cmake
[2.299s] -- Up-to-date: /home/youssef/COROSOLS_WS/install/marvelmind_ros2_msgs/share/marvelmind_ros2_msgs/cmake/ament_cmake_export_targets-extras.cmake
[2.299s] -- Up-to-date: /home/youssef/COROSOLS_WS/install/marvelmind_ros2_msgs/share/marvelmind_ros2_msgs/cmake/rosidl_cmake_export_typesupport_targets-extras.cmake
[2.300s] -- Up-to-date: /home/youssef/COROSOLS_WS/install/marvelmind_ros2_msgs/share/marvelmind_ros2_msgs/cmake/rosidl_cmake_export_typesupport_libraries-extras.cmake
[2.300s] -- Up-to-date: /home/youssef/COROSOLS_WS/install/marvelmind_ros2_msgs/share/marvelmind_ros2_msgs/cmake/marvelmind_ros2_msgsConfig.cmake
[2.300s] -- Up-to-date: /home/youssef/COROSOLS_WS/install/marvelmind_ros2_msgs/share/marvelmind_ros2_msgs/cmake/marvelmind_ros2_msgsConfig-version.cmake
[2.300s] -- Up-to-date: /home/youssef/COROSOLS_WS/install/marvelmind_ros2_msgs/share/marvelmind_ros2_msgs/package.xml
[2.306s] Invoked command in '/home/youssef/COROSOLS_WS/build/marvelmind_ros2_msgs' returned '0': CMAKE_PREFIX_PATH=${CMAKE_PREFIX_PATH}:/home/youssef/COROSOLS_WS/install/corosols:/opt/ros/humble /usr/bin/cmake --install /home/youssef/COROSOLS_WS/build/marvelmind_ros2_msgs
