[0.444s] Invoking command in '/home/robot001/Desktop/Application/COROSOLS_WS/src/corosols': AMENT_PREFIX_PATH=/home/robot001/Desktop/Application/COROSOLS_WS/install/custom_interfaces:/home/robot001/Desktop/Application/COROSOLS_WS/install/action_tutorials_interfaces:${AMENT_PREFIX_PATH} CMAKE_PREFIX_PATH=/home/robot001/Desktop/Application/COROSOLS_WS/install/custom_interfaces:/home/robot001/Desktop/Application/COROSOLS_WS/install/action_tutorials_interfaces LD_LIBRARY_PATH=/home/robot001/Desktop/Application/COROSOLS_WS/install/custom_interfaces/lib:/home/robot001/Desktop/Application/COROSOLS_WS/install/action_tutorials_interfaces/lib:${LD_LIBRARY_PATH} PYTHONPATH=/home/robot001/Desktop/Application/COROSOLS_WS/build/corosols/prefix_override:/usr/lib/python3/dist-packages/colcon_core/task/python/colcon_distutils_commands:/home/robot001/Desktop/Application/COROSOLS_WS/install/corosols/lib/python3.10/site-packages:/home/robot001/Desktop/Application/COROSOLS_WS/install/custom_interfaces/local/lib/python3.10/dist-packages:/home/robot001/Desktop/Application/COROSOLS_WS/install/action_tutorials_interfaces/local/lib/python3.10/dist-packages:${PYTHONPATH} /usr/bin/python3 -W ignore:setup.py install is deprecated -W ignore:easy_install command is deprecated setup.py egg_info --egg-base ../../build/corosols build --build-base /home/robot001/Desktop/Application/COROSOLS_WS/build/corosols/build install --record /home/robot001/Desktop/Application/COROSOLS_WS/build/corosols/install.log --single-version-externally-managed install_data
[0.588s] running egg_info
[0.589s] writing ../../build/corosols/corosols.egg-info/PKG-INFO
[0.589s] writing dependency_links to ../../build/corosols/corosols.egg-info/dependency_links.txt
[0.589s] writing entry points to ../../build/corosols/corosols.egg-info/entry_points.txt
[0.589s] writing requirements to ../../build/corosols/corosols.egg-info/requires.txt
[0.589s] writing top-level names to ../../build/corosols/corosols.egg-info/top_level.txt
[0.591s] reading manifest file '../../build/corosols/corosols.egg-info/SOURCES.txt'
[0.596s] writing manifest file '../../build/corosols/corosols.egg-info/SOURCES.txt'
[0.596s] running build
[0.596s] running build_py
[0.597s] running install
[0.597s] running install_lib
[0.599s] running install_data
[0.599s] running install_egg_info
[0.600s] removing '/home/robot001/Desktop/Application/COROSOLS_WS/install/corosols/lib/python3.10/site-packages/corosols-0.0.0-py3.10.egg-info' (and everything under it)
[0.601s] Copying ../../build/corosols/corosols.egg-info to /home/robot001/Desktop/Application/COROSOLS_WS/install/corosols/lib/python3.10/site-packages/corosols-0.0.0-py3.10.egg-info
[0.603s] running install_scripts
[0.616s] Installing imu_broadcaster script to /home/robot001/Desktop/Application/COROSOLS_WS/install/corosols/lib/corosols
[0.616s] Installing input_client script to /home/robot001/Desktop/Application/COROSOLS_WS/install/corosols/lib/corosols
[0.616s] Installing pose_broadcaster script to /home/robot001/Desktop/Application/COROSOLS_WS/install/corosols/lib/corosols
[0.616s] Installing robot_speeds script to /home/robot001/Desktop/Application/COROSOLS_WS/install/corosols/lib/corosols
[0.616s] Installing serial script to /home/robot001/Desktop/Application/COROSOLS_WS/install/corosols/lib/corosols
[0.616s] Installing station_connector script to /home/robot001/Desktop/Application/COROSOLS_WS/install/corosols/lib/corosols
[0.617s] writing list of installed files to '/home/robot001/Desktop/Application/COROSOLS_WS/build/corosols/install.log'
[0.639s] Invoked command in '/home/robot001/Desktop/Application/COROSOLS_WS/src/corosols' returned '0': AMENT_PREFIX_PATH=/home/robot001/Desktop/Application/COROSOLS_WS/install/custom_interfaces:/home/robot001/Desktop/Application/COROSOLS_WS/install/action_tutorials_interfaces:${AMENT_PREFIX_PATH} CMAKE_PREFIX_PATH=/home/robot001/Desktop/Application/COROSOLS_WS/install/custom_interfaces:/home/robot001/Desktop/Application/COROSOLS_WS/install/action_tutorials_interfaces LD_LIBRARY_PATH=/home/robot001/Desktop/Application/COROSOLS_WS/install/custom_interfaces/lib:/home/robot001/Desktop/Application/COROSOLS_WS/install/action_tutorials_interfaces/lib:${LD_LIBRARY_PATH} PYTHONPATH=/home/robot001/Desktop/Application/COROSOLS_WS/build/corosols/prefix_override:/usr/lib/python3/dist-packages/colcon_core/task/python/colcon_distutils_commands:/home/robot001/Desktop/Application/COROSOLS_WS/install/corosols/lib/python3.10/site-packages:/home/robot001/Desktop/Application/COROSOLS_WS/install/custom_interfaces/local/lib/python3.10/dist-packages:/home/robot001/Desktop/Application/COROSOLS_WS/install/action_tutorials_interfaces/local/lib/python3.10/dist-packages:${PYTHONPATH} /usr/bin/python3 -W ignore:setup.py install is deprecated -W ignore:easy_install command is deprecated setup.py egg_info --egg-base ../../build/corosols build --build-base /home/robot001/Desktop/Application/COROSOLS_WS/build/corosols/build install --record /home/robot001/Desktop/Application/COROSOLS_WS/build/corosols/install.log --single-version-externally-managed install_data
