[0.146s] Invoking command in '/home/youssef/COROSOLS_WS/build/sllidar_ros2': CMAKE_PREFIX_PATH=${CMAKE_PREFIX_PATH}:/home/youssef/COROSOLS_WS/install/corosols:/opt/ros/humble /usr/bin/cmake --build /home/youssef/COROSOLS_WS/build/sllidar_ros2 -- -j8 -l8
[1.190s] [ 90%] Built target sllidar_node
[1.202s] [100%] Built target sllidar_client
[1.510s] Invoked command in '/home/youssef/COROSOLS_WS/build/sllidar_ros2' returned '0': CMAKE_PREFIX_PATH=${CMAKE_PREFIX_PATH}:/home/youssef/COROSOLS_WS/install/corosols:/opt/ros/humble /usr/bin/cmake --build /home/youssef/COROSOLS_WS/build/sllidar_ros2 -- -j8 -l8
[1.607s] Invoking command in '/home/youssef/COROSOLS_WS/build/sllidar_ros2': CMAKE_PREFIX_PATH=${CMAKE_PREFIX_PATH}:/home/youssef/COROSOLS_WS/install/corosols:/opt/ros/humble /usr/bin/cmake --install /home/youssef/COROSOLS_WS/build/sllidar_ros2
[1.661s] -- Install configuration: ""
[1.663s] -- Up-to-date: /home/youssef/COROSOLS_WS/install/sllidar_ros2/share/sllidar_ros2/launch
[1.664s] -- Up-to-date: /home/youssef/COROSOLS_WS/install/sllidar_ros2/share/sllidar_ros2/launch/sllidar_s3_launch.py
[1.665s] -- Up-to-date: /home/youssef/COROSOLS_WS/install/sllidar_ros2/share/sllidar_ros2/launch/sllidar_s1_tcp_launch.py
[1.665s] -- Up-to-date: /home/youssef/COROSOLS_WS/install/sllidar_ros2/share/sllidar_ros2/launch/view_sllidar_a3_launch.py
[1.670s] -- Up-to-date: /home/youssef/COROSOLS_WS/install/sllidar_ros2/share/sllidar_ros2/launch/view_sllidar_a2m8_launch.py
[1.671s] -- Up-to-date: /home/youssef/COROSOLS_WS/install/sllidar_ros2/share/sllidar_ros2/launch/sllidar_s2e_launch.py
[1.672s] -- Up-to-date: /home/youssef/COROSOLS_WS/install/sllidar_ros2/share/sllidar_ros2/launch/view_sllidar_a1_launch.py
[1.677s] -- Up-to-date: /home/youssef/COROSOLS_WS/install/sllidar_ros2/share/sllidar_ros2/launch/sllidar_a2m7_launch.py
[1.677s] -- Up-to-date: /home/youssef/COROSOLS_WS/install/sllidar_ros2/share/sllidar_ros2/launch/view_sllidar_s2_launch.py
[1.678s] -- Up-to-date: /home/youssef/COROSOLS_WS/install/sllidar_ros2/share/sllidar_ros2/launch/view_sllidar_a2m12_launch.py
[1.679s] -- Up-to-date: /home/youssef/COROSOLS_WS/install/sllidar_ros2/share/sllidar_ros2/launch/sllidar_t1_launch.py
[1.679s] -- Up-to-date: /home/youssef/COROSOLS_WS/install/sllidar_ros2/share/sllidar_ros2/launch/view_sllidar_s1_launch.py
[1.682s] -- Up-to-date: /home/youssef/COROSOLS_WS/install/sllidar_ros2/share/sllidar_ros2/launch/view_sllidar_s3_launch.py
[1.683s] -- Up-to-date: /home/youssef/COROSOLS_WS/install/sllidar_ros2/share/sllidar_ros2/launch/sllidar_a1_launch.py
[1.683s] -- Up-to-date: /home/youssef/COROSOLS_WS/install/sllidar_ros2/share/sllidar_ros2/launch/sllidar_a3_launch.py
[1.684s] -- Up-to-date: /home/youssef/COROSOLS_WS/install/sllidar_ros2/share/sllidar_ros2/launch/view_sllidar_c1_launch.py
[1.688s] -- Up-to-date: /home/youssef/COROSOLS_WS/install/sllidar_ros2/share/sllidar_ros2/launch/view_sllidar_t1_launch.py
[1.688s] -- Up-to-date: /home/youssef/COROSOLS_WS/install/sllidar_ros2/share/sllidar_ros2/launch/sllidar_c1_launch.py
[1.689s] -- Up-to-date: /home/youssef/COROSOLS_WS/install/sllidar_ros2/share/sllidar_ros2/launch/view_sllidar_a2m7_launch.py
[1.690s] -- Up-to-date: /home/youssef/COROSOLS_WS/install/sllidar_ros2/share/sllidar_ros2/launch/view_sllidar_s2e_launch.py
[1.690s] -- Up-to-date: /home/youssef/COROSOLS_WS/install/sllidar_ros2/share/sllidar_ros2/launch/view_sllidar_s1_tcp_launch.py
[1.699s] -- Up-to-date: /home/youssef/COROSOLS_WS/install/sllidar_ros2/share/sllidar_ros2/launch/sllidar_a2m8_launch.py
[1.700s] -- Up-to-date: /home/youssef/COROSOLS_WS/install/sllidar_ros2/share/sllidar_ros2/launch/sllidar_a2m12_launch .py
[1.701s] -- Up-to-date: /home/youssef/COROSOLS_WS/install/sllidar_ros2/share/sllidar_ros2/launch/sllidar_s2_launch.py
[1.702s] -- Up-to-date: /home/youssef/COROSOLS_WS/install/sllidar_ros2/share/sllidar_ros2/launch/sllidar_s1_launch.py
[1.702s] -- Up-to-date: /home/youssef/COROSOLS_WS/install/sllidar_ros2/share/sllidar_ros2/rviz
[1.715s] -- Up-to-date: /home/youssef/COROSOLS_WS/install/sllidar_ros2/share/sllidar_ros2/rviz/sllidar_ros2.rviz
[1.716s] -- Up-to-date: /home/youssef/COROSOLS_WS/install/sllidar_ros2/lib/sllidar_ros2/sllidar_node
[1.716s] -- Up-to-date: /home/youssef/COROSOLS_WS/install/sllidar_ros2/lib/sllidar_ros2/sllidar_client
[1.725s] -- Up-to-date: /home/youssef/COROSOLS_WS/install/sllidar_ros2/share/ament_index/resource_index/package_run_dependencies/sllidar_ros2
[1.726s] -- Up-to-date: /home/youssef/COROSOLS_WS/install/sllidar_ros2/share/ament_index/resource_index/parent_prefix_path/sllidar_ros2
[1.727s] -- Up-to-date: /home/youssef/COROSOLS_WS/install/sllidar_ros2/share/sllidar_ros2/environment/ament_prefix_path.sh
[1.727s] -- Up-to-date: /home/youssef/COROSOLS_WS/install/sllidar_ros2/share/sllidar_ros2/environment/ament_prefix_path.dsv
[1.735s] -- Up-to-date: /home/youssef/COROSOLS_WS/install/sllidar_ros2/share/sllidar_ros2/environment/path.sh
[1.736s] -- Up-to-date: /home/youssef/COROSOLS_WS/install/sllidar_ros2/share/sllidar_ros2/environment/path.dsv
[1.740s] -- Up-to-date: /home/youssef/COROSOLS_WS/install/sllidar_ros2/share/sllidar_ros2/local_setup.bash
[1.741s] -- Up-to-date: /home/youssef/COROSOLS_WS/install/sllidar_ros2/share/sllidar_ros2/local_setup.sh
[1.742s] -- Up-to-date: /home/youssef/COROSOLS_WS/install/sllidar_ros2/share/sllidar_ros2/local_setup.zsh
[1.742s] -- Up-to-date: /home/youssef/COROSOLS_WS/install/sllidar_ros2/share/sllidar_ros2/local_setup.dsv
[1.743s] -- Installing: /home/youssef/COROSOLS_WS/install/sllidar_ros2/share/sllidar_ros2/package.dsv
[1.751s] -- Up-to-date: /home/youssef/COROSOLS_WS/install/sllidar_ros2/share/ament_index/resource_index/packages/sllidar_ros2
[1.752s] -- Up-to-date: /home/youssef/COROSOLS_WS/install/sllidar_ros2/share/sllidar_ros2/cmake/ament_cmake_export_dependencies-extras.cmake
[1.752s] -- Up-to-date: /home/youssef/COROSOLS_WS/install/sllidar_ros2/share/sllidar_ros2/cmake/ament_cmake_export_include_directories-extras.cmake
[1.753s] -- Up-to-date: /home/youssef/COROSOLS_WS/install/sllidar_ros2/share/sllidar_ros2/cmake/sllidar_ros2Config.cmake
[1.761s] -- Up-to-date: /home/youssef/COROSOLS_WS/install/sllidar_ros2/share/sllidar_ros2/cmake/sllidar_ros2Config-version.cmake
[1.762s] -- Up-to-date: /home/youssef/COROSOLS_WS/install/sllidar_ros2/share/sllidar_ros2/package.xml
[1.770s] Invoked command in '/home/youssef/COROSOLS_WS/build/sllidar_ros2' returned '0': CMAKE_PREFIX_PATH=${CMAKE_PREFIX_PATH}:/home/youssef/COROSOLS_WS/install/corosols:/opt/ros/humble /usr/bin/cmake --install /home/youssef/COROSOLS_WS/build/sllidar_ros2
