[4.261s] Invoking command in '/home/hamzaboulandoum/corosols_ws/src/corosols': LD_LIBRARY_PATH=/home/hamzaboulandoum/corosols_ws/install/custom_interfaces/lib:/usr/local/cuda-11.4/lib64:/opt/ros/humble/opt/rviz_ogre_vendor/lib:/opt/ros/humble/lib/aarch64-linux-gnu:/opt/ros/humble/lib:/usr/local/cuda-11.4/lib64 PYTHONPATH=/home/hamzaboulandoum/corosols_ws/build/corosols/prefix_override:/home/hamzaboulandoum/corosols_ws/install/corosols/lib/python3.8/site-packages:${PYTHONPATH} /usr/bin/python3 -W ignore:setup.py install is deprecated setup.py egg_info --egg-base ../../build/corosols build --build-base /home/hamzaboulandoum/corosols_ws/build/corosols/build install --record /home/hamzaboulandoum/corosols_ws/build/corosols/install.log --single-version-externally-managed install_data
[5.699s] running egg_info
[5.702s] writing ../../build/corosols/corosols.egg-info/PKG-INFO
[5.703s] writing dependency_links to ../../build/corosols/corosols.egg-info/dependency_links.txt
[5.704s] writing entry points to ../../build/corosols/corosols.egg-info/entry_points.txt
[5.705s] writing requirements to ../../build/corosols/corosols.egg-info/requires.txt
[5.706s] writing top-level names to ../../build/corosols/corosols.egg-info/top_level.txt
[5.897s] reading manifest file '../../build/corosols/corosols.egg-info/SOURCES.txt'
[5.904s] writing manifest file '../../build/corosols/corosols.egg-info/SOURCES.txt'
[5.905s] running build
[5.905s] running build_py
[5.906s] copying corosols/robot_task.py -> /home/hamzaboulandoum/corosols_ws/build/corosols/build/lib/corosols
[5.908s] running install
[5.913s] running install_lib
[5.920s] copying /home/hamzaboulandoum/corosols_ws/build/corosols/build/lib/corosols/robot_task.py -> /home/hamzaboulandoum/corosols_ws/install/corosols/lib/python3.8/site-packages/corosols
[5.924s] byte-compiling /home/hamzaboulandoum/corosols_ws/install/corosols/lib/python3.8/site-packages/corosols/robot_task.py to robot_task.cpython-38.pyc
[5.936s] running install_data
[5.938s] running install_egg_info
[5.947s] removing '/home/hamzaboulandoum/corosols_ws/install/corosols/lib/python3.8/site-packages/corosols-0.0.0-py3.8.egg-info' (and everything under it)
[5.949s] Copying ../../build/corosols/corosols.egg-info to /home/hamzaboulandoum/corosols_ws/install/corosols/lib/python3.8/site-packages/corosols-0.0.0-py3.8.egg-info
[5.958s] running install_scripts
[6.070s] Installing pose_broadcaster script to /home/hamzaboulandoum/corosols_ws/install/corosols/lib/corosols
[6.071s] Installing serial script to /home/hamzaboulandoum/corosols_ws/install/corosols/lib/corosols
[6.072s] Installing task script to /home/hamzaboulandoum/corosols_ws/install/corosols/lib/corosols
[6.073s] Installing user_input script to /home/hamzaboulandoum/corosols_ws/install/corosols/lib/corosols
[6.075s] writing list of installed files to '/home/hamzaboulandoum/corosols_ws/build/corosols/install.log'
[6.196s] Invoked command in '/home/hamzaboulandoum/corosols_ws/src/corosols' returned '0': LD_LIBRARY_PATH=/home/hamzaboulandoum/corosols_ws/install/custom_interfaces/lib:/usr/local/cuda-11.4/lib64:/opt/ros/humble/opt/rviz_ogre_vendor/lib:/opt/ros/humble/lib/aarch64-linux-gnu:/opt/ros/humble/lib:/usr/local/cuda-11.4/lib64 PYTHONPATH=/home/hamzaboulandoum/corosols_ws/build/corosols/prefix_override:/home/hamzaboulandoum/corosols_ws/install/corosols/lib/python3.8/site-packages:${PYTHONPATH} /usr/bin/python3 -W ignore:setup.py install is deprecated setup.py egg_info --egg-base ../../build/corosols build --build-base /home/hamzaboulandoum/corosols_ws/build/corosols/build install --record /home/hamzaboulandoum/corosols_ws/build/corosols/install.log --single-version-externally-managed install_data
