[0.027s] Invoking command in '/home/hamzalegion/COROSOLS_WS/build/custom_interfaces': CMAKE_PREFIX_PATH=${CMAKE_PREFIX_PATH}:/home/hamzalegion/COROSOLS_WS/install/corosols:/opt/ros/humble /usr/bin/cmake --build /home/hamzalegion/COROSOLS_WS/build/custom_interfaces -- -j16 -l16
[0.114s] [ 10%] Built target custom_interfaces__rosidl_generator_c
[0.127s] [ 12%] Built target custom_interfaces__cpp
[0.145s] [ 12%] Built target ament_cmake_python_copy_custom_interfaces
[0.182s] [ 23%] Built target custom_interfaces__rosidl_typesupport_fastrtps_c
[0.186s] [ 33%] Built target custom_interfaces__rosidl_typesupport_introspection_c
[0.187s] [ 43%] Built target custom_interfaces__rosidl_typesupport_c
[0.202s] [ 53%] Built target custom_interfaces__rosidl_typesupport_fastrtps_cpp
[0.206s] [ 64%] Built target custom_interfaces__rosidl_typesupport_introspection_cpp
[0.212s] [ 74%] Built target custom_interfaces__rosidl_typesupport_cpp
[0.259s] [ 74%] Built target custom_interfaces
[0.296s] [ 76%] Built target custom_interfaces__py
[0.332s] [ 84%] Built target custom_interfaces__rosidl_generator_py
[0.387s] [ 94%] Built target custom_interfaces__rosidl_typesupport_fastrtps_c__pyext
[0.388s] [ 94%] Built target custom_interfaces__rosidl_typesupport_introspection_c__pyext
[0.392s] [100%] Built target custom_interfaces__rosidl_typesupport_c__pyext
[0.630s] running egg_info
[0.631s] writing custom_interfaces.egg-info/PKG-INFO
[0.632s] writing dependency_links to custom_interfaces.egg-info/dependency_links.txt
[0.632s] writing top-level names to custom_interfaces.egg-info/top_level.txt
[0.637s] reading manifest file 'custom_interfaces.egg-info/SOURCES.txt'
[0.638s] writing manifest file 'custom_interfaces.egg-info/SOURCES.txt'
[0.701s] [100%] Built target ament_cmake_python_build_custom_interfaces_egg
[0.720s] Invoked command in '/home/hamzalegion/COROSOLS_WS/build/custom_interfaces' returned '0': CMAKE_PREFIX_PATH=${CMAKE_PREFIX_PATH}:/home/hamzalegion/COROSOLS_WS/install/corosols:/opt/ros/humble /usr/bin/cmake --build /home/hamzalegion/COROSOLS_WS/build/custom_interfaces -- -j16 -l16
[0.852s] Invoking command in '/home/hamzalegion/COROSOLS_WS/build/custom_interfaces': CMAKE_PREFIX_PATH=${CMAKE_PREFIX_PATH}:/home/hamzalegion/COROSOLS_WS/install/corosols:/opt/ros/humble /usr/bin/cmake --install /home/hamzalegion/COROSOLS_WS/build/custom_interfaces
[0.862s] -- Install configuration: ""
[0.862s] -- Up-to-date: /home/hamzalegion/COROSOLS_WS/install/custom_interfaces/share/ament_index/resource_index/rosidl_interfaces/custom_interfaces
[0.862s] -- Up-to-date: /home/hamzalegion/COROSOLS_WS/install/custom_interfaces/include/custom_interfaces/custom_interfaces
[0.862s] -- Up-to-date: /home/hamzalegion/COROSOLS_WS/install/custom_interfaces/include/custom_interfaces/custom_interfaces/msg
[0.862s] -- Up-to-date: /home/hamzalegion/COROSOLS_WS/install/custom_interfaces/include/custom_interfaces/custom_interfaces/msg/rosidl_generator_c__visibility_control.h
[0.862s] -- Up-to-date: /home/hamzalegion/COROSOLS_WS/install/custom_interfaces/include/custom_interfaces/custom_interfaces/msg/detail
[0.863s] -- Up-to-date: /home/hamzalegion/COROSOLS_WS/install/custom_interfaces/include/custom_interfaces/custom_interfaces/msg/detail/serial_data__functions.c
[0.863s] -- Up-to-date: /home/hamzalegion/COROSOLS_WS/install/custom_interfaces/include/custom_interfaces/custom_interfaces/msg/detail/serial_data__struct.h
[0.863s] -- Up-to-date: /home/hamzalegion/COROSOLS_WS/install/custom_interfaces/include/custom_interfaces/custom_interfaces/msg/detail/serial_data__type_support.h
[0.863s] -- Up-to-date: /home/hamzalegion/COROSOLS_WS/install/custom_interfaces/include/custom_interfaces/custom_interfaces/msg/detail/serial_data__functions.h
[0.863s] -- Up-to-date: /home/hamzalegion/COROSOLS_WS/install/custom_interfaces/include/custom_interfaces/custom_interfaces/msg/serial_data.h
[0.863s] -- Up-to-date: /home/hamzalegion/COROSOLS_WS/install/custom_interfaces/include/custom_interfaces/custom_interfaces/srv
[0.864s] -- Up-to-date: /home/hamzalegion/COROSOLS_WS/install/custom_interfaces/include/custom_interfaces/custom_interfaces/srv/detail
[0.864s] -- Up-to-date: /home/hamzalegion/COROSOLS_WS/install/custom_interfaces/include/custom_interfaces/custom_interfaces/srv/detail/commands__struct.h
[0.864s] -- Up-to-date: /home/hamzalegion/COROSOLS_WS/install/custom_interfaces/include/custom_interfaces/custom_interfaces/srv/detail/commands__functions.c
[0.864s] -- Up-to-date: /home/hamzalegion/COROSOLS_WS/install/custom_interfaces/include/custom_interfaces/custom_interfaces/srv/detail/commands__functions.h
[0.864s] -- Up-to-date: /home/hamzalegion/COROSOLS_WS/install/custom_interfaces/include/custom_interfaces/custom_interfaces/srv/detail/commands__type_support.h
[0.864s] -- Up-to-date: /home/hamzalegion/COROSOLS_WS/install/custom_interfaces/include/custom_interfaces/custom_interfaces/srv/commands.h
[0.865s] -- Up-to-date: /home/hamzalegion/COROSOLS_WS/install/custom_interfaces/share/custom_interfaces/environment/library_path.sh
[0.865s] -- Up-to-date: /home/hamzalegion/COROSOLS_WS/install/custom_interfaces/share/custom_interfaces/environment/library_path.dsv
[0.865s] -- Up-to-date: /home/hamzalegion/COROSOLS_WS/install/custom_interfaces/lib/libcustom_interfaces__rosidl_generator_c.so
[0.865s] -- Up-to-date: /home/hamzalegion/COROSOLS_WS/install/custom_interfaces/include/custom_interfaces/custom_interfaces
[0.865s] -- Up-to-date: /home/hamzalegion/COROSOLS_WS/install/custom_interfaces/include/custom_interfaces/custom_interfaces/msg
[0.865s] -- Up-to-date: /home/hamzalegion/COROSOLS_WS/install/custom_interfaces/include/custom_interfaces/custom_interfaces/msg/detail
[0.865s] -- Up-to-date: /home/hamzalegion/COROSOLS_WS/install/custom_interfaces/include/custom_interfaces/custom_interfaces/msg/detail/serial_data__rosidl_typesupport_fastrtps_c.h
[0.865s] -- Up-to-date: /home/hamzalegion/COROSOLS_WS/install/custom_interfaces/include/custom_interfaces/custom_interfaces/msg/rosidl_typesupport_fastrtps_c__visibility_control.h
[0.866s] -- Up-to-date: /home/hamzalegion/COROSOLS_WS/install/custom_interfaces/include/custom_interfaces/custom_interfaces/srv
[0.866s] -- Up-to-date: /home/hamzalegion/COROSOLS_WS/install/custom_interfaces/include/custom_interfaces/custom_interfaces/srv/detail
[0.866s] -- Up-to-date: /home/hamzalegion/COROSOLS_WS/install/custom_interfaces/include/custom_interfaces/custom_interfaces/srv/detail/commands__rosidl_typesupport_fastrtps_c.h
[0.866s] -- Up-to-date: /home/hamzalegion/COROSOLS_WS/install/custom_interfaces/lib/libcustom_interfaces__rosidl_typesupport_fastrtps_c.so
[0.866s] -- Up-to-date: /home/hamzalegion/COROSOLS_WS/install/custom_interfaces/include/custom_interfaces/custom_interfaces
[0.866s] -- Up-to-date: /home/hamzalegion/COROSOLS_WS/install/custom_interfaces/include/custom_interfaces/custom_interfaces/msg
[0.866s] -- Up-to-date: /home/hamzalegion/COROSOLS_WS/install/custom_interfaces/include/custom_interfaces/custom_interfaces/msg/detail
[0.867s] -- Up-to-date: /home/hamzalegion/COROSOLS_WS/install/custom_interfaces/include/custom_interfaces/custom_interfaces/msg/detail/serial_data__rosidl_typesupport_introspection_c.h
[0.867s] -- Up-to-date: /home/hamzalegion/COROSOLS_WS/install/custom_interfaces/include/custom_interfaces/custom_interfaces/msg/detail/serial_data__type_support.c
[0.867s] -- Up-to-date: /home/hamzalegion/COROSOLS_WS/install/custom_interfaces/include/custom_interfaces/custom_interfaces/msg/rosidl_typesupport_introspection_c__visibility_control.h
[0.867s] -- Up-to-date: /home/hamzalegion/COROSOLS_WS/install/custom_interfaces/include/custom_interfaces/custom_interfaces/srv
[0.867s] -- Up-to-date: /home/hamzalegion/COROSOLS_WS/install/custom_interfaces/include/custom_interfaces/custom_interfaces/srv/detail
[0.867s] -- Up-to-date: /home/hamzalegion/COROSOLS_WS/install/custom_interfaces/include/custom_interfaces/custom_interfaces/srv/detail/commands__type_support.c
[0.867s] -- Up-to-date: /home/hamzalegion/COROSOLS_WS/install/custom_interfaces/include/custom_interfaces/custom_interfaces/srv/detail/commands__rosidl_typesupport_introspection_c.h
[0.867s] -- Up-to-date: /home/hamzalegion/COROSOLS_WS/install/custom_interfaces/lib/libcustom_interfaces__rosidl_typesupport_introspection_c.so
[0.868s] -- Up-to-date: /home/hamzalegion/COROSOLS_WS/install/custom_interfaces/lib/libcustom_interfaces__rosidl_typesupport_c.so
[0.868s] -- Up-to-date: /home/hamzalegion/COROSOLS_WS/install/custom_interfaces/include/custom_interfaces/custom_interfaces
[0.868s] -- Up-to-date: /home/hamzalegion/COROSOLS_WS/install/custom_interfaces/include/custom_interfaces/custom_interfaces/msg
[0.868s] -- Up-to-date: /home/hamzalegion/COROSOLS_WS/install/custom_interfaces/include/custom_interfaces/custom_interfaces/msg/detail
[0.868s] -- Up-to-date: /home/hamzalegion/COROSOLS_WS/install/custom_interfaces/include/custom_interfaces/custom_interfaces/msg/detail/serial_data__traits.hpp
[0.868s] -- Up-to-date: /home/hamzalegion/COROSOLS_WS/install/custom_interfaces/include/custom_interfaces/custom_interfaces/msg/detail/serial_data__builder.hpp
[0.869s] -- Up-to-date: /home/hamzalegion/COROSOLS_WS/install/custom_interfaces/include/custom_interfaces/custom_interfaces/msg/detail/serial_data__struct.hpp
[0.869s] -- Up-to-date: /home/hamzalegion/COROSOLS_WS/install/custom_interfaces/include/custom_interfaces/custom_interfaces/msg/serial_data.hpp
[0.869s] -- Up-to-date: /home/hamzalegion/COROSOLS_WS/install/custom_interfaces/include/custom_interfaces/custom_interfaces/srv
[0.873s] -- Up-to-date: /home/hamzalegion/COROSOLS_WS/install/custom_interfaces/include/custom_interfaces/custom_interfaces/srv/detail
[0.876s] -- Up-to-date: /home/hamzalegion/COROSOLS_WS/install/custom_interfaces/include/custom_interfaces/custom_interfaces/srv/detail/commands__builder.hpp
[0.876s] -- Up-to-date: /home/hamzalegion/COROSOLS_WS/install/custom_interfaces/include/custom_interfaces/custom_interfaces/srv/detail/commands__traits.hpp
[0.876s] -- Up-to-date: /home/hamzalegion/COROSOLS_WS/install/custom_interfaces/include/custom_interfaces/custom_interfaces/srv/detail/commands__struct.hpp
[0.876s] -- Up-to-date: /home/hamzalegion/COROSOLS_WS/install/custom_interfaces/include/custom_interfaces/custom_interfaces/srv/commands.hpp
[0.876s] -- Up-to-date: /home/hamzalegion/COROSOLS_WS/install/custom_interfaces/include/custom_interfaces/custom_interfaces
[0.876s] -- Up-to-date: /home/hamzalegion/COROSOLS_WS/install/custom_interfaces/include/custom_interfaces/custom_interfaces/msg
[0.876s] -- Up-to-date: /home/hamzalegion/COROSOLS_WS/install/custom_interfaces/include/custom_interfaces/custom_interfaces/msg/detail
[0.876s] -- Up-to-date: /home/hamzalegion/COROSOLS_WS/install/custom_interfaces/include/custom_interfaces/custom_interfaces/msg/detail/serial_data__rosidl_typesupport_fastrtps_cpp.hpp
[0.876s] -- Up-to-date: /home/hamzalegion/COROSOLS_WS/install/custom_interfaces/include/custom_interfaces/custom_interfaces/msg/detail/dds_fastrtps
[0.876s] -- Up-to-date: /home/hamzalegion/COROSOLS_WS/install/custom_interfaces/include/custom_interfaces/custom_interfaces/msg/rosidl_typesupport_fastrtps_cpp__visibility_control.h
[0.876s] -- Up-to-date: /home/hamzalegion/COROSOLS_WS/install/custom_interfaces/include/custom_interfaces/custom_interfaces/srv
[0.876s] -- Up-to-date: /home/hamzalegion/COROSOLS_WS/install/custom_interfaces/include/custom_interfaces/custom_interfaces/srv/detail
[0.877s] -- Up-to-date: /home/hamzalegion/COROSOLS_WS/install/custom_interfaces/include/custom_interfaces/custom_interfaces/srv/detail/commands__rosidl_typesupport_fastrtps_cpp.hpp
[0.877s] -- Up-to-date: /home/hamzalegion/COROSOLS_WS/install/custom_interfaces/include/custom_interfaces/custom_interfaces/srv/detail/dds_fastrtps
[0.877s] -- Up-to-date: /home/hamzalegion/COROSOLS_WS/install/custom_interfaces/lib/libcustom_interfaces__rosidl_typesupport_fastrtps_cpp.so
[0.877s] -- Up-to-date: /home/hamzalegion/COROSOLS_WS/install/custom_interfaces/include/custom_interfaces/custom_interfaces
[0.877s] -- Up-to-date: /home/hamzalegion/COROSOLS_WS/install/custom_interfaces/include/custom_interfaces/custom_interfaces/msg
[0.877s] -- Up-to-date: /home/hamzalegion/COROSOLS_WS/install/custom_interfaces/include/custom_interfaces/custom_interfaces/msg/detail
[0.877s] -- Up-to-date: /home/hamzalegion/COROSOLS_WS/install/custom_interfaces/include/custom_interfaces/custom_interfaces/msg/detail/serial_data__rosidl_typesupport_introspection_cpp.hpp
[0.877s] -- Up-to-date: /home/hamzalegion/COROSOLS_WS/install/custom_interfaces/include/custom_interfaces/custom_interfaces/msg/detail/serial_data__type_support.cpp
[0.877s] -- Up-to-date: /home/hamzalegion/COROSOLS_WS/install/custom_interfaces/include/custom_interfaces/custom_interfaces/srv
[0.877s] -- Up-to-date: /home/hamzalegion/COROSOLS_WS/install/custom_interfaces/include/custom_interfaces/custom_interfaces/srv/detail
[0.877s] -- Up-to-date: /home/hamzalegion/COROSOLS_WS/install/custom_interfaces/include/custom_interfaces/custom_interfaces/srv/detail/commands__rosidl_typesupport_introspection_cpp.hpp
[0.877s] -- Up-to-date: /home/hamzalegion/COROSOLS_WS/install/custom_interfaces/include/custom_interfaces/custom_interfaces/srv/detail/commands__type_support.cpp
[0.877s] -- Up-to-date: /home/hamzalegion/COROSOLS_WS/install/custom_interfaces/lib/libcustom_interfaces__rosidl_typesupport_introspection_cpp.so
[0.877s] -- Up-to-date: /home/hamzalegion/COROSOLS_WS/install/custom_interfaces/lib/libcustom_interfaces__rosidl_typesupport_cpp.so
[0.877s] -- Up-to-date: /home/hamzalegion/COROSOLS_WS/install/custom_interfaces/share/custom_interfaces/environment/pythonpath.sh
[0.878s] -- Up-to-date: /home/hamzalegion/COROSOLS_WS/install/custom_interfaces/share/custom_interfaces/environment/pythonpath.dsv
[0.878s] -- Up-to-date: /home/hamzalegion/COROSOLS_WS/install/custom_interfaces/local/lib/python3.10/dist-packages/custom_interfaces-0.0.0-py3.10.egg-info
[0.878s] -- Installing: /home/hamzalegion/COROSOLS_WS/install/custom_interfaces/local/lib/python3.10/dist-packages/custom_interfaces-0.0.0-py3.10.egg-info/top_level.txt
[0.878s] -- Installing: /home/hamzalegion/COROSOLS_WS/install/custom_interfaces/local/lib/python3.10/dist-packages/custom_interfaces-0.0.0-py3.10.egg-info/SOURCES.txt
[0.878s] -- Installing: /home/hamzalegion/COROSOLS_WS/install/custom_interfaces/local/lib/python3.10/dist-packages/custom_interfaces-0.0.0-py3.10.egg-info/dependency_links.txt
[0.878s] -- Installing: /home/hamzalegion/COROSOLS_WS/install/custom_interfaces/local/lib/python3.10/dist-packages/custom_interfaces-0.0.0-py3.10.egg-info/PKG-INFO
[0.878s] -- Up-to-date: /home/hamzalegion/COROSOLS_WS/install/custom_interfaces/local/lib/python3.10/dist-packages/custom_interfaces
[0.878s] -- Up-to-date: /home/hamzalegion/COROSOLS_WS/install/custom_interfaces/local/lib/python3.10/dist-packages/custom_interfaces/libcustom_interfaces__rosidl_generator_py.so
[0.878s] -- Up-to-date: /home/hamzalegion/COROSOLS_WS/install/custom_interfaces/local/lib/python3.10/dist-packages/custom_interfaces/custom_interfaces_s__rosidl_typesupport_fastrtps_c.cpython-310-x86_64-linux-gnu.so
[0.878s] -- Up-to-date: /home/hamzalegion/COROSOLS_WS/install/custom_interfaces/local/lib/python3.10/dist-packages/custom_interfaces/msg
[0.878s] -- Up-to-date: /home/hamzalegion/COROSOLS_WS/install/custom_interfaces/local/lib/python3.10/dist-packages/custom_interfaces/msg/_serial_data.py
[0.878s] -- Up-to-date: /home/hamzalegion/COROSOLS_WS/install/custom_interfaces/local/lib/python3.10/dist-packages/custom_interfaces/msg/__init__.py
[0.879s] -- Up-to-date: /home/hamzalegion/COROSOLS_WS/install/custom_interfaces/local/lib/python3.10/dist-packages/custom_interfaces/msg/_serial_data_s.c
[0.879s] -- Up-to-date: /home/hamzalegion/COROSOLS_WS/install/custom_interfaces/local/lib/python3.10/dist-packages/custom_interfaces/custom_interfaces_s__rosidl_typesupport_c.cpython-310-x86_64-linux-gnu.so
[0.879s] -- Up-to-date: /home/hamzalegion/COROSOLS_WS/install/custom_interfaces/local/lib/python3.10/dist-packages/custom_interfaces/_custom_interfaces_s.ep.rosidl_typesupport_c.c
[0.879s] -- Up-to-date: /home/hamzalegion/COROSOLS_WS/install/custom_interfaces/local/lib/python3.10/dist-packages/custom_interfaces/custom_interfaces_s__rosidl_typesupport_introspection_c.cpython-310-x86_64-linux-gnu.so
[0.879s] -- Up-to-date: /home/hamzalegion/COROSOLS_WS/install/custom_interfaces/local/lib/python3.10/dist-packages/custom_interfaces/srv
[0.879s] -- Up-to-date: /home/hamzalegion/COROSOLS_WS/install/custom_interfaces/local/lib/python3.10/dist-packages/custom_interfaces/srv/_commands_s.c
[0.879s] -- Up-to-date: /home/hamzalegion/COROSOLS_WS/install/custom_interfaces/local/lib/python3.10/dist-packages/custom_interfaces/srv/__init__.py
[0.880s] -- Up-to-date: /home/hamzalegion/COROSOLS_WS/install/custom_interfaces/local/lib/python3.10/dist-packages/custom_interfaces/srv/_commands.py
[0.880s] -- Up-to-date: /home/hamzalegion/COROSOLS_WS/install/custom_interfaces/local/lib/python3.10/dist-packages/custom_interfaces/_custom_interfaces_s.ep.rosidl_typesupport_introspection_c.c
[0.881s] -- Up-to-date: /home/hamzalegion/COROSOLS_WS/install/custom_interfaces/local/lib/python3.10/dist-packages/custom_interfaces/__init__.py
[0.881s] -- Up-to-date: /home/hamzalegion/COROSOLS_WS/install/custom_interfaces/local/lib/python3.10/dist-packages/custom_interfaces/_custom_interfaces_s.ep.rosidl_typesupport_fastrtps_c.c
[0.918s] Listing '/home/hamzalegion/COROSOLS_WS/install/custom_interfaces/local/lib/python3.10/dist-packages/custom_interfaces'...
[0.918s] Listing '/home/hamzalegion/COROSOLS_WS/install/custom_interfaces/local/lib/python3.10/dist-packages/custom_interfaces/msg'...
[0.918s] Listing '/home/hamzalegion/COROSOLS_WS/install/custom_interfaces/local/lib/python3.10/dist-packages/custom_interfaces/srv'...
[0.926s] -- Up-to-date: /home/hamzalegion/COROSOLS_WS/install/custom_interfaces/local/lib/python3.10/dist-packages/custom_interfaces/custom_interfaces_s__rosidl_typesupport_fastrtps_c.cpython-310-x86_64-linux-gnu.so
[0.926s] -- Up-to-date: /home/hamzalegion/COROSOLS_WS/install/custom_interfaces/local/lib/python3.10/dist-packages/custom_interfaces/custom_interfaces_s__rosidl_typesupport_introspection_c.cpython-310-x86_64-linux-gnu.so
[0.927s] -- Up-to-date: /home/hamzalegion/COROSOLS_WS/install/custom_interfaces/local/lib/python3.10/dist-packages/custom_interfaces/custom_interfaces_s__rosidl_typesupport_c.cpython-310-x86_64-linux-gnu.so
[0.927s] -- Up-to-date: /home/hamzalegion/COROSOLS_WS/install/custom_interfaces/lib/libcustom_interfaces__rosidl_generator_py.so
[0.928s] -- Up-to-date: /home/hamzalegion/COROSOLS_WS/install/custom_interfaces/share/custom_interfaces/msg/SerialData.idl
[0.928s] -- Up-to-date: /home/hamzalegion/COROSOLS_WS/install/custom_interfaces/share/custom_interfaces/srv/Commands.idl
[0.928s] -- Up-to-date: /home/hamzalegion/COROSOLS_WS/install/custom_interfaces/share/custom_interfaces/msg/SerialData.msg
[0.928s] -- Up-to-date: /home/hamzalegion/COROSOLS_WS/install/custom_interfaces/share/custom_interfaces/srv/Commands.srv
[0.928s] -- Up-to-date: /home/hamzalegion/COROSOLS_WS/install/custom_interfaces/share/custom_interfaces/srv/Commands_Request.msg
[0.928s] -- Up-to-date: /home/hamzalegion/COROSOLS_WS/install/custom_interfaces/share/custom_interfaces/srv/Commands_Response.msg
[0.929s] -- Up-to-date: /home/hamzalegion/COROSOLS_WS/install/custom_interfaces/share/ament_index/resource_index/package_run_dependencies/custom_interfaces
[0.929s] -- Up-to-date: /home/hamzalegion/COROSOLS_WS/install/custom_interfaces/share/ament_index/resource_index/parent_prefix_path/custom_interfaces
[0.929s] -- Up-to-date: /home/hamzalegion/COROSOLS_WS/install/custom_interfaces/share/custom_interfaces/environment/ament_prefix_path.sh
[0.929s] -- Up-to-date: /home/hamzalegion/COROSOLS_WS/install/custom_interfaces/share/custom_interfaces/environment/ament_prefix_path.dsv
[0.929s] -- Up-to-date: /home/hamzalegion/COROSOLS_WS/install/custom_interfaces/share/custom_interfaces/environment/path.sh
[0.929s] -- Up-to-date: /home/hamzalegion/COROSOLS_WS/install/custom_interfaces/share/custom_interfaces/environment/path.dsv
[0.930s] -- Up-to-date: /home/hamzalegion/COROSOLS_WS/install/custom_interfaces/share/custom_interfaces/local_setup.bash
[0.930s] -- Up-to-date: /home/hamzalegion/COROSOLS_WS/install/custom_interfaces/share/custom_interfaces/local_setup.sh
[0.930s] -- Up-to-date: /home/hamzalegion/COROSOLS_WS/install/custom_interfaces/share/custom_interfaces/local_setup.zsh
[0.930s] -- Up-to-date: /home/hamzalegion/COROSOLS_WS/install/custom_interfaces/share/custom_interfaces/local_setup.dsv
[0.930s] -- Installing: /home/hamzalegion/COROSOLS_WS/install/custom_interfaces/share/custom_interfaces/package.dsv
[0.930s] -- Up-to-date: /home/hamzalegion/COROSOLS_WS/install/custom_interfaces/share/ament_index/resource_index/packages/custom_interfaces
[0.930s] -- Up-to-date: /home/hamzalegion/COROSOLS_WS/install/custom_interfaces/share/custom_interfaces/cmake/export_custom_interfaces__rosidl_generator_cExport.cmake
[0.931s] -- Up-to-date: /home/hamzalegion/COROSOLS_WS/install/custom_interfaces/share/custom_interfaces/cmake/export_custom_interfaces__rosidl_generator_cExport-noconfig.cmake
[0.931s] -- Up-to-date: /home/hamzalegion/COROSOLS_WS/install/custom_interfaces/share/custom_interfaces/cmake/export_custom_interfaces__rosidl_typesupport_fastrtps_cExport.cmake
[0.931s] -- Up-to-date: /home/hamzalegion/COROSOLS_WS/install/custom_interfaces/share/custom_interfaces/cmake/export_custom_interfaces__rosidl_typesupport_fastrtps_cExport-noconfig.cmake
[0.931s] -- Up-to-date: /home/hamzalegion/COROSOLS_WS/install/custom_interfaces/share/custom_interfaces/cmake/custom_interfaces__rosidl_typesupport_introspection_cExport.cmake
[0.931s] -- Up-to-date: /home/hamzalegion/COROSOLS_WS/install/custom_interfaces/share/custom_interfaces/cmake/custom_interfaces__rosidl_typesupport_introspection_cExport-noconfig.cmake
[0.931s] -- Up-to-date: /home/hamzalegion/COROSOLS_WS/install/custom_interfaces/share/custom_interfaces/cmake/custom_interfaces__rosidl_typesupport_cExport.cmake
[0.932s] -- Up-to-date: /home/hamzalegion/COROSOLS_WS/install/custom_interfaces/share/custom_interfaces/cmake/custom_interfaces__rosidl_typesupport_cExport-noconfig.cmake
[0.932s] -- Up-to-date: /home/hamzalegion/COROSOLS_WS/install/custom_interfaces/share/custom_interfaces/cmake/export_custom_interfaces__rosidl_generator_cppExport.cmake
[0.932s] -- Up-to-date: /home/hamzalegion/COROSOLS_WS/install/custom_interfaces/share/custom_interfaces/cmake/export_custom_interfaces__rosidl_typesupport_fastrtps_cppExport.cmake
[0.932s] -- Up-to-date: /home/hamzalegion/COROSOLS_WS/install/custom_interfaces/share/custom_interfaces/cmake/export_custom_interfaces__rosidl_typesupport_fastrtps_cppExport-noconfig.cmake
[0.932s] -- Up-to-date: /home/hamzalegion/COROSOLS_WS/install/custom_interfaces/share/custom_interfaces/cmake/custom_interfaces__rosidl_typesupport_introspection_cppExport.cmake
[0.932s] -- Up-to-date: /home/hamzalegion/COROSOLS_WS/install/custom_interfaces/share/custom_interfaces/cmake/custom_interfaces__rosidl_typesupport_introspection_cppExport-noconfig.cmake
[0.932s] -- Up-to-date: /home/hamzalegion/COROSOLS_WS/install/custom_interfaces/share/custom_interfaces/cmake/custom_interfaces__rosidl_typesupport_cppExport.cmake
[0.934s] -- Up-to-date: /home/hamzalegion/COROSOLS_WS/install/custom_interfaces/share/custom_interfaces/cmake/custom_interfaces__rosidl_typesupport_cppExport-noconfig.cmake
[0.934s] -- Up-to-date: /home/hamzalegion/COROSOLS_WS/install/custom_interfaces/share/custom_interfaces/cmake/export_custom_interfaces__rosidl_generator_pyExport.cmake
[0.934s] -- Up-to-date: /home/hamzalegion/COROSOLS_WS/install/custom_interfaces/share/custom_interfaces/cmake/export_custom_interfaces__rosidl_generator_pyExport-noconfig.cmake
[0.934s] -- Up-to-date: /home/hamzalegion/COROSOLS_WS/install/custom_interfaces/share/custom_interfaces/cmake/rosidl_cmake-extras.cmake
[0.934s] -- Up-to-date: /home/hamzalegion/COROSOLS_WS/install/custom_interfaces/share/custom_interfaces/cmake/ament_cmake_export_include_directories-extras.cmake
[0.934s] -- Up-to-date: /home/hamzalegion/COROSOLS_WS/install/custom_interfaces/share/custom_interfaces/cmake/ament_cmake_export_libraries-extras.cmake
[0.934s] -- Up-to-date: /home/hamzalegion/COROSOLS_WS/install/custom_interfaces/share/custom_interfaces/cmake/ament_cmake_export_targets-extras.cmake
[0.935s] -- Up-to-date: /home/hamzalegion/COROSOLS_WS/install/custom_interfaces/share/custom_interfaces/cmake/rosidl_cmake_export_typesupport_targets-extras.cmake
[0.935s] -- Up-to-date: /home/hamzalegion/COROSOLS_WS/install/custom_interfaces/share/custom_interfaces/cmake/ament_cmake_export_dependencies-extras.cmake
[0.935s] -- Up-to-date: /home/hamzalegion/COROSOLS_WS/install/custom_interfaces/share/custom_interfaces/cmake/rosidl_cmake_export_typesupport_libraries-extras.cmake
[0.935s] -- Up-to-date: /home/hamzalegion/COROSOLS_WS/install/custom_interfaces/share/custom_interfaces/cmake/custom_interfacesConfig.cmake
[0.936s] -- Up-to-date: /home/hamzalegion/COROSOLS_WS/install/custom_interfaces/share/custom_interfaces/cmake/custom_interfacesConfig-version.cmake
[0.936s] -- Up-to-date: /home/hamzalegion/COROSOLS_WS/install/custom_interfaces/share/custom_interfaces/package.xml
[0.941s] Invoked command in '/home/hamzalegion/COROSOLS_WS/build/custom_interfaces' returned '0': CMAKE_PREFIX_PATH=${CMAKE_PREFIX_PATH}:/home/hamzalegion/COROSOLS_WS/install/corosols:/opt/ros/humble /usr/bin/cmake --install /home/hamzalegion/COROSOLS_WS/build/custom_interfaces
