[3.673s] Invoking command in '/home/youssef/COROSOLS_WS/src/corosols': CMAKE_PREFIX_PATH=/home/youssef/COROSOLS_WS/install/custom_interfaces:/home/youssef/COROSOLS_WS/install/action_tutorials_interfaces:/home/youssef/COROSOLS_WS/install/sllidar_ros2:/home/youssef/COROSOLS_WS/install/marvelmind_ros2:/home/youssef/COROSOLS_WS/install/marvelmind_ros2_msgs LD_LIBRARY_PATH=/home/youssef/COROSOLS_WS/install/custom_interfaces/lib:/home/youssef/COROSOLS_WS/install/action_tutorials_interfaces/lib:/home/youssef/COROSOLS_WS/install/marvelmind_ros2_msgs/lib:/opt/ros/humble/opt/rviz_ogre_vendor/lib:/opt/ros/humble/lib/x86_64-linux-gnu:/opt/ros/humble/lib PYTHONPATH=/home/youssef/COROSOLS_WS/build/corosols/prefix_override:/usr/lib/python3/dist-packages/colcon_core/task/python/colcon_distutils_commands:/home/youssef/COROSOLS_WS/install/corosols/lib/python3.10/site-packages:${PYTHONPATH} /usr/bin/python3 -W ignore:setup.py install is deprecated -W ignore:easy_install command is deprecated setup.py egg_info --egg-base ../../build/corosols build --build-base /home/youssef/COROSOLS_WS/build/corosols/build install --record /home/youssef/COROSOLS_WS/build/corosols/install.log --single-version-externally-managed install_data
[4.976s] running egg_info
[4.979s] writing ../../build/corosols/corosols.egg-info/PKG-INFO
[4.980s] writing dependency_links to ../../build/corosols/corosols.egg-info/dependency_links.txt
[4.980s] writing entry points to ../../build/corosols/corosols.egg-info/entry_points.txt
[4.981s] writing requirements to ../../build/corosols/corosols.egg-info/requires.txt
[4.983s] writing top-level names to ../../build/corosols/corosols.egg-info/top_level.txt
[4.995s] reading manifest file '../../build/corosols/corosols.egg-info/SOURCES.txt'
[5.003s] writing manifest file '../../build/corosols/corosols.egg-info/SOURCES.txt'
[5.003s] running build
[5.003s] running build_py
[5.004s] copying corosols/robot_speeds.py -> /home/youssef/COROSOLS_WS/build/corosols/build/lib/corosols
[5.008s] running install
[5.010s] running install_lib
[5.015s] copying /home/youssef/COROSOLS_WS/build/corosols/build/lib/corosols/robot_speeds.py -> /home/youssef/COROSOLS_WS/install/corosols/lib/python3.10/site-packages/corosols
[5.022s] byte-compiling /home/youssef/COROSOLS_WS/install/corosols/lib/python3.10/site-packages/corosols/robot_speeds.py to robot_speeds.cpython-310.pyc
[5.087s] running install_data
[5.087s] running install_egg_info
[5.098s] removing '/home/youssef/COROSOLS_WS/install/corosols/lib/python3.10/site-packages/corosols-0.0.0-py3.10.egg-info' (and everything under it)
[5.100s] Copying ../../build/corosols/corosols.egg-info to /home/youssef/COROSOLS_WS/install/corosols/lib/python3.10/site-packages/corosols-0.0.0-py3.10.egg-info
[5.106s] running install_scripts
[5.242s] Installing imu_broadcaster script to /home/youssef/COROSOLS_WS/install/corosols/lib/corosols
[5.244s] Installing input_client script to /home/youssef/COROSOLS_WS/install/corosols/lib/corosols
[5.245s] Installing pose_broadcaster script to /home/youssef/COROSOLS_WS/install/corosols/lib/corosols
[5.246s] Installing robot_speeds script to /home/youssef/COROSOLS_WS/install/corosols/lib/corosols
[5.246s] Installing serial script to /home/youssef/COROSOLS_WS/install/corosols/lib/corosols
[5.251s] Installing station_connector script to /home/youssef/COROSOLS_WS/install/corosols/lib/corosols
[5.252s] writing list of installed files to '/home/youssef/COROSOLS_WS/build/corosols/install.log'
[5.359s] Invoked command in '/home/youssef/COROSOLS_WS/src/corosols' returned '0': CMAKE_PREFIX_PATH=/home/youssef/COROSOLS_WS/install/custom_interfaces:/home/youssef/COROSOLS_WS/install/action_tutorials_interfaces:/home/youssef/COROSOLS_WS/install/sllidar_ros2:/home/youssef/COROSOLS_WS/install/marvelmind_ros2:/home/youssef/COROSOLS_WS/install/marvelmind_ros2_msgs LD_LIBRARY_PATH=/home/youssef/COROSOLS_WS/install/custom_interfaces/lib:/home/youssef/COROSOLS_WS/install/action_tutorials_interfaces/lib:/home/youssef/COROSOLS_WS/install/marvelmind_ros2_msgs/lib:/opt/ros/humble/opt/rviz_ogre_vendor/lib:/opt/ros/humble/lib/x86_64-linux-gnu:/opt/ros/humble/lib PYTHONPATH=/home/youssef/COROSOLS_WS/build/corosols/prefix_override:/usr/lib/python3/dist-packages/colcon_core/task/python/colcon_distutils_commands:/home/youssef/COROSOLS_WS/install/corosols/lib/python3.10/site-packages:${PYTHONPATH} /usr/bin/python3 -W ignore:setup.py install is deprecated -W ignore:easy_install command is deprecated setup.py egg_info --egg-base ../../build/corosols build --build-base /home/youssef/COROSOLS_WS/build/corosols/build install --record /home/youssef/COROSOLS_WS/build/corosols/install.log --single-version-externally-managed install_data
