[0.560s] Invoking command in '/home/hamzalegion/COROSOLS_WS/src/corosols': AMENT_PREFIX_PATH=/home/hamzalegion/COROSOLS_WS/install/custom_interfaces:/home/hamzalegion/COROSOLS_WS/install/action_tutorials_interfaces:${AMENT_PREFIX_PATH} CMAKE_PREFIX_PATH=/home/hamzalegion/COROSOLS_WS/install/custom_interfaces:/home/hamzalegion/COROSOLS_WS/install/action_tutorials_interfaces LD_LIBRARY_PATH=/home/hamzalegion/COROSOLS_WS/install/custom_interfaces/lib:/home/hamzalegion/COROSOLS_WS/install/action_tutorials_interfaces/lib:${LD_LIBRARY_PATH} PYTHONPATH=/home/hamzalegion/COROSOLS_WS/build/corosols/prefix_override:/home/hamzalegion/COROSOLS_WS/install/corosols/lib/python3.10/site-packages:/home/hamzalegion/COROSOLS_WS/install/custom_interfaces/local/lib/python3.10/dist-packages:/home/hamzalegion/COROSOLS_WS/install/action_tutorials_interfaces/local/lib/python3.10/dist-packages:${PYTHONPATH} /usr/bin/python3 -W ignore:setup.py install is deprecated setup.py egg_info --egg-base ../../build/corosols build --build-base /home/hamzalegion/COROSOLS_WS/build/corosols/build install --record /home/hamzalegion/COROSOLS_WS/build/corosols/install.log --single-version-externally-managed install_data
[0.769s] running egg_info
[0.770s] writing ../../build/corosols/corosols.egg-info/PKG-INFO
[0.770s] writing dependency_links to ../../build/corosols/corosols.egg-info/dependency_links.txt
[0.770s] writing entry points to ../../build/corosols/corosols.egg-info/entry_points.txt
[0.771s] writing requirements to ../../build/corosols/corosols.egg-info/requires.txt
[0.771s] writing top-level names to ../../build/corosols/corosols.egg-info/top_level.txt
[0.772s] reading manifest file '../../build/corosols/corosols.egg-info/SOURCES.txt'
[0.773s] writing manifest file '../../build/corosols/corosols.egg-info/SOURCES.txt'
[0.773s] running build
[0.773s] running build_py
[0.774s] running install
[0.774s] running install_lib
[0.775s] running install_data
[0.776s] copying launch/servers.launch.py -> /home/hamzalegion/COROSOLS_WS/install/corosols/share/corosols/launch
[0.776s] running install_egg_info
[0.777s] removing '/home/hamzalegion/COROSOLS_WS/install/corosols/lib/python3.10/site-packages/corosols-0.0.0-py3.10.egg-info' (and everything under it)
[0.777s] Copying ../../build/corosols/corosols.egg-info to /home/hamzalegion/COROSOLS_WS/install/corosols/lib/python3.10/site-packages/corosols-0.0.0-py3.10.egg-info
[0.778s] running install_scripts
[0.796s] Installing input_client script to /home/hamzalegion/COROSOLS_WS/install/corosols/lib/corosols
[0.796s] Installing pose_broadcaster script to /home/hamzalegion/COROSOLS_WS/install/corosols/lib/corosols
[0.797s] Installing serial script to /home/hamzalegion/COROSOLS_WS/install/corosols/lib/corosols
[0.797s] Installing velocity_calculator script to /home/hamzalegion/COROSOLS_WS/install/corosols/lib/corosols
[0.797s] writing list of installed files to '/home/hamzalegion/COROSOLS_WS/build/corosols/install.log'
[0.826s] Invoked command in '/home/hamzalegion/COROSOLS_WS/src/corosols' returned '0': AMENT_PREFIX_PATH=/home/hamzalegion/COROSOLS_WS/install/custom_interfaces:/home/hamzalegion/COROSOLS_WS/install/action_tutorials_interfaces:${AMENT_PREFIX_PATH} CMAKE_PREFIX_PATH=/home/hamzalegion/COROSOLS_WS/install/custom_interfaces:/home/hamzalegion/COROSOLS_WS/install/action_tutorials_interfaces LD_LIBRARY_PATH=/home/hamzalegion/COROSOLS_WS/install/custom_interfaces/lib:/home/hamzalegion/COROSOLS_WS/install/action_tutorials_interfaces/lib:${LD_LIBRARY_PATH} PYTHONPATH=/home/hamzalegion/COROSOLS_WS/build/corosols/prefix_override:/home/hamzalegion/COROSOLS_WS/install/corosols/lib/python3.10/site-packages:/home/hamzalegion/COROSOLS_WS/install/custom_interfaces/local/lib/python3.10/dist-packages:/home/hamzalegion/COROSOLS_WS/install/action_tutorials_interfaces/local/lib/python3.10/dist-packages:${PYTHONPATH} /usr/bin/python3 -W ignore:setup.py install is deprecated setup.py egg_info --egg-base ../../build/corosols build --build-base /home/hamzalegion/COROSOLS_WS/build/corosols/build install --record /home/hamzalegion/COROSOLS_WS/build/corosols/install.log --single-version-externally-managed install_data
