[0.016s] Invoking command in '/home/hamzalegion/COROSOLS_WS/build/marvelmind_ros2_msgs': CMAKE_PREFIX_PATH=${CMAKE_PREFIX_PATH}:/home/hamzalegion/COROSOLS_WS/install/corosols:/opt/ros/humble /usr/bin/cmake --build /home/hamzalegion/COROSOLS_WS/build/marvelmind_ros2_msgs -- -j16 -l16
[0.083s] [  0%] Built target marvelmind_ros2_msgs__cpp
[0.090s] [ 12%] Built target marvelmind_ros2_msgs__rosidl_generator_c
[0.108s] [ 12%] Built target ament_cmake_python_copy_marvelmind_ros2_msgs
[0.126s] [ 24%] Built target marvelmind_ros2_msgs__rosidl_typesupport_introspection_cpp
[0.127s] [ 36%] Built target marvelmind_ros2_msgs__rosidl_typesupport_cpp
[0.132s] [ 47%] Built target marvelmind_ros2_msgs__rosidl_typesupport_fastrtps_cpp
[0.140s] [ 59%] Built target marvelmind_ros2_msgs__rosidl_typesupport_fastrtps_c
[0.141s] [ 71%] Built target marvelmind_ros2_msgs__rosidl_typesupport_c
[0.142s] [ 83%] Built target marvelmind_ros2_msgs__rosidl_typesupport_introspection_c
[0.164s] [ 83%] Built target marvelmind_ros2_msgs
[0.189s] [ 84%] Built target marvelmind_ros2_msgs__py
[0.227s] [ 95%] Built target marvelmind_ros2_msgs__rosidl_generator_py
[0.256s] [ 96%] Built target marvelmind_ros2_msgs__rosidl_typesupport_c__pyext
[0.256s] [ 98%] Built target marvelmind_ros2_msgs__rosidl_typesupport_fastrtps_c__pyext
[0.256s] [100%] Built target marvelmind_ros2_msgs__rosidl_typesupport_introspection_c__pyext
[0.387s] running egg_info
[0.387s] writing marvelmind_ros2_msgs.egg-info/PKG-INFO
[0.388s] writing dependency_links to marvelmind_ros2_msgs.egg-info/dependency_links.txt
[0.388s] writing top-level names to marvelmind_ros2_msgs.egg-info/top_level.txt
[0.391s] reading manifest file 'marvelmind_ros2_msgs.egg-info/SOURCES.txt'
[0.392s] writing manifest file 'marvelmind_ros2_msgs.egg-info/SOURCES.txt'
[0.435s] [100%] Built target ament_cmake_python_build_marvelmind_ros2_msgs_egg
[0.451s] Invoked command in '/home/hamzalegion/COROSOLS_WS/build/marvelmind_ros2_msgs' returned '0': CMAKE_PREFIX_PATH=${CMAKE_PREFIX_PATH}:/home/hamzalegion/COROSOLS_WS/install/corosols:/opt/ros/humble /usr/bin/cmake --build /home/hamzalegion/COROSOLS_WS/build/marvelmind_ros2_msgs -- -j16 -l16
[1.029s] Invoking command in '/home/hamzalegion/COROSOLS_WS/build/marvelmind_ros2_msgs': CMAKE_PREFIX_PATH=${CMAKE_PREFIX_PATH}:/home/hamzalegion/COROSOLS_WS/install/corosols:/opt/ros/humble /usr/bin/cmake --install /home/hamzalegion/COROSOLS_WS/build/marvelmind_ros2_msgs
[1.038s] -- Install configuration: ""
[1.038s] -- Up-to-date: /home/hamzalegion/COROSOLS_WS/install/marvelmind_ros2_msgs/share/ament_index/resource_index/rosidl_interfaces/marvelmind_ros2_msgs
[1.038s] -- Up-to-date: /home/hamzalegion/COROSOLS_WS/install/marvelmind_ros2_msgs/include/marvelmind_ros2_msgs/marvelmind_ros2_msgs
[1.038s] -- Up-to-date: /home/hamzalegion/COROSOLS_WS/install/marvelmind_ros2_msgs/include/marvelmind_ros2_msgs/marvelmind_ros2_msgs/msg
[1.038s] -- Up-to-date: /home/hamzalegion/COROSOLS_WS/install/marvelmind_ros2_msgs/include/marvelmind_ros2_msgs/marvelmind_ros2_msgs/msg/beacon_distance.h
[1.038s] -- Up-to-date: /home/hamzalegion/COROSOLS_WS/install/marvelmind_ros2_msgs/include/marvelmind_ros2_msgs/marvelmind_ros2_msgs/msg/rosidl_generator_c__visibility_control.h
[1.038s] -- Up-to-date: /home/hamzalegion/COROSOLS_WS/install/marvelmind_ros2_msgs/include/marvelmind_ros2_msgs/marvelmind_ros2_msgs/msg/detail
[1.039s] -- Up-to-date: /home/hamzalegion/COROSOLS_WS/install/marvelmind_ros2_msgs/include/marvelmind_ros2_msgs/marvelmind_ros2_msgs/msg/detail/beacon_distance__type_support.h
[1.039s] -- Up-to-date: /home/hamzalegion/COROSOLS_WS/install/marvelmind_ros2_msgs/include/marvelmind_ros2_msgs/marvelmind_ros2_msgs/msg/detail/hedge_quality__struct.h
[1.039s] -- Up-to-date: /home/hamzalegion/COROSOLS_WS/install/marvelmind_ros2_msgs/include/marvelmind_ros2_msgs/marvelmind_ros2_msgs/msg/detail/hedge_position_angle__type_support.h
[1.039s] -- Up-to-date: /home/hamzalegion/COROSOLS_WS/install/marvelmind_ros2_msgs/include/marvelmind_ros2_msgs/marvelmind_ros2_msgs/msg/detail/hedge_telemetry__type_support.h
[1.039s] -- Up-to-date: /home/hamzalegion/COROSOLS_WS/install/marvelmind_ros2_msgs/include/marvelmind_ros2_msgs/marvelmind_ros2_msgs/msg/detail/hedge_quality__functions.h
[1.039s] -- Up-to-date: /home/hamzalegion/COROSOLS_WS/install/marvelmind_ros2_msgs/include/marvelmind_ros2_msgs/marvelmind_ros2_msgs/msg/detail/hedge_position__functions.c
[1.039s] -- Up-to-date: /home/hamzalegion/COROSOLS_WS/install/marvelmind_ros2_msgs/include/marvelmind_ros2_msgs/marvelmind_ros2_msgs/msg/detail/hedge_position_addressed__functions.h
[1.039s] -- Up-to-date: /home/hamzalegion/COROSOLS_WS/install/marvelmind_ros2_msgs/include/marvelmind_ros2_msgs/marvelmind_ros2_msgs/msg/detail/beacon_position_addressed__functions.h
[1.039s] -- Up-to-date: /home/hamzalegion/COROSOLS_WS/install/marvelmind_ros2_msgs/include/marvelmind_ros2_msgs/marvelmind_ros2_msgs/msg/detail/marvelmind_user_data__functions.h
[1.039s] -- Up-to-date: /home/hamzalegion/COROSOLS_WS/install/marvelmind_ros2_msgs/include/marvelmind_ros2_msgs/marvelmind_ros2_msgs/msg/detail/hedge_telemetry__functions.c
[1.040s] -- Up-to-date: /home/hamzalegion/COROSOLS_WS/install/marvelmind_ros2_msgs/include/marvelmind_ros2_msgs/marvelmind_ros2_msgs/msg/detail/marvelmind_user_data__type_support.h
[1.040s] -- Up-to-date: /home/hamzalegion/COROSOLS_WS/install/marvelmind_ros2_msgs/include/marvelmind_ros2_msgs/marvelmind_ros2_msgs/msg/detail/hedge_quality__type_support.h
[1.040s] -- Up-to-date: /home/hamzalegion/COROSOLS_WS/install/marvelmind_ros2_msgs/include/marvelmind_ros2_msgs/marvelmind_ros2_msgs/msg/detail/beacon_distance__functions.h
[1.040s] -- Up-to-date: /home/hamzalegion/COROSOLS_WS/install/marvelmind_ros2_msgs/include/marvelmind_ros2_msgs/marvelmind_ros2_msgs/msg/detail/hedge_imu_fusion__functions.c
[1.040s] -- Up-to-date: /home/hamzalegion/COROSOLS_WS/install/marvelmind_ros2_msgs/include/marvelmind_ros2_msgs/marvelmind_ros2_msgs/msg/detail/hedge_imu_fusion__struct.h
[1.040s] -- Up-to-date: /home/hamzalegion/COROSOLS_WS/install/marvelmind_ros2_msgs/include/marvelmind_ros2_msgs/marvelmind_ros2_msgs/msg/detail/beacon_position_addressed__struct.h
[1.040s] -- Up-to-date: /home/hamzalegion/COROSOLS_WS/install/marvelmind_ros2_msgs/include/marvelmind_ros2_msgs/marvelmind_ros2_msgs/msg/detail/hedge_position_angle__functions.c
[1.040s] -- Up-to-date: /home/hamzalegion/COROSOLS_WS/install/marvelmind_ros2_msgs/include/marvelmind_ros2_msgs/marvelmind_ros2_msgs/msg/detail/marvelmind_waypoint__functions.h
[1.040s] -- Up-to-date: /home/hamzalegion/COROSOLS_WS/install/marvelmind_ros2_msgs/include/marvelmind_ros2_msgs/marvelmind_ros2_msgs/msg/detail/hedge_position_addressed__type_support.h
[1.040s] -- Up-to-date: /home/hamzalegion/COROSOLS_WS/install/marvelmind_ros2_msgs/include/marvelmind_ros2_msgs/marvelmind_ros2_msgs/msg/detail/marvelmind_waypoint__type_support.h
[1.040s] -- Up-to-date: /home/hamzalegion/COROSOLS_WS/install/marvelmind_ros2_msgs/include/marvelmind_ros2_msgs/marvelmind_ros2_msgs/msg/detail/hedge_position__type_support.h
[1.040s] -- Up-to-date: /home/hamzalegion/COROSOLS_WS/install/marvelmind_ros2_msgs/include/marvelmind_ros2_msgs/marvelmind_ros2_msgs/msg/detail/marvelmind_user_data__struct.h
[1.040s] -- Up-to-date: /home/hamzalegion/COROSOLS_WS/install/marvelmind_ros2_msgs/include/marvelmind_ros2_msgs/marvelmind_ros2_msgs/msg/detail/beacon_position_addressed__functions.c
[1.041s] -- Up-to-date: /home/hamzalegion/COROSOLS_WS/install/marvelmind_ros2_msgs/include/marvelmind_ros2_msgs/marvelmind_ros2_msgs/msg/detail/marvelmind_waypoint__functions.c
[1.041s] -- Up-to-date: /home/hamzalegion/COROSOLS_WS/install/marvelmind_ros2_msgs/include/marvelmind_ros2_msgs/marvelmind_ros2_msgs/msg/detail/beacon_distance__functions.c
[1.041s] -- Up-to-date: /home/hamzalegion/COROSOLS_WS/install/marvelmind_ros2_msgs/include/marvelmind_ros2_msgs/marvelmind_ros2_msgs/msg/detail/marvelmind_waypoint__struct.h
[1.041s] -- Up-to-date: /home/hamzalegion/COROSOLS_WS/install/marvelmind_ros2_msgs/include/marvelmind_ros2_msgs/marvelmind_ros2_msgs/msg/detail/hedge_imu_raw__functions.h
[1.041s] -- Up-to-date: /home/hamzalegion/COROSOLS_WS/install/marvelmind_ros2_msgs/include/marvelmind_ros2_msgs/marvelmind_ros2_msgs/msg/detail/marvelmind_user_data__functions.c
[1.041s] -- Up-to-date: /home/hamzalegion/COROSOLS_WS/install/marvelmind_ros2_msgs/include/marvelmind_ros2_msgs/marvelmind_ros2_msgs/msg/detail/hedge_position__struct.h
[1.041s] -- Up-to-date: /home/hamzalegion/COROSOLS_WS/install/marvelmind_ros2_msgs/include/marvelmind_ros2_msgs/marvelmind_ros2_msgs/msg/detail/hedge_telemetry__struct.h
[1.041s] -- Up-to-date: /home/hamzalegion/COROSOLS_WS/install/marvelmind_ros2_msgs/include/marvelmind_ros2_msgs/marvelmind_ros2_msgs/msg/detail/beacon_distance__struct.h
[1.041s] -- Up-to-date: /home/hamzalegion/COROSOLS_WS/install/marvelmind_ros2_msgs/include/marvelmind_ros2_msgs/marvelmind_ros2_msgs/msg/detail/hedge_position_angle__functions.h
[1.041s] -- Up-to-date: /home/hamzalegion/COROSOLS_WS/install/marvelmind_ros2_msgs/include/marvelmind_ros2_msgs/marvelmind_ros2_msgs/msg/detail/hedge_quality__functions.c
[1.041s] -- Up-to-date: /home/hamzalegion/COROSOLS_WS/install/marvelmind_ros2_msgs/include/marvelmind_ros2_msgs/marvelmind_ros2_msgs/msg/detail/hedge_position_addressed__functions.c
[1.042s] -- Up-to-date: /home/hamzalegion/COROSOLS_WS/install/marvelmind_ros2_msgs/include/marvelmind_ros2_msgs/marvelmind_ros2_msgs/msg/detail/hedge_position_angle__struct.h
[1.042s] -- Up-to-date: /home/hamzalegion/COROSOLS_WS/install/marvelmind_ros2_msgs/include/marvelmind_ros2_msgs/marvelmind_ros2_msgs/msg/detail/hedge_imu_raw__struct.h
[1.042s] -- Up-to-date: /home/hamzalegion/COROSOLS_WS/install/marvelmind_ros2_msgs/include/marvelmind_ros2_msgs/marvelmind_ros2_msgs/msg/detail/hedge_imu_raw__type_support.h
[1.042s] -- Up-to-date: /home/hamzalegion/COROSOLS_WS/install/marvelmind_ros2_msgs/include/marvelmind_ros2_msgs/marvelmind_ros2_msgs/msg/detail/hedge_imu_raw__functions.c
[1.042s] -- Up-to-date: /home/hamzalegion/COROSOLS_WS/install/marvelmind_ros2_msgs/include/marvelmind_ros2_msgs/marvelmind_ros2_msgs/msg/detail/hedge_imu_fusion__functions.h
[1.042s] -- Up-to-date: /home/hamzalegion/COROSOLS_WS/install/marvelmind_ros2_msgs/include/marvelmind_ros2_msgs/marvelmind_ros2_msgs/msg/detail/hedge_position_addressed__struct.h
[1.042s] -- Up-to-date: /home/hamzalegion/COROSOLS_WS/install/marvelmind_ros2_msgs/include/marvelmind_ros2_msgs/marvelmind_ros2_msgs/msg/detail/hedge_telemetry__functions.h
[1.042s] -- Up-to-date: /home/hamzalegion/COROSOLS_WS/install/marvelmind_ros2_msgs/include/marvelmind_ros2_msgs/marvelmind_ros2_msgs/msg/detail/hedge_position__functions.h
[1.042s] -- Up-to-date: /home/hamzalegion/COROSOLS_WS/install/marvelmind_ros2_msgs/include/marvelmind_ros2_msgs/marvelmind_ros2_msgs/msg/detail/beacon_position_addressed__type_support.h
[1.042s] -- Up-to-date: /home/hamzalegion/COROSOLS_WS/install/marvelmind_ros2_msgs/include/marvelmind_ros2_msgs/marvelmind_ros2_msgs/msg/detail/hedge_imu_fusion__type_support.h
[1.042s] -- Up-to-date: /home/hamzalegion/COROSOLS_WS/install/marvelmind_ros2_msgs/include/marvelmind_ros2_msgs/marvelmind_ros2_msgs/msg/hedge_position_addressed.h
[1.042s] -- Up-to-date: /home/hamzalegion/COROSOLS_WS/install/marvelmind_ros2_msgs/include/marvelmind_ros2_msgs/marvelmind_ros2_msgs/msg/hedge_imu_fusion.h
[1.043s] -- Up-to-date: /home/hamzalegion/COROSOLS_WS/install/marvelmind_ros2_msgs/include/marvelmind_ros2_msgs/marvelmind_ros2_msgs/msg/hedge_imu_raw.h
[1.043s] -- Up-to-date: /home/hamzalegion/COROSOLS_WS/install/marvelmind_ros2_msgs/include/marvelmind_ros2_msgs/marvelmind_ros2_msgs/msg/hedge_position_angle.h
[1.043s] -- Up-to-date: /home/hamzalegion/COROSOLS_WS/install/marvelmind_ros2_msgs/include/marvelmind_ros2_msgs/marvelmind_ros2_msgs/msg/marvelmind_user_data.h
[1.043s] -- Up-to-date: /home/hamzalegion/COROSOLS_WS/install/marvelmind_ros2_msgs/include/marvelmind_ros2_msgs/marvelmind_ros2_msgs/msg/hedge_quality.h
[1.043s] -- Up-to-date: /home/hamzalegion/COROSOLS_WS/install/marvelmind_ros2_msgs/include/marvelmind_ros2_msgs/marvelmind_ros2_msgs/msg/marvelmind_waypoint.h
[1.043s] -- Up-to-date: /home/hamzalegion/COROSOLS_WS/install/marvelmind_ros2_msgs/include/marvelmind_ros2_msgs/marvelmind_ros2_msgs/msg/hedge_telemetry.h
[1.043s] -- Up-to-date: /home/hamzalegion/COROSOLS_WS/install/marvelmind_ros2_msgs/include/marvelmind_ros2_msgs/marvelmind_ros2_msgs/msg/hedge_position.h
[1.043s] -- Up-to-date: /home/hamzalegion/COROSOLS_WS/install/marvelmind_ros2_msgs/include/marvelmind_ros2_msgs/marvelmind_ros2_msgs/msg/beacon_position_addressed.h
[1.043s] -- Up-to-date: /home/hamzalegion/COROSOLS_WS/install/marvelmind_ros2_msgs/include/marvelmind_ros2_msgs/marvelmind_ros2_msgs/srv
[1.043s] -- Up-to-date: /home/hamzalegion/COROSOLS_WS/install/marvelmind_ros2_msgs/include/marvelmind_ros2_msgs/marvelmind_ros2_msgs/srv/detail
[1.043s] -- Up-to-date: /home/hamzalegion/COROSOLS_WS/install/marvelmind_ros2_msgs/include/marvelmind_ros2_msgs/marvelmind_ros2_msgs/srv/detail/marvelmind_api__struct.h
[1.043s] -- Up-to-date: /home/hamzalegion/COROSOLS_WS/install/marvelmind_ros2_msgs/include/marvelmind_ros2_msgs/marvelmind_ros2_msgs/srv/detail/marvelmind_api__functions.c
[1.043s] -- Up-to-date: /home/hamzalegion/COROSOLS_WS/install/marvelmind_ros2_msgs/include/marvelmind_ros2_msgs/marvelmind_ros2_msgs/srv/detail/marvelmind_api__type_support.h
[1.043s] -- Up-to-date: /home/hamzalegion/COROSOLS_WS/install/marvelmind_ros2_msgs/include/marvelmind_ros2_msgs/marvelmind_ros2_msgs/srv/detail/marvelmind_api__functions.h
[1.043s] -- Up-to-date: /home/hamzalegion/COROSOLS_WS/install/marvelmind_ros2_msgs/include/marvelmind_ros2_msgs/marvelmind_ros2_msgs/srv/marvelmind_api.h
[1.044s] -- Up-to-date: /home/hamzalegion/COROSOLS_WS/install/marvelmind_ros2_msgs/share/marvelmind_ros2_msgs/environment/library_path.sh
[1.044s] -- Up-to-date: /home/hamzalegion/COROSOLS_WS/install/marvelmind_ros2_msgs/share/marvelmind_ros2_msgs/environment/library_path.dsv
[1.044s] -- Up-to-date: /home/hamzalegion/COROSOLS_WS/install/marvelmind_ros2_msgs/lib/libmarvelmind_ros2_msgs__rosidl_generator_c.so
[1.044s] -- Up-to-date: /home/hamzalegion/COROSOLS_WS/install/marvelmind_ros2_msgs/include/marvelmind_ros2_msgs/marvelmind_ros2_msgs
[1.044s] -- Up-to-date: /home/hamzalegion/COROSOLS_WS/install/marvelmind_ros2_msgs/include/marvelmind_ros2_msgs/marvelmind_ros2_msgs/msg
[1.044s] -- Up-to-date: /home/hamzalegion/COROSOLS_WS/install/marvelmind_ros2_msgs/include/marvelmind_ros2_msgs/marvelmind_ros2_msgs/msg/detail
[1.044s] -- Up-to-date: /home/hamzalegion/COROSOLS_WS/install/marvelmind_ros2_msgs/include/marvelmind_ros2_msgs/marvelmind_ros2_msgs/msg/detail/hedge_imu_raw__rosidl_typesupport_fastrtps_c.h
[1.044s] -- Up-to-date: /home/hamzalegion/COROSOLS_WS/install/marvelmind_ros2_msgs/include/marvelmind_ros2_msgs/marvelmind_ros2_msgs/msg/detail/beacon_position_addressed__rosidl_typesupport_fastrtps_c.h
[1.044s] -- Up-to-date: /home/hamzalegion/COROSOLS_WS/install/marvelmind_ros2_msgs/include/marvelmind_ros2_msgs/marvelmind_ros2_msgs/msg/detail/beacon_distance__rosidl_typesupport_fastrtps_c.h
[1.044s] -- Up-to-date: /home/hamzalegion/COROSOLS_WS/install/marvelmind_ros2_msgs/include/marvelmind_ros2_msgs/marvelmind_ros2_msgs/msg/detail/marvelmind_waypoint__rosidl_typesupport_fastrtps_c.h
[1.044s] -- Up-to-date: /home/hamzalegion/COROSOLS_WS/install/marvelmind_ros2_msgs/include/marvelmind_ros2_msgs/marvelmind_ros2_msgs/msg/detail/marvelmind_user_data__rosidl_typesupport_fastrtps_c.h
[1.044s] -- Up-to-date: /home/hamzalegion/COROSOLS_WS/install/marvelmind_ros2_msgs/include/marvelmind_ros2_msgs/marvelmind_ros2_msgs/msg/detail/hedge_telemetry__rosidl_typesupport_fastrtps_c.h
[1.044s] -- Up-to-date: /home/hamzalegion/COROSOLS_WS/install/marvelmind_ros2_msgs/include/marvelmind_ros2_msgs/marvelmind_ros2_msgs/msg/detail/hedge_position__rosidl_typesupport_fastrtps_c.h
[1.044s] -- Up-to-date: /home/hamzalegion/COROSOLS_WS/install/marvelmind_ros2_msgs/include/marvelmind_ros2_msgs/marvelmind_ros2_msgs/msg/detail/hedge_imu_fusion__rosidl_typesupport_fastrtps_c.h
[1.045s] -- Up-to-date: /home/hamzalegion/COROSOLS_WS/install/marvelmind_ros2_msgs/include/marvelmind_ros2_msgs/marvelmind_ros2_msgs/msg/detail/hedge_position_angle__rosidl_typesupport_fastrtps_c.h
[1.045s] -- Up-to-date: /home/hamzalegion/COROSOLS_WS/install/marvelmind_ros2_msgs/include/marvelmind_ros2_msgs/marvelmind_ros2_msgs/msg/detail/hedge_quality__rosidl_typesupport_fastrtps_c.h
[1.045s] -- Up-to-date: /home/hamzalegion/COROSOLS_WS/install/marvelmind_ros2_msgs/include/marvelmind_ros2_msgs/marvelmind_ros2_msgs/msg/detail/hedge_position_addressed__rosidl_typesupport_fastrtps_c.h
[1.045s] -- Up-to-date: /home/hamzalegion/COROSOLS_WS/install/marvelmind_ros2_msgs/include/marvelmind_ros2_msgs/marvelmind_ros2_msgs/msg/rosidl_typesupport_fastrtps_c__visibility_control.h
[1.045s] -- Up-to-date: /home/hamzalegion/COROSOLS_WS/install/marvelmind_ros2_msgs/include/marvelmind_ros2_msgs/marvelmind_ros2_msgs/srv
[1.045s] -- Up-to-date: /home/hamzalegion/COROSOLS_WS/install/marvelmind_ros2_msgs/include/marvelmind_ros2_msgs/marvelmind_ros2_msgs/srv/detail
[1.045s] -- Up-to-date: /home/hamzalegion/COROSOLS_WS/install/marvelmind_ros2_msgs/include/marvelmind_ros2_msgs/marvelmind_ros2_msgs/srv/detail/marvelmind_api__rosidl_typesupport_fastrtps_c.h
[1.045s] -- Up-to-date: /home/hamzalegion/COROSOLS_WS/install/marvelmind_ros2_msgs/lib/libmarvelmind_ros2_msgs__rosidl_typesupport_fastrtps_c.so
[1.045s] -- Up-to-date: /home/hamzalegion/COROSOLS_WS/install/marvelmind_ros2_msgs/include/marvelmind_ros2_msgs/marvelmind_ros2_msgs
[1.045s] -- Up-to-date: /home/hamzalegion/COROSOLS_WS/install/marvelmind_ros2_msgs/include/marvelmind_ros2_msgs/marvelmind_ros2_msgs/msg
[1.045s] -- Up-to-date: /home/hamzalegion/COROSOLS_WS/install/marvelmind_ros2_msgs/include/marvelmind_ros2_msgs/marvelmind_ros2_msgs/msg/detail
[1.045s] -- Up-to-date: /home/hamzalegion/COROSOLS_WS/install/marvelmind_ros2_msgs/include/marvelmind_ros2_msgs/marvelmind_ros2_msgs/msg/detail/hedge_position_addressed__type_support.c
[1.045s] -- Up-to-date: /home/hamzalegion/COROSOLS_WS/install/marvelmind_ros2_msgs/include/marvelmind_ros2_msgs/marvelmind_ros2_msgs/msg/detail/beacon_position_addressed__rosidl_typesupport_introspection_c.h
[1.046s] -- Up-to-date: /home/hamzalegion/COROSOLS_WS/install/marvelmind_ros2_msgs/include/marvelmind_ros2_msgs/marvelmind_ros2_msgs/msg/detail/hedge_position__rosidl_typesupport_introspection_c.h
[1.046s] -- Up-to-date: /home/hamzalegion/COROSOLS_WS/install/marvelmind_ros2_msgs/include/marvelmind_ros2_msgs/marvelmind_ros2_msgs/msg/detail/hedge_position__type_support.c
[1.046s] -- Up-to-date: /home/hamzalegion/COROSOLS_WS/install/marvelmind_ros2_msgs/include/marvelmind_ros2_msgs/marvelmind_ros2_msgs/msg/detail/hedge_telemetry__type_support.c
[1.046s] -- Up-to-date: /home/hamzalegion/COROSOLS_WS/install/marvelmind_ros2_msgs/include/marvelmind_ros2_msgs/marvelmind_ros2_msgs/msg/detail/hedge_imu_raw__rosidl_typesupport_introspection_c.h
[1.046s] -- Up-to-date: /home/hamzalegion/COROSOLS_WS/install/marvelmind_ros2_msgs/include/marvelmind_ros2_msgs/marvelmind_ros2_msgs/msg/detail/marvelmind_waypoint__type_support.c
[1.046s] -- Up-to-date: /home/hamzalegion/COROSOLS_WS/install/marvelmind_ros2_msgs/include/marvelmind_ros2_msgs/marvelmind_ros2_msgs/msg/detail/hedge_imu_raw__type_support.c
[1.046s] -- Up-to-date: /home/hamzalegion/COROSOLS_WS/install/marvelmind_ros2_msgs/include/marvelmind_ros2_msgs/marvelmind_ros2_msgs/msg/detail/beacon_distance__type_support.c
[1.046s] -- Up-to-date: /home/hamzalegion/COROSOLS_WS/install/marvelmind_ros2_msgs/include/marvelmind_ros2_msgs/marvelmind_ros2_msgs/msg/detail/beacon_distance__rosidl_typesupport_introspection_c.h
[1.046s] -- Up-to-date: /home/hamzalegion/COROSOLS_WS/install/marvelmind_ros2_msgs/include/marvelmind_ros2_msgs/marvelmind_ros2_msgs/msg/detail/beacon_position_addressed__type_support.c
[1.046s] -- Up-to-date: /home/hamzalegion/COROSOLS_WS/install/marvelmind_ros2_msgs/include/marvelmind_ros2_msgs/marvelmind_ros2_msgs/msg/detail/hedge_quality__rosidl_typesupport_introspection_c.h
[1.046s] -- Up-to-date: /home/hamzalegion/COROSOLS_WS/install/marvelmind_ros2_msgs/include/marvelmind_ros2_msgs/marvelmind_ros2_msgs/msg/detail/hedge_position_angle__rosidl_typesupport_introspection_c.h
[1.046s] -- Up-to-date: /home/hamzalegion/COROSOLS_WS/install/marvelmind_ros2_msgs/include/marvelmind_ros2_msgs/marvelmind_ros2_msgs/msg/detail/hedge_position_addressed__rosidl_typesupport_introspection_c.h
[1.046s] -- Up-to-date: /home/hamzalegion/COROSOLS_WS/install/marvelmind_ros2_msgs/include/marvelmind_ros2_msgs/marvelmind_ros2_msgs/msg/detail/marvelmind_waypoint__rosidl_typesupport_introspection_c.h
[1.047s] -- Up-to-date: /home/hamzalegion/COROSOLS_WS/install/marvelmind_ros2_msgs/include/marvelmind_ros2_msgs/marvelmind_ros2_msgs/msg/detail/hedge_imu_fusion__rosidl_typesupport_introspection_c.h
[1.047s] -- Up-to-date: /home/hamzalegion/COROSOLS_WS/install/marvelmind_ros2_msgs/include/marvelmind_ros2_msgs/marvelmind_ros2_msgs/msg/detail/marvelmind_user_data__type_support.c
[1.047s] -- Up-to-date: /home/hamzalegion/COROSOLS_WS/install/marvelmind_ros2_msgs/include/marvelmind_ros2_msgs/marvelmind_ros2_msgs/msg/detail/hedge_quality__type_support.c
[1.047s] -- Up-to-date: /home/hamzalegion/COROSOLS_WS/install/marvelmind_ros2_msgs/include/marvelmind_ros2_msgs/marvelmind_ros2_msgs/msg/detail/marvelmind_user_data__rosidl_typesupport_introspection_c.h
[1.047s] -- Up-to-date: /home/hamzalegion/COROSOLS_WS/install/marvelmind_ros2_msgs/include/marvelmind_ros2_msgs/marvelmind_ros2_msgs/msg/detail/hedge_telemetry__rosidl_typesupport_introspection_c.h
[1.047s] -- Up-to-date: /home/hamzalegion/COROSOLS_WS/install/marvelmind_ros2_msgs/include/marvelmind_ros2_msgs/marvelmind_ros2_msgs/msg/detail/hedge_position_angle__type_support.c
[1.047s] -- Up-to-date: /home/hamzalegion/COROSOLS_WS/install/marvelmind_ros2_msgs/include/marvelmind_ros2_msgs/marvelmind_ros2_msgs/msg/detail/hedge_imu_fusion__type_support.c
[1.047s] -- Up-to-date: /home/hamzalegion/COROSOLS_WS/install/marvelmind_ros2_msgs/include/marvelmind_ros2_msgs/marvelmind_ros2_msgs/msg/rosidl_typesupport_introspection_c__visibility_control.h
[1.047s] -- Up-to-date: /home/hamzalegion/COROSOLS_WS/install/marvelmind_ros2_msgs/include/marvelmind_ros2_msgs/marvelmind_ros2_msgs/srv
[1.047s] -- Up-to-date: /home/hamzalegion/COROSOLS_WS/install/marvelmind_ros2_msgs/include/marvelmind_ros2_msgs/marvelmind_ros2_msgs/srv/detail
[1.047s] -- Up-to-date: /home/hamzalegion/COROSOLS_WS/install/marvelmind_ros2_msgs/include/marvelmind_ros2_msgs/marvelmind_ros2_msgs/srv/detail/marvelmind_api__type_support.c
[1.047s] -- Up-to-date: /home/hamzalegion/COROSOLS_WS/install/marvelmind_ros2_msgs/include/marvelmind_ros2_msgs/marvelmind_ros2_msgs/srv/detail/marvelmind_api__rosidl_typesupport_introspection_c.h
[1.048s] -- Up-to-date: /home/hamzalegion/COROSOLS_WS/install/marvelmind_ros2_msgs/lib/libmarvelmind_ros2_msgs__rosidl_typesupport_introspection_c.so
[1.048s] -- Up-to-date: /home/hamzalegion/COROSOLS_WS/install/marvelmind_ros2_msgs/lib/libmarvelmind_ros2_msgs__rosidl_typesupport_c.so
[1.048s] -- Up-to-date: /home/hamzalegion/COROSOLS_WS/install/marvelmind_ros2_msgs/include/marvelmind_ros2_msgs/marvelmind_ros2_msgs
[1.048s] -- Up-to-date: /home/hamzalegion/COROSOLS_WS/install/marvelmind_ros2_msgs/include/marvelmind_ros2_msgs/marvelmind_ros2_msgs/msg
[1.048s] -- Up-to-date: /home/hamzalegion/COROSOLS_WS/install/marvelmind_ros2_msgs/include/marvelmind_ros2_msgs/marvelmind_ros2_msgs/msg/marvelmind_user_data.hpp
[1.048s] -- Up-to-date: /home/hamzalegion/COROSOLS_WS/install/marvelmind_ros2_msgs/include/marvelmind_ros2_msgs/marvelmind_ros2_msgs/msg/hedge_imu_raw.hpp
[1.048s] -- Up-to-date: /home/hamzalegion/COROSOLS_WS/install/marvelmind_ros2_msgs/include/marvelmind_ros2_msgs/marvelmind_ros2_msgs/msg/marvelmind_waypoint.hpp
[1.048s] -- Up-to-date: /home/hamzalegion/COROSOLS_WS/install/marvelmind_ros2_msgs/include/marvelmind_ros2_msgs/marvelmind_ros2_msgs/msg/hedge_telemetry.hpp
[1.048s] -- Up-to-date: /home/hamzalegion/COROSOLS_WS/install/marvelmind_ros2_msgs/include/marvelmind_ros2_msgs/marvelmind_ros2_msgs/msg/detail
[1.048s] -- Up-to-date: /home/hamzalegion/COROSOLS_WS/install/marvelmind_ros2_msgs/include/marvelmind_ros2_msgs/marvelmind_ros2_msgs/msg/detail/hedge_quality__traits.hpp
[1.048s] -- Up-to-date: /home/hamzalegion/COROSOLS_WS/install/marvelmind_ros2_msgs/include/marvelmind_ros2_msgs/marvelmind_ros2_msgs/msg/detail/hedge_telemetry__builder.hpp
[1.048s] -- Up-to-date: /home/hamzalegion/COROSOLS_WS/install/marvelmind_ros2_msgs/include/marvelmind_ros2_msgs/marvelmind_ros2_msgs/msg/detail/hedge_quality__struct.hpp
[1.048s] -- Up-to-date: /home/hamzalegion/COROSOLS_WS/install/marvelmind_ros2_msgs/include/marvelmind_ros2_msgs/marvelmind_ros2_msgs/msg/detail/beacon_distance__struct.hpp
[1.048s] -- Up-to-date: /home/hamzalegion/COROSOLS_WS/install/marvelmind_ros2_msgs/include/marvelmind_ros2_msgs/marvelmind_ros2_msgs/msg/detail/hedge_position__struct.hpp
[1.048s] -- Up-to-date: /home/hamzalegion/COROSOLS_WS/install/marvelmind_ros2_msgs/include/marvelmind_ros2_msgs/marvelmind_ros2_msgs/msg/detail/hedge_position_addressed__builder.hpp
[1.048s] -- Up-to-date: /home/hamzalegion/COROSOLS_WS/install/marvelmind_ros2_msgs/include/marvelmind_ros2_msgs/marvelmind_ros2_msgs/msg/detail/marvelmind_user_data__struct.hpp
[1.048s] -- Up-to-date: /home/hamzalegion/COROSOLS_WS/install/marvelmind_ros2_msgs/include/marvelmind_ros2_msgs/marvelmind_ros2_msgs/msg/detail/hedge_imu_fusion__builder.hpp
[1.049s] -- Up-to-date: /home/hamzalegion/COROSOLS_WS/install/marvelmind_ros2_msgs/include/marvelmind_ros2_msgs/marvelmind_ros2_msgs/msg/detail/marvelmind_user_data__traits.hpp
[1.049s] -- Up-to-date: /home/hamzalegion/COROSOLS_WS/install/marvelmind_ros2_msgs/include/marvelmind_ros2_msgs/marvelmind_ros2_msgs/msg/detail/hedge_imu_raw__struct.hpp
[1.049s] -- Up-to-date: /home/hamzalegion/COROSOLS_WS/install/marvelmind_ros2_msgs/include/marvelmind_ros2_msgs/marvelmind_ros2_msgs/msg/detail/hedge_position_addressed__struct.hpp
[1.049s] -- Up-to-date: /home/hamzalegion/COROSOLS_WS/install/marvelmind_ros2_msgs/include/marvelmind_ros2_msgs/marvelmind_ros2_msgs/msg/detail/hedge_position_angle__struct.hpp
[1.049s] -- Up-to-date: /home/hamzalegion/COROSOLS_WS/install/marvelmind_ros2_msgs/include/marvelmind_ros2_msgs/marvelmind_ros2_msgs/msg/detail/hedge_imu_fusion__traits.hpp
[1.049s] -- Up-to-date: /home/hamzalegion/COROSOLS_WS/install/marvelmind_ros2_msgs/include/marvelmind_ros2_msgs/marvelmind_ros2_msgs/msg/detail/hedge_position_angle__traits.hpp
[1.049s] -- Up-to-date: /home/hamzalegion/COROSOLS_WS/install/marvelmind_ros2_msgs/include/marvelmind_ros2_msgs/marvelmind_ros2_msgs/msg/detail/beacon_distance__builder.hpp
[1.049s] -- Up-to-date: /home/hamzalegion/COROSOLS_WS/install/marvelmind_ros2_msgs/include/marvelmind_ros2_msgs/marvelmind_ros2_msgs/msg/detail/hedge_position_addressed__traits.hpp
[1.049s] -- Up-to-date: /home/hamzalegion/COROSOLS_WS/install/marvelmind_ros2_msgs/include/marvelmind_ros2_msgs/marvelmind_ros2_msgs/msg/detail/hedge_imu_raw__traits.hpp
[1.049s] -- Up-to-date: /home/hamzalegion/COROSOLS_WS/install/marvelmind_ros2_msgs/include/marvelmind_ros2_msgs/marvelmind_ros2_msgs/msg/detail/marvelmind_waypoint__traits.hpp
[1.049s] -- Up-to-date: /home/hamzalegion/COROSOLS_WS/install/marvelmind_ros2_msgs/include/marvelmind_ros2_msgs/marvelmind_ros2_msgs/msg/detail/beacon_position_addressed__traits.hpp
[1.049s] -- Up-to-date: /home/hamzalegion/COROSOLS_WS/install/marvelmind_ros2_msgs/include/marvelmind_ros2_msgs/marvelmind_ros2_msgs/msg/detail/hedge_position_angle__builder.hpp
[1.049s] -- Up-to-date: /home/hamzalegion/COROSOLS_WS/install/marvelmind_ros2_msgs/include/marvelmind_ros2_msgs/marvelmind_ros2_msgs/msg/detail/hedge_telemetry__traits.hpp
[1.049s] -- Up-to-date: /home/hamzalegion/COROSOLS_WS/install/marvelmind_ros2_msgs/include/marvelmind_ros2_msgs/marvelmind_ros2_msgs/msg/detail/beacon_position_addressed__builder.hpp
[1.049s] -- Up-to-date: /home/hamzalegion/COROSOLS_WS/install/marvelmind_ros2_msgs/include/marvelmind_ros2_msgs/marvelmind_ros2_msgs/msg/detail/hedge_quality__builder.hpp
[1.049s] -- Up-to-date: /home/hamzalegion/COROSOLS_WS/install/marvelmind_ros2_msgs/include/marvelmind_ros2_msgs/marvelmind_ros2_msgs/msg/detail/hedge_imu_fusion__struct.hpp
[1.050s] -- Up-to-date: /home/hamzalegion/COROSOLS_WS/install/marvelmind_ros2_msgs/include/marvelmind_ros2_msgs/marvelmind_ros2_msgs/msg/detail/marvelmind_waypoint__builder.hpp
[1.050s] -- Up-to-date: /home/hamzalegion/COROSOLS_WS/install/marvelmind_ros2_msgs/include/marvelmind_ros2_msgs/marvelmind_ros2_msgs/msg/detail/marvelmind_waypoint__struct.hpp
[1.050s] -- Up-to-date: /home/hamzalegion/COROSOLS_WS/install/marvelmind_ros2_msgs/include/marvelmind_ros2_msgs/marvelmind_ros2_msgs/msg/detail/beacon_position_addressed__struct.hpp
[1.050s] -- Up-to-date: /home/hamzalegion/COROSOLS_WS/install/marvelmind_ros2_msgs/include/marvelmind_ros2_msgs/marvelmind_ros2_msgs/msg/detail/beacon_distance__traits.hpp
[1.050s] -- Up-to-date: /home/hamzalegion/COROSOLS_WS/install/marvelmind_ros2_msgs/include/marvelmind_ros2_msgs/marvelmind_ros2_msgs/msg/detail/hedge_telemetry__struct.hpp
[1.050s] -- Up-to-date: /home/hamzalegion/COROSOLS_WS/install/marvelmind_ros2_msgs/include/marvelmind_ros2_msgs/marvelmind_ros2_msgs/msg/detail/hedge_imu_raw__builder.hpp
[1.050s] -- Up-to-date: /home/hamzalegion/COROSOLS_WS/install/marvelmind_ros2_msgs/include/marvelmind_ros2_msgs/marvelmind_ros2_msgs/msg/detail/marvelmind_user_data__builder.hpp
[1.050s] -- Up-to-date: /home/hamzalegion/COROSOLS_WS/install/marvelmind_ros2_msgs/include/marvelmind_ros2_msgs/marvelmind_ros2_msgs/msg/detail/hedge_position__traits.hpp
[1.050s] -- Up-to-date: /home/hamzalegion/COROSOLS_WS/install/marvelmind_ros2_msgs/include/marvelmind_ros2_msgs/marvelmind_ros2_msgs/msg/detail/hedge_position__builder.hpp
[1.050s] -- Up-to-date: /home/hamzalegion/COROSOLS_WS/install/marvelmind_ros2_msgs/include/marvelmind_ros2_msgs/marvelmind_ros2_msgs/msg/hedge_imu_fusion.hpp
[1.050s] -- Up-to-date: /home/hamzalegion/COROSOLS_WS/install/marvelmind_ros2_msgs/include/marvelmind_ros2_msgs/marvelmind_ros2_msgs/msg/hedge_position_addressed.hpp
[1.050s] -- Up-to-date: /home/hamzalegion/COROSOLS_WS/install/marvelmind_ros2_msgs/include/marvelmind_ros2_msgs/marvelmind_ros2_msgs/msg/beacon_position_addressed.hpp
[1.050s] -- Up-to-date: /home/hamzalegion/COROSOLS_WS/install/marvelmind_ros2_msgs/include/marvelmind_ros2_msgs/marvelmind_ros2_msgs/msg/hedge_quality.hpp
[1.050s] -- Up-to-date: /home/hamzalegion/COROSOLS_WS/install/marvelmind_ros2_msgs/include/marvelmind_ros2_msgs/marvelmind_ros2_msgs/msg/hedge_position.hpp
[1.050s] -- Up-to-date: /home/hamzalegion/COROSOLS_WS/install/marvelmind_ros2_msgs/include/marvelmind_ros2_msgs/marvelmind_ros2_msgs/msg/hedge_position_angle.hpp
[1.051s] -- Up-to-date: /home/hamzalegion/COROSOLS_WS/install/marvelmind_ros2_msgs/include/marvelmind_ros2_msgs/marvelmind_ros2_msgs/msg/beacon_distance.hpp
[1.051s] -- Up-to-date: /home/hamzalegion/COROSOLS_WS/install/marvelmind_ros2_msgs/include/marvelmind_ros2_msgs/marvelmind_ros2_msgs/srv
[1.051s] -- Up-to-date: /home/hamzalegion/COROSOLS_WS/install/marvelmind_ros2_msgs/include/marvelmind_ros2_msgs/marvelmind_ros2_msgs/srv/detail
[1.051s] -- Up-to-date: /home/hamzalegion/COROSOLS_WS/install/marvelmind_ros2_msgs/include/marvelmind_ros2_msgs/marvelmind_ros2_msgs/srv/detail/marvelmind_api__struct.hpp
[1.051s] -- Up-to-date: /home/hamzalegion/COROSOLS_WS/install/marvelmind_ros2_msgs/include/marvelmind_ros2_msgs/marvelmind_ros2_msgs/srv/detail/marvelmind_api__traits.hpp
[1.051s] -- Up-to-date: /home/hamzalegion/COROSOLS_WS/install/marvelmind_ros2_msgs/include/marvelmind_ros2_msgs/marvelmind_ros2_msgs/srv/detail/marvelmind_api__builder.hpp
[1.051s] -- Up-to-date: /home/hamzalegion/COROSOLS_WS/install/marvelmind_ros2_msgs/include/marvelmind_ros2_msgs/marvelmind_ros2_msgs/srv/marvelmind_api.hpp
[1.051s] -- Up-to-date: /home/hamzalegion/COROSOLS_WS/install/marvelmind_ros2_msgs/include/marvelmind_ros2_msgs/marvelmind_ros2_msgs
[1.051s] -- Up-to-date: /home/hamzalegion/COROSOLS_WS/install/marvelmind_ros2_msgs/include/marvelmind_ros2_msgs/marvelmind_ros2_msgs/msg
[1.051s] -- Up-to-date: /home/hamzalegion/COROSOLS_WS/install/marvelmind_ros2_msgs/include/marvelmind_ros2_msgs/marvelmind_ros2_msgs/msg/detail
[1.051s] -- Up-to-date: /home/hamzalegion/COROSOLS_WS/install/marvelmind_ros2_msgs/include/marvelmind_ros2_msgs/marvelmind_ros2_msgs/msg/detail/hedge_position_angle__rosidl_typesupport_fastrtps_cpp.hpp
[1.051s] -- Up-to-date: /home/hamzalegion/COROSOLS_WS/install/marvelmind_ros2_msgs/include/marvelmind_ros2_msgs/marvelmind_ros2_msgs/msg/detail/hedge_quality__rosidl_typesupport_fastrtps_cpp.hpp
[1.051s] -- Up-to-date: /home/hamzalegion/COROSOLS_WS/install/marvelmind_ros2_msgs/include/marvelmind_ros2_msgs/marvelmind_ros2_msgs/msg/detail/hedge_position_addressed__rosidl_typesupport_fastrtps_cpp.hpp
[1.051s] -- Up-to-date: /home/hamzalegion/COROSOLS_WS/install/marvelmind_ros2_msgs/include/marvelmind_ros2_msgs/marvelmind_ros2_msgs/msg/detail/marvelmind_waypoint__rosidl_typesupport_fastrtps_cpp.hpp
[1.051s] -- Up-to-date: /home/hamzalegion/COROSOLS_WS/install/marvelmind_ros2_msgs/include/marvelmind_ros2_msgs/marvelmind_ros2_msgs/msg/detail/hedge_telemetry__rosidl_typesupport_fastrtps_cpp.hpp
[1.051s] -- Up-to-date: /home/hamzalegion/COROSOLS_WS/install/marvelmind_ros2_msgs/include/marvelmind_ros2_msgs/marvelmind_ros2_msgs/msg/detail/hedge_position__rosidl_typesupport_fastrtps_cpp.hpp
[1.051s] -- Up-to-date: /home/hamzalegion/COROSOLS_WS/install/marvelmind_ros2_msgs/include/marvelmind_ros2_msgs/marvelmind_ros2_msgs/msg/detail/marvelmind_user_data__rosidl_typesupport_fastrtps_cpp.hpp
[1.051s] -- Up-to-date: /home/hamzalegion/COROSOLS_WS/install/marvelmind_ros2_msgs/include/marvelmind_ros2_msgs/marvelmind_ros2_msgs/msg/detail/hedge_imu_raw__rosidl_typesupport_fastrtps_cpp.hpp
[1.051s] -- Up-to-date: /home/hamzalegion/COROSOLS_WS/install/marvelmind_ros2_msgs/include/marvelmind_ros2_msgs/marvelmind_ros2_msgs/msg/detail/beacon_position_addressed__rosidl_typesupport_fastrtps_cpp.hpp
[1.052s] -- Up-to-date: /home/hamzalegion/COROSOLS_WS/install/marvelmind_ros2_msgs/include/marvelmind_ros2_msgs/marvelmind_ros2_msgs/msg/detail/dds_fastrtps
[1.052s] -- Up-to-date: /home/hamzalegion/COROSOLS_WS/install/marvelmind_ros2_msgs/include/marvelmind_ros2_msgs/marvelmind_ros2_msgs/msg/detail/hedge_imu_fusion__rosidl_typesupport_fastrtps_cpp.hpp
[1.052s] -- Up-to-date: /home/hamzalegion/COROSOLS_WS/install/marvelmind_ros2_msgs/include/marvelmind_ros2_msgs/marvelmind_ros2_msgs/msg/detail/beacon_distance__rosidl_typesupport_fastrtps_cpp.hpp
[1.052s] -- Up-to-date: /home/hamzalegion/COROSOLS_WS/install/marvelmind_ros2_msgs/include/marvelmind_ros2_msgs/marvelmind_ros2_msgs/msg/rosidl_typesupport_fastrtps_cpp__visibility_control.h
[1.052s] -- Up-to-date: /home/hamzalegion/COROSOLS_WS/install/marvelmind_ros2_msgs/include/marvelmind_ros2_msgs/marvelmind_ros2_msgs/srv
[1.052s] -- Up-to-date: /home/hamzalegion/COROSOLS_WS/install/marvelmind_ros2_msgs/include/marvelmind_ros2_msgs/marvelmind_ros2_msgs/srv/detail
[1.052s] -- Up-to-date: /home/hamzalegion/COROSOLS_WS/install/marvelmind_ros2_msgs/include/marvelmind_ros2_msgs/marvelmind_ros2_msgs/srv/detail/marvelmind_api__rosidl_typesupport_fastrtps_cpp.hpp
[1.052s] -- Up-to-date: /home/hamzalegion/COROSOLS_WS/install/marvelmind_ros2_msgs/include/marvelmind_ros2_msgs/marvelmind_ros2_msgs/srv/detail/dds_fastrtps
[1.052s] -- Up-to-date: /home/hamzalegion/COROSOLS_WS/install/marvelmind_ros2_msgs/lib/libmarvelmind_ros2_msgs__rosidl_typesupport_fastrtps_cpp.so
[1.052s] -- Up-to-date: /home/hamzalegion/COROSOLS_WS/install/marvelmind_ros2_msgs/include/marvelmind_ros2_msgs/marvelmind_ros2_msgs
[1.052s] -- Up-to-date: /home/hamzalegion/COROSOLS_WS/install/marvelmind_ros2_msgs/include/marvelmind_ros2_msgs/marvelmind_ros2_msgs/msg
[1.052s] -- Up-to-date: /home/hamzalegion/COROSOLS_WS/install/marvelmind_ros2_msgs/include/marvelmind_ros2_msgs/marvelmind_ros2_msgs/msg/detail
[1.052s] -- Up-to-date: /home/hamzalegion/COROSOLS_WS/install/marvelmind_ros2_msgs/include/marvelmind_ros2_msgs/marvelmind_ros2_msgs/msg/detail/hedge_position_addressed__rosidl_typesupport_introspection_cpp.hpp
[1.052s] -- Up-to-date: /home/hamzalegion/COROSOLS_WS/install/marvelmind_ros2_msgs/include/marvelmind_ros2_msgs/marvelmind_ros2_msgs/msg/detail/hedge_position_angle__rosidl_typesupport_introspection_cpp.hpp
[1.052s] -- Up-to-date: /home/hamzalegion/COROSOLS_WS/install/marvelmind_ros2_msgs/include/marvelmind_ros2_msgs/marvelmind_ros2_msgs/msg/detail/hedge_position__rosidl_typesupport_introspection_cpp.hpp
[1.052s] -- Up-to-date: /home/hamzalegion/COROSOLS_WS/install/marvelmind_ros2_msgs/include/marvelmind_ros2_msgs/marvelmind_ros2_msgs/msg/detail/hedge_imu_raw__rosidl_typesupport_introspection_cpp.hpp
[1.052s] -- Up-to-date: /home/hamzalegion/COROSOLS_WS/install/marvelmind_ros2_msgs/include/marvelmind_ros2_msgs/marvelmind_ros2_msgs/msg/detail/marvelmind_waypoint__rosidl_typesupport_introspection_cpp.hpp
[1.052s] -- Up-to-date: /home/hamzalegion/COROSOLS_WS/install/marvelmind_ros2_msgs/include/marvelmind_ros2_msgs/marvelmind_ros2_msgs/msg/detail/hedge_position__type_support.cpp
[1.052s] -- Up-to-date: /home/hamzalegion/COROSOLS_WS/install/marvelmind_ros2_msgs/include/marvelmind_ros2_msgs/marvelmind_ros2_msgs/msg/detail/marvelmind_user_data__type_support.cpp
[1.052s] -- Up-to-date: /home/hamzalegion/COROSOLS_WS/install/marvelmind_ros2_msgs/include/marvelmind_ros2_msgs/marvelmind_ros2_msgs/msg/detail/beacon_position_addressed__rosidl_typesupport_introspection_cpp.hpp
[1.053s] -- Up-to-date: /home/hamzalegion/COROSOLS_WS/install/marvelmind_ros2_msgs/include/marvelmind_ros2_msgs/marvelmind_ros2_msgs/msg/detail/beacon_distance__rosidl_typesupport_introspection_cpp.hpp
[1.053s] -- Up-to-date: /home/hamzalegion/COROSOLS_WS/install/marvelmind_ros2_msgs/include/marvelmind_ros2_msgs/marvelmind_ros2_msgs/msg/detail/hedge_telemetry__rosidl_typesupport_introspection_cpp.hpp
[1.053s] -- Up-to-date: /home/hamzalegion/COROSOLS_WS/install/marvelmind_ros2_msgs/include/marvelmind_ros2_msgs/marvelmind_ros2_msgs/msg/detail/beacon_distance__type_support.cpp
[1.053s] -- Up-to-date: /home/hamzalegion/COROSOLS_WS/install/marvelmind_ros2_msgs/include/marvelmind_ros2_msgs/marvelmind_ros2_msgs/msg/detail/hedge_imu_fusion__type_support.cpp
[1.053s] -- Up-to-date: /home/hamzalegion/COROSOLS_WS/install/marvelmind_ros2_msgs/include/marvelmind_ros2_msgs/marvelmind_ros2_msgs/msg/detail/hedge_imu_fusion__rosidl_typesupport_introspection_cpp.hpp
[1.053s] -- Up-to-date: /home/hamzalegion/COROSOLS_WS/install/marvelmind_ros2_msgs/include/marvelmind_ros2_msgs/marvelmind_ros2_msgs/msg/detail/hedge_imu_raw__type_support.cpp
[1.053s] -- Up-to-date: /home/hamzalegion/COROSOLS_WS/install/marvelmind_ros2_msgs/include/marvelmind_ros2_msgs/marvelmind_ros2_msgs/msg/detail/beacon_position_addressed__type_support.cpp
[1.053s] -- Up-to-date: /home/hamzalegion/COROSOLS_WS/install/marvelmind_ros2_msgs/include/marvelmind_ros2_msgs/marvelmind_ros2_msgs/msg/detail/hedge_quality__type_support.cpp
[1.053s] -- Up-to-date: /home/hamzalegion/COROSOLS_WS/install/marvelmind_ros2_msgs/include/marvelmind_ros2_msgs/marvelmind_ros2_msgs/msg/detail/hedge_position_addressed__type_support.cpp
[1.053s] -- Up-to-date: /home/hamzalegion/COROSOLS_WS/install/marvelmind_ros2_msgs/include/marvelmind_ros2_msgs/marvelmind_ros2_msgs/msg/detail/hedge_telemetry__type_support.cpp
[1.053s] -- Up-to-date: /home/hamzalegion/COROSOLS_WS/install/marvelmind_ros2_msgs/include/marvelmind_ros2_msgs/marvelmind_ros2_msgs/msg/detail/hedge_quality__rosidl_typesupport_introspection_cpp.hpp
[1.053s] -- Up-to-date: /home/hamzalegion/COROSOLS_WS/install/marvelmind_ros2_msgs/include/marvelmind_ros2_msgs/marvelmind_ros2_msgs/msg/detail/hedge_position_angle__type_support.cpp
[1.053s] -- Up-to-date: /home/hamzalegion/COROSOLS_WS/install/marvelmind_ros2_msgs/include/marvelmind_ros2_msgs/marvelmind_ros2_msgs/msg/detail/marvelmind_waypoint__type_support.cpp
[1.053s] -- Up-to-date: /home/hamzalegion/COROSOLS_WS/install/marvelmind_ros2_msgs/include/marvelmind_ros2_msgs/marvelmind_ros2_msgs/msg/detail/marvelmind_user_data__rosidl_typesupport_introspection_cpp.hpp
[1.053s] -- Up-to-date: /home/hamzalegion/COROSOLS_WS/install/marvelmind_ros2_msgs/include/marvelmind_ros2_msgs/marvelmind_ros2_msgs/srv
[1.053s] -- Up-to-date: /home/hamzalegion/COROSOLS_WS/install/marvelmind_ros2_msgs/include/marvelmind_ros2_msgs/marvelmind_ros2_msgs/srv/detail
[1.054s] -- Up-to-date: /home/hamzalegion/COROSOLS_WS/install/marvelmind_ros2_msgs/include/marvelmind_ros2_msgs/marvelmind_ros2_msgs/srv/detail/marvelmind_api__rosidl_typesupport_introspection_cpp.hpp
[1.054s] -- Up-to-date: /home/hamzalegion/COROSOLS_WS/install/marvelmind_ros2_msgs/include/marvelmind_ros2_msgs/marvelmind_ros2_msgs/srv/detail/marvelmind_api__type_support.cpp
[1.054s] -- Up-to-date: /home/hamzalegion/COROSOLS_WS/install/marvelmind_ros2_msgs/lib/libmarvelmind_ros2_msgs__rosidl_typesupport_introspection_cpp.so
[1.054s] -- Up-to-date: /home/hamzalegion/COROSOLS_WS/install/marvelmind_ros2_msgs/lib/libmarvelmind_ros2_msgs__rosidl_typesupport_cpp.so
[1.054s] -- Up-to-date: /home/hamzalegion/COROSOLS_WS/install/marvelmind_ros2_msgs/share/marvelmind_ros2_msgs/environment/pythonpath.sh
[1.054s] -- Up-to-date: /home/hamzalegion/COROSOLS_WS/install/marvelmind_ros2_msgs/share/marvelmind_ros2_msgs/environment/pythonpath.dsv
[1.054s] -- Up-to-date: /home/hamzalegion/COROSOLS_WS/install/marvelmind_ros2_msgs/local/lib/python3.10/dist-packages/marvelmind_ros2_msgs-1.0.2-py3.10.egg-info
[1.054s] -- Installing: /home/hamzalegion/COROSOLS_WS/install/marvelmind_ros2_msgs/local/lib/python3.10/dist-packages/marvelmind_ros2_msgs-1.0.2-py3.10.egg-info/top_level.txt
[1.054s] -- Installing: /home/hamzalegion/COROSOLS_WS/install/marvelmind_ros2_msgs/local/lib/python3.10/dist-packages/marvelmind_ros2_msgs-1.0.2-py3.10.egg-info/SOURCES.txt
[1.054s] -- Installing: /home/hamzalegion/COROSOLS_WS/install/marvelmind_ros2_msgs/local/lib/python3.10/dist-packages/marvelmind_ros2_msgs-1.0.2-py3.10.egg-info/dependency_links.txt
[1.054s] -- Installing: /home/hamzalegion/COROSOLS_WS/install/marvelmind_ros2_msgs/local/lib/python3.10/dist-packages/marvelmind_ros2_msgs-1.0.2-py3.10.egg-info/PKG-INFO
[1.054s] -- Up-to-date: /home/hamzalegion/COROSOLS_WS/install/marvelmind_ros2_msgs/local/lib/python3.10/dist-packages/marvelmind_ros2_msgs
[1.054s] -- Up-to-date: /home/hamzalegion/COROSOLS_WS/install/marvelmind_ros2_msgs/local/lib/python3.10/dist-packages/marvelmind_ros2_msgs/marvelmind_ros2_msgs_s__rosidl_typesupport_c.cpython-310-x86_64-linux-gnu.so
[1.054s] -- Up-to-date: /home/hamzalegion/COROSOLS_WS/install/marvelmind_ros2_msgs/local/lib/python3.10/dist-packages/marvelmind_ros2_msgs/_marvelmind_ros2_msgs_s.ep.rosidl_typesupport_introspection_c.c
[1.054s] -- Up-to-date: /home/hamzalegion/COROSOLS_WS/install/marvelmind_ros2_msgs/local/lib/python3.10/dist-packages/marvelmind_ros2_msgs/marvelmind_ros2_msgs_s__rosidl_typesupport_introspection_c.cpython-310-x86_64-linux-gnu.so
[1.054s] -- Up-to-date: /home/hamzalegion/COROSOLS_WS/install/marvelmind_ros2_msgs/local/lib/python3.10/dist-packages/marvelmind_ros2_msgs/msg
[1.054s] -- Up-to-date: /home/hamzalegion/COROSOLS_WS/install/marvelmind_ros2_msgs/local/lib/python3.10/dist-packages/marvelmind_ros2_msgs/msg/_marvelmind_waypoint_s.c
[1.054s] -- Up-to-date: /home/hamzalegion/COROSOLS_WS/install/marvelmind_ros2_msgs/local/lib/python3.10/dist-packages/marvelmind_ros2_msgs/msg/_hedge_quality_s.c
[1.054s] -- Up-to-date: /home/hamzalegion/COROSOLS_WS/install/marvelmind_ros2_msgs/local/lib/python3.10/dist-packages/marvelmind_ros2_msgs/msg/_marvelmind_waypoint.py
[1.055s] -- Up-to-date: /home/hamzalegion/COROSOLS_WS/install/marvelmind_ros2_msgs/local/lib/python3.10/dist-packages/marvelmind_ros2_msgs/msg/_marvelmind_user_data_s.c
[1.055s] -- Up-to-date: /home/hamzalegion/COROSOLS_WS/install/marvelmind_ros2_msgs/local/lib/python3.10/dist-packages/marvelmind_ros2_msgs/msg/_marvelmind_user_data.py
[1.055s] -- Up-to-date: /home/hamzalegion/COROSOLS_WS/install/marvelmind_ros2_msgs/local/lib/python3.10/dist-packages/marvelmind_ros2_msgs/msg/_hedge_imu_fusion_s.c
[1.055s] -- Up-to-date: /home/hamzalegion/COROSOLS_WS/install/marvelmind_ros2_msgs/local/lib/python3.10/dist-packages/marvelmind_ros2_msgs/msg/_hedge_position_s.c
[1.055s] -- Up-to-date: /home/hamzalegion/COROSOLS_WS/install/marvelmind_ros2_msgs/local/lib/python3.10/dist-packages/marvelmind_ros2_msgs/msg/_hedge_imu_raw.py
[1.055s] -- Up-to-date: /home/hamzalegion/COROSOLS_WS/install/marvelmind_ros2_msgs/local/lib/python3.10/dist-packages/marvelmind_ros2_msgs/msg/_hedge_position_addressed_s.c
[1.055s] -- Up-to-date: /home/hamzalegion/COROSOLS_WS/install/marvelmind_ros2_msgs/local/lib/python3.10/dist-packages/marvelmind_ros2_msgs/msg/_hedge_quality.py
[1.055s] -- Up-to-date: /home/hamzalegion/COROSOLS_WS/install/marvelmind_ros2_msgs/local/lib/python3.10/dist-packages/marvelmind_ros2_msgs/msg/_hedge_imu_fusion.py
[1.055s] -- Up-to-date: /home/hamzalegion/COROSOLS_WS/install/marvelmind_ros2_msgs/local/lib/python3.10/dist-packages/marvelmind_ros2_msgs/msg/_hedge_position_angle_s.c
[1.055s] -- Up-to-date: /home/hamzalegion/COROSOLS_WS/install/marvelmind_ros2_msgs/local/lib/python3.10/dist-packages/marvelmind_ros2_msgs/msg/_hedge_imu_raw_s.c
[1.055s] -- Up-to-date: /home/hamzalegion/COROSOLS_WS/install/marvelmind_ros2_msgs/local/lib/python3.10/dist-packages/marvelmind_ros2_msgs/msg/_beacon_distance.py
[1.055s] -- Up-to-date: /home/hamzalegion/COROSOLS_WS/install/marvelmind_ros2_msgs/local/lib/python3.10/dist-packages/marvelmind_ros2_msgs/msg/_hedge_position_angle.py
[1.055s] -- Up-to-date: /home/hamzalegion/COROSOLS_WS/install/marvelmind_ros2_msgs/local/lib/python3.10/dist-packages/marvelmind_ros2_msgs/msg/_hedge_position.py
[1.055s] -- Up-to-date: /home/hamzalegion/COROSOLS_WS/install/marvelmind_ros2_msgs/local/lib/python3.10/dist-packages/marvelmind_ros2_msgs/msg/_beacon_position_addressed.py
[1.055s] -- Up-to-date: /home/hamzalegion/COROSOLS_WS/install/marvelmind_ros2_msgs/local/lib/python3.10/dist-packages/marvelmind_ros2_msgs/msg/_hedge_telemetry_s.c
[1.055s] -- Up-to-date: /home/hamzalegion/COROSOLS_WS/install/marvelmind_ros2_msgs/local/lib/python3.10/dist-packages/marvelmind_ros2_msgs/msg/__init__.py
[1.055s] -- Up-to-date: /home/hamzalegion/COROSOLS_WS/install/marvelmind_ros2_msgs/local/lib/python3.10/dist-packages/marvelmind_ros2_msgs/msg/_beacon_distance_s.c
[1.055s] -- Up-to-date: /home/hamzalegion/COROSOLS_WS/install/marvelmind_ros2_msgs/local/lib/python3.10/dist-packages/marvelmind_ros2_msgs/msg/_beacon_position_addressed_s.c
[1.055s] -- Up-to-date: /home/hamzalegion/COROSOLS_WS/install/marvelmind_ros2_msgs/local/lib/python3.10/dist-packages/marvelmind_ros2_msgs/msg/_hedge_telemetry.py
[1.055s] -- Up-to-date: /home/hamzalegion/COROSOLS_WS/install/marvelmind_ros2_msgs/local/lib/python3.10/dist-packages/marvelmind_ros2_msgs/msg/_hedge_position_addressed.py
[1.056s] -- Up-to-date: /home/hamzalegion/COROSOLS_WS/install/marvelmind_ros2_msgs/local/lib/python3.10/dist-packages/marvelmind_ros2_msgs/libmarvelmind_ros2_msgs__rosidl_generator_py.so
[1.056s] -- Up-to-date: /home/hamzalegion/COROSOLS_WS/install/marvelmind_ros2_msgs/local/lib/python3.10/dist-packages/marvelmind_ros2_msgs/srv
[1.056s] -- Up-to-date: /home/hamzalegion/COROSOLS_WS/install/marvelmind_ros2_msgs/local/lib/python3.10/dist-packages/marvelmind_ros2_msgs/srv/_marvelmind_api_s.c
[1.056s] -- Up-to-date: /home/hamzalegion/COROSOLS_WS/install/marvelmind_ros2_msgs/local/lib/python3.10/dist-packages/marvelmind_ros2_msgs/srv/_marvelmind_api.py
[1.056s] -- Up-to-date: /home/hamzalegion/COROSOLS_WS/install/marvelmind_ros2_msgs/local/lib/python3.10/dist-packages/marvelmind_ros2_msgs/srv/__init__.py
[1.056s] -- Up-to-date: /home/hamzalegion/COROSOLS_WS/install/marvelmind_ros2_msgs/local/lib/python3.10/dist-packages/marvelmind_ros2_msgs/_marvelmind_ros2_msgs_s.ep.rosidl_typesupport_c.c
[1.056s] -- Up-to-date: /home/hamzalegion/COROSOLS_WS/install/marvelmind_ros2_msgs/local/lib/python3.10/dist-packages/marvelmind_ros2_msgs/__init__.py
[1.056s] -- Up-to-date: /home/hamzalegion/COROSOLS_WS/install/marvelmind_ros2_msgs/local/lib/python3.10/dist-packages/marvelmind_ros2_msgs/_marvelmind_ros2_msgs_s.ep.rosidl_typesupport_fastrtps_c.c
[1.056s] -- Up-to-date: /home/hamzalegion/COROSOLS_WS/install/marvelmind_ros2_msgs/local/lib/python3.10/dist-packages/marvelmind_ros2_msgs/marvelmind_ros2_msgs_s__rosidl_typesupport_fastrtps_c.cpython-310-x86_64-linux-gnu.so
[1.079s] Listing '/home/hamzalegion/COROSOLS_WS/install/marvelmind_ros2_msgs/local/lib/python3.10/dist-packages/marvelmind_ros2_msgs'...
[1.079s] Listing '/home/hamzalegion/COROSOLS_WS/install/marvelmind_ros2_msgs/local/lib/python3.10/dist-packages/marvelmind_ros2_msgs/msg'...
[1.079s] Listing '/home/hamzalegion/COROSOLS_WS/install/marvelmind_ros2_msgs/local/lib/python3.10/dist-packages/marvelmind_ros2_msgs/srv'...
[1.083s] -- Up-to-date: /home/hamzalegion/COROSOLS_WS/install/marvelmind_ros2_msgs/local/lib/python3.10/dist-packages/marvelmind_ros2_msgs/marvelmind_ros2_msgs_s__rosidl_typesupport_fastrtps_c.cpython-310-x86_64-linux-gnu.so
[1.083s] -- Up-to-date: /home/hamzalegion/COROSOLS_WS/install/marvelmind_ros2_msgs/local/lib/python3.10/dist-packages/marvelmind_ros2_msgs/marvelmind_ros2_msgs_s__rosidl_typesupport_introspection_c.cpython-310-x86_64-linux-gnu.so
[1.084s] -- Up-to-date: /home/hamzalegion/COROSOLS_WS/install/marvelmind_ros2_msgs/local/lib/python3.10/dist-packages/marvelmind_ros2_msgs/marvelmind_ros2_msgs_s__rosidl_typesupport_c.cpython-310-x86_64-linux-gnu.so
[1.084s] -- Up-to-date: /home/hamzalegion/COROSOLS_WS/install/marvelmind_ros2_msgs/lib/libmarvelmind_ros2_msgs__rosidl_generator_py.so
[1.084s] -- Up-to-date: /home/hamzalegion/COROSOLS_WS/install/marvelmind_ros2_msgs/share/marvelmind_ros2_msgs/msg/BeaconDistance.idl
[1.084s] -- Up-to-date: /home/hamzalegion/COROSOLS_WS/install/marvelmind_ros2_msgs/share/marvelmind_ros2_msgs/msg/BeaconPositionAddressed.idl
[1.084s] -- Up-to-date: /home/hamzalegion/COROSOLS_WS/install/marvelmind_ros2_msgs/share/marvelmind_ros2_msgs/msg/HedgeImuFusion.idl
[1.085s] -- Up-to-date: /home/hamzalegion/COROSOLS_WS/install/marvelmind_ros2_msgs/share/marvelmind_ros2_msgs/msg/HedgeImuRaw.idl
[1.085s] -- Up-to-date: /home/hamzalegion/COROSOLS_WS/install/marvelmind_ros2_msgs/share/marvelmind_ros2_msgs/msg/HedgePositionAddressed.idl
[1.085s] -- Up-to-date: /home/hamzalegion/COROSOLS_WS/install/marvelmind_ros2_msgs/share/marvelmind_ros2_msgs/msg/HedgePositionAngle.idl
[1.085s] -- Up-to-date: /home/hamzalegion/COROSOLS_WS/install/marvelmind_ros2_msgs/share/marvelmind_ros2_msgs/msg/HedgePosition.idl
[1.085s] -- Up-to-date: /home/hamzalegion/COROSOLS_WS/install/marvelmind_ros2_msgs/share/marvelmind_ros2_msgs/msg/HedgeQuality.idl
[1.085s] -- Up-to-date: /home/hamzalegion/COROSOLS_WS/install/marvelmind_ros2_msgs/share/marvelmind_ros2_msgs/msg/HedgeTelemetry.idl
[1.085s] -- Up-to-date: /home/hamzalegion/COROSOLS_WS/install/marvelmind_ros2_msgs/share/marvelmind_ros2_msgs/msg/MarvelmindWaypoint.idl
[1.085s] -- Up-to-date: /home/hamzalegion/COROSOLS_WS/install/marvelmind_ros2_msgs/share/marvelmind_ros2_msgs/msg/MarvelmindUserData.idl
[1.086s] -- Up-to-date: /home/hamzalegion/COROSOLS_WS/install/marvelmind_ros2_msgs/share/marvelmind_ros2_msgs/srv/MarvelmindAPI.idl
[1.086s] -- Up-to-date: /home/hamzalegion/COROSOLS_WS/install/marvelmind_ros2_msgs/share/marvelmind_ros2_msgs/msg/BeaconDistance.msg
[1.086s] -- Up-to-date: /home/hamzalegion/COROSOLS_WS/install/marvelmind_ros2_msgs/share/marvelmind_ros2_msgs/msg/BeaconPositionAddressed.msg
[1.086s] -- Up-to-date: /home/hamzalegion/COROSOLS_WS/install/marvelmind_ros2_msgs/share/marvelmind_ros2_msgs/msg/HedgeImuFusion.msg
[1.086s] -- Up-to-date: /home/hamzalegion/COROSOLS_WS/install/marvelmind_ros2_msgs/share/marvelmind_ros2_msgs/msg/HedgeImuRaw.msg
[1.086s] -- Up-to-date: /home/hamzalegion/COROSOLS_WS/install/marvelmind_ros2_msgs/share/marvelmind_ros2_msgs/msg/HedgePositionAddressed.msg
[1.086s] -- Up-to-date: /home/hamzalegion/COROSOLS_WS/install/marvelmind_ros2_msgs/share/marvelmind_ros2_msgs/msg/HedgePositionAngle.msg
[1.086s] -- Up-to-date: /home/hamzalegion/COROSOLS_WS/install/marvelmind_ros2_msgs/share/marvelmind_ros2_msgs/msg/HedgePosition.msg
[1.086s] -- Up-to-date: /home/hamzalegion/COROSOLS_WS/install/marvelmind_ros2_msgs/share/marvelmind_ros2_msgs/msg/HedgeQuality.msg
[1.086s] -- Up-to-date: /home/hamzalegion/COROSOLS_WS/install/marvelmind_ros2_msgs/share/marvelmind_ros2_msgs/msg/HedgeTelemetry.msg
[1.086s] -- Up-to-date: /home/hamzalegion/COROSOLS_WS/install/marvelmind_ros2_msgs/share/marvelmind_ros2_msgs/msg/MarvelmindWaypoint.msg
[1.086s] -- Up-to-date: /home/hamzalegion/COROSOLS_WS/install/marvelmind_ros2_msgs/share/marvelmind_ros2_msgs/msg/MarvelmindUserData.msg
[1.087s] -- Up-to-date: /home/hamzalegion/COROSOLS_WS/install/marvelmind_ros2_msgs/share/marvelmind_ros2_msgs/srv/MarvelmindAPI.srv
[1.087s] -- Up-to-date: /home/hamzalegion/COROSOLS_WS/install/marvelmind_ros2_msgs/share/marvelmind_ros2_msgs/srv/MarvelmindAPI_Request.msg
[1.087s] -- Up-to-date: /home/hamzalegion/COROSOLS_WS/install/marvelmind_ros2_msgs/share/marvelmind_ros2_msgs/srv/MarvelmindAPI_Response.msg
[1.087s] -- Up-to-date: /home/hamzalegion/COROSOLS_WS/install/marvelmind_ros2_msgs/share/ament_index/resource_index/package_run_dependencies/marvelmind_ros2_msgs
[1.087s] -- Up-to-date: /home/hamzalegion/COROSOLS_WS/install/marvelmind_ros2_msgs/share/ament_index/resource_index/parent_prefix_path/marvelmind_ros2_msgs
[1.087s] -- Up-to-date: /home/hamzalegion/COROSOLS_WS/install/marvelmind_ros2_msgs/share/marvelmind_ros2_msgs/environment/ament_prefix_path.sh
[1.087s] -- Up-to-date: /home/hamzalegion/COROSOLS_WS/install/marvelmind_ros2_msgs/share/marvelmind_ros2_msgs/environment/ament_prefix_path.dsv
[1.087s] -- Up-to-date: /home/hamzalegion/COROSOLS_WS/install/marvelmind_ros2_msgs/share/marvelmind_ros2_msgs/environment/path.sh
[1.087s] -- Up-to-date: /home/hamzalegion/COROSOLS_WS/install/marvelmind_ros2_msgs/share/marvelmind_ros2_msgs/environment/path.dsv
[1.087s] -- Up-to-date: /home/hamzalegion/COROSOLS_WS/install/marvelmind_ros2_msgs/share/marvelmind_ros2_msgs/local_setup.bash
[1.087s] -- Up-to-date: /home/hamzalegion/COROSOLS_WS/install/marvelmind_ros2_msgs/share/marvelmind_ros2_msgs/local_setup.sh
[1.087s] -- Up-to-date: /home/hamzalegion/COROSOLS_WS/install/marvelmind_ros2_msgs/share/marvelmind_ros2_msgs/local_setup.zsh
[1.087s] -- Up-to-date: /home/hamzalegion/COROSOLS_WS/install/marvelmind_ros2_msgs/share/marvelmind_ros2_msgs/local_setup.dsv
[1.087s] -- Installing: /home/hamzalegion/COROSOLS_WS/install/marvelmind_ros2_msgs/share/marvelmind_ros2_msgs/package.dsv
[1.087s] -- Up-to-date: /home/hamzalegion/COROSOLS_WS/install/marvelmind_ros2_msgs/share/ament_index/resource_index/packages/marvelmind_ros2_msgs
[1.087s] -- Up-to-date: /home/hamzalegion/COROSOLS_WS/install/marvelmind_ros2_msgs/share/marvelmind_ros2_msgs/cmake/export_marvelmind_ros2_msgs__rosidl_generator_cExport.cmake
[1.088s] -- Up-to-date: /home/hamzalegion/COROSOLS_WS/install/marvelmind_ros2_msgs/share/marvelmind_ros2_msgs/cmake/export_marvelmind_ros2_msgs__rosidl_generator_cExport-noconfig.cmake
[1.088s] -- Up-to-date: /home/hamzalegion/COROSOLS_WS/install/marvelmind_ros2_msgs/share/marvelmind_ros2_msgs/cmake/export_marvelmind_ros2_msgs__rosidl_typesupport_fastrtps_cExport.cmake
[1.088s] -- Up-to-date: /home/hamzalegion/COROSOLS_WS/install/marvelmind_ros2_msgs/share/marvelmind_ros2_msgs/cmake/export_marvelmind_ros2_msgs__rosidl_typesupport_fastrtps_cExport-noconfig.cmake
[1.088s] -- Up-to-date: /home/hamzalegion/COROSOLS_WS/install/marvelmind_ros2_msgs/share/marvelmind_ros2_msgs/cmake/marvelmind_ros2_msgs__rosidl_typesupport_introspection_cExport.cmake
[1.088s] -- Up-to-date: /home/hamzalegion/COROSOLS_WS/install/marvelmind_ros2_msgs/share/marvelmind_ros2_msgs/cmake/marvelmind_ros2_msgs__rosidl_typesupport_introspection_cExport-noconfig.cmake
[1.088s] -- Up-to-date: /home/hamzalegion/COROSOLS_WS/install/marvelmind_ros2_msgs/share/marvelmind_ros2_msgs/cmake/marvelmind_ros2_msgs__rosidl_typesupport_cExport.cmake
[1.088s] -- Up-to-date: /home/hamzalegion/COROSOLS_WS/install/marvelmind_ros2_msgs/share/marvelmind_ros2_msgs/cmake/marvelmind_ros2_msgs__rosidl_typesupport_cExport-noconfig.cmake
[1.088s] -- Up-to-date: /home/hamzalegion/COROSOLS_WS/install/marvelmind_ros2_msgs/share/marvelmind_ros2_msgs/cmake/export_marvelmind_ros2_msgs__rosidl_generator_cppExport.cmake
[1.088s] -- Up-to-date: /home/hamzalegion/COROSOLS_WS/install/marvelmind_ros2_msgs/share/marvelmind_ros2_msgs/cmake/export_marvelmind_ros2_msgs__rosidl_typesupport_fastrtps_cppExport.cmake
[1.088s] -- Up-to-date: /home/hamzalegion/COROSOLS_WS/install/marvelmind_ros2_msgs/share/marvelmind_ros2_msgs/cmake/export_marvelmind_ros2_msgs__rosidl_typesupport_fastrtps_cppExport-noconfig.cmake
[1.088s] -- Up-to-date: /home/hamzalegion/COROSOLS_WS/install/marvelmind_ros2_msgs/share/marvelmind_ros2_msgs/cmake/marvelmind_ros2_msgs__rosidl_typesupport_introspection_cppExport.cmake
[1.088s] -- Up-to-date: /home/hamzalegion/COROSOLS_WS/install/marvelmind_ros2_msgs/share/marvelmind_ros2_msgs/cmake/marvelmind_ros2_msgs__rosidl_typesupport_introspection_cppExport-noconfig.cmake
[1.088s] -- Up-to-date: /home/hamzalegion/COROSOLS_WS/install/marvelmind_ros2_msgs/share/marvelmind_ros2_msgs/cmake/marvelmind_ros2_msgs__rosidl_typesupport_cppExport.cmake
[1.089s] -- Up-to-date: /home/hamzalegion/COROSOLS_WS/install/marvelmind_ros2_msgs/share/marvelmind_ros2_msgs/cmake/marvelmind_ros2_msgs__rosidl_typesupport_cppExport-noconfig.cmake
[1.089s] -- Up-to-date: /home/hamzalegion/COROSOLS_WS/install/marvelmind_ros2_msgs/share/marvelmind_ros2_msgs/cmake/export_marvelmind_ros2_msgs__rosidl_generator_pyExport.cmake
[1.089s] -- Up-to-date: /home/hamzalegion/COROSOLS_WS/install/marvelmind_ros2_msgs/share/marvelmind_ros2_msgs/cmake/export_marvelmind_ros2_msgs__rosidl_generator_pyExport-noconfig.cmake
[1.090s] -- Up-to-date: /home/hamzalegion/COROSOLS_WS/install/marvelmind_ros2_msgs/share/marvelmind_ros2_msgs/cmake/rosidl_cmake-extras.cmake
[1.090s] -- Up-to-date: /home/hamzalegion/COROSOLS_WS/install/marvelmind_ros2_msgs/share/marvelmind_ros2_msgs/cmake/ament_cmake_export_dependencies-extras.cmake
[1.090s] -- Up-to-date: /home/hamzalegion/COROSOLS_WS/install/marvelmind_ros2_msgs/share/marvelmind_ros2_msgs/cmake/ament_cmake_export_include_directories-extras.cmake
[1.090s] -- Up-to-date: /home/hamzalegion/COROSOLS_WS/install/marvelmind_ros2_msgs/share/marvelmind_ros2_msgs/cmake/ament_cmake_export_libraries-extras.cmake
[1.090s] -- Up-to-date: /home/hamzalegion/COROSOLS_WS/install/marvelmind_ros2_msgs/share/marvelmind_ros2_msgs/cmake/ament_cmake_export_targets-extras.cmake
[1.090s] -- Up-to-date: /home/hamzalegion/COROSOLS_WS/install/marvelmind_ros2_msgs/share/marvelmind_ros2_msgs/cmake/rosidl_cmake_export_typesupport_targets-extras.cmake
[1.090s] -- Up-to-date: /home/hamzalegion/COROSOLS_WS/install/marvelmind_ros2_msgs/share/marvelmind_ros2_msgs/cmake/rosidl_cmake_export_typesupport_libraries-extras.cmake
[1.090s] -- Up-to-date: /home/hamzalegion/COROSOLS_WS/install/marvelmind_ros2_msgs/share/marvelmind_ros2_msgs/cmake/marvelmind_ros2_msgsConfig.cmake
[1.090s] -- Up-to-date: /home/hamzalegion/COROSOLS_WS/install/marvelmind_ros2_msgs/share/marvelmind_ros2_msgs/cmake/marvelmind_ros2_msgsConfig-version.cmake
[1.091s] -- Up-to-date: /home/hamzalegion/COROSOLS_WS/install/marvelmind_ros2_msgs/share/marvelmind_ros2_msgs/package.xml
[1.093s] Invoked command in '/home/hamzalegion/COROSOLS_WS/build/marvelmind_ros2_msgs' returned '0': CMAKE_PREFIX_PATH=${CMAKE_PREFIX_PATH}:/home/hamzalegion/COROSOLS_WS/install/corosols:/opt/ros/humble /usr/bin/cmake --install /home/hamzalegion/COROSOLS_WS/build/marvelmind_ros2_msgs
