[0.013s] Invoking command in '/home/youssef/COROSOLS_WS/build/marvelmind_ros2': AMENT_PREFIX_PATH=/home/youssef/COROSOLS_WS/install/marvelmind_ros2_msgs:${AMENT_PREFIX_PATH} CMAKE_PREFIX_PATH=/home/youssef/COROSOLS_WS/install/marvelmind_ros2_msgs:/opt/ros/humble LD_LIBRARY_PATH=/home/youssef/COROSOLS_WS/install/marvelmind_ros2_msgs/lib:${LD_LIBRARY_PATH} PYTHONPATH=/home/youssef/COROSOLS_WS/install/marvelmind_ros2_msgs/local/lib/python3.10/dist-packages:${PYTHONPATH} /usr/bin/cmake --build /home/youssef/COROSOLS_WS/build/marvelmind_ros2 -- -j8 -l8
[0.076s] [ 50%] Built target marvelmind_hedge_lib
[0.076s] [ 50%] Built target marvelmind_api_lib
[0.114s] [ 87%] Built target marvelmind_ros2
[0.114s] [100%] Built target marvelmind_api_ros2
[0.128s] Invoked command in '/home/youssef/COROSOLS_WS/build/marvelmind_ros2' returned '0': AMENT_PREFIX_PATH=/home/youssef/COROSOLS_WS/install/marvelmind_ros2_msgs:${AMENT_PREFIX_PATH} CMAKE_PREFIX_PATH=/home/youssef/COROSOLS_WS/install/marvelmind_ros2_msgs:/opt/ros/humble LD_LIBRARY_PATH=/home/youssef/COROSOLS_WS/install/marvelmind_ros2_msgs/lib:${LD_LIBRARY_PATH} PYTHONPATH=/home/youssef/COROSOLS_WS/install/marvelmind_ros2_msgs/local/lib/python3.10/dist-packages:${PYTHONPATH} /usr/bin/cmake --build /home/youssef/COROSOLS_WS/build/marvelmind_ros2 -- -j8 -l8
[0.166s] Invoking command in '/home/youssef/COROSOLS_WS/build/marvelmind_ros2': AMENT_PREFIX_PATH=/home/youssef/COROSOLS_WS/install/marvelmind_ros2_msgs:${AMENT_PREFIX_PATH} CMAKE_PREFIX_PATH=/home/youssef/COROSOLS_WS/install/marvelmind_ros2_msgs:/opt/ros/humble LD_LIBRARY_PATH=/home/youssef/COROSOLS_WS/install/marvelmind_ros2_msgs/lib:${LD_LIBRARY_PATH} PYTHONPATH=/home/youssef/COROSOLS_WS/install/marvelmind_ros2_msgs/local/lib/python3.10/dist-packages:${PYTHONPATH} /usr/bin/cmake --install /home/youssef/COROSOLS_WS/build/marvelmind_ros2
[0.174s] -- Install configuration: ""
[0.175s] -- Up-to-date: /home/youssef/COROSOLS_WS/install/marvelmind_ros2/lib/marvelmind_ros2/marvelmind_ros2
[0.176s] -- Up-to-date: /home/youssef/COROSOLS_WS/install/marvelmind_ros2/lib/marvelmind_ros2/marvelmind_api_ros2
[0.176s] -- Up-to-date: /home/youssef/COROSOLS_WS/install/marvelmind_ros2/share/marvelmind_ros2/config
[0.176s] -- Up-to-date: /home/youssef/COROSOLS_WS/install/marvelmind_ros2/share/marvelmind_ros2/config/marvelmind_ros2_config.yaml
[0.176s] -- Up-to-date: /home/youssef/COROSOLS_WS/install/marvelmind_ros2/share/marvelmind_ros2/launch
[0.177s] -- Up-to-date: /home/youssef/COROSOLS_WS/install/marvelmind_ros2/share/marvelmind_ros2/launch/marvelmind_ros2.launch.py
[0.177s] -- Up-to-date: /home/youssef/COROSOLS_WS/install/marvelmind_ros2/share/marvelmind_ros2/launch/marvelmind_api_ros2.launch.py
[0.177s] -- Up-to-date: /home/youssef/COROSOLS_WS/install/marvelmind_ros2/share/ament_index/resource_index/package_run_dependencies/marvelmind_ros2
[0.177s] -- Up-to-date: /home/youssef/COROSOLS_WS/install/marvelmind_ros2/share/ament_index/resource_index/parent_prefix_path/marvelmind_ros2
[0.177s] -- Up-to-date: /home/youssef/COROSOLS_WS/install/marvelmind_ros2/share/marvelmind_ros2/environment/ament_prefix_path.sh
[0.177s] -- Up-to-date: /home/youssef/COROSOLS_WS/install/marvelmind_ros2/share/marvelmind_ros2/environment/ament_prefix_path.dsv
[0.177s] -- Up-to-date: /home/youssef/COROSOLS_WS/install/marvelmind_ros2/share/marvelmind_ros2/environment/path.sh
[0.177s] -- Up-to-date: /home/youssef/COROSOLS_WS/install/marvelmind_ros2/share/marvelmind_ros2/environment/path.dsv
[0.177s] -- Up-to-date: /home/youssef/COROSOLS_WS/install/marvelmind_ros2/share/marvelmind_ros2/local_setup.bash
[0.177s] -- Up-to-date: /home/youssef/COROSOLS_WS/install/marvelmind_ros2/share/marvelmind_ros2/local_setup.sh
[0.177s] -- Up-to-date: /home/youssef/COROSOLS_WS/install/marvelmind_ros2/share/marvelmind_ros2/local_setup.zsh
[0.178s] -- Up-to-date: /home/youssef/COROSOLS_WS/install/marvelmind_ros2/share/marvelmind_ros2/local_setup.dsv
[0.178s] -- Installing: /home/youssef/COROSOLS_WS/install/marvelmind_ros2/share/marvelmind_ros2/package.dsv
[0.178s] -- Up-to-date: /home/youssef/COROSOLS_WS/install/marvelmind_ros2/share/ament_index/resource_index/packages/marvelmind_ros2
[0.178s] -- Up-to-date: /home/youssef/COROSOLS_WS/install/marvelmind_ros2/share/marvelmind_ros2/cmake/marvelmind_ros2Config.cmake
[0.178s] -- Up-to-date: /home/youssef/COROSOLS_WS/install/marvelmind_ros2/share/marvelmind_ros2/cmake/marvelmind_ros2Config-version.cmake
[0.178s] -- Up-to-date: /home/youssef/COROSOLS_WS/install/marvelmind_ros2/share/marvelmind_ros2/package.xml
[0.181s] Invoked command in '/home/youssef/COROSOLS_WS/build/marvelmind_ros2' returned '0': AMENT_PREFIX_PATH=/home/youssef/COROSOLS_WS/install/marvelmind_ros2_msgs:${AMENT_PREFIX_PATH} CMAKE_PREFIX_PATH=/home/youssef/COROSOLS_WS/install/marvelmind_ros2_msgs:/opt/ros/humble LD_LIBRARY_PATH=/home/youssef/COROSOLS_WS/install/marvelmind_ros2_msgs/lib:${LD_LIBRARY_PATH} PYTHONPATH=/home/youssef/COROSOLS_WS/install/marvelmind_ros2_msgs/local/lib/python3.10/dist-packages:${PYTHONPATH} /usr/bin/cmake --install /home/youssef/COROSOLS_WS/build/marvelmind_ros2
