[0.034s] Invoking command in '/home/youssef/COROSOLS_WS/build/custom_interfaces': CMAKE_PREFIX_PATH=${CMAKE_PREFIX_PATH}:/home/youssef/COROSOLS_WS/install/corosols:/opt/ros/humble /usr/bin/cmake --build /home/youssef/COROSOLS_WS/build/custom_interfaces -- -j8 -l8
[0.129s] [ 10%] Built target custom_interfaces__rosidl_generator_c
[0.132s] [ 12%] Built target custom_interfaces__cpp
[0.157s] [ 12%] Built target ament_cmake_python_copy_custom_interfaces
[0.212s] [ 23%] Built target custom_interfaces__rosidl_typesupport_cpp
[0.241s] [ 34%] Built target custom_interfaces__rosidl_typesupport_introspection_cpp
[0.245s] [ 44%] Built target custom_interfaces__rosidl_typesupport_c
[0.248s] [ 55%] Built target custom_interfaces__rosidl_typesupport_fastrtps_c
[0.251s] [ 65%] Built target custom_interfaces__rosidl_typesupport_fastrtps_cpp
[0.269s] [ 76%] Built target custom_interfaces__rosidl_typesupport_introspection_c
[0.343s] [ 76%] Built target custom_interfaces
[0.390s] [ 78%] Built target custom_interfaces__py
[0.439s] [ 87%] Built target custom_interfaces__rosidl_generator_py
[0.493s] [ 91%] Built target custom_interfaces__rosidl_typesupport_c__pyext
[0.496s] [ 95%] Built target custom_interfaces__rosidl_typesupport_fastrtps_c__pyext
[0.498s] [100%] Built target custom_interfaces__rosidl_typesupport_introspection_c__pyext
[0.650s] running egg_info
[0.652s] writing custom_interfaces.egg-info/PKG-INFO
[0.652s] writing dependency_links to custom_interfaces.egg-info/dependency_links.txt
[0.652s] writing top-level names to custom_interfaces.egg-info/top_level.txt
[0.657s] reading manifest file 'custom_interfaces.egg-info/SOURCES.txt'
[0.658s] writing manifest file 'custom_interfaces.egg-info/SOURCES.txt'
[0.698s] [100%] Built target ament_cmake_python_build_custom_interfaces_egg
[0.715s] Invoked command in '/home/youssef/COROSOLS_WS/build/custom_interfaces' returned '0': CMAKE_PREFIX_PATH=${CMAKE_PREFIX_PATH}:/home/youssef/COROSOLS_WS/install/corosols:/opt/ros/humble /usr/bin/cmake --build /home/youssef/COROSOLS_WS/build/custom_interfaces -- -j8 -l8
[0.717s] Invoking command in '/home/youssef/COROSOLS_WS/build/custom_interfaces': CMAKE_PREFIX_PATH=${CMAKE_PREFIX_PATH}:/home/youssef/COROSOLS_WS/install/corosols:/opt/ros/humble /usr/bin/cmake --install /home/youssef/COROSOLS_WS/build/custom_interfaces
[0.735s] -- Install configuration: ""
[0.735s] -- Up-to-date: /home/youssef/COROSOLS_WS/install/custom_interfaces/share/ament_index/resource_index/rosidl_interfaces/custom_interfaces
[0.737s] -- Up-to-date: /home/youssef/COROSOLS_WS/install/custom_interfaces/include/custom_interfaces/custom_interfaces
[0.738s] -- Up-to-date: /home/youssef/COROSOLS_WS/install/custom_interfaces/include/custom_interfaces/custom_interfaces/msg
[0.738s] -- Up-to-date: /home/youssef/COROSOLS_WS/install/custom_interfaces/include/custom_interfaces/custom_interfaces/msg/serial_data.h
[0.738s] -- Up-to-date: /home/youssef/COROSOLS_WS/install/custom_interfaces/include/custom_interfaces/custom_interfaces/msg/rosidl_generator_c__visibility_control.h
[0.738s] -- Up-to-date: /home/youssef/COROSOLS_WS/install/custom_interfaces/include/custom_interfaces/custom_interfaces/msg/detail
[0.738s] -- Up-to-date: /home/youssef/COROSOLS_WS/install/custom_interfaces/include/custom_interfaces/custom_interfaces/msg/detail/imu_data__functions.h
[0.739s] -- Up-to-date: /home/youssef/COROSOLS_WS/install/custom_interfaces/include/custom_interfaces/custom_interfaces/msg/detail/imu_data__type_support.h
[0.739s] -- Up-to-date: /home/youssef/COROSOLS_WS/install/custom_interfaces/include/custom_interfaces/custom_interfaces/msg/detail/imu_data__functions.c
[0.739s] -- Up-to-date: /home/youssef/COROSOLS_WS/install/custom_interfaces/include/custom_interfaces/custom_interfaces/msg/detail/serial_data__type_support.h
[0.739s] -- Up-to-date: /home/youssef/COROSOLS_WS/install/custom_interfaces/include/custom_interfaces/custom_interfaces/msg/detail/imu_data__struct.h
[0.740s] -- Up-to-date: /home/youssef/COROSOLS_WS/install/custom_interfaces/include/custom_interfaces/custom_interfaces/msg/detail/serial_data__functions.c
[0.740s] -- Up-to-date: /home/youssef/COROSOLS_WS/install/custom_interfaces/include/custom_interfaces/custom_interfaces/msg/detail/serial_data__struct.h
[0.740s] -- Up-to-date: /home/youssef/COROSOLS_WS/install/custom_interfaces/include/custom_interfaces/custom_interfaces/msg/detail/serial_data__functions.h
[0.740s] -- Up-to-date: /home/youssef/COROSOLS_WS/install/custom_interfaces/include/custom_interfaces/custom_interfaces/msg/imu_data.h
[0.740s] -- Up-to-date: /home/youssef/COROSOLS_WS/install/custom_interfaces/include/custom_interfaces/custom_interfaces/srv
[0.740s] -- Up-to-date: /home/youssef/COROSOLS_WS/install/custom_interfaces/include/custom_interfaces/custom_interfaces/srv/detail
[0.741s] -- Up-to-date: /home/youssef/COROSOLS_WS/install/custom_interfaces/include/custom_interfaces/custom_interfaces/srv/detail/commands__functions.h
[0.741s] -- Up-to-date: /home/youssef/COROSOLS_WS/install/custom_interfaces/include/custom_interfaces/custom_interfaces/srv/detail/commands__type_support.h
[0.741s] -- Up-to-date: /home/youssef/COROSOLS_WS/install/custom_interfaces/include/custom_interfaces/custom_interfaces/srv/detail/commands__struct.h
[0.741s] -- Up-to-date: /home/youssef/COROSOLS_WS/install/custom_interfaces/include/custom_interfaces/custom_interfaces/srv/detail/commands__functions.c
[0.741s] -- Up-to-date: /home/youssef/COROSOLS_WS/install/custom_interfaces/include/custom_interfaces/custom_interfaces/srv/commands.h
[0.742s] -- Up-to-date: /home/youssef/COROSOLS_WS/install/custom_interfaces/share/custom_interfaces/environment/library_path.sh
[0.742s] -- Up-to-date: /home/youssef/COROSOLS_WS/install/custom_interfaces/share/custom_interfaces/environment/library_path.dsv
[0.742s] -- Up-to-date: /home/youssef/COROSOLS_WS/install/custom_interfaces/lib/libcustom_interfaces__rosidl_generator_c.so
[0.743s] -- Up-to-date: /home/youssef/COROSOLS_WS/install/custom_interfaces/include/custom_interfaces/custom_interfaces
[0.743s] -- Up-to-date: /home/youssef/COROSOLS_WS/install/custom_interfaces/include/custom_interfaces/custom_interfaces/msg
[0.744s] -- Up-to-date: /home/youssef/COROSOLS_WS/install/custom_interfaces/include/custom_interfaces/custom_interfaces/msg/detail
[0.744s] -- Up-to-date: /home/youssef/COROSOLS_WS/install/custom_interfaces/include/custom_interfaces/custom_interfaces/msg/detail/imu_data__rosidl_typesupport_fastrtps_c.h
[0.744s] -- Up-to-date: /home/youssef/COROSOLS_WS/install/custom_interfaces/include/custom_interfaces/custom_interfaces/msg/detail/serial_data__rosidl_typesupport_fastrtps_c.h
[0.744s] -- Up-to-date: /home/youssef/COROSOLS_WS/install/custom_interfaces/include/custom_interfaces/custom_interfaces/msg/rosidl_typesupport_fastrtps_c__visibility_control.h
[0.744s] -- Up-to-date: /home/youssef/COROSOLS_WS/install/custom_interfaces/include/custom_interfaces/custom_interfaces/srv
[0.745s] -- Up-to-date: /home/youssef/COROSOLS_WS/install/custom_interfaces/include/custom_interfaces/custom_interfaces/srv/detail
[0.745s] -- Up-to-date: /home/youssef/COROSOLS_WS/install/custom_interfaces/include/custom_interfaces/custom_interfaces/srv/detail/commands__rosidl_typesupport_fastrtps_c.h
[0.747s] -- Up-to-date: /home/youssef/COROSOLS_WS/install/custom_interfaces/lib/libcustom_interfaces__rosidl_typesupport_fastrtps_c.so
[0.747s] -- Up-to-date: /home/youssef/COROSOLS_WS/install/custom_interfaces/include/custom_interfaces/custom_interfaces
[0.747s] -- Up-to-date: /home/youssef/COROSOLS_WS/install/custom_interfaces/include/custom_interfaces/custom_interfaces/msg
[0.748s] -- Up-to-date: /home/youssef/COROSOLS_WS/install/custom_interfaces/include/custom_interfaces/custom_interfaces/msg/rosidl_typesupport_introspection_c__visibility_control.h
[0.748s] -- Up-to-date: /home/youssef/COROSOLS_WS/install/custom_interfaces/include/custom_interfaces/custom_interfaces/msg/detail
[0.748s] -- Up-to-date: /home/youssef/COROSOLS_WS/install/custom_interfaces/include/custom_interfaces/custom_interfaces/msg/detail/imu_data__rosidl_typesupport_introspection_c.h
[0.748s] -- Up-to-date: /home/youssef/COROSOLS_WS/install/custom_interfaces/include/custom_interfaces/custom_interfaces/msg/detail/imu_data__type_support.c
[0.748s] -- Up-to-date: /home/youssef/COROSOLS_WS/install/custom_interfaces/include/custom_interfaces/custom_interfaces/msg/detail/serial_data__rosidl_typesupport_introspection_c.h
[0.749s] -- Up-to-date: /home/youssef/COROSOLS_WS/install/custom_interfaces/include/custom_interfaces/custom_interfaces/msg/detail/serial_data__type_support.c
[0.749s] -- Up-to-date: /home/youssef/COROSOLS_WS/install/custom_interfaces/include/custom_interfaces/custom_interfaces/srv
[0.749s] -- Up-to-date: /home/youssef/COROSOLS_WS/install/custom_interfaces/include/custom_interfaces/custom_interfaces/srv/detail
[0.749s] -- Up-to-date: /home/youssef/COROSOLS_WS/install/custom_interfaces/include/custom_interfaces/custom_interfaces/srv/detail/commands__rosidl_typesupport_introspection_c.h
[0.749s] -- Up-to-date: /home/youssef/COROSOLS_WS/install/custom_interfaces/include/custom_interfaces/custom_interfaces/srv/detail/commands__type_support.c
[0.749s] -- Up-to-date: /home/youssef/COROSOLS_WS/install/custom_interfaces/lib/libcustom_interfaces__rosidl_typesupport_introspection_c.so
[0.750s] -- Up-to-date: /home/youssef/COROSOLS_WS/install/custom_interfaces/lib/libcustom_interfaces__rosidl_typesupport_c.so
[0.750s] -- Up-to-date: /home/youssef/COROSOLS_WS/install/custom_interfaces/include/custom_interfaces/custom_interfaces
[0.750s] -- Up-to-date: /home/youssef/COROSOLS_WS/install/custom_interfaces/include/custom_interfaces/custom_interfaces/msg
[0.750s] -- Up-to-date: /home/youssef/COROSOLS_WS/install/custom_interfaces/include/custom_interfaces/custom_interfaces/msg/rosidl_generator_cpp__visibility_control.hpp
[0.750s] -- Up-to-date: /home/youssef/COROSOLS_WS/install/custom_interfaces/include/custom_interfaces/custom_interfaces/msg/serial_data.hpp
[0.751s] -- Up-to-date: /home/youssef/COROSOLS_WS/install/custom_interfaces/include/custom_interfaces/custom_interfaces/msg/imu_data.hpp
[0.751s] -- Up-to-date: /home/youssef/COROSOLS_WS/install/custom_interfaces/include/custom_interfaces/custom_interfaces/msg/detail
[0.751s] -- Up-to-date: /home/youssef/COROSOLS_WS/install/custom_interfaces/include/custom_interfaces/custom_interfaces/msg/detail/serial_data__traits.hpp
[0.751s] -- Up-to-date: /home/youssef/COROSOLS_WS/install/custom_interfaces/include/custom_interfaces/custom_interfaces/msg/detail/serial_data__struct.hpp
[0.751s] -- Up-to-date: /home/youssef/COROSOLS_WS/install/custom_interfaces/include/custom_interfaces/custom_interfaces/msg/detail/imu_data__struct.hpp
[0.751s] -- Up-to-date: /home/youssef/COROSOLS_WS/install/custom_interfaces/include/custom_interfaces/custom_interfaces/msg/detail/serial_data__type_support.hpp
[0.751s] -- Up-to-date: /home/youssef/COROSOLS_WS/install/custom_interfaces/include/custom_interfaces/custom_interfaces/msg/detail/imu_data__type_support.hpp
[0.752s] -- Up-to-date: /home/youssef/COROSOLS_WS/install/custom_interfaces/include/custom_interfaces/custom_interfaces/msg/detail/imu_data__traits.hpp
[0.752s] -- Up-to-date: /home/youssef/COROSOLS_WS/install/custom_interfaces/include/custom_interfaces/custom_interfaces/msg/detail/serial_data__builder.hpp
[0.752s] -- Up-to-date: /home/youssef/COROSOLS_WS/install/custom_interfaces/include/custom_interfaces/custom_interfaces/msg/detail/imu_data__builder.hpp
[0.752s] -- Up-to-date: /home/youssef/COROSOLS_WS/install/custom_interfaces/include/custom_interfaces/custom_interfaces/srv
[0.752s] -- Up-to-date: /home/youssef/COROSOLS_WS/install/custom_interfaces/include/custom_interfaces/custom_interfaces/srv/commands.hpp
[0.752s] -- Up-to-date: /home/youssef/COROSOLS_WS/install/custom_interfaces/include/custom_interfaces/custom_interfaces/srv/detail
[0.752s] -- Up-to-date: /home/youssef/COROSOLS_WS/install/custom_interfaces/include/custom_interfaces/custom_interfaces/srv/detail/commands__struct.hpp
[0.753s] -- Up-to-date: /home/youssef/COROSOLS_WS/install/custom_interfaces/include/custom_interfaces/custom_interfaces/srv/detail/commands__traits.hpp
[0.753s] -- Up-to-date: /home/youssef/COROSOLS_WS/install/custom_interfaces/include/custom_interfaces/custom_interfaces/srv/detail/commands__type_support.hpp
[0.753s] -- Up-to-date: /home/youssef/COROSOLS_WS/install/custom_interfaces/include/custom_interfaces/custom_interfaces/srv/detail/commands__builder.hpp
[0.753s] -- Up-to-date: /home/youssef/COROSOLS_WS/install/custom_interfaces/include/custom_interfaces/custom_interfaces
[0.754s] -- Up-to-date: /home/youssef/COROSOLS_WS/install/custom_interfaces/include/custom_interfaces/custom_interfaces/msg
[0.754s] -- Up-to-date: /home/youssef/COROSOLS_WS/install/custom_interfaces/include/custom_interfaces/custom_interfaces/msg/rosidl_typesupport_fastrtps_cpp__visibility_control.h
[0.754s] -- Up-to-date: /home/youssef/COROSOLS_WS/install/custom_interfaces/include/custom_interfaces/custom_interfaces/msg/detail
[0.754s] -- Up-to-date: /home/youssef/COROSOLS_WS/install/custom_interfaces/include/custom_interfaces/custom_interfaces/msg/detail/serial_data__rosidl_typesupport_fastrtps_cpp.hpp
[0.754s] -- Up-to-date: /home/youssef/COROSOLS_WS/install/custom_interfaces/include/custom_interfaces/custom_interfaces/msg/detail/dds_fastrtps
[0.754s] -- Up-to-date: /home/youssef/COROSOLS_WS/install/custom_interfaces/include/custom_interfaces/custom_interfaces/msg/detail/imu_data__rosidl_typesupport_fastrtps_cpp.hpp
[0.755s] -- Up-to-date: /home/youssef/COROSOLS_WS/install/custom_interfaces/include/custom_interfaces/custom_interfaces/srv
[0.755s] -- Up-to-date: /home/youssef/COROSOLS_WS/install/custom_interfaces/include/custom_interfaces/custom_interfaces/srv/detail
[0.755s] -- Up-to-date: /home/youssef/COROSOLS_WS/install/custom_interfaces/include/custom_interfaces/custom_interfaces/srv/detail/dds_fastrtps
[0.755s] -- Up-to-date: /home/youssef/COROSOLS_WS/install/custom_interfaces/include/custom_interfaces/custom_interfaces/srv/detail/commands__rosidl_typesupport_fastrtps_cpp.hpp
[0.755s] -- Up-to-date: /home/youssef/COROSOLS_WS/install/custom_interfaces/lib/libcustom_interfaces__rosidl_typesupport_fastrtps_cpp.so
[0.755s] -- Up-to-date: /home/youssef/COROSOLS_WS/install/custom_interfaces/include/custom_interfaces/custom_interfaces
[0.755s] -- Up-to-date: /home/youssef/COROSOLS_WS/install/custom_interfaces/include/custom_interfaces/custom_interfaces/msg
[0.755s] -- Up-to-date: /home/youssef/COROSOLS_WS/install/custom_interfaces/include/custom_interfaces/custom_interfaces/msg/detail
[0.756s] -- Up-to-date: /home/youssef/COROSOLS_WS/install/custom_interfaces/include/custom_interfaces/custom_interfaces/msg/detail/serial_data__type_support.cpp
[0.756s] -- Up-to-date: /home/youssef/COROSOLS_WS/install/custom_interfaces/include/custom_interfaces/custom_interfaces/msg/detail/imu_data__rosidl_typesupport_introspection_cpp.hpp
[0.756s] -- Up-to-date: /home/youssef/COROSOLS_WS/install/custom_interfaces/include/custom_interfaces/custom_interfaces/msg/detail/serial_data__rosidl_typesupport_introspection_cpp.hpp
[0.756s] -- Up-to-date: /home/youssef/COROSOLS_WS/install/custom_interfaces/include/custom_interfaces/custom_interfaces/msg/detail/imu_data__type_support.cpp
[0.756s] -- Up-to-date: /home/youssef/COROSOLS_WS/install/custom_interfaces/include/custom_interfaces/custom_interfaces/srv
[0.756s] -- Up-to-date: /home/youssef/COROSOLS_WS/install/custom_interfaces/include/custom_interfaces/custom_interfaces/srv/detail
[0.756s] -- Up-to-date: /home/youssef/COROSOLS_WS/install/custom_interfaces/include/custom_interfaces/custom_interfaces/srv/detail/commands__type_support.cpp
[0.756s] -- Up-to-date: /home/youssef/COROSOLS_WS/install/custom_interfaces/include/custom_interfaces/custom_interfaces/srv/detail/commands__rosidl_typesupport_introspection_cpp.hpp
[0.757s] -- Up-to-date: /home/youssef/COROSOLS_WS/install/custom_interfaces/lib/libcustom_interfaces__rosidl_typesupport_introspection_cpp.so
[0.757s] -- Up-to-date: /home/youssef/COROSOLS_WS/install/custom_interfaces/lib/libcustom_interfaces__rosidl_typesupport_cpp.so
[0.757s] -- Up-to-date: /home/youssef/COROSOLS_WS/install/custom_interfaces/share/custom_interfaces/environment/pythonpath.sh
[0.757s] -- Up-to-date: /home/youssef/COROSOLS_WS/install/custom_interfaces/share/custom_interfaces/environment/pythonpath.dsv
[0.757s] -- Up-to-date: /home/youssef/COROSOLS_WS/install/custom_interfaces/local/lib/python3.10/dist-packages/custom_interfaces-0.0.0-py3.10.egg-info
[0.757s] -- Installing: /home/youssef/COROSOLS_WS/install/custom_interfaces/local/lib/python3.10/dist-packages/custom_interfaces-0.0.0-py3.10.egg-info/dependency_links.txt
[0.757s] -- Installing: /home/youssef/COROSOLS_WS/install/custom_interfaces/local/lib/python3.10/dist-packages/custom_interfaces-0.0.0-py3.10.egg-info/PKG-INFO
[0.757s] -- Installing: /home/youssef/COROSOLS_WS/install/custom_interfaces/local/lib/python3.10/dist-packages/custom_interfaces-0.0.0-py3.10.egg-info/top_level.txt
[0.758s] -- Installing: /home/youssef/COROSOLS_WS/install/custom_interfaces/local/lib/python3.10/dist-packages/custom_interfaces-0.0.0-py3.10.egg-info/SOURCES.txt
[0.758s] -- Up-to-date: /home/youssef/COROSOLS_WS/install/custom_interfaces/local/lib/python3.10/dist-packages/custom_interfaces
[0.758s] -- Up-to-date: /home/youssef/COROSOLS_WS/install/custom_interfaces/local/lib/python3.10/dist-packages/custom_interfaces/msg
[0.758s] -- Up-to-date: /home/youssef/COROSOLS_WS/install/custom_interfaces/local/lib/python3.10/dist-packages/custom_interfaces/msg/_serial_data_s.c
[0.758s] -- Up-to-date: /home/youssef/COROSOLS_WS/install/custom_interfaces/local/lib/python3.10/dist-packages/custom_interfaces/msg/_serial_data.py
[0.758s] -- Up-to-date: /home/youssef/COROSOLS_WS/install/custom_interfaces/local/lib/python3.10/dist-packages/custom_interfaces/msg/_imu_data_s.c
[0.758s] -- Up-to-date: /home/youssef/COROSOLS_WS/install/custom_interfaces/local/lib/python3.10/dist-packages/custom_interfaces/msg/_imu_data.py
[0.758s] -- Up-to-date: /home/youssef/COROSOLS_WS/install/custom_interfaces/local/lib/python3.10/dist-packages/custom_interfaces/msg/__init__.py
[0.758s] -- Up-to-date: /home/youssef/COROSOLS_WS/install/custom_interfaces/local/lib/python3.10/dist-packages/custom_interfaces/libcustom_interfaces__rosidl_generator_py.so
[0.759s] -- Up-to-date: /home/youssef/COROSOLS_WS/install/custom_interfaces/local/lib/python3.10/dist-packages/custom_interfaces/custom_interfaces_s__rosidl_typesupport_c.cpython-310-x86_64-linux-gnu.so
[0.759s] -- Up-to-date: /home/youssef/COROSOLS_WS/install/custom_interfaces/local/lib/python3.10/dist-packages/custom_interfaces/_custom_interfaces_s.ep.rosidl_typesupport_c.c
[0.759s] -- Up-to-date: /home/youssef/COROSOLS_WS/install/custom_interfaces/local/lib/python3.10/dist-packages/custom_interfaces/custom_interfaces_s__rosidl_typesupport_introspection_c.cpython-310-x86_64-linux-gnu.so
[0.759s] -- Up-to-date: /home/youssef/COROSOLS_WS/install/custom_interfaces/local/lib/python3.10/dist-packages/custom_interfaces/custom_interfaces_s__rosidl_typesupport_fastrtps_c.cpython-310-x86_64-linux-gnu.so
[0.759s] -- Up-to-date: /home/youssef/COROSOLS_WS/install/custom_interfaces/local/lib/python3.10/dist-packages/custom_interfaces/srv
[0.759s] -- Up-to-date: /home/youssef/COROSOLS_WS/install/custom_interfaces/local/lib/python3.10/dist-packages/custom_interfaces/srv/_commands_s.c
[0.759s] -- Up-to-date: /home/youssef/COROSOLS_WS/install/custom_interfaces/local/lib/python3.10/dist-packages/custom_interfaces/srv/_commands.py
[0.759s] -- Up-to-date: /home/youssef/COROSOLS_WS/install/custom_interfaces/local/lib/python3.10/dist-packages/custom_interfaces/srv/__init__.py
[0.760s] -- Up-to-date: /home/youssef/COROSOLS_WS/install/custom_interfaces/local/lib/python3.10/dist-packages/custom_interfaces/_custom_interfaces_s.ep.rosidl_typesupport_fastrtps_c.c
[0.760s] -- Up-to-date: /home/youssef/COROSOLS_WS/install/custom_interfaces/local/lib/python3.10/dist-packages/custom_interfaces/__init__.py
[0.760s] -- Up-to-date: /home/youssef/COROSOLS_WS/install/custom_interfaces/local/lib/python3.10/dist-packages/custom_interfaces/_custom_interfaces_s.ep.rosidl_typesupport_introspection_c.c
[0.795s] Listing '/home/youssef/COROSOLS_WS/install/custom_interfaces/local/lib/python3.10/dist-packages/custom_interfaces'...
[0.795s] Listing '/home/youssef/COROSOLS_WS/install/custom_interfaces/local/lib/python3.10/dist-packages/custom_interfaces/msg'...
[0.795s] Listing '/home/youssef/COROSOLS_WS/install/custom_interfaces/local/lib/python3.10/dist-packages/custom_interfaces/srv'...
[0.799s] -- Up-to-date: /home/youssef/COROSOLS_WS/install/custom_interfaces/local/lib/python3.10/dist-packages/custom_interfaces/custom_interfaces_s__rosidl_typesupport_fastrtps_c.cpython-310-x86_64-linux-gnu.so
[0.800s] -- Up-to-date: /home/youssef/COROSOLS_WS/install/custom_interfaces/local/lib/python3.10/dist-packages/custom_interfaces/custom_interfaces_s__rosidl_typesupport_introspection_c.cpython-310-x86_64-linux-gnu.so
[0.801s] -- Up-to-date: /home/youssef/COROSOLS_WS/install/custom_interfaces/local/lib/python3.10/dist-packages/custom_interfaces/custom_interfaces_s__rosidl_typesupport_c.cpython-310-x86_64-linux-gnu.so
[0.801s] -- Up-to-date: /home/youssef/COROSOLS_WS/install/custom_interfaces/lib/libcustom_interfaces__rosidl_generator_py.so
[0.802s] -- Up-to-date: /home/youssef/COROSOLS_WS/install/custom_interfaces/share/custom_interfaces/msg/SerialData.idl
[0.802s] -- Up-to-date: /home/youssef/COROSOLS_WS/install/custom_interfaces/share/custom_interfaces/msg/ImuData.idl
[0.803s] -- Up-to-date: /home/youssef/COROSOLS_WS/install/custom_interfaces/share/custom_interfaces/srv/Commands.idl
[0.803s] -- Up-to-date: /home/youssef/COROSOLS_WS/install/custom_interfaces/share/custom_interfaces/msg/SerialData.msg
[0.803s] -- Up-to-date: /home/youssef/COROSOLS_WS/install/custom_interfaces/share/custom_interfaces/msg/ImuData.msg
[0.805s] -- Up-to-date: /home/youssef/COROSOLS_WS/install/custom_interfaces/share/custom_interfaces/srv/Commands.srv
[0.805s] -- Up-to-date: /home/youssef/COROSOLS_WS/install/custom_interfaces/share/custom_interfaces/srv/Commands_Request.msg
[0.805s] -- Up-to-date: /home/youssef/COROSOLS_WS/install/custom_interfaces/share/custom_interfaces/srv/Commands_Response.msg
[0.806s] -- Up-to-date: /home/youssef/COROSOLS_WS/install/custom_interfaces/share/ament_index/resource_index/package_run_dependencies/custom_interfaces
[0.806s] -- Up-to-date: /home/youssef/COROSOLS_WS/install/custom_interfaces/share/ament_index/resource_index/parent_prefix_path/custom_interfaces
[0.807s] -- Up-to-date: /home/youssef/COROSOLS_WS/install/custom_interfaces/share/custom_interfaces/environment/ament_prefix_path.sh
[0.807s] -- Up-to-date: /home/youssef/COROSOLS_WS/install/custom_interfaces/share/custom_interfaces/environment/ament_prefix_path.dsv
[0.808s] -- Up-to-date: /home/youssef/COROSOLS_WS/install/custom_interfaces/share/custom_interfaces/environment/path.sh
[0.809s] -- Up-to-date: /home/youssef/COROSOLS_WS/install/custom_interfaces/share/custom_interfaces/environment/path.dsv
[0.809s] -- Up-to-date: /home/youssef/COROSOLS_WS/install/custom_interfaces/share/custom_interfaces/local_setup.bash
[0.810s] -- Up-to-date: /home/youssef/COROSOLS_WS/install/custom_interfaces/share/custom_interfaces/local_setup.sh
[0.810s] -- Up-to-date: /home/youssef/COROSOLS_WS/install/custom_interfaces/share/custom_interfaces/local_setup.zsh
[0.810s] -- Up-to-date: /home/youssef/COROSOLS_WS/install/custom_interfaces/share/custom_interfaces/local_setup.dsv
[0.810s] -- Installing: /home/youssef/COROSOLS_WS/install/custom_interfaces/share/custom_interfaces/package.dsv
[0.810s] -- Up-to-date: /home/youssef/COROSOLS_WS/install/custom_interfaces/share/ament_index/resource_index/packages/custom_interfaces
[0.810s] -- Up-to-date: /home/youssef/COROSOLS_WS/install/custom_interfaces/share/custom_interfaces/cmake/export_custom_interfaces__rosidl_generator_cExport.cmake
[0.810s] -- Up-to-date: /home/youssef/COROSOLS_WS/install/custom_interfaces/share/custom_interfaces/cmake/export_custom_interfaces__rosidl_generator_cExport-noconfig.cmake
[0.811s] -- Up-to-date: /home/youssef/COROSOLS_WS/install/custom_interfaces/share/custom_interfaces/cmake/export_custom_interfaces__rosidl_typesupport_fastrtps_cExport.cmake
[0.811s] -- Up-to-date: /home/youssef/COROSOLS_WS/install/custom_interfaces/share/custom_interfaces/cmake/export_custom_interfaces__rosidl_typesupport_fastrtps_cExport-noconfig.cmake
[0.811s] -- Up-to-date: /home/youssef/COROSOLS_WS/install/custom_interfaces/share/custom_interfaces/cmake/custom_interfaces__rosidl_typesupport_introspection_cExport.cmake
[0.811s] -- Up-to-date: /home/youssef/COROSOLS_WS/install/custom_interfaces/share/custom_interfaces/cmake/custom_interfaces__rosidl_typesupport_introspection_cExport-noconfig.cmake
[0.811s] -- Up-to-date: /home/youssef/COROSOLS_WS/install/custom_interfaces/share/custom_interfaces/cmake/custom_interfaces__rosidl_typesupport_cExport.cmake
[0.811s] -- Up-to-date: /home/youssef/COROSOLS_WS/install/custom_interfaces/share/custom_interfaces/cmake/custom_interfaces__rosidl_typesupport_cExport-noconfig.cmake
[0.812s] -- Up-to-date: /home/youssef/COROSOLS_WS/install/custom_interfaces/share/custom_interfaces/cmake/export_custom_interfaces__rosidl_generator_cppExport.cmake
[0.812s] -- Up-to-date: /home/youssef/COROSOLS_WS/install/custom_interfaces/share/custom_interfaces/cmake/export_custom_interfaces__rosidl_typesupport_fastrtps_cppExport.cmake
[0.812s] -- Up-to-date: /home/youssef/COROSOLS_WS/install/custom_interfaces/share/custom_interfaces/cmake/export_custom_interfaces__rosidl_typesupport_fastrtps_cppExport-noconfig.cmake
[0.812s] -- Up-to-date: /home/youssef/COROSOLS_WS/install/custom_interfaces/share/custom_interfaces/cmake/custom_interfaces__rosidl_typesupport_introspection_cppExport.cmake
[0.812s] -- Up-to-date: /home/youssef/COROSOLS_WS/install/custom_interfaces/share/custom_interfaces/cmake/custom_interfaces__rosidl_typesupport_introspection_cppExport-noconfig.cmake
[0.812s] -- Up-to-date: /home/youssef/COROSOLS_WS/install/custom_interfaces/share/custom_interfaces/cmake/custom_interfaces__rosidl_typesupport_cppExport.cmake
[0.812s] -- Up-to-date: /home/youssef/COROSOLS_WS/install/custom_interfaces/share/custom_interfaces/cmake/custom_interfaces__rosidl_typesupport_cppExport-noconfig.cmake
[0.812s] -- Up-to-date: /home/youssef/COROSOLS_WS/install/custom_interfaces/share/custom_interfaces/cmake/export_custom_interfaces__rosidl_generator_pyExport.cmake
[0.812s] -- Up-to-date: /home/youssef/COROSOLS_WS/install/custom_interfaces/share/custom_interfaces/cmake/export_custom_interfaces__rosidl_generator_pyExport-noconfig.cmake
[0.812s] -- Up-to-date: /home/youssef/COROSOLS_WS/install/custom_interfaces/share/custom_interfaces/cmake/rosidl_cmake-extras.cmake
[0.812s] -- Up-to-date: /home/youssef/COROSOLS_WS/install/custom_interfaces/share/custom_interfaces/cmake/ament_cmake_export_include_directories-extras.cmake
[0.812s] -- Up-to-date: /home/youssef/COROSOLS_WS/install/custom_interfaces/share/custom_interfaces/cmake/ament_cmake_export_libraries-extras.cmake
[0.813s] -- Up-to-date: /home/youssef/COROSOLS_WS/install/custom_interfaces/share/custom_interfaces/cmake/ament_cmake_export_targets-extras.cmake
[0.813s] -- Up-to-date: /home/youssef/COROSOLS_WS/install/custom_interfaces/share/custom_interfaces/cmake/rosidl_cmake_export_typesupport_targets-extras.cmake
[0.813s] -- Up-to-date: /home/youssef/COROSOLS_WS/install/custom_interfaces/share/custom_interfaces/cmake/ament_cmake_export_dependencies-extras.cmake
[0.813s] -- Up-to-date: /home/youssef/COROSOLS_WS/install/custom_interfaces/share/custom_interfaces/cmake/rosidl_cmake_export_typesupport_libraries-extras.cmake
[0.813s] -- Up-to-date: /home/youssef/COROSOLS_WS/install/custom_interfaces/share/custom_interfaces/cmake/custom_interfacesConfig.cmake
[0.813s] -- Up-to-date: /home/youssef/COROSOLS_WS/install/custom_interfaces/share/custom_interfaces/cmake/custom_interfacesConfig-version.cmake
[0.813s] -- Up-to-date: /home/youssef/COROSOLS_WS/install/custom_interfaces/share/custom_interfaces/package.xml
[0.842s] Invoked command in '/home/youssef/COROSOLS_WS/build/custom_interfaces' returned '0': CMAKE_PREFIX_PATH=${CMAKE_PREFIX_PATH}:/home/youssef/COROSOLS_WS/install/corosols:/opt/ros/humble /usr/bin/cmake --install /home/youssef/COROSOLS_WS/build/custom_interfaces
