[0.009s] Invoking command in '/home/hamzalegion/COROSOLS_WS/build/custom_interfaces': CMAKE_PREFIX_PATH=${CMAKE_PREFIX_PATH}:/home/hamzalegion/COROSOLS_WS/install/corosols:/opt/ros/humble /usr/bin/cmake /home/hamzalegion/COROSOLS_WS/src/custom_interfaces -DCMAKE_INSTALL_PREFIX=/home/hamzalegion/COROSOLS_WS/install/custom_interfaces
[0.054s] -- The C compiler identification is GNU 11.4.0
[0.100s] -- The CXX compiler identification is GNU 11.4.0
[0.108s] -- Detecting C compiler ABI info
[0.168s] -- Detecting C compiler ABI info - done
[0.174s] -- Check for working C compiler: /usr/bin/cc - skipped
[0.174s] -- Detecting C compile features
[0.174s] -- Detecting C compile features - done
[0.177s] -- Detecting CXX compiler ABI info
[0.246s] -- Detecting CXX compiler ABI info - done
[0.252s] -- Check for working CXX compiler: /usr/bin/c++ - skipped
[0.252s] -- Detecting CXX compile features
[0.253s] -- Detecting CXX compile features - done
[0.254s] -- Found ament_cmake: 1.3.9 (/opt/ros/humble/share/ament_cmake/cmake)
[0.373s] -- Found Python3: /usr/bin/python3 (found version "3.10.12") found components: Interpreter 
[0.453s] -- Found rosidl_default_generators: 1.2.0 (/opt/ros/humble/share/rosidl_default_generators/cmake)
[0.455s] -- Using all available rosidl_typesupport_c: rosidl_typesupport_fastrtps_c;rosidl_typesupport_introspection_c
[0.460s] -- Found rosidl_adapter: 3.1.5 (/opt/ros/humble/share/rosidl_adapter/cmake)
[0.491s] -- Using all available rosidl_typesupport_cpp: rosidl_typesupport_fastrtps_cpp;rosidl_typesupport_introspection_cpp
[0.719s] -- Found ament_cmake_ros: 0.10.0 (/opt/ros/humble/share/ament_cmake_ros/cmake)
[0.865s] -- Using all available rosidl_typesupport_c: rosidl_typesupport_fastrtps_c;rosidl_typesupport_introspection_c
[1.054s] -- Using all available rosidl_typesupport_cpp: rosidl_typesupport_fastrtps_cpp;rosidl_typesupport_introspection_cpp
[1.073s] -- Found PythonInterp: /usr/bin/python3 (found suitable version "3.10.12", minimum required is "3.6") 
[1.074s] -- Found python_cmake_module: 0.10.0 (/opt/ros/humble/share/python_cmake_module/cmake)
[1.094s] -- Found PythonLibs: /usr/lib/x86_64-linux-gnu/libpython3.10.so (found suitable version "3.10.12", minimum required is "3.5") 
[1.094s] -- Using PYTHON_EXECUTABLE: /usr/bin/python3
[1.095s] -- Using PYTHON_INCLUDE_DIRS: /usr/include/python3.10
[1.095s] -- Using PYTHON_LIBRARIES: /usr/lib/x86_64-linux-gnu/libpython3.10.so
[1.112s] -- Found PythonExtra: .so  
[1.139s] -- Found ament_lint_auto: 0.12.11 (/opt/ros/humble/share/ament_lint_auto/cmake)
[1.154s] -- Added test 'lint_cmake' to check CMake code style
[1.155s] -- Added test 'xmllint' to check XML markup files
[1.158s] -- Configuring done
[1.186s] -- Generating done
[1.188s] -- Build files have been written to: /home/hamzalegion/COROSOLS_WS/build/custom_interfaces
[1.195s] Invoked command in '/home/hamzalegion/COROSOLS_WS/build/custom_interfaces' returned '0': CMAKE_PREFIX_PATH=${CMAKE_PREFIX_PATH}:/home/hamzalegion/COROSOLS_WS/install/corosols:/opt/ros/humble /usr/bin/cmake /home/hamzalegion/COROSOLS_WS/src/custom_interfaces -DCMAKE_INSTALL_PREFIX=/home/hamzalegion/COROSOLS_WS/install/custom_interfaces
[1.196s] Invoking command in '/home/hamzalegion/COROSOLS_WS/build/custom_interfaces': CMAKE_PREFIX_PATH=${CMAKE_PREFIX_PATH}:/home/hamzalegion/COROSOLS_WS/install/corosols:/opt/ros/humble /usr/bin/cmake --build /home/hamzalegion/COROSOLS_WS/build/custom_interfaces -- -j16 -l16
[1.236s] [  2%] [34m[1mGenerating C code for ROS interfaces[0m
[1.245s] [  5%] [34m[1mGenerating C++ code for ROS interfaces[0m
[1.253s] [  5%] Built target ament_cmake_python_copy_custom_interfaces
[1.464s] running egg_info
[1.464s] creating custom_interfaces.egg-info
[1.465s] writing custom_interfaces.egg-info/PKG-INFO
[1.465s] writing dependency_links to custom_interfaces.egg-info/dependency_links.txt
[1.465s] writing top-level names to custom_interfaces.egg-info/top_level.txt
[1.465s] writing manifest file 'custom_interfaces.egg-info/SOURCES.txt'
[1.467s] reading manifest file 'custom_interfaces.egg-info/SOURCES.txt'
[1.468s] writing manifest file 'custom_interfaces.egg-info/SOURCES.txt'
[1.498s] [  5%] Built target custom_interfaces__cpp
[1.500s] [ 10%] [32mBuilding C object CMakeFiles/custom_interfaces__rosidl_generator_c.dir/rosidl_generator_c/custom_interfaces/srv/detail/commands__functions.c.o[0m
[1.500s] [ 10%] [32mBuilding C object CMakeFiles/custom_interfaces__rosidl_generator_c.dir/rosidl_generator_c/custom_interfaces/msg/detail/serial_data__functions.c.o[0m
[1.503s] [ 10%] Built target ament_cmake_python_build_custom_interfaces_egg
[1.508s] [ 12%] [34m[1mGenerating C++ type support dispatch for ROS interfaces[0m
[1.509s] [ 15%] [34m[1mGenerating C++ type support for eProsima Fast-RTPS[0m
[1.509s] [ 17%] [34m[1mGenerating C++ introspection for ROS interfaces[0m
[1.569s] [ 20%] [32m[1mLinking C shared library libcustom_interfaces__rosidl_generator_c.so[0m
[1.606s] [ 20%] Built target custom_interfaces__rosidl_generator_c
[1.617s] [ 25%] [34m[1mGenerating C introspection for ROS interfaces[0m
[1.617s] [ 25%] [34m[1mGenerating C type support for eProsima Fast-RTPS[0m
[1.618s] [ 28%] [34m[1mGenerating C type support dispatch for ROS interfaces[0m
[1.756s] [ 30%] [32mBuilding CXX object CMakeFiles/custom_interfaces__rosidl_typesupport_cpp.dir/rosidl_typesupport_cpp/custom_interfaces/msg/serial_data__type_support.cpp.o[0m
[1.758s] [ 33%] [32mBuilding CXX object CMakeFiles/custom_interfaces__rosidl_typesupport_cpp.dir/rosidl_typesupport_cpp/custom_interfaces/srv/commands__type_support.cpp.o[0m
[1.797s] [ 35%] [32mBuilding CXX object CMakeFiles/custom_interfaces__rosidl_typesupport_introspection_cpp.dir/rosidl_typesupport_introspection_cpp/custom_interfaces/msg/detail/serial_data__type_support.cpp.o[0m
[1.799s] [ 38%] [32mBuilding CXX object CMakeFiles/custom_interfaces__rosidl_typesupport_introspection_cpp.dir/rosidl_typesupport_introspection_cpp/custom_interfaces/srv/detail/commands__type_support.cpp.o[0m
[1.802s] [ 41%] [32mBuilding CXX object CMakeFiles/custom_interfaces__rosidl_typesupport_fastrtps_cpp.dir/rosidl_typesupport_fastrtps_cpp/custom_interfaces/msg/detail/dds_fastrtps/serial_data__type_support.cpp.o[0m
[1.804s] [ 43%] [32mBuilding CXX object CMakeFiles/custom_interfaces__rosidl_typesupport_fastrtps_cpp.dir/rosidl_typesupport_fastrtps_cpp/custom_interfaces/srv/detail/dds_fastrtps/commands__type_support.cpp.o[0m
[1.879s] [ 46%] [32mBuilding CXX object CMakeFiles/custom_interfaces__rosidl_typesupport_c.dir/rosidl_typesupport_c/custom_interfaces/msg/serial_data__type_support.cpp.o[0m
[1.881s] [ 48%] [32mBuilding CXX object CMakeFiles/custom_interfaces__rosidl_typesupport_c.dir/rosidl_typesupport_c/custom_interfaces/srv/commands__type_support.cpp.o[0m
[1.930s] [ 51%] [32m[1mLinking CXX shared library libcustom_interfaces__rosidl_typesupport_c.so[0m
[1.947s] [ 53%] [32mBuilding C object CMakeFiles/custom_interfaces__rosidl_typesupport_introspection_c.dir/rosidl_typesupport_introspection_c/custom_interfaces/srv/detail/commands__type_support.c.o[0m
[1.954s] [ 56%] [32mBuilding C object CMakeFiles/custom_interfaces__rosidl_typesupport_introspection_c.dir/rosidl_typesupport_introspection_c/custom_interfaces/msg/detail/serial_data__type_support.c.o[0m
[2.003s] [ 56%] Built target custom_interfaces__rosidl_typesupport_c
[2.015s] [ 58%] [32m[1mLinking C shared library libcustom_interfaces__rosidl_typesupport_introspection_c.so[0m
[2.025s] [ 64%] [32mBuilding CXX object CMakeFiles/custom_interfaces__rosidl_typesupport_fastrtps_c.dir/rosidl_typesupport_fastrtps_c/custom_interfaces/srv/detail/commands__type_support_c.cpp.o[0m
[2.025s] [ 64%] [32mBuilding CXX object CMakeFiles/custom_interfaces__rosidl_typesupport_fastrtps_c.dir/rosidl_typesupport_fastrtps_c/custom_interfaces/msg/detail/serial_data__type_support_c.cpp.o[0m
[2.063s] [ 64%] Built target custom_interfaces__rosidl_typesupport_introspection_c
[2.119s] [ 66%] [32m[1mLinking CXX shared library libcustom_interfaces__rosidl_typesupport_cpp.so[0m
[2.185s] [ 66%] Built target custom_interfaces__rosidl_typesupport_cpp
[2.291s] [ 69%] [32m[1mLinking CXX shared library libcustom_interfaces__rosidl_typesupport_introspection_cpp.so[0m
[2.298s] [ 71%] [32m[1mLinking CXX shared library libcustom_interfaces__rosidl_typesupport_fastrtps_cpp.so[0m
[2.364s] [ 71%] Built target custom_interfaces__rosidl_typesupport_introspection_cpp
[2.419s] [ 71%] Built target custom_interfaces__rosidl_typesupport_fastrtps_cpp
[2.427s] [ 74%] [32m[1mLinking CXX shared library libcustom_interfaces__rosidl_typesupport_fastrtps_c.so[0m
[2.495s] [ 74%] Built target custom_interfaces__rosidl_typesupport_fastrtps_c
[2.517s] [ 74%] Built target custom_interfaces
[2.541s] [ 76%] [34m[1mGenerating Python code for ROS interfaces[0m
[2.910s] [ 76%] Built target custom_interfaces__py
[2.929s] [ 82%] [32mBuilding C object CMakeFiles/custom_interfaces__rosidl_generator_py.dir/rosidl_generator_py/custom_interfaces/srv/_commands_s.c.o[0m
[2.929s] [ 82%] [32mBuilding C object CMakeFiles/custom_interfaces__rosidl_generator_py.dir/rosidl_generator_py/custom_interfaces/msg/_serial_data_s.c.o[0m
[3.013s] [ 84%] [32m[1mLinking C shared library rosidl_generator_py/custom_interfaces/libcustom_interfaces__rosidl_generator_py.so[0m
[3.050s] [ 84%] Built target custom_interfaces__rosidl_generator_py
[3.070s] [ 92%] [32mBuilding C object CMakeFiles/custom_interfaces__rosidl_typesupport_fastrtps_c__pyext.dir/rosidl_generator_py/custom_interfaces/_custom_interfaces_s.ep.rosidl_typesupport_fastrtps_c.c.o[0m
[3.071s] [ 92%] [32mBuilding C object CMakeFiles/custom_interfaces__rosidl_typesupport_c__pyext.dir/rosidl_generator_py/custom_interfaces/_custom_interfaces_s.ep.rosidl_typesupport_c.c.o[0m
[3.071s] [ 92%] [32mBuilding C object CMakeFiles/custom_interfaces__rosidl_typesupport_introspection_c__pyext.dir/rosidl_generator_py/custom_interfaces/_custom_interfaces_s.ep.rosidl_typesupport_introspection_c.c.o[0m
[3.153s] [ 94%] [32m[1mLinking C shared library rosidl_generator_py/custom_interfaces/custom_interfaces_s__rosidl_typesupport_introspection_c.cpython-310-x86_64-linux-gnu.so[0m
[3.154s] [ 97%] [32m[1mLinking C shared library rosidl_generator_py/custom_interfaces/custom_interfaces_s__rosidl_typesupport_fastrtps_c.cpython-310-x86_64-linux-gnu.so[0m
[3.159s] [100%] [32m[1mLinking C shared library rosidl_generator_py/custom_interfaces/custom_interfaces_s__rosidl_typesupport_c.cpython-310-x86_64-linux-gnu.so[0m
[3.185s] [100%] Built target custom_interfaces__rosidl_typesupport_fastrtps_c__pyext
[3.186s] [100%] Built target custom_interfaces__rosidl_typesupport_introspection_c__pyext
[3.190s] [100%] Built target custom_interfaces__rosidl_typesupport_c__pyext
[3.203s] Invoked command in '/home/hamzalegion/COROSOLS_WS/build/custom_interfaces' returned '0': CMAKE_PREFIX_PATH=${CMAKE_PREFIX_PATH}:/home/hamzalegion/COROSOLS_WS/install/corosols:/opt/ros/humble /usr/bin/cmake --build /home/hamzalegion/COROSOLS_WS/build/custom_interfaces -- -j16 -l16
[3.287s] Invoking command in '/home/hamzalegion/COROSOLS_WS/build/custom_interfaces': CMAKE_PREFIX_PATH=${CMAKE_PREFIX_PATH}:/home/hamzalegion/COROSOLS_WS/install/corosols:/opt/ros/humble /usr/bin/cmake --install /home/hamzalegion/COROSOLS_WS/build/custom_interfaces
[3.294s] -- Install configuration: ""
[3.294s] -- Installing: /home/hamzalegion/COROSOLS_WS/install/custom_interfaces/share/ament_index/resource_index/rosidl_interfaces/custom_interfaces
[3.294s] -- Installing: /home/hamzalegion/COROSOLS_WS/install/custom_interfaces/include/custom_interfaces/custom_interfaces
[3.294s] -- Installing: /home/hamzalegion/COROSOLS_WS/install/custom_interfaces/include/custom_interfaces/custom_interfaces/msg
[3.294s] -- Installing: /home/hamzalegion/COROSOLS_WS/install/custom_interfaces/include/custom_interfaces/custom_interfaces/msg/rosidl_generator_c__visibility_control.h
[3.295s] -- Installing: /home/hamzalegion/COROSOLS_WS/install/custom_interfaces/include/custom_interfaces/custom_interfaces/msg/detail
[3.295s] -- Installing: /home/hamzalegion/COROSOLS_WS/install/custom_interfaces/include/custom_interfaces/custom_interfaces/msg/detail/serial_data__functions.c
[3.295s] -- Installing: /home/hamzalegion/COROSOLS_WS/install/custom_interfaces/include/custom_interfaces/custom_interfaces/msg/detail/serial_data__struct.h
[3.295s] -- Installing: /home/hamzalegion/COROSOLS_WS/install/custom_interfaces/include/custom_interfaces/custom_interfaces/msg/detail/serial_data__type_support.h
[3.295s] -- Installing: /home/hamzalegion/COROSOLS_WS/install/custom_interfaces/include/custom_interfaces/custom_interfaces/msg/detail/serial_data__functions.h
[3.295s] -- Installing: /home/hamzalegion/COROSOLS_WS/install/custom_interfaces/include/custom_interfaces/custom_interfaces/msg/serial_data.h
[3.295s] -- Installing: /home/hamzalegion/COROSOLS_WS/install/custom_interfaces/include/custom_interfaces/custom_interfaces/srv
[3.296s] -- Installing: /home/hamzalegion/COROSOLS_WS/install/custom_interfaces/include/custom_interfaces/custom_interfaces/srv/detail
[3.296s] -- Installing: /home/hamzalegion/COROSOLS_WS/install/custom_interfaces/include/custom_interfaces/custom_interfaces/srv/detail/commands__struct.h
[3.296s] -- Installing: /home/hamzalegion/COROSOLS_WS/install/custom_interfaces/include/custom_interfaces/custom_interfaces/srv/detail/commands__functions.c
[3.296s] -- Installing: /home/hamzalegion/COROSOLS_WS/install/custom_interfaces/include/custom_interfaces/custom_interfaces/srv/detail/commands__functions.h
[3.296s] -- Installing: /home/hamzalegion/COROSOLS_WS/install/custom_interfaces/include/custom_interfaces/custom_interfaces/srv/detail/commands__type_support.h
[3.296s] -- Installing: /home/hamzalegion/COROSOLS_WS/install/custom_interfaces/include/custom_interfaces/custom_interfaces/srv/commands.h
[3.297s] -- Installing: /home/hamzalegion/COROSOLS_WS/install/custom_interfaces/share/custom_interfaces/environment/library_path.sh
[3.297s] -- Installing: /home/hamzalegion/COROSOLS_WS/install/custom_interfaces/share/custom_interfaces/environment/library_path.dsv
[3.297s] -- Installing: /home/hamzalegion/COROSOLS_WS/install/custom_interfaces/lib/libcustom_interfaces__rosidl_generator_c.so
[3.297s] -- Set runtime path of "/home/hamzalegion/COROSOLS_WS/install/custom_interfaces/lib/libcustom_interfaces__rosidl_generator_c.so" to ""
[3.297s] -- Up-to-date: /home/hamzalegion/COROSOLS_WS/install/custom_interfaces/include/custom_interfaces/custom_interfaces
[3.297s] -- Up-to-date: /home/hamzalegion/COROSOLS_WS/install/custom_interfaces/include/custom_interfaces/custom_interfaces/msg
[3.298s] -- Up-to-date: /home/hamzalegion/COROSOLS_WS/install/custom_interfaces/include/custom_interfaces/custom_interfaces/msg/detail
[3.298s] -- Installing: /home/hamzalegion/COROSOLS_WS/install/custom_interfaces/include/custom_interfaces/custom_interfaces/msg/detail/serial_data__rosidl_typesupport_fastrtps_c.h
[3.298s] -- Installing: /home/hamzalegion/COROSOLS_WS/install/custom_interfaces/include/custom_interfaces/custom_interfaces/msg/rosidl_typesupport_fastrtps_c__visibility_control.h
[3.298s] -- Up-to-date: /home/hamzalegion/COROSOLS_WS/install/custom_interfaces/include/custom_interfaces/custom_interfaces/srv
[3.298s] -- Up-to-date: /home/hamzalegion/COROSOLS_WS/install/custom_interfaces/include/custom_interfaces/custom_interfaces/srv/detail
[3.298s] -- Installing: /home/hamzalegion/COROSOLS_WS/install/custom_interfaces/include/custom_interfaces/custom_interfaces/srv/detail/commands__rosidl_typesupport_fastrtps_c.h
[3.298s] -- Installing: /home/hamzalegion/COROSOLS_WS/install/custom_interfaces/lib/libcustom_interfaces__rosidl_typesupport_fastrtps_c.so
[3.299s] -- Set runtime path of "/home/hamzalegion/COROSOLS_WS/install/custom_interfaces/lib/libcustom_interfaces__rosidl_typesupport_fastrtps_c.so" to ""
[3.299s] -- Up-to-date: /home/hamzalegion/COROSOLS_WS/install/custom_interfaces/include/custom_interfaces/custom_interfaces
[3.299s] -- Up-to-date: /home/hamzalegion/COROSOLS_WS/install/custom_interfaces/include/custom_interfaces/custom_interfaces/msg
[3.299s] -- Up-to-date: /home/hamzalegion/COROSOLS_WS/install/custom_interfaces/include/custom_interfaces/custom_interfaces/msg/detail
[3.299s] -- Installing: /home/hamzalegion/COROSOLS_WS/install/custom_interfaces/include/custom_interfaces/custom_interfaces/msg/detail/serial_data__rosidl_typesupport_introspection_c.h
[3.299s] -- Installing: /home/hamzalegion/COROSOLS_WS/install/custom_interfaces/include/custom_interfaces/custom_interfaces/msg/detail/serial_data__type_support.c
[3.299s] -- Installing: /home/hamzalegion/COROSOLS_WS/install/custom_interfaces/include/custom_interfaces/custom_interfaces/msg/rosidl_typesupport_introspection_c__visibility_control.h
[3.299s] -- Up-to-date: /home/hamzalegion/COROSOLS_WS/install/custom_interfaces/include/custom_interfaces/custom_interfaces/srv
[3.299s] -- Up-to-date: /home/hamzalegion/COROSOLS_WS/install/custom_interfaces/include/custom_interfaces/custom_interfaces/srv/detail
[3.300s] -- Installing: /home/hamzalegion/COROSOLS_WS/install/custom_interfaces/include/custom_interfaces/custom_interfaces/srv/detail/commands__type_support.c
[3.300s] -- Installing: /home/hamzalegion/COROSOLS_WS/install/custom_interfaces/include/custom_interfaces/custom_interfaces/srv/detail/commands__rosidl_typesupport_introspection_c.h
[3.300s] -- Installing: /home/hamzalegion/COROSOLS_WS/install/custom_interfaces/lib/libcustom_interfaces__rosidl_typesupport_introspection_c.so
[3.300s] -- Set runtime path of "/home/hamzalegion/COROSOLS_WS/install/custom_interfaces/lib/libcustom_interfaces__rosidl_typesupport_introspection_c.so" to ""
[3.300s] -- Installing: /home/hamzalegion/COROSOLS_WS/install/custom_interfaces/lib/libcustom_interfaces__rosidl_typesupport_c.so
[3.301s] -- Set runtime path of "/home/hamzalegion/COROSOLS_WS/install/custom_interfaces/lib/libcustom_interfaces__rosidl_typesupport_c.so" to ""
[3.301s] -- Up-to-date: /home/hamzalegion/COROSOLS_WS/install/custom_interfaces/include/custom_interfaces/custom_interfaces
[3.301s] -- Up-to-date: /home/hamzalegion/COROSOLS_WS/install/custom_interfaces/include/custom_interfaces/custom_interfaces/msg
[3.301s] -- Up-to-date: /home/hamzalegion/COROSOLS_WS/install/custom_interfaces/include/custom_interfaces/custom_interfaces/msg/detail
[3.301s] -- Installing: /home/hamzalegion/COROSOLS_WS/install/custom_interfaces/include/custom_interfaces/custom_interfaces/msg/detail/serial_data__traits.hpp
[3.301s] -- Installing: /home/hamzalegion/COROSOLS_WS/install/custom_interfaces/include/custom_interfaces/custom_interfaces/msg/detail/serial_data__builder.hpp
[3.301s] -- Installing: /home/hamzalegion/COROSOLS_WS/install/custom_interfaces/include/custom_interfaces/custom_interfaces/msg/detail/serial_data__struct.hpp
[3.301s] -- Installing: /home/hamzalegion/COROSOLS_WS/install/custom_interfaces/include/custom_interfaces/custom_interfaces/msg/serial_data.hpp
[3.301s] -- Up-to-date: /home/hamzalegion/COROSOLS_WS/install/custom_interfaces/include/custom_interfaces/custom_interfaces/srv
[3.302s] -- Up-to-date: /home/hamzalegion/COROSOLS_WS/install/custom_interfaces/include/custom_interfaces/custom_interfaces/srv/detail
[3.302s] -- Installing: /home/hamzalegion/COROSOLS_WS/install/custom_interfaces/include/custom_interfaces/custom_interfaces/srv/detail/commands__builder.hpp
[3.302s] -- Installing: /home/hamzalegion/COROSOLS_WS/install/custom_interfaces/include/custom_interfaces/custom_interfaces/srv/detail/commands__traits.hpp
[3.302s] -- Installing: /home/hamzalegion/COROSOLS_WS/install/custom_interfaces/include/custom_interfaces/custom_interfaces/srv/detail/commands__struct.hpp
[3.302s] -- Installing: /home/hamzalegion/COROSOLS_WS/install/custom_interfaces/include/custom_interfaces/custom_interfaces/srv/commands.hpp
[3.302s] -- Up-to-date: /home/hamzalegion/COROSOLS_WS/install/custom_interfaces/include/custom_interfaces/custom_interfaces
[3.302s] -- Up-to-date: /home/hamzalegion/COROSOLS_WS/install/custom_interfaces/include/custom_interfaces/custom_interfaces/msg
[3.302s] -- Up-to-date: /home/hamzalegion/COROSOLS_WS/install/custom_interfaces/include/custom_interfaces/custom_interfaces/msg/detail
[3.302s] -- Installing: /home/hamzalegion/COROSOLS_WS/install/custom_interfaces/include/custom_interfaces/custom_interfaces/msg/detail/serial_data__rosidl_typesupport_fastrtps_cpp.hpp
[3.302s] -- Installing: /home/hamzalegion/COROSOLS_WS/install/custom_interfaces/include/custom_interfaces/custom_interfaces/msg/detail/dds_fastrtps
[3.303s] -- Installing: /home/hamzalegion/COROSOLS_WS/install/custom_interfaces/include/custom_interfaces/custom_interfaces/msg/rosidl_typesupport_fastrtps_cpp__visibility_control.h
[3.303s] -- Up-to-date: /home/hamzalegion/COROSOLS_WS/install/custom_interfaces/include/custom_interfaces/custom_interfaces/srv
[3.303s] -- Up-to-date: /home/hamzalegion/COROSOLS_WS/install/custom_interfaces/include/custom_interfaces/custom_interfaces/srv/detail
[3.303s] -- Installing: /home/hamzalegion/COROSOLS_WS/install/custom_interfaces/include/custom_interfaces/custom_interfaces/srv/detail/commands__rosidl_typesupport_fastrtps_cpp.hpp
[3.303s] -- Installing: /home/hamzalegion/COROSOLS_WS/install/custom_interfaces/include/custom_interfaces/custom_interfaces/srv/detail/dds_fastrtps
[3.303s] -- Installing: /home/hamzalegion/COROSOLS_WS/install/custom_interfaces/lib/libcustom_interfaces__rosidl_typesupport_fastrtps_cpp.so
[3.304s] -- Set runtime path of "/home/hamzalegion/COROSOLS_WS/install/custom_interfaces/lib/libcustom_interfaces__rosidl_typesupport_fastrtps_cpp.so" to ""
[3.304s] -- Up-to-date: /home/hamzalegion/COROSOLS_WS/install/custom_interfaces/include/custom_interfaces/custom_interfaces
[3.304s] -- Up-to-date: /home/hamzalegion/COROSOLS_WS/install/custom_interfaces/include/custom_interfaces/custom_interfaces/msg
[3.304s] -- Up-to-date: /home/hamzalegion/COROSOLS_WS/install/custom_interfaces/include/custom_interfaces/custom_interfaces/msg/detail
[3.304s] -- Installing: /home/hamzalegion/COROSOLS_WS/install/custom_interfaces/include/custom_interfaces/custom_interfaces/msg/detail/serial_data__rosidl_typesupport_introspection_cpp.hpp
[3.304s] -- Installing: /home/hamzalegion/COROSOLS_WS/install/custom_interfaces/include/custom_interfaces/custom_interfaces/msg/detail/serial_data__type_support.cpp
[3.304s] -- Up-to-date: /home/hamzalegion/COROSOLS_WS/install/custom_interfaces/include/custom_interfaces/custom_interfaces/srv
[3.304s] -- Up-to-date: /home/hamzalegion/COROSOLS_WS/install/custom_interfaces/include/custom_interfaces/custom_interfaces/srv/detail
[3.304s] -- Installing: /home/hamzalegion/COROSOLS_WS/install/custom_interfaces/include/custom_interfaces/custom_interfaces/srv/detail/commands__rosidl_typesupport_introspection_cpp.hpp
[3.304s] -- Installing: /home/hamzalegion/COROSOLS_WS/install/custom_interfaces/include/custom_interfaces/custom_interfaces/srv/detail/commands__type_support.cpp
[3.305s] -- Installing: /home/hamzalegion/COROSOLS_WS/install/custom_interfaces/lib/libcustom_interfaces__rosidl_typesupport_introspection_cpp.so
[3.305s] -- Set runtime path of "/home/hamzalegion/COROSOLS_WS/install/custom_interfaces/lib/libcustom_interfaces__rosidl_typesupport_introspection_cpp.so" to ""
[3.305s] -- Installing: /home/hamzalegion/COROSOLS_WS/install/custom_interfaces/lib/libcustom_interfaces__rosidl_typesupport_cpp.so
[3.306s] -- Set runtime path of "/home/hamzalegion/COROSOLS_WS/install/custom_interfaces/lib/libcustom_interfaces__rosidl_typesupport_cpp.so" to ""
[3.306s] -- Installing: /home/hamzalegion/COROSOLS_WS/install/custom_interfaces/share/custom_interfaces/environment/pythonpath.sh
[3.306s] -- Installing: /home/hamzalegion/COROSOLS_WS/install/custom_interfaces/share/custom_interfaces/environment/pythonpath.dsv
[3.306s] -- Installing: /home/hamzalegion/COROSOLS_WS/install/custom_interfaces/local/lib/python3.10/dist-packages/custom_interfaces-0.0.0-py3.10.egg-info
[3.306s] -- Installing: /home/hamzalegion/COROSOLS_WS/install/custom_interfaces/local/lib/python3.10/dist-packages/custom_interfaces-0.0.0-py3.10.egg-info/top_level.txt
[3.306s] -- Installing: /home/hamzalegion/COROSOLS_WS/install/custom_interfaces/local/lib/python3.10/dist-packages/custom_interfaces-0.0.0-py3.10.egg-info/SOURCES.txt
[3.306s] -- Installing: /home/hamzalegion/COROSOLS_WS/install/custom_interfaces/local/lib/python3.10/dist-packages/custom_interfaces-0.0.0-py3.10.egg-info/dependency_links.txt
[3.307s] -- Installing: /home/hamzalegion/COROSOLS_WS/install/custom_interfaces/local/lib/python3.10/dist-packages/custom_interfaces-0.0.0-py3.10.egg-info/PKG-INFO
[3.307s] -- Installing: /home/hamzalegion/COROSOLS_WS/install/custom_interfaces/local/lib/python3.10/dist-packages/custom_interfaces
[3.307s] -- Installing: /home/hamzalegion/COROSOLS_WS/install/custom_interfaces/local/lib/python3.10/dist-packages/custom_interfaces/libcustom_interfaces__rosidl_generator_py.so
[3.307s] -- Installing: /home/hamzalegion/COROSOLS_WS/install/custom_interfaces/local/lib/python3.10/dist-packages/custom_interfaces/custom_interfaces_s__rosidl_typesupport_fastrtps_c.cpython-310-x86_64-linux-gnu.so
[3.307s] -- Installing: /home/hamzalegion/COROSOLS_WS/install/custom_interfaces/local/lib/python3.10/dist-packages/custom_interfaces/msg
[3.307s] -- Installing: /home/hamzalegion/COROSOLS_WS/install/custom_interfaces/local/lib/python3.10/dist-packages/custom_interfaces/msg/_serial_data.py
[3.307s] -- Installing: /home/hamzalegion/COROSOLS_WS/install/custom_interfaces/local/lib/python3.10/dist-packages/custom_interfaces/msg/__init__.py
[3.308s] -- Installing: /home/hamzalegion/COROSOLS_WS/install/custom_interfaces/local/lib/python3.10/dist-packages/custom_interfaces/msg/_serial_data_s.c
[3.308s] -- Installing: /home/hamzalegion/COROSOLS_WS/install/custom_interfaces/local/lib/python3.10/dist-packages/custom_interfaces/custom_interfaces_s__rosidl_typesupport_c.cpython-310-x86_64-linux-gnu.so
[3.308s] -- Installing: /home/hamzalegion/COROSOLS_WS/install/custom_interfaces/local/lib/python3.10/dist-packages/custom_interfaces/_custom_interfaces_s.ep.rosidl_typesupport_c.c
[3.308s] -- Installing: /home/hamzalegion/COROSOLS_WS/install/custom_interfaces/local/lib/python3.10/dist-packages/custom_interfaces/custom_interfaces_s__rosidl_typesupport_introspection_c.cpython-310-x86_64-linux-gnu.so
[3.308s] -- Installing: /home/hamzalegion/COROSOLS_WS/install/custom_interfaces/local/lib/python3.10/dist-packages/custom_interfaces/srv
[3.308s] -- Installing: /home/hamzalegion/COROSOLS_WS/install/custom_interfaces/local/lib/python3.10/dist-packages/custom_interfaces/srv/_commands_s.c
[3.309s] -- Installing: /home/hamzalegion/COROSOLS_WS/install/custom_interfaces/local/lib/python3.10/dist-packages/custom_interfaces/srv/__init__.py
[3.309s] -- Installing: /home/hamzalegion/COROSOLS_WS/install/custom_interfaces/local/lib/python3.10/dist-packages/custom_interfaces/srv/_commands.py
[3.309s] -- Installing: /home/hamzalegion/COROSOLS_WS/install/custom_interfaces/local/lib/python3.10/dist-packages/custom_interfaces/_custom_interfaces_s.ep.rosidl_typesupport_introspection_c.c
[3.309s] -- Installing: /home/hamzalegion/COROSOLS_WS/install/custom_interfaces/local/lib/python3.10/dist-packages/custom_interfaces/__init__.py
[3.309s] -- Installing: /home/hamzalegion/COROSOLS_WS/install/custom_interfaces/local/lib/python3.10/dist-packages/custom_interfaces/_custom_interfaces_s.ep.rosidl_typesupport_fastrtps_c.c
[3.338s] Listing '/home/hamzalegion/COROSOLS_WS/install/custom_interfaces/local/lib/python3.10/dist-packages/custom_interfaces'...
[3.338s] Compiling '/home/hamzalegion/COROSOLS_WS/install/custom_interfaces/local/lib/python3.10/dist-packages/custom_interfaces/__init__.py'...
[3.339s] Listing '/home/hamzalegion/COROSOLS_WS/install/custom_interfaces/local/lib/python3.10/dist-packages/custom_interfaces/msg'...
[3.339s] Compiling '/home/hamzalegion/COROSOLS_WS/install/custom_interfaces/local/lib/python3.10/dist-packages/custom_interfaces/msg/__init__.py'...
[3.339s] Compiling '/home/hamzalegion/COROSOLS_WS/install/custom_interfaces/local/lib/python3.10/dist-packages/custom_interfaces/msg/_serial_data.py'...
[3.339s] Listing '/home/hamzalegion/COROSOLS_WS/install/custom_interfaces/local/lib/python3.10/dist-packages/custom_interfaces/srv'...
[3.339s] Compiling '/home/hamzalegion/COROSOLS_WS/install/custom_interfaces/local/lib/python3.10/dist-packages/custom_interfaces/srv/__init__.py'...
[3.339s] Compiling '/home/hamzalegion/COROSOLS_WS/install/custom_interfaces/local/lib/python3.10/dist-packages/custom_interfaces/srv/_commands.py'...
[3.342s] -- Installing: /home/hamzalegion/COROSOLS_WS/install/custom_interfaces/local/lib/python3.10/dist-packages/custom_interfaces/custom_interfaces_s__rosidl_typesupport_fastrtps_c.cpython-310-x86_64-linux-gnu.so
[3.343s] -- Set runtime path of "/home/hamzalegion/COROSOLS_WS/install/custom_interfaces/local/lib/python3.10/dist-packages/custom_interfaces/custom_interfaces_s__rosidl_typesupport_fastrtps_c.cpython-310-x86_64-linux-gnu.so" to ""
[3.343s] -- Installing: /home/hamzalegion/COROSOLS_WS/install/custom_interfaces/local/lib/python3.10/dist-packages/custom_interfaces/custom_interfaces_s__rosidl_typesupport_introspection_c.cpython-310-x86_64-linux-gnu.so
[3.343s] -- Set runtime path of "/home/hamzalegion/COROSOLS_WS/install/custom_interfaces/local/lib/python3.10/dist-packages/custom_interfaces/custom_interfaces_s__rosidl_typesupport_introspection_c.cpython-310-x86_64-linux-gnu.so" to ""
[3.343s] -- Installing: /home/hamzalegion/COROSOLS_WS/install/custom_interfaces/local/lib/python3.10/dist-packages/custom_interfaces/custom_interfaces_s__rosidl_typesupport_c.cpython-310-x86_64-linux-gnu.so
[3.344s] -- Set runtime path of "/home/hamzalegion/COROSOLS_WS/install/custom_interfaces/local/lib/python3.10/dist-packages/custom_interfaces/custom_interfaces_s__rosidl_typesupport_c.cpython-310-x86_64-linux-gnu.so" to ""
[3.344s] -- Installing: /home/hamzalegion/COROSOLS_WS/install/custom_interfaces/lib/libcustom_interfaces__rosidl_generator_py.so
[3.344s] -- Set runtime path of "/home/hamzalegion/COROSOLS_WS/install/custom_interfaces/lib/libcustom_interfaces__rosidl_generator_py.so" to ""
[3.344s] -- Installing: /home/hamzalegion/COROSOLS_WS/install/custom_interfaces/share/custom_interfaces/msg/SerialData.idl
[3.345s] -- Installing: /home/hamzalegion/COROSOLS_WS/install/custom_interfaces/share/custom_interfaces/srv/Commands.idl
[3.345s] -- Installing: /home/hamzalegion/COROSOLS_WS/install/custom_interfaces/share/custom_interfaces/msg/SerialData.msg
[3.345s] -- Installing: /home/hamzalegion/COROSOLS_WS/install/custom_interfaces/share/custom_interfaces/srv/Commands.srv
[3.345s] -- Installing: /home/hamzalegion/COROSOLS_WS/install/custom_interfaces/share/custom_interfaces/srv/Commands_Request.msg
[3.345s] -- Installing: /home/hamzalegion/COROSOLS_WS/install/custom_interfaces/share/custom_interfaces/srv/Commands_Response.msg
[3.345s] -- Installing: /home/hamzalegion/COROSOLS_WS/install/custom_interfaces/share/ament_index/resource_index/package_run_dependencies/custom_interfaces
[3.346s] -- Installing: /home/hamzalegion/COROSOLS_WS/install/custom_interfaces/share/ament_index/resource_index/parent_prefix_path/custom_interfaces
[3.346s] -- Installing: /home/hamzalegion/COROSOLS_WS/install/custom_interfaces/share/custom_interfaces/environment/ament_prefix_path.sh
[3.346s] -- Installing: /home/hamzalegion/COROSOLS_WS/install/custom_interfaces/share/custom_interfaces/environment/ament_prefix_path.dsv
[3.346s] -- Installing: /home/hamzalegion/COROSOLS_WS/install/custom_interfaces/share/custom_interfaces/environment/path.sh
[3.346s] -- Installing: /home/hamzalegion/COROSOLS_WS/install/custom_interfaces/share/custom_interfaces/environment/path.dsv
[3.346s] -- Installing: /home/hamzalegion/COROSOLS_WS/install/custom_interfaces/share/custom_interfaces/local_setup.bash
[3.347s] -- Installing: /home/hamzalegion/COROSOLS_WS/install/custom_interfaces/share/custom_interfaces/local_setup.sh
[3.347s] -- Installing: /home/hamzalegion/COROSOLS_WS/install/custom_interfaces/share/custom_interfaces/local_setup.zsh
[3.347s] -- Installing: /home/hamzalegion/COROSOLS_WS/install/custom_interfaces/share/custom_interfaces/local_setup.dsv
[3.347s] -- Installing: /home/hamzalegion/COROSOLS_WS/install/custom_interfaces/share/custom_interfaces/package.dsv
[3.347s] -- Installing: /home/hamzalegion/COROSOLS_WS/install/custom_interfaces/share/ament_index/resource_index/packages/custom_interfaces
[3.348s] -- Installing: /home/hamzalegion/COROSOLS_WS/install/custom_interfaces/share/custom_interfaces/cmake/export_custom_interfaces__rosidl_generator_cExport.cmake
[3.348s] -- Installing: /home/hamzalegion/COROSOLS_WS/install/custom_interfaces/share/custom_interfaces/cmake/export_custom_interfaces__rosidl_generator_cExport-noconfig.cmake
[3.348s] -- Installing: /home/hamzalegion/COROSOLS_WS/install/custom_interfaces/share/custom_interfaces/cmake/export_custom_interfaces__rosidl_typesupport_fastrtps_cExport.cmake
[3.348s] -- Installing: /home/hamzalegion/COROSOLS_WS/install/custom_interfaces/share/custom_interfaces/cmake/export_custom_interfaces__rosidl_typesupport_fastrtps_cExport-noconfig.cmake
[3.348s] -- Installing: /home/hamzalegion/COROSOLS_WS/install/custom_interfaces/share/custom_interfaces/cmake/custom_interfaces__rosidl_typesupport_introspection_cExport.cmake
[3.349s] -- Installing: /home/hamzalegion/COROSOLS_WS/install/custom_interfaces/share/custom_interfaces/cmake/custom_interfaces__rosidl_typesupport_introspection_cExport-noconfig.cmake
[3.349s] -- Installing: /home/hamzalegion/COROSOLS_WS/install/custom_interfaces/share/custom_interfaces/cmake/custom_interfaces__rosidl_typesupport_cExport.cmake
[3.349s] -- Installing: /home/hamzalegion/COROSOLS_WS/install/custom_interfaces/share/custom_interfaces/cmake/custom_interfaces__rosidl_typesupport_cExport-noconfig.cmake
[3.349s] -- Installing: /home/hamzalegion/COROSOLS_WS/install/custom_interfaces/share/custom_interfaces/cmake/export_custom_interfaces__rosidl_generator_cppExport.cmake
[3.349s] -- Installing: /home/hamzalegion/COROSOLS_WS/install/custom_interfaces/share/custom_interfaces/cmake/export_custom_interfaces__rosidl_typesupport_fastrtps_cppExport.cmake
[3.349s] -- Installing: /home/hamzalegion/COROSOLS_WS/install/custom_interfaces/share/custom_interfaces/cmake/export_custom_interfaces__rosidl_typesupport_fastrtps_cppExport-noconfig.cmake
[3.350s] -- Installing: /home/hamzalegion/COROSOLS_WS/install/custom_interfaces/share/custom_interfaces/cmake/custom_interfaces__rosidl_typesupport_introspection_cppExport.cmake
[3.350s] -- Installing: /home/hamzalegion/COROSOLS_WS/install/custom_interfaces/share/custom_interfaces/cmake/custom_interfaces__rosidl_typesupport_introspection_cppExport-noconfig.cmake
[3.350s] -- Installing: /home/hamzalegion/COROSOLS_WS/install/custom_interfaces/share/custom_interfaces/cmake/custom_interfaces__rosidl_typesupport_cppExport.cmake
[3.350s] -- Installing: /home/hamzalegion/COROSOLS_WS/install/custom_interfaces/share/custom_interfaces/cmake/custom_interfaces__rosidl_typesupport_cppExport-noconfig.cmake
[3.350s] -- Installing: /home/hamzalegion/COROSOLS_WS/install/custom_interfaces/share/custom_interfaces/cmake/export_custom_interfaces__rosidl_generator_pyExport.cmake
[3.351s] -- Installing: /home/hamzalegion/COROSOLS_WS/install/custom_interfaces/share/custom_interfaces/cmake/export_custom_interfaces__rosidl_generator_pyExport-noconfig.cmake
[3.351s] -- Installing: /home/hamzalegion/COROSOLS_WS/install/custom_interfaces/share/custom_interfaces/cmake/rosidl_cmake-extras.cmake
[3.351s] -- Installing: /home/hamzalegion/COROSOLS_WS/install/custom_interfaces/share/custom_interfaces/cmake/ament_cmake_export_include_directories-extras.cmake
[3.351s] -- Installing: /home/hamzalegion/COROSOLS_WS/install/custom_interfaces/share/custom_interfaces/cmake/ament_cmake_export_libraries-extras.cmake
[3.351s] -- Installing: /home/hamzalegion/COROSOLS_WS/install/custom_interfaces/share/custom_interfaces/cmake/ament_cmake_export_targets-extras.cmake
[3.351s] -- Installing: /home/hamzalegion/COROSOLS_WS/install/custom_interfaces/share/custom_interfaces/cmake/rosidl_cmake_export_typesupport_targets-extras.cmake
[3.352s] -- Installing: /home/hamzalegion/COROSOLS_WS/install/custom_interfaces/share/custom_interfaces/cmake/ament_cmake_export_dependencies-extras.cmake
[3.352s] -- Installing: /home/hamzalegion/COROSOLS_WS/install/custom_interfaces/share/custom_interfaces/cmake/rosidl_cmake_export_typesupport_libraries-extras.cmake
[3.352s] -- Installing: /home/hamzalegion/COROSOLS_WS/install/custom_interfaces/share/custom_interfaces/cmake/custom_interfacesConfig.cmake
[3.352s] -- Installing: /home/hamzalegion/COROSOLS_WS/install/custom_interfaces/share/custom_interfaces/cmake/custom_interfacesConfig-version.cmake
[3.352s] -- Installing: /home/hamzalegion/COROSOLS_WS/install/custom_interfaces/share/custom_interfaces/package.xml
[3.355s] Invoked command in '/home/hamzalegion/COROSOLS_WS/build/custom_interfaces' returned '0': CMAKE_PREFIX_PATH=${CMAKE_PREFIX_PATH}:/home/hamzalegion/COROSOLS_WS/install/corosols:/opt/ros/humble /usr/bin/cmake --install /home/hamzalegion/COROSOLS_WS/build/custom_interfaces
