[0.020s] Invoking command in '/home/youssef/COROSOLS_WS/build/marvelmind_ros2': CMAKE_PREFIX_PATH=/home/youssef/COROSOLS_WS/install/marvelmind_ros2_msgs:/home/youssef/COROSOLS_WS/install/sllidar_ros2:/home/youssef/COROSOLS_WS/install/marvelmind_ros2:/home/youssef/COROSOLS_WS/install/custom_interfaces:/home/youssef/COROSOLS_WS/install/action_tutorials_interfaces:/home/youssef/COROSOLS_WS/install/corosols:/opt/ros/humble /usr/bin/cmake /home/youssef/COROSOLS_WS/src/marvelmind_ros2_upstream-main -DCMAKE_INSTALL_PREFIX=/home/youssef/COROSOLS_WS/install/marvelmind_ros2
[0.121s] -- The C compiler identification is GNU 11.4.0
[0.220s] -- The CXX compiler identification is GNU 11.4.0
[0.233s] -- Detecting C compiler ABI info
[0.346s] -- Detecting C compiler ABI info - done
[0.359s] -- Check for working C compiler: /usr/bin/cc - skipped
[0.360s] -- Detecting C compile features
[0.360s] -- Detecting C compile features - done
[0.365s] -- Detecting CXX compiler ABI info
[0.504s] -- Detecting CXX compiler ABI info - done
[0.519s] -- Check for working CXX compiler: /usr/bin/c++ - skipped
[0.520s] -- Detecting CXX compile features
[0.520s] -- Detecting CXX compile features - done
[0.525s] -- Found ament_cmake: 1.3.11 (/opt/ros/humble/share/ament_cmake/cmake)
[0.807s] -- Found Python3: /usr/bin/python3 (found version "3.10.12") found components: Interpreter 
[0.964s] -- Found rclcpp: 16.0.11 (/opt/ros/humble/share/rclcpp/cmake)
[1.042s] -- Found rosidl_generator_c: 3.1.6 (/opt/ros/humble/share/rosidl_generator_c/cmake)
[1.052s] -- Found rosidl_adapter: 3.1.6 (/opt/ros/humble/share/rosidl_adapter/cmake)
[1.067s] -- Found rosidl_generator_cpp: 3.1.6 (/opt/ros/humble/share/rosidl_generator_cpp/cmake)
[1.090s] -- Using all available rosidl_typesupport_c: rosidl_typesupport_fastrtps_c;rosidl_typesupport_introspection_c
[1.123s] -- Using all available rosidl_typesupport_cpp: rosidl_typesupport_fastrtps_cpp;rosidl_typesupport_introspection_cpp
[1.198s] -- Found rmw_implementation_cmake: 6.1.2 (/opt/ros/humble/share/rmw_implementation_cmake/cmake)
[1.204s] -- Found rmw_fastrtps_cpp: 6.2.7 (/opt/ros/humble/share/rmw_fastrtps_cpp/cmake)
[1.354s] -- Found OpenSSL: /usr/lib/x86_64-linux-gnu/libcrypto.so (found version "3.0.2")  
[1.396s] -- Found FastRTPS: /opt/ros/humble/include  
[1.474s] -- Using RMW implementation 'rmw_fastrtps_cpp' as default
[1.491s] -- Looking for pthread.h
[1.646s] -- Looking for pthread.h - found
[1.647s] -- Performing Test CMAKE_HAVE_LIBC_PTHREAD
[1.777s] -- Performing Test CMAKE_HAVE_LIBC_PTHREAD - Success
[1.779s] -- Found Threads: TRUE  
[1.873s] -- Found geometry_msgs: 4.2.4 (/opt/ros/humble/share/geometry_msgs/cmake)
[1.891s] -- Found marvelmind_ros2_msgs: 1.0.2 (/home/youssef/COROSOLS_WS/install/marvelmind_ros2_msgs/share/marvelmind_ros2_msgs/cmake)
[1.923s] -- Found rosidl_default_generators: 1.2.0 (/opt/ros/humble/share/rosidl_default_generators/cmake)
[1.948s] -- Found ament_lint_auto: 0.12.11 (/opt/ros/humble/share/ament_lint_auto/cmake)
[2.119s] -- Added test 'cppcheck' to perform static code analysis on C / C++ code
[2.120s] -- Configured cppcheck include dirs: /home/youssef/COROSOLS_WS/src/marvelmind_ros2_upstream-main/include
[2.120s] -- Configured cppcheck exclude dirs and/or files: 
[2.125s] -- Added test 'cpplint' to check C / C++ code against the Google style
[2.125s] -- Configured cpplint exclude dirs and/or files: 
[2.126s] -- Added test 'flake8' to check Python code syntax and style conventions
[2.128s] -- Added test 'lint_cmake' to check CMake code style
[2.130s] -- Added test 'pep257' to check Python code against some of the docstring style conventions in PEP 257
[2.135s] -- Added test 'uncrustify' to check C / C++ code style
[2.135s] -- Configured uncrustify additional arguments: 
[2.137s] -- Added test 'xmllint' to check XML markup files
[2.140s] -- Configuring done
[2.172s] -- Generating done
[2.182s] -- Build files have been written to: /home/youssef/COROSOLS_WS/build/marvelmind_ros2
[2.202s] Invoked command in '/home/youssef/COROSOLS_WS/build/marvelmind_ros2' returned '0': CMAKE_PREFIX_PATH=/home/youssef/COROSOLS_WS/install/marvelmind_ros2_msgs:/home/youssef/COROSOLS_WS/install/sllidar_ros2:/home/youssef/COROSOLS_WS/install/marvelmind_ros2:/home/youssef/COROSOLS_WS/install/custom_interfaces:/home/youssef/COROSOLS_WS/install/action_tutorials_interfaces:/home/youssef/COROSOLS_WS/install/corosols:/opt/ros/humble /usr/bin/cmake /home/youssef/COROSOLS_WS/src/marvelmind_ros2_upstream-main -DCMAKE_INSTALL_PREFIX=/home/youssef/COROSOLS_WS/install/marvelmind_ros2
[2.205s] Invoking command in '/home/youssef/COROSOLS_WS/build/marvelmind_ros2': CMAKE_PREFIX_PATH=/home/youssef/COROSOLS_WS/install/marvelmind_ros2_msgs:/home/youssef/COROSOLS_WS/install/sllidar_ros2:/home/youssef/COROSOLS_WS/install/marvelmind_ros2:/home/youssef/COROSOLS_WS/install/custom_interfaces:/home/youssef/COROSOLS_WS/install/action_tutorials_interfaces:/home/youssef/COROSOLS_WS/install/corosols:/opt/ros/humble /usr/bin/cmake --build /home/youssef/COROSOLS_WS/build/marvelmind_ros2 -- -j8 -l8
[2.326s] [ 12%] [32mBuilding C object CMakeFiles/marvelmind_hedge_lib.dir/src/marvelmind_hedge.c.o[0m
[2.329s] [ 25%] [32mBuilding C object CMakeFiles/marvelmind_api_lib.dir/src/marvelmind_api.c.o[0m
[2.497s] [ 37%] [32m[1mLinking C static library libmarvelmind_hedge_lib.a[0m
[2.562s] [ 37%] Built target marvelmind_hedge_lib
[2.588s] [ 50%] [32m[1mLinking C static library libmarvelmind_api_lib.a[0m
[2.641s] [ 62%] [32mBuilding CXX object CMakeFiles/marvelmind_ros2.dir/src/marvelmind_ros2.cpp.o[0m
[2.706s] [ 62%] Built target marvelmind_api_lib
[2.789s] [ 75%] [32mBuilding CXX object CMakeFiles/marvelmind_api_ros2.dir/src/marvelmind_api_ros2.cpp.o[0m
[8.926s] [ 87%] [32m[1mLinking CXX executable marvelmind_api_ros2[0m
[9.208s] [ 87%] Built target marvelmind_api_ros2
[16.095s] [100%] [32m[1mLinking CXX executable marvelmind_ros2[0m
[16.778s] [100%] Built target marvelmind_ros2
[16.795s] Invoked command in '/home/youssef/COROSOLS_WS/build/marvelmind_ros2' returned '0': CMAKE_PREFIX_PATH=/home/youssef/COROSOLS_WS/install/marvelmind_ros2_msgs:/home/youssef/COROSOLS_WS/install/sllidar_ros2:/home/youssef/COROSOLS_WS/install/marvelmind_ros2:/home/youssef/COROSOLS_WS/install/custom_interfaces:/home/youssef/COROSOLS_WS/install/action_tutorials_interfaces:/home/youssef/COROSOLS_WS/install/corosols:/opt/ros/humble /usr/bin/cmake --build /home/youssef/COROSOLS_WS/build/marvelmind_ros2 -- -j8 -l8
[16.797s] Invoking command in '/home/youssef/COROSOLS_WS/build/marvelmind_ros2': CMAKE_PREFIX_PATH=/home/youssef/COROSOLS_WS/install/marvelmind_ros2_msgs:/home/youssef/COROSOLS_WS/install/sllidar_ros2:/home/youssef/COROSOLS_WS/install/marvelmind_ros2:/home/youssef/COROSOLS_WS/install/custom_interfaces:/home/youssef/COROSOLS_WS/install/action_tutorials_interfaces:/home/youssef/COROSOLS_WS/install/corosols:/opt/ros/humble /usr/bin/cmake --install /home/youssef/COROSOLS_WS/build/marvelmind_ros2
[16.808s] -- Install configuration: ""
[16.808s] -- Installing: /home/youssef/COROSOLS_WS/install/marvelmind_ros2/lib/marvelmind_ros2/marvelmind_ros2
[16.813s] -- Set runtime path of "/home/youssef/COROSOLS_WS/install/marvelmind_ros2/lib/marvelmind_ros2/marvelmind_ros2" to ""
[16.813s] -- Installing: /home/youssef/COROSOLS_WS/install/marvelmind_ros2/lib/marvelmind_ros2/marvelmind_api_ros2
[16.815s] -- Set runtime path of "/home/youssef/COROSOLS_WS/install/marvelmind_ros2/lib/marvelmind_ros2/marvelmind_api_ros2" to ""
[16.815s] -- Installing: /home/youssef/COROSOLS_WS/install/marvelmind_ros2/share/marvelmind_ros2/config
[16.815s] -- Installing: /home/youssef/COROSOLS_WS/install/marvelmind_ros2/share/marvelmind_ros2/config/marvelmind_ros2_config.yaml
[16.815s] -- Installing: /home/youssef/COROSOLS_WS/install/marvelmind_ros2/share/marvelmind_ros2/launch
[16.816s] -- Installing: /home/youssef/COROSOLS_WS/install/marvelmind_ros2/share/marvelmind_ros2/launch/marvelmind_ros2.launch.py
[16.816s] -- Installing: /home/youssef/COROSOLS_WS/install/marvelmind_ros2/share/marvelmind_ros2/launch/marvelmind_api_ros2.launch.py
[16.816s] -- Installing: /home/youssef/COROSOLS_WS/install/marvelmind_ros2/share/ament_index/resource_index/package_run_dependencies/marvelmind_ros2
[16.816s] -- Installing: /home/youssef/COROSOLS_WS/install/marvelmind_ros2/share/ament_index/resource_index/parent_prefix_path/marvelmind_ros2
[16.817s] -- Installing: /home/youssef/COROSOLS_WS/install/marvelmind_ros2/share/marvelmind_ros2/environment/ament_prefix_path.sh
[16.817s] -- Installing: /home/youssef/COROSOLS_WS/install/marvelmind_ros2/share/marvelmind_ros2/environment/ament_prefix_path.dsv
[16.817s] -- Installing: /home/youssef/COROSOLS_WS/install/marvelmind_ros2/share/marvelmind_ros2/environment/path.sh
[16.817s] -- Installing: /home/youssef/COROSOLS_WS/install/marvelmind_ros2/share/marvelmind_ros2/environment/path.dsv
[16.818s] -- Installing: /home/youssef/COROSOLS_WS/install/marvelmind_ros2/share/marvelmind_ros2/local_setup.bash
[16.818s] -- Installing: /home/youssef/COROSOLS_WS/install/marvelmind_ros2/share/marvelmind_ros2/local_setup.sh
[16.818s] -- Installing: /home/youssef/COROSOLS_WS/install/marvelmind_ros2/share/marvelmind_ros2/local_setup.zsh
[16.818s] -- Installing: /home/youssef/COROSOLS_WS/install/marvelmind_ros2/share/marvelmind_ros2/local_setup.dsv
[16.819s] -- Installing: /home/youssef/COROSOLS_WS/install/marvelmind_ros2/share/marvelmind_ros2/package.dsv
[16.819s] -- Installing: /home/youssef/COROSOLS_WS/install/marvelmind_ros2/share/ament_index/resource_index/packages/marvelmind_ros2
[16.819s] -- Installing: /home/youssef/COROSOLS_WS/install/marvelmind_ros2/share/marvelmind_ros2/cmake/marvelmind_ros2Config.cmake
[16.820s] -- Installing: /home/youssef/COROSOLS_WS/install/marvelmind_ros2/share/marvelmind_ros2/cmake/marvelmind_ros2Config-version.cmake
[16.820s] -- Installing: /home/youssef/COROSOLS_WS/install/marvelmind_ros2/share/marvelmind_ros2/package.xml
[16.823s] Invoked command in '/home/youssef/COROSOLS_WS/build/marvelmind_ros2' returned '0': CMAKE_PREFIX_PATH=/home/youssef/COROSOLS_WS/install/marvelmind_ros2_msgs:/home/youssef/COROSOLS_WS/install/sllidar_ros2:/home/youssef/COROSOLS_WS/install/marvelmind_ros2:/home/youssef/COROSOLS_WS/install/custom_interfaces:/home/youssef/COROSOLS_WS/install/action_tutorials_interfaces:/home/youssef/COROSOLS_WS/install/corosols:/opt/ros/humble /usr/bin/cmake --install /home/youssef/COROSOLS_WS/build/marvelmind_ros2
