[0.642s] Invoking command in '/home/hamzalegion/COROSOLS_WS/src/corosols': CMAKE_PREFIX_PATH=/home/hamzalegion/COROSOLS_WS/install/custom_interfaces:/home/hamzalegion/COROSOLS_WS/install/action_tutorials_interfaces:/home/hamzalegion/COROSOLS_WS/install/marvelmind_ros2:/home/hamzalegion/COROSOLS_WS/install/marvelmind_ros2_msgs LD_LIBRARY_PATH=/home/hamzalegion/COROSOLS_WS/install/custom_interfaces/lib:/home/hamzalegion/COROSOLS_WS/install/action_tutorials_interfaces/lib:/home/hamzalegion/COROSOLS_WS/install/marvelmind_ros2_msgs/lib:/opt/ros/humble/opt/rviz_ogre_vendor/lib:/opt/ros/humble/lib/x86_64-linux-gnu:/opt/ros/humble/lib PYTHONPATH=/home/hamzalegion/COROSOLS_WS/build/corosols/prefix_override:/home/hamzalegion/COROSOLS_WS/install/corosols/lib/python3.10/site-packages:${PYTHONPATH} /usr/bin/python3 -W ignore:setup.py install is deprecated setup.py egg_info --egg-base ../../build/corosols build --build-base /home/hamzalegion/COROSOLS_WS/build/corosols/build install --record /home/hamzalegion/COROSOLS_WS/build/corosols/install.log --single-version-externally-managed install_data
[0.874s] running egg_info
[0.875s] writing ../../build/corosols/corosols.egg-info/PKG-INFO
[0.875s] writing dependency_links to ../../build/corosols/corosols.egg-info/dependency_links.txt
[0.875s] writing entry points to ../../build/corosols/corosols.egg-info/entry_points.txt
[0.875s] writing requirements to ../../build/corosols/corosols.egg-info/requires.txt
[0.875s] writing top-level names to ../../build/corosols/corosols.egg-info/top_level.txt
[0.877s] reading manifest file '../../build/corosols/corosols.egg-info/SOURCES.txt'
[0.878s] writing manifest file '../../build/corosols/corosols.egg-info/SOURCES.txt'
[0.878s] running build
[0.878s] running build_py
[0.879s] copying corosols/robot_speeds.py -> /home/hamzalegion/COROSOLS_WS/build/corosols/build/lib/corosols
[0.879s] running install
[0.880s] running install_lib
[0.881s] copying /home/hamzalegion/COROSOLS_WS/build/corosols/build/lib/corosols/robot_speeds.py -> /home/hamzalegion/COROSOLS_WS/install/corosols/lib/python3.10/site-packages/corosols
[0.882s] byte-compiling /home/hamzalegion/COROSOLS_WS/install/corosols/lib/python3.10/site-packages/corosols/robot_speeds.py to robot_speeds.cpython-310.pyc
[0.885s] running install_data
[0.885s] copying package.xml -> /home/hamzalegion/COROSOLS_WS/install/corosols/share/corosols
[0.885s] running install_egg_info
[0.886s] removing '/home/hamzalegion/COROSOLS_WS/install/corosols/lib/python3.10/site-packages/corosols-0.0.0-py3.10.egg-info' (and everything under it)
[0.887s] Copying ../../build/corosols/corosols.egg-info to /home/hamzalegion/COROSOLS_WS/install/corosols/lib/python3.10/site-packages/corosols-0.0.0-py3.10.egg-info
[0.889s] running install_scripts
[0.910s] Installing input_client script to /home/hamzalegion/COROSOLS_WS/install/corosols/lib/corosols
[0.910s] Installing pose_broadcaster script to /home/hamzalegion/COROSOLS_WS/install/corosols/lib/corosols
[0.910s] Installing serial script to /home/hamzalegion/COROSOLS_WS/install/corosols/lib/corosols
[0.910s] Installing velocity_calculator script to /home/hamzalegion/COROSOLS_WS/install/corosols/lib/corosols
[0.911s] writing list of installed files to '/home/hamzalegion/COROSOLS_WS/build/corosols/install.log'
[0.953s] Invoked command in '/home/hamzalegion/COROSOLS_WS/src/corosols' returned '0': CMAKE_PREFIX_PATH=/home/hamzalegion/COROSOLS_WS/install/custom_interfaces:/home/hamzalegion/COROSOLS_WS/install/action_tutorials_interfaces:/home/hamzalegion/COROSOLS_WS/install/marvelmind_ros2:/home/hamzalegion/COROSOLS_WS/install/marvelmind_ros2_msgs LD_LIBRARY_PATH=/home/hamzalegion/COROSOLS_WS/install/custom_interfaces/lib:/home/hamzalegion/COROSOLS_WS/install/action_tutorials_interfaces/lib:/home/hamzalegion/COROSOLS_WS/install/marvelmind_ros2_msgs/lib:/opt/ros/humble/opt/rviz_ogre_vendor/lib:/opt/ros/humble/lib/x86_64-linux-gnu:/opt/ros/humble/lib PYTHONPATH=/home/hamzalegion/COROSOLS_WS/build/corosols/prefix_override:/home/hamzalegion/COROSOLS_WS/install/corosols/lib/python3.10/site-packages:${PYTHONPATH} /usr/bin/python3 -W ignore:setup.py install is deprecated setup.py egg_info --egg-base ../../build/corosols build --build-base /home/hamzalegion/COROSOLS_WS/build/corosols/build install --record /home/hamzalegion/COROSOLS_WS/build/corosols/install.log --single-version-externally-managed install_data
