[0.152s] Invoking command in '/home/hamzaboulandoum/corosols_ws/build/action_tutorials_interfaces': CMAKE_PREFIX_PATH=${CMAKE_PREFIX_PATH}:/home/hamzaboulandoum/corosols_ws/install/corosols:/opt/ros/humble /usr/bin/cmake --build /home/hamzaboulandoum/corosols_ws/build/action_tutorials_interfaces -- -j6 -l6
[0.668s] [  2%] Built target action_tutorials_interfaces__cpp
[0.734s] [ 12%] Built target action_tutorials_interfaces__rosidl_generator_c
[0.748s] [ 12%] Built target ament_cmake_python_copy_action_tutorials_interfaces
[0.995s] [ 23%] Built target action_tutorials_interfaces__rosidl_typesupport_cpp
[1.148s] [ 33%] Built target action_tutorials_interfaces__rosidl_typesupport_introspection_cpp
[1.162s] [ 43%] Built target action_tutorials_interfaces__rosidl_typesupport_fastrtps_cpp
[1.166s] [ 53%] Built target action_tutorials_interfaces__rosidl_typesupport_introspection_c
[1.243s] [ 64%] Built target action_tutorials_interfaces__rosidl_typesupport_fastrtps_c
[1.246s] [ 74%] Built target action_tutorials_interfaces__rosidl_typesupport_c
[1.392s] [ 74%] Built target action_tutorials_interfaces
[1.756s] [ 76%] Built target action_tutorials_interfaces__py
[2.200s] [ 84%] Built target action_tutorials_interfaces__rosidl_generator_py
[2.526s] [ 89%] Built target action_tutorials_interfaces__rosidl_typesupport_fastrtps_c__pyext
[2.604s] [ 94%] Built target action_tutorials_interfaces__rosidl_typesupport_c__pyext
[2.707s] [100%] Built target action_tutorials_interfaces__rosidl_typesupport_introspection_c__pyext
[4.610s] running egg_info
[4.614s] writing action_tutorials_interfaces.egg-info/PKG-INFO
[4.616s] writing dependency_links to action_tutorials_interfaces.egg-info/dependency_links.txt
[4.617s] writing top-level names to action_tutorials_interfaces.egg-info/top_level.txt
[5.003s] reading manifest file 'action_tutorials_interfaces.egg-info/SOURCES.txt'
[5.009s] writing manifest file 'action_tutorials_interfaces.egg-info/SOURCES.txt'
[5.189s] [100%] Built target ament_cmake_python_build_action_tutorials_interfaces_egg
[5.305s] Invoked command in '/home/hamzaboulandoum/corosols_ws/build/action_tutorials_interfaces' returned '0': CMAKE_PREFIX_PATH=${CMAKE_PREFIX_PATH}:/home/hamzaboulandoum/corosols_ws/install/corosols:/opt/ros/humble /usr/bin/cmake --build /home/hamzaboulandoum/corosols_ws/build/action_tutorials_interfaces -- -j6 -l6
[5.987s] Invoking command in '/home/hamzaboulandoum/corosols_ws/build/action_tutorials_interfaces': CMAKE_PREFIX_PATH=${CMAKE_PREFIX_PATH}:/home/hamzaboulandoum/corosols_ws/install/corosols:/opt/ros/humble /usr/bin/cmake --install /home/hamzaboulandoum/corosols_ws/build/action_tutorials_interfaces
[6.227s] -- Install configuration: ""
[6.228s] -- Up-to-date: /home/hamzaboulandoum/corosols_ws/install/action_tutorials_interfaces/share/ament_index/resource_index/rosidl_interfaces/action_tutorials_interfaces
[6.228s] -- Up-to-date: /home/hamzaboulandoum/corosols_ws/install/action_tutorials_interfaces/include/action_tutorials_interfaces/action_tutorials_interfaces
[6.229s] -- Up-to-date: /home/hamzaboulandoum/corosols_ws/install/action_tutorials_interfaces/include/action_tutorials_interfaces/action_tutorials_interfaces/msg
[6.234s] -- Up-to-date: /home/hamzaboulandoum/corosols_ws/install/action_tutorials_interfaces/include/action_tutorials_interfaces/action_tutorials_interfaces/msg/rosidl_generator_c__visibility_control.h
[6.235s] -- Up-to-date: /home/hamzaboulandoum/corosols_ws/install/action_tutorials_interfaces/include/action_tutorials_interfaces/action_tutorials_interfaces/action
[6.235s] -- Up-to-date: /home/hamzaboulandoum/corosols_ws/install/action_tutorials_interfaces/include/action_tutorials_interfaces/action_tutorials_interfaces/action/fibonacci.h
[6.236s] -- Up-to-date: /home/hamzaboulandoum/corosols_ws/install/action_tutorials_interfaces/include/action_tutorials_interfaces/action_tutorials_interfaces/action/detail
[6.236s] -- Up-to-date: /home/hamzaboulandoum/corosols_ws/install/action_tutorials_interfaces/include/action_tutorials_interfaces/action_tutorials_interfaces/action/detail/position__type_support.h
[6.237s] -- Up-to-date: /home/hamzaboulandoum/corosols_ws/install/action_tutorials_interfaces/include/action_tutorials_interfaces/action_tutorials_interfaces/action/detail/fibonacci__functions.h
[6.237s] -- Up-to-date: /home/hamzaboulandoum/corosols_ws/install/action_tutorials_interfaces/include/action_tutorials_interfaces/action_tutorials_interfaces/action/detail/fibonacci__type_support.h
[6.238s] -- Up-to-date: /home/hamzaboulandoum/corosols_ws/install/action_tutorials_interfaces/include/action_tutorials_interfaces/action_tutorials_interfaces/action/detail/position__functions.h
[6.238s] -- Up-to-date: /home/hamzaboulandoum/corosols_ws/install/action_tutorials_interfaces/include/action_tutorials_interfaces/action_tutorials_interfaces/action/detail/position__struct.h
[6.239s] -- Up-to-date: /home/hamzaboulandoum/corosols_ws/install/action_tutorials_interfaces/include/action_tutorials_interfaces/action_tutorials_interfaces/action/detail/fibonacci__functions.c
[6.239s] -- Up-to-date: /home/hamzaboulandoum/corosols_ws/install/action_tutorials_interfaces/include/action_tutorials_interfaces/action_tutorials_interfaces/action/detail/position__functions.c
[6.240s] -- Up-to-date: /home/hamzaboulandoum/corosols_ws/install/action_tutorials_interfaces/include/action_tutorials_interfaces/action_tutorials_interfaces/action/detail/fibonacci__struct.h
[6.240s] -- Up-to-date: /home/hamzaboulandoum/corosols_ws/install/action_tutorials_interfaces/include/action_tutorials_interfaces/action_tutorials_interfaces/action/position.h
[6.241s] -- Up-to-date: /home/hamzaboulandoum/corosols_ws/install/action_tutorials_interfaces/share/action_tutorials_interfaces/environment/library_path.sh
[6.241s] -- Up-to-date: /home/hamzaboulandoum/corosols_ws/install/action_tutorials_interfaces/share/action_tutorials_interfaces/environment/library_path.dsv
[6.257s] -- Up-to-date: /home/hamzaboulandoum/corosols_ws/install/action_tutorials_interfaces/lib/libaction_tutorials_interfaces__rosidl_generator_c.so
[6.266s] -- Up-to-date: /home/hamzaboulandoum/corosols_ws/install/action_tutorials_interfaces/include/action_tutorials_interfaces/action_tutorials_interfaces
[6.268s] -- Up-to-date: /home/hamzaboulandoum/corosols_ws/install/action_tutorials_interfaces/include/action_tutorials_interfaces/action_tutorials_interfaces/msg
[6.270s] -- Up-to-date: /home/hamzaboulandoum/corosols_ws/install/action_tutorials_interfaces/include/action_tutorials_interfaces/action_tutorials_interfaces/msg/rosidl_typesupport_fastrtps_c__visibility_control.h
[6.271s] -- Up-to-date: /home/hamzaboulandoum/corosols_ws/install/action_tutorials_interfaces/include/action_tutorials_interfaces/action_tutorials_interfaces/action
[6.271s] -- Up-to-date: /home/hamzaboulandoum/corosols_ws/install/action_tutorials_interfaces/include/action_tutorials_interfaces/action_tutorials_interfaces/action/detail
[6.272s] -- Up-to-date: /home/hamzaboulandoum/corosols_ws/install/action_tutorials_interfaces/include/action_tutorials_interfaces/action_tutorials_interfaces/action/detail/fibonacci__rosidl_typesupport_fastrtps_c.h
[6.272s] -- Up-to-date: /home/hamzaboulandoum/corosols_ws/install/action_tutorials_interfaces/include/action_tutorials_interfaces/action_tutorials_interfaces/action/detail/position__rosidl_typesupport_fastrtps_c.h
[6.273s] -- Up-to-date: /home/hamzaboulandoum/corosols_ws/install/action_tutorials_interfaces/lib/libaction_tutorials_interfaces__rosidl_typesupport_fastrtps_c.so
[6.273s] -- Up-to-date: /home/hamzaboulandoum/corosols_ws/install/action_tutorials_interfaces/include/action_tutorials_interfaces/action_tutorials_interfaces
[6.274s] -- Up-to-date: /home/hamzaboulandoum/corosols_ws/install/action_tutorials_interfaces/include/action_tutorials_interfaces/action_tutorials_interfaces/msg
[6.274s] -- Up-to-date: /home/hamzaboulandoum/corosols_ws/install/action_tutorials_interfaces/include/action_tutorials_interfaces/action_tutorials_interfaces/msg/rosidl_typesupport_introspection_c__visibility_control.h
[6.274s] -- Up-to-date: /home/hamzaboulandoum/corosols_ws/install/action_tutorials_interfaces/include/action_tutorials_interfaces/action_tutorials_interfaces/action
[6.275s] -- Up-to-date: /home/hamzaboulandoum/corosols_ws/install/action_tutorials_interfaces/include/action_tutorials_interfaces/action_tutorials_interfaces/action/detail
[6.275s] -- Up-to-date: /home/hamzaboulandoum/corosols_ws/install/action_tutorials_interfaces/include/action_tutorials_interfaces/action_tutorials_interfaces/action/detail/fibonacci__type_support.c
[6.276s] -- Up-to-date: /home/hamzaboulandoum/corosols_ws/install/action_tutorials_interfaces/include/action_tutorials_interfaces/action_tutorials_interfaces/action/detail/fibonacci__rosidl_typesupport_introspection_c.h
[6.276s] -- Up-to-date: /home/hamzaboulandoum/corosols_ws/install/action_tutorials_interfaces/include/action_tutorials_interfaces/action_tutorials_interfaces/action/detail/position__type_support.c
[6.277s] -- Up-to-date: /home/hamzaboulandoum/corosols_ws/install/action_tutorials_interfaces/include/action_tutorials_interfaces/action_tutorials_interfaces/action/detail/position__rosidl_typesupport_introspection_c.h
[6.277s] -- Up-to-date: /home/hamzaboulandoum/corosols_ws/install/action_tutorials_interfaces/lib/libaction_tutorials_interfaces__rosidl_typesupport_introspection_c.so
[6.278s] -- Up-to-date: /home/hamzaboulandoum/corosols_ws/install/action_tutorials_interfaces/lib/libaction_tutorials_interfaces__rosidl_typesupport_c.so
[6.278s] -- Up-to-date: /home/hamzaboulandoum/corosols_ws/install/action_tutorials_interfaces/include/action_tutorials_interfaces/action_tutorials_interfaces
[6.279s] -- Up-to-date: /home/hamzaboulandoum/corosols_ws/install/action_tutorials_interfaces/include/action_tutorials_interfaces/action_tutorials_interfaces/action
[6.280s] -- Up-to-date: /home/hamzaboulandoum/corosols_ws/install/action_tutorials_interfaces/include/action_tutorials_interfaces/action_tutorials_interfaces/action/position.hpp
[6.280s] -- Up-to-date: /home/hamzaboulandoum/corosols_ws/install/action_tutorials_interfaces/include/action_tutorials_interfaces/action_tutorials_interfaces/action/fibonacci.hpp
[6.281s] -- Up-to-date: /home/hamzaboulandoum/corosols_ws/install/action_tutorials_interfaces/include/action_tutorials_interfaces/action_tutorials_interfaces/action/detail
[6.281s] -- Up-to-date: /home/hamzaboulandoum/corosols_ws/install/action_tutorials_interfaces/include/action_tutorials_interfaces/action_tutorials_interfaces/action/detail/position__traits.hpp
[6.282s] -- Up-to-date: /home/hamzaboulandoum/corosols_ws/install/action_tutorials_interfaces/include/action_tutorials_interfaces/action_tutorials_interfaces/action/detail/fibonacci__traits.hpp
[6.282s] -- Up-to-date: /home/hamzaboulandoum/corosols_ws/install/action_tutorials_interfaces/include/action_tutorials_interfaces/action_tutorials_interfaces/action/detail/fibonacci__builder.hpp
[6.282s] -- Up-to-date: /home/hamzaboulandoum/corosols_ws/install/action_tutorials_interfaces/include/action_tutorials_interfaces/action_tutorials_interfaces/action/detail/position__struct.hpp
[6.283s] -- Up-to-date: /home/hamzaboulandoum/corosols_ws/install/action_tutorials_interfaces/include/action_tutorials_interfaces/action_tutorials_interfaces/action/detail/position__builder.hpp
[6.283s] -- Up-to-date: /home/hamzaboulandoum/corosols_ws/install/action_tutorials_interfaces/include/action_tutorials_interfaces/action_tutorials_interfaces/action/detail/fibonacci__struct.hpp
[6.284s] -- Up-to-date: /home/hamzaboulandoum/corosols_ws/install/action_tutorials_interfaces/include/action_tutorials_interfaces/action_tutorials_interfaces
[6.288s] -- Up-to-date: /home/hamzaboulandoum/corosols_ws/install/action_tutorials_interfaces/include/action_tutorials_interfaces/action_tutorials_interfaces/msg
[6.289s] -- Up-to-date: /home/hamzaboulandoum/corosols_ws/install/action_tutorials_interfaces/include/action_tutorials_interfaces/action_tutorials_interfaces/msg/rosidl_typesupport_fastrtps_cpp__visibility_control.h
[6.290s] -- Up-to-date: /home/hamzaboulandoum/corosols_ws/install/action_tutorials_interfaces/include/action_tutorials_interfaces/action_tutorials_interfaces/action
[6.290s] -- Up-to-date: /home/hamzaboulandoum/corosols_ws/install/action_tutorials_interfaces/include/action_tutorials_interfaces/action_tutorials_interfaces/action/detail
[6.291s] -- Up-to-date: /home/hamzaboulandoum/corosols_ws/install/action_tutorials_interfaces/include/action_tutorials_interfaces/action_tutorials_interfaces/action/detail/position__rosidl_typesupport_fastrtps_cpp.hpp
[6.291s] -- Up-to-date: /home/hamzaboulandoum/corosols_ws/install/action_tutorials_interfaces/include/action_tutorials_interfaces/action_tutorials_interfaces/action/detail/fibonacci__rosidl_typesupport_fastrtps_cpp.hpp
[6.292s] -- Up-to-date: /home/hamzaboulandoum/corosols_ws/install/action_tutorials_interfaces/include/action_tutorials_interfaces/action_tutorials_interfaces/action/detail/dds_fastrtps
[6.296s] -- Up-to-date: /home/hamzaboulandoum/corosols_ws/install/action_tutorials_interfaces/lib/libaction_tutorials_interfaces__rosidl_typesupport_fastrtps_cpp.so
[6.315s] -- Up-to-date: /home/hamzaboulandoum/corosols_ws/install/action_tutorials_interfaces/include/action_tutorials_interfaces/action_tutorials_interfaces
[6.316s] -- Up-to-date: /home/hamzaboulandoum/corosols_ws/install/action_tutorials_interfaces/include/action_tutorials_interfaces/action_tutorials_interfaces/action
[6.316s] -- Up-to-date: /home/hamzaboulandoum/corosols_ws/install/action_tutorials_interfaces/include/action_tutorials_interfaces/action_tutorials_interfaces/action/detail
[6.317s] -- Up-to-date: /home/hamzaboulandoum/corosols_ws/install/action_tutorials_interfaces/include/action_tutorials_interfaces/action_tutorials_interfaces/action/detail/position__type_support.cpp
[6.317s] -- Up-to-date: /home/hamzaboulandoum/corosols_ws/install/action_tutorials_interfaces/include/action_tutorials_interfaces/action_tutorials_interfaces/action/detail/fibonacci__type_support.cpp
[6.321s] -- Up-to-date: /home/hamzaboulandoum/corosols_ws/install/action_tutorials_interfaces/include/action_tutorials_interfaces/action_tutorials_interfaces/action/detail/position__rosidl_typesupport_introspection_cpp.hpp
[6.322s] -- Up-to-date: /home/hamzaboulandoum/corosols_ws/install/action_tutorials_interfaces/include/action_tutorials_interfaces/action_tutorials_interfaces/action/detail/fibonacci__rosidl_typesupport_introspection_cpp.hpp
[6.323s] -- Up-to-date: /home/hamzaboulandoum/corosols_ws/install/action_tutorials_interfaces/lib/libaction_tutorials_interfaces__rosidl_typesupport_introspection_cpp.so
[6.324s] -- Up-to-date: /home/hamzaboulandoum/corosols_ws/install/action_tutorials_interfaces/lib/libaction_tutorials_interfaces__rosidl_typesupport_cpp.so
[6.324s] -- Up-to-date: /home/hamzaboulandoum/corosols_ws/install/action_tutorials_interfaces/share/action_tutorials_interfaces/environment/pythonpath.sh
[6.325s] -- Up-to-date: /home/hamzaboulandoum/corosols_ws/install/action_tutorials_interfaces/share/action_tutorials_interfaces/environment/pythonpath.dsv
[6.334s] -- Up-to-date: /home/hamzaboulandoum/corosols_ws/install/action_tutorials_interfaces/lib/python3.9/site-packages/action_tutorials_interfaces-0.0.0-py3.9.egg-info
[6.338s] -- Installing: /home/hamzaboulandoum/corosols_ws/install/action_tutorials_interfaces/lib/python3.9/site-packages/action_tutorials_interfaces-0.0.0-py3.9.egg-info/PKG-INFO
[6.339s] -- Installing: /home/hamzaboulandoum/corosols_ws/install/action_tutorials_interfaces/lib/python3.9/site-packages/action_tutorials_interfaces-0.0.0-py3.9.egg-info/SOURCES.txt
[6.340s] -- Installing: /home/hamzaboulandoum/corosols_ws/install/action_tutorials_interfaces/lib/python3.9/site-packages/action_tutorials_interfaces-0.0.0-py3.9.egg-info/dependency_links.txt
[6.340s] -- Installing: /home/hamzaboulandoum/corosols_ws/install/action_tutorials_interfaces/lib/python3.9/site-packages/action_tutorials_interfaces-0.0.0-py3.9.egg-info/top_level.txt
[6.341s] -- Up-to-date: /home/hamzaboulandoum/corosols_ws/install/action_tutorials_interfaces/lib/python3.9/site-packages/action_tutorials_interfaces
[6.341s] -- Up-to-date: /home/hamzaboulandoum/corosols_ws/install/action_tutorials_interfaces/lib/python3.9/site-packages/action_tutorials_interfaces/action_tutorials_interfaces_s__rosidl_typesupport_c.cpython-38-aarch64-linux-gnu.so
[6.342s] -- Up-to-date: /home/hamzaboulandoum/corosols_ws/install/action_tutorials_interfaces/lib/python3.9/site-packages/action_tutorials_interfaces/_action_tutorials_interfaces_s.ep.rosidl_typesupport_fastrtps_c.c
[6.343s] -- Up-to-date: /home/hamzaboulandoum/corosols_ws/install/action_tutorials_interfaces/lib/python3.9/site-packages/action_tutorials_interfaces/action_tutorials_interfaces_s__rosidl_typesupport_introspection_c.cpython-38-aarch64-linux-gnu.so
[6.344s] -- Up-to-date: /home/hamzaboulandoum/corosols_ws/install/action_tutorials_interfaces/lib/python3.9/site-packages/action_tutorials_interfaces/action
[6.344s] -- Up-to-date: /home/hamzaboulandoum/corosols_ws/install/action_tutorials_interfaces/lib/python3.9/site-packages/action_tutorials_interfaces/action/__init__.py
[6.345s] -- Up-to-date: /home/hamzaboulandoum/corosols_ws/install/action_tutorials_interfaces/lib/python3.9/site-packages/action_tutorials_interfaces/action/_fibonacci_s.c
[6.345s] -- Up-to-date: /home/hamzaboulandoum/corosols_ws/install/action_tutorials_interfaces/lib/python3.9/site-packages/action_tutorials_interfaces/action/_position.py
[6.345s] -- Up-to-date: /home/hamzaboulandoum/corosols_ws/install/action_tutorials_interfaces/lib/python3.9/site-packages/action_tutorials_interfaces/action/_fibonacci.py
[6.346s] -- Up-to-date: /home/hamzaboulandoum/corosols_ws/install/action_tutorials_interfaces/lib/python3.9/site-packages/action_tutorials_interfaces/action/_position_s.c
[6.347s] -- Up-to-date: /home/hamzaboulandoum/corosols_ws/install/action_tutorials_interfaces/lib/python3.9/site-packages/action_tutorials_interfaces/_action_tutorials_interfaces_s.ep.rosidl_typesupport_c.c
[6.348s] -- Up-to-date: /home/hamzaboulandoum/corosols_ws/install/action_tutorials_interfaces/lib/python3.9/site-packages/action_tutorials_interfaces/__init__.py
[6.348s] -- Up-to-date: /home/hamzaboulandoum/corosols_ws/install/action_tutorials_interfaces/lib/python3.9/site-packages/action_tutorials_interfaces/libaction_tutorials_interfaces__rosidl_generator_py.so
[6.349s] -- Up-to-date: /home/hamzaboulandoum/corosols_ws/install/action_tutorials_interfaces/lib/python3.9/site-packages/action_tutorials_interfaces/action_tutorials_interfaces_s__rosidl_typesupport_fastrtps_c.cpython-38-aarch64-linux-gnu.so
[6.349s] -- Up-to-date: /home/hamzaboulandoum/corosols_ws/install/action_tutorials_interfaces/lib/python3.9/site-packages/action_tutorials_interfaces/_action_tutorials_interfaces_s.ep.rosidl_typesupport_introspection_c.c
[6.578s] Listing '/home/hamzaboulandoum/corosols_ws/install/action_tutorials_interfaces/lib/python3.9/site-packages/action_tutorials_interfaces'...
[6.578s] Listing '/home/hamzaboulandoum/corosols_ws/install/action_tutorials_interfaces/lib/python3.9/site-packages/action_tutorials_interfaces/action'...
[6.584s] -- Up-to-date: /home/hamzaboulandoum/corosols_ws/install/action_tutorials_interfaces/lib/python3.9/site-packages/action_tutorials_interfaces/action_tutorials_interfaces_s__rosidl_typesupport_fastrtps_c.cpython-38-aarch64-linux-gnu.so
[6.585s] -- Up-to-date: /home/hamzaboulandoum/corosols_ws/install/action_tutorials_interfaces/lib/python3.9/site-packages/action_tutorials_interfaces/action_tutorials_interfaces_s__rosidl_typesupport_introspection_c.cpython-38-aarch64-linux-gnu.so
[6.586s] -- Up-to-date: /home/hamzaboulandoum/corosols_ws/install/action_tutorials_interfaces/lib/python3.9/site-packages/action_tutorials_interfaces/action_tutorials_interfaces_s__rosidl_typesupport_c.cpython-38-aarch64-linux-gnu.so
[6.586s] -- Up-to-date: /home/hamzaboulandoum/corosols_ws/install/action_tutorials_interfaces/lib/libaction_tutorials_interfaces__rosidl_generator_py.so
[6.587s] -- Up-to-date: /home/hamzaboulandoum/corosols_ws/install/action_tutorials_interfaces/share/action_tutorials_interfaces/action/Fibonacci.idl
[6.588s] -- Up-to-date: /home/hamzaboulandoum/corosols_ws/install/action_tutorials_interfaces/share/action_tutorials_interfaces/action/Position.idl
[6.588s] -- Up-to-date: /home/hamzaboulandoum/corosols_ws/install/action_tutorials_interfaces/share/action_tutorials_interfaces/action/Fibonacci.action
[6.590s] -- Up-to-date: /home/hamzaboulandoum/corosols_ws/install/action_tutorials_interfaces/share/action_tutorials_interfaces/action/Position.action
[6.591s] -- Up-to-date: /home/hamzaboulandoum/corosols_ws/install/action_tutorials_interfaces/share/ament_index/resource_index/package_run_dependencies/action_tutorials_interfaces
[6.593s] -- Up-to-date: /home/hamzaboulandoum/corosols_ws/install/action_tutorials_interfaces/share/ament_index/resource_index/parent_prefix_path/action_tutorials_interfaces
[6.594s] -- Up-to-date: /home/hamzaboulandoum/corosols_ws/install/action_tutorials_interfaces/share/action_tutorials_interfaces/environment/ament_prefix_path.sh
[6.594s] -- Up-to-date: /home/hamzaboulandoum/corosols_ws/install/action_tutorials_interfaces/share/action_tutorials_interfaces/environment/ament_prefix_path.dsv
[6.596s] -- Up-to-date: /home/hamzaboulandoum/corosols_ws/install/action_tutorials_interfaces/share/action_tutorials_interfaces/environment/path.sh
[6.596s] -- Up-to-date: /home/hamzaboulandoum/corosols_ws/install/action_tutorials_interfaces/share/action_tutorials_interfaces/environment/path.dsv
[6.597s] -- Up-to-date: /home/hamzaboulandoum/corosols_ws/install/action_tutorials_interfaces/share/action_tutorials_interfaces/local_setup.bash
[6.597s] -- Up-to-date: /home/hamzaboulandoum/corosols_ws/install/action_tutorials_interfaces/share/action_tutorials_interfaces/local_setup.sh
[6.598s] -- Up-to-date: /home/hamzaboulandoum/corosols_ws/install/action_tutorials_interfaces/share/action_tutorials_interfaces/local_setup.zsh
[6.598s] -- Up-to-date: /home/hamzaboulandoum/corosols_ws/install/action_tutorials_interfaces/share/action_tutorials_interfaces/local_setup.dsv
[6.599s] -- Installing: /home/hamzaboulandoum/corosols_ws/install/action_tutorials_interfaces/share/action_tutorials_interfaces/package.dsv
[6.599s] -- Up-to-date: /home/hamzaboulandoum/corosols_ws/install/action_tutorials_interfaces/share/ament_index/resource_index/packages/action_tutorials_interfaces
[6.600s] -- Up-to-date: /home/hamzaboulandoum/corosols_ws/install/action_tutorials_interfaces/share/action_tutorials_interfaces/cmake/export_action_tutorials_interfaces__rosidl_generator_cExport.cmake
[6.600s] -- Up-to-date: /home/hamzaboulandoum/corosols_ws/install/action_tutorials_interfaces/share/action_tutorials_interfaces/cmake/export_action_tutorials_interfaces__rosidl_generator_cExport-noconfig.cmake
[6.601s] -- Up-to-date: /home/hamzaboulandoum/corosols_ws/install/action_tutorials_interfaces/share/action_tutorials_interfaces/cmake/export_action_tutorials_interfaces__rosidl_typesupport_fastrtps_cExport.cmake
[6.601s] -- Up-to-date: /home/hamzaboulandoum/corosols_ws/install/action_tutorials_interfaces/share/action_tutorials_interfaces/cmake/export_action_tutorials_interfaces__rosidl_typesupport_fastrtps_cExport-noconfig.cmake
[6.602s] -- Up-to-date: /home/hamzaboulandoum/corosols_ws/install/action_tutorials_interfaces/share/action_tutorials_interfaces/cmake/action_tutorials_interfaces__rosidl_typesupport_introspection_cExport.cmake
[6.602s] -- Up-to-date: /home/hamzaboulandoum/corosols_ws/install/action_tutorials_interfaces/share/action_tutorials_interfaces/cmake/action_tutorials_interfaces__rosidl_typesupport_introspection_cExport-noconfig.cmake
[6.603s] -- Up-to-date: /home/hamzaboulandoum/corosols_ws/install/action_tutorials_interfaces/share/action_tutorials_interfaces/cmake/action_tutorials_interfaces__rosidl_typesupport_cExport.cmake
[6.603s] -- Up-to-date: /home/hamzaboulandoum/corosols_ws/install/action_tutorials_interfaces/share/action_tutorials_interfaces/cmake/action_tutorials_interfaces__rosidl_typesupport_cExport-noconfig.cmake
[6.610s] -- Up-to-date: /home/hamzaboulandoum/corosols_ws/install/action_tutorials_interfaces/share/action_tutorials_interfaces/cmake/export_action_tutorials_interfaces__rosidl_generator_cppExport.cmake
[6.611s] -- Up-to-date: /home/hamzaboulandoum/corosols_ws/install/action_tutorials_interfaces/share/action_tutorials_interfaces/cmake/export_action_tutorials_interfaces__rosidl_typesupport_fastrtps_cppExport.cmake
[6.612s] -- Up-to-date: /home/hamzaboulandoum/corosols_ws/install/action_tutorials_interfaces/share/action_tutorials_interfaces/cmake/export_action_tutorials_interfaces__rosidl_typesupport_fastrtps_cppExport-noconfig.cmake
[6.612s] -- Up-to-date: /home/hamzaboulandoum/corosols_ws/install/action_tutorials_interfaces/share/action_tutorials_interfaces/cmake/action_tutorials_interfaces__rosidl_typesupport_introspection_cppExport.cmake
[6.613s] -- Up-to-date: /home/hamzaboulandoum/corosols_ws/install/action_tutorials_interfaces/share/action_tutorials_interfaces/cmake/action_tutorials_interfaces__rosidl_typesupport_introspection_cppExport-noconfig.cmake
[6.613s] -- Up-to-date: /home/hamzaboulandoum/corosols_ws/install/action_tutorials_interfaces/share/action_tutorials_interfaces/cmake/action_tutorials_interfaces__rosidl_typesupport_cppExport.cmake
[6.616s] -- Up-to-date: /home/hamzaboulandoum/corosols_ws/install/action_tutorials_interfaces/share/action_tutorials_interfaces/cmake/action_tutorials_interfaces__rosidl_typesupport_cppExport-noconfig.cmake
[6.618s] -- Up-to-date: /home/hamzaboulandoum/corosols_ws/install/action_tutorials_interfaces/share/action_tutorials_interfaces/cmake/export_action_tutorials_interfaces__rosidl_generator_pyExport.cmake
[6.618s] -- Up-to-date: /home/hamzaboulandoum/corosols_ws/install/action_tutorials_interfaces/share/action_tutorials_interfaces/cmake/export_action_tutorials_interfaces__rosidl_generator_pyExport-noconfig.cmake
[6.619s] -- Up-to-date: /home/hamzaboulandoum/corosols_ws/install/action_tutorials_interfaces/share/action_tutorials_interfaces/cmake/rosidl_cmake-extras.cmake
[6.620s] -- Up-to-date: /home/hamzaboulandoum/corosols_ws/install/action_tutorials_interfaces/share/action_tutorials_interfaces/cmake/ament_cmake_export_dependencies-extras.cmake
[6.621s] -- Up-to-date: /home/hamzaboulandoum/corosols_ws/install/action_tutorials_interfaces/share/action_tutorials_interfaces/cmake/ament_cmake_export_include_directories-extras.cmake
[6.621s] -- Up-to-date: /home/hamzaboulandoum/corosols_ws/install/action_tutorials_interfaces/share/action_tutorials_interfaces/cmake/ament_cmake_export_libraries-extras.cmake
[6.622s] -- Up-to-date: /home/hamzaboulandoum/corosols_ws/install/action_tutorials_interfaces/share/action_tutorials_interfaces/cmake/ament_cmake_export_targets-extras.cmake
[6.623s] -- Up-to-date: /home/hamzaboulandoum/corosols_ws/install/action_tutorials_interfaces/share/action_tutorials_interfaces/cmake/rosidl_cmake_export_typesupport_targets-extras.cmake
[6.625s] -- Up-to-date: /home/hamzaboulandoum/corosols_ws/install/action_tutorials_interfaces/share/action_tutorials_interfaces/cmake/rosidl_cmake_export_typesupport_libraries-extras.cmake
[6.626s] -- Up-to-date: /home/hamzaboulandoum/corosols_ws/install/action_tutorials_interfaces/share/action_tutorials_interfaces/cmake/action_tutorials_interfacesConfig.cmake
[6.626s] -- Up-to-date: /home/hamzaboulandoum/corosols_ws/install/action_tutorials_interfaces/share/action_tutorials_interfaces/cmake/action_tutorials_interfacesConfig-version.cmake
[6.626s] -- Up-to-date: /home/hamzaboulandoum/corosols_ws/install/action_tutorials_interfaces/share/action_tutorials_interfaces/package.xml
[6.704s] Invoked command in '/home/hamzaboulandoum/corosols_ws/build/action_tutorials_interfaces' returned '0': CMAKE_PREFIX_PATH=${CMAKE_PREFIX_PATH}:/home/hamzaboulandoum/corosols_ws/install/corosols:/opt/ros/humble /usr/bin/cmake --install /home/hamzaboulandoum/corosols_ws/build/action_tutorials_interfaces
