[2.984s] Invoking command in '/home/youssef/COROSOLS_WS/src/corosols': CMAKE_PREFIX_PATH=/home/youssef/COROSOLS_WS/install/custom_interfaces:/home/youssef/COROSOLS_WS/install/action_tutorials_interfaces:/home/youssef/COROSOLS_WS/install/marvelmind_ros2:/home/youssef/COROSOLS_WS/install/marvelmind_ros2_msgs LD_LIBRARY_PATH=/home/youssef/COROSOLS_WS/install/custom_interfaces/lib:/home/youssef/COROSOLS_WS/install/action_tutorials_interfaces/lib:/home/youssef/COROSOLS_WS/install/marvelmind_ros2_msgs/lib:/opt/ros/humble/opt/rviz_ogre_vendor/lib:/opt/ros/humble/lib/x86_64-linux-gnu:/opt/ros/humble/lib PYTHONPATH=/home/youssef/COROSOLS_WS/build/corosols/prefix_override:/usr/lib/python3/dist-packages/colcon_core/task/python/colcon_distutils_commands:/home/youssef/COROSOLS_WS/install/corosols/lib/python3.10/site-packages:${PYTHONPATH} /usr/bin/python3 -W ignore:setup.py install is deprecated setup.py egg_info --egg-base ../../build/corosols build --build-base /home/youssef/COROSOLS_WS/build/corosols/build install --record /home/youssef/COROSOLS_WS/build/corosols/install.log --single-version-externally-managed install_data
[4.187s] running egg_info
[4.190s] writing ../../build/corosols/corosols.egg-info/PKG-INFO
[4.191s] writing dependency_links to ../../build/corosols/corosols.egg-info/dependency_links.txt
[4.192s] writing entry points to ../../build/corosols/corosols.egg-info/entry_points.txt
[4.192s] writing requirements to ../../build/corosols/corosols.egg-info/requires.txt
[4.193s] writing top-level names to ../../build/corosols/corosols.egg-info/top_level.txt
[4.202s] reading manifest file '../../build/corosols/corosols.egg-info/SOURCES.txt'
[4.206s] writing manifest file '../../build/corosols/corosols.egg-info/SOURCES.txt'
[4.207s] running build
[4.207s] running build_py
[4.208s] copying corosols/robot_speeds.py -> /home/youssef/COROSOLS_WS/build/corosols/build/lib/corosols
[4.211s] running install
[4.212s] running install_lib
[4.215s] copying /home/youssef/COROSOLS_WS/build/corosols/build/lib/corosols/robot_speeds.py -> /home/youssef/COROSOLS_WS/install/corosols/lib/python3.10/site-packages/corosols
[4.219s] byte-compiling /home/youssef/COROSOLS_WS/install/corosols/lib/python3.10/site-packages/corosols/robot_speeds.py to robot_speeds.cpython-310.pyc
[4.247s] running install_data
[4.247s] running install_egg_info
[4.255s] removing '/home/youssef/COROSOLS_WS/install/corosols/lib/python3.10/site-packages/corosols-0.0.0-py3.10.egg-info' (and everything under it)
[4.256s] Copying ../../build/corosols/corosols.egg-info to /home/youssef/COROSOLS_WS/install/corosols/lib/python3.10/site-packages/corosols-0.0.0-py3.10.egg-info
[4.261s] running install_scripts
[4.350s] Installing input_client script to /home/youssef/COROSOLS_WS/install/corosols/lib/corosols
[4.351s] Installing pose_broadcaster script to /home/youssef/COROSOLS_WS/install/corosols/lib/corosols
[4.352s] Installing robot_speeds script to /home/youssef/COROSOLS_WS/install/corosols/lib/corosols
[4.352s] Installing serial script to /home/youssef/COROSOLS_WS/install/corosols/lib/corosols
[4.354s] writing list of installed files to '/home/youssef/COROSOLS_WS/build/corosols/install.log'
[4.437s] Invoked command in '/home/youssef/COROSOLS_WS/src/corosols' returned '0': CMAKE_PREFIX_PATH=/home/youssef/COROSOLS_WS/install/custom_interfaces:/home/youssef/COROSOLS_WS/install/action_tutorials_interfaces:/home/youssef/COROSOLS_WS/install/marvelmind_ros2:/home/youssef/COROSOLS_WS/install/marvelmind_ros2_msgs LD_LIBRARY_PATH=/home/youssef/COROSOLS_WS/install/custom_interfaces/lib:/home/youssef/COROSOLS_WS/install/action_tutorials_interfaces/lib:/home/youssef/COROSOLS_WS/install/marvelmind_ros2_msgs/lib:/opt/ros/humble/opt/rviz_ogre_vendor/lib:/opt/ros/humble/lib/x86_64-linux-gnu:/opt/ros/humble/lib PYTHONPATH=/home/youssef/COROSOLS_WS/build/corosols/prefix_override:/usr/lib/python3/dist-packages/colcon_core/task/python/colcon_distutils_commands:/home/youssef/COROSOLS_WS/install/corosols/lib/python3.10/site-packages:${PYTHONPATH} /usr/bin/python3 -W ignore:setup.py install is deprecated setup.py egg_info --egg-base ../../build/corosols build --build-base /home/youssef/COROSOLS_WS/build/corosols/build install --record /home/youssef/COROSOLS_WS/build/corosols/install.log --single-version-externally-managed install_data
