[1.126s] DEBUG:colcon:Command line arguments: ['/usr/bin/colcon', 'build', '--packages-select', 'corosols']
[1.127s] DEBUG:colcon:Parsed command line arguments: Namespace(allow_overriding=[], ament_cmake_args=None, base_paths=['.'], build_base='build', catkin_cmake_args=None, catkin_skip_building_tests=False, cmake_args=None, cmake_clean_cache=False, cmake_clean_first=False, cmake_force_configure=False, cmake_target=None, cmake_target_skip_unavailable=False, continue_on_error=False, event_handlers=None, executor='parallel', ignore_user_meta=False, install_base='install', log_base=None, log_level=None, main=<bound method BuildVerb.main of <colcon_core.verb.build.BuildVerb object at 0xffff9477a2e0>>, merge_install=False, metas=['./colcon.meta'], mixin=None, mixin_files=None, mixin_verb=('build',), packages_above=None, packages_above_and_dependencies=None, packages_above_depth=None, packages_end=None, packages_ignore=None, packages_ignore_regex=None, packages_select=['corosols'], packages_select_build_failed=False, packages_select_by_dep=None, packages_select_regex=None, packages_select_test_failures=False, packages_skip=None, packages_skip_build_finished=False, packages_skip_by_dep=None, packages_skip_regex=None, packages_skip_test_passed=False, packages_skip_up_to=None, packages_start=None, packages_up_to=None, packages_up_to_regex=None, parallel_workers=6, paths=None, symlink_install=False, test_result_base=None, verb_extension=<colcon_core.verb.build.BuildVerb object at 0xffff9477a2e0>, verb_name='build', verb_parser=<colcon_mixin.mixin.mixin_argument.MixinArgumentDecorator object at 0xffff946a3430>)
[2.148s] Level 1:colcon.colcon_core.package_discovery:discover_packages(colcon_meta) check parameters
[2.148s] Level 1:colcon.colcon_core.package_discovery:discover_packages(recursive) check parameters
[2.149s] Level 1:colcon.colcon_core.package_discovery:discover_packages(ignore) check parameters
[2.149s] Level 1:colcon.colcon_core.package_discovery:discover_packages(path) check parameters
[2.149s] Level 1:colcon.colcon_core.package_discovery:discover_packages(colcon_meta) discover
[2.149s] Level 1:colcon.colcon_core.package_discovery:discover_packages(recursive) discover
[2.150s] INFO:colcon.colcon_core.package_discovery:Crawling recursively for packages in '/home/hamzaboulandoum/corosols_ws'
[2.150s] Level 1:colcon.colcon_core.package_identification:_identify(.) by extensions ['ignore', 'ignore_ament_install']
[2.151s] Level 1:colcon.colcon_core.package_identification:_identify(.) by extension 'ignore'
[2.151s] Level 1:colcon.colcon_core.package_identification:_identify(.) by extension 'ignore_ament_install'
[2.151s] Level 1:colcon.colcon_core.package_identification:_identify(.) by extensions ['colcon_pkg']
[2.152s] Level 1:colcon.colcon_core.package_identification:_identify(.) by extension 'colcon_pkg'
[2.152s] Level 1:colcon.colcon_core.package_identification:_identify(.) by extensions ['colcon_meta']
[2.155s] Level 1:colcon.colcon_core.package_identification:_identify(.) by extension 'colcon_meta'
[2.155s] Level 1:colcon.colcon_core.package_identification:_identify(.) by extensions ['ros']
[2.156s] Level 1:colcon.colcon_core.package_identification:_identify(.) by extension 'ros'
[2.212s] Level 1:colcon.colcon_core.package_identification:_identify(.) by extensions ['cmake', 'python']
[2.212s] Level 1:colcon.colcon_core.package_identification:_identify(.) by extension 'cmake'
[2.213s] Level 1:colcon.colcon_core.package_identification:_identify(.) by extension 'python'
[2.213s] Level 1:colcon.colcon_core.package_identification:_identify(.) by extensions ['python_setup_py']
[2.213s] Level 1:colcon.colcon_core.package_identification:_identify(.) by extension 'python_setup_py'
[2.214s] Level 1:colcon.colcon_core.package_identification:_identify(build) by extensions ['ignore', 'ignore_ament_install']
[2.214s] Level 1:colcon.colcon_core.package_identification:_identify(build) by extension 'ignore'
[2.215s] Level 1:colcon.colcon_core.package_identification:_identify(build) ignored
[2.215s] Level 1:colcon.colcon_core.package_identification:_identify(install) by extensions ['ignore', 'ignore_ament_install']
[2.216s] Level 1:colcon.colcon_core.package_identification:_identify(install) by extension 'ignore'
[2.216s] Level 1:colcon.colcon_core.package_identification:_identify(install) ignored
[2.217s] Level 1:colcon.colcon_core.package_identification:_identify(log) by extensions ['ignore', 'ignore_ament_install']
[2.217s] Level 1:colcon.colcon_core.package_identification:_identify(log) by extension 'ignore'
[2.217s] Level 1:colcon.colcon_core.package_identification:_identify(log) ignored
[2.218s] Level 1:colcon.colcon_core.package_identification:_identify(src) by extensions ['ignore', 'ignore_ament_install']
[2.218s] Level 1:colcon.colcon_core.package_identification:_identify(src) by extension 'ignore'
[2.218s] Level 1:colcon.colcon_core.package_identification:_identify(src) by extension 'ignore_ament_install'
[2.219s] Level 1:colcon.colcon_core.package_identification:_identify(src) by extensions ['colcon_pkg']
[2.219s] Level 1:colcon.colcon_core.package_identification:_identify(src) by extension 'colcon_pkg'
[2.219s] Level 1:colcon.colcon_core.package_identification:_identify(src) by extensions ['colcon_meta']
[2.219s] Level 1:colcon.colcon_core.package_identification:_identify(src) by extension 'colcon_meta'
[2.220s] Level 1:colcon.colcon_core.package_identification:_identify(src) by extensions ['ros']
[2.220s] Level 1:colcon.colcon_core.package_identification:_identify(src) by extension 'ros'
[2.220s] Level 1:colcon.colcon_core.package_identification:_identify(src) by extensions ['cmake', 'python']
[2.221s] Level 1:colcon.colcon_core.package_identification:_identify(src) by extension 'cmake'
[2.221s] Level 1:colcon.colcon_core.package_identification:_identify(src) by extension 'python'
[2.221s] Level 1:colcon.colcon_core.package_identification:_identify(src) by extensions ['python_setup_py']
[2.221s] Level 1:colcon.colcon_core.package_identification:_identify(src) by extension 'python_setup_py'
[2.222s] Level 1:colcon.colcon_core.package_identification:_identify(src/corosols) by extensions ['ignore', 'ignore_ament_install']
[2.222s] Level 1:colcon.colcon_core.package_identification:_identify(src/corosols) by extension 'ignore'
[2.223s] Level 1:colcon.colcon_core.package_identification:_identify(src/corosols) by extension 'ignore_ament_install'
[2.223s] Level 1:colcon.colcon_core.package_identification:_identify(src/corosols) by extensions ['colcon_pkg']
[2.223s] Level 1:colcon.colcon_core.package_identification:_identify(src/corosols) by extension 'colcon_pkg'
[2.223s] Level 1:colcon.colcon_core.package_identification:_identify(src/corosols) by extensions ['colcon_meta']
[2.223s] Level 1:colcon.colcon_core.package_identification:_identify(src/corosols) by extension 'colcon_meta'
[2.224s] Level 1:colcon.colcon_core.package_identification:_identify(src/corosols) by extensions ['ros']
[2.224s] Level 1:colcon.colcon_core.package_identification:_identify(src/corosols) by extension 'ros'
[2.236s] DEBUG:colcon.colcon_core.package_identification:Package 'src/corosols' with type 'ros.ament_python' and name 'corosols'
[2.237s] Level 1:colcon.colcon_core.package_identification:_identify(src/custom_interfaces) by extensions ['ignore', 'ignore_ament_install']
[2.238s] Level 1:colcon.colcon_core.package_identification:_identify(src/custom_interfaces) by extension 'ignore'
[2.238s] Level 1:colcon.colcon_core.package_identification:_identify(src/custom_interfaces) by extension 'ignore_ament_install'
[2.238s] Level 1:colcon.colcon_core.package_identification:_identify(src/custom_interfaces) by extensions ['colcon_pkg']
[2.239s] Level 1:colcon.colcon_core.package_identification:_identify(src/custom_interfaces) by extension 'colcon_pkg'
[2.239s] Level 1:colcon.colcon_core.package_identification:_identify(src/custom_interfaces) by extensions ['colcon_meta']
[2.239s] Level 1:colcon.colcon_core.package_identification:_identify(src/custom_interfaces) by extension 'colcon_meta'
[2.239s] Level 1:colcon.colcon_core.package_identification:_identify(src/custom_interfaces) by extensions ['ros']
[2.240s] Level 1:colcon.colcon_core.package_identification:_identify(src/custom_interfaces) by extension 'ros'
[2.243s] DEBUG:colcon.colcon_core.package_identification:Package 'src/custom_interfaces' with type 'ros.ament_cmake' and name 'custom_interfaces'
[2.243s] Level 1:colcon.colcon_core.package_discovery:discover_packages(recursive) using defaults
[2.243s] Level 1:colcon.colcon_core.package_discovery:discover_packages(ignore) discover
[2.243s] Level 1:colcon.colcon_core.package_discovery:discover_packages(ignore) using defaults
[2.244s] Level 1:colcon.colcon_core.package_discovery:discover_packages(path) discover
[2.244s] Level 1:colcon.colcon_core.package_discovery:discover_packages(path) using defaults
[2.359s] INFO:colcon.colcon_core.package_selection:Skipping not selected package 'custom_interfaces' in 'src/custom_interfaces'
[2.361s] Level 1:colcon.colcon_core.package_discovery:discover_packages(prefix_path) check parameters
[2.361s] Level 1:colcon.colcon_core.package_discovery:discover_packages(prefix_path) discover
[2.370s] DEBUG:colcon.colcon_installed_package_information.package_discovery:Found 2 installed packages in /home/hamzaboulandoum/corosols_ws/install
[2.382s] DEBUG:colcon.colcon_installed_package_information.package_discovery:Found 364 installed packages in /opt/ros/humble
[2.394s] Level 1:colcon.colcon_core.package_discovery:discover_packages(prefix_path) using defaults
[2.829s] Level 5:colcon.colcon_core.verb:set package 'corosols' build argument 'cmake_args' from command line to 'None'
[2.830s] Level 5:colcon.colcon_core.verb:set package 'corosols' build argument 'cmake_target' from command line to 'None'
[2.830s] Level 5:colcon.colcon_core.verb:set package 'corosols' build argument 'cmake_target_skip_unavailable' from command line to 'False'
[2.830s] Level 5:colcon.colcon_core.verb:set package 'corosols' build argument 'cmake_clean_cache' from command line to 'False'
[2.830s] Level 5:colcon.colcon_core.verb:set package 'corosols' build argument 'cmake_clean_first' from command line to 'False'
[2.831s] Level 5:colcon.colcon_core.verb:set package 'corosols' build argument 'cmake_force_configure' from command line to 'False'
[2.831s] Level 5:colcon.colcon_core.verb:set package 'corosols' build argument 'ament_cmake_args' from command line to 'None'
[2.831s] Level 5:colcon.colcon_core.verb:set package 'corosols' build argument 'catkin_cmake_args' from command line to 'None'
[2.831s] Level 5:colcon.colcon_core.verb:set package 'corosols' build argument 'catkin_skip_building_tests' from command line to 'False'
[2.831s] DEBUG:colcon.colcon_core.verb:Building package 'corosols' with the following arguments: {'ament_cmake_args': None, 'build_base': '/home/hamzaboulandoum/corosols_ws/build/corosols', 'catkin_cmake_args': None, 'catkin_skip_building_tests': False, 'cmake_args': None, 'cmake_clean_cache': False, 'cmake_clean_first': False, 'cmake_force_configure': False, 'cmake_target': None, 'cmake_target_skip_unavailable': False, 'install_base': '/home/hamzaboulandoum/corosols_ws/install/corosols', 'merge_install': False, 'path': '/home/hamzaboulandoum/corosols_ws/src/corosols', 'symlink_install': False, 'test_result_base': None}
[2.832s] INFO:colcon.colcon_core.executor:Executing jobs using 'parallel' executor
[2.837s] DEBUG:colcon.colcon_parallel_executor.executor.parallel:run_until_complete
[2.839s] INFO:colcon.colcon_ros.task.ament_python.build:Building ROS package in '/home/hamzaboulandoum/corosols_ws/src/corosols' with build type 'ament_python'
[2.840s] Level 1:colcon.colcon_core.shell:create_environment_hook('corosols', 'ament_prefix_path')
[2.851s] INFO:colcon.colcon_core.plugin_system:Skipping extension 'colcon_core.shell.bat': Not used on non-Windows systems
[2.852s] INFO:colcon.colcon_core.shell:Creating environment hook '/home/hamzaboulandoum/corosols_ws/install/corosols/share/corosols/hook/ament_prefix_path.ps1'
[2.855s] INFO:colcon.colcon_core.shell:Creating environment descriptor '/home/hamzaboulandoum/corosols_ws/install/corosols/share/corosols/hook/ament_prefix_path.dsv'
[2.858s] INFO:colcon.colcon_core.shell:Creating environment hook '/home/hamzaboulandoum/corosols_ws/install/corosols/share/corosols/hook/ament_prefix_path.sh'
[2.862s] INFO:colcon.colcon_core.shell:Skip shell extension 'powershell' for command environment: Not usable outside of PowerShell
[2.862s] DEBUG:colcon.colcon_core.shell:Skip shell extension 'dsv' for command environment
[4.356s] INFO:colcon.colcon_core.task.python.build:Building Python package in '/home/hamzaboulandoum/corosols_ws/src/corosols'
[4.361s] INFO:colcon.colcon_core.shell:Skip shell extension 'powershell' for command environment: Not usable outside of PowerShell
[4.362s] DEBUG:colcon.colcon_core.shell:Skip shell extension 'dsv' for command environment
[6.680s] DEBUG:colcon.colcon_core.event_handler.log_command:Invoking command in '/home/hamzaboulandoum/corosols_ws/src/corosols': LD_LIBRARY_PATH=/home/hamzaboulandoum/corosols_ws/install/custom_interfaces/lib:/usr/local/cuda-11.4/lib64:/opt/ros/humble/opt/rviz_ogre_vendor/lib:/opt/ros/humble/lib/aarch64-linux-gnu:/opt/ros/humble/lib:/usr/local/cuda-11.4/lib64 PYTHONPATH=/home/hamzaboulandoum/corosols_ws/build/corosols/prefix_override:/home/hamzaboulandoum/corosols_ws/install/corosols/lib/python3.8/site-packages:${PYTHONPATH} /usr/bin/python3 -W ignore:setup.py install is deprecated setup.py egg_info --egg-base ../../build/corosols build --build-base /home/hamzaboulandoum/corosols_ws/build/corosols/build install --record /home/hamzaboulandoum/corosols_ws/build/corosols/install.log --single-version-externally-managed install_data
[8.537s] DEBUG:colcon.colcon_core.event_handler.log_command:Invoked command in '/home/hamzaboulandoum/corosols_ws/src/corosols' returned '0': LD_LIBRARY_PATH=/home/hamzaboulandoum/corosols_ws/install/custom_interfaces/lib:/usr/local/cuda-11.4/lib64:/opt/ros/humble/opt/rviz_ogre_vendor/lib:/opt/ros/humble/lib/aarch64-linux-gnu:/opt/ros/humble/lib:/usr/local/cuda-11.4/lib64 PYTHONPATH=/home/hamzaboulandoum/corosols_ws/build/corosols/prefix_override:/home/hamzaboulandoum/corosols_ws/install/corosols/lib/python3.8/site-packages:${PYTHONPATH} /usr/bin/python3 -W ignore:setup.py install is deprecated setup.py egg_info --egg-base ../../build/corosols build --build-base /home/hamzaboulandoum/corosols_ws/build/corosols/build install --record /home/hamzaboulandoum/corosols_ws/build/corosols/install.log --single-version-externally-managed install_data
[8.553s] Level 1:colcon.colcon_core.environment:checking '/home/hamzaboulandoum/corosols_ws/install/corosols' for CMake module files
[8.556s] Level 1:colcon.colcon_core.environment:checking '/home/hamzaboulandoum/corosols_ws/install/corosols' for CMake config files
[8.562s] Level 1:colcon.colcon_core.environment:checking '/home/hamzaboulandoum/corosols_ws/install/corosols/lib'
[8.563s] Level 1:colcon.colcon_core.environment:checking '/home/hamzaboulandoum/corosols_ws/install/corosols/bin'
[8.564s] Level 1:colcon.colcon_core.environment:checking '/home/hamzaboulandoum/corosols_ws/install/corosols/lib/pkgconfig/corosols.pc'
[8.566s] Level 1:colcon.colcon_core.environment:checking '/home/hamzaboulandoum/corosols_ws/install/corosols/lib/python3.8/site-packages'
[8.566s] Level 1:colcon.colcon_core.shell:create_environment_hook('corosols', 'pythonpath')
[8.568s] INFO:colcon.colcon_core.shell:Creating environment hook '/home/hamzaboulandoum/corosols_ws/install/corosols/share/corosols/hook/pythonpath.ps1'
[8.571s] INFO:colcon.colcon_core.shell:Creating environment descriptor '/home/hamzaboulandoum/corosols_ws/install/corosols/share/corosols/hook/pythonpath.dsv'
[8.573s] INFO:colcon.colcon_core.shell:Creating environment hook '/home/hamzaboulandoum/corosols_ws/install/corosols/share/corosols/hook/pythonpath.sh'
[8.576s] Level 1:colcon.colcon_core.environment:checking '/home/hamzaboulandoum/corosols_ws/install/corosols/bin'
[8.577s] Level 1:colcon.colcon_core.environment:create_environment_scripts_only(corosols)
[8.579s] INFO:colcon.colcon_core.shell:Creating package script '/home/hamzaboulandoum/corosols_ws/install/corosols/share/corosols/package.ps1'
[8.583s] INFO:colcon.colcon_core.shell:Creating package descriptor '/home/hamzaboulandoum/corosols_ws/install/corosols/share/corosols/package.dsv'
[8.586s] INFO:colcon.colcon_core.shell:Creating package script '/home/hamzaboulandoum/corosols_ws/install/corosols/share/corosols/package.sh'
[8.589s] INFO:colcon.colcon_core.shell:Creating package script '/home/hamzaboulandoum/corosols_ws/install/corosols/share/corosols/package.bash'
[8.593s] INFO:colcon.colcon_core.shell:Creating package script '/home/hamzaboulandoum/corosols_ws/install/corosols/share/corosols/package.zsh'
[8.596s] Level 1:colcon.colcon_core.environment:create_file_with_runtime_dependencies(/home/hamzaboulandoum/corosols_ws/install/corosols/share/colcon-core/packages/corosols)
[8.599s] DEBUG:colcon.colcon_parallel_executor.executor.parallel:closing loop
[8.601s] DEBUG:colcon.colcon_parallel_executor.executor.parallel:loop closed
[8.603s] DEBUG:colcon.colcon_parallel_executor.executor.parallel:run_until_complete finished with '0'
[8.603s] DEBUG:colcon.colcon_core.event_reactor:joining thread
[8.637s] INFO:colcon.colcon_core.plugin_system:Skipping extension 'colcon_notification.desktop_notification.terminal_notifier': Not used on non-Darwin systems
[8.637s] INFO:colcon.colcon_core.plugin_system:Skipping extension 'colcon_notification.desktop_notification.win32': Not used on non-Windows systems
[8.638s] INFO:colcon.colcon_notification.desktop_notification:Sending desktop notification using 'notify2'
[8.739s] DEBUG:colcon.colcon_core.event_reactor:joined thread
[8.741s] INFO:colcon.colcon_core.shell:Creating prefix script '/home/hamzaboulandoum/corosols_ws/install/local_setup.ps1'
[8.746s] INFO:colcon.colcon_core.shell:Creating prefix util module '/home/hamzaboulandoum/corosols_ws/install/_local_setup_util_ps1.py'
[8.754s] INFO:colcon.colcon_core.shell:Creating prefix chain script '/home/hamzaboulandoum/corosols_ws/install/setup.ps1'
[8.762s] INFO:colcon.colcon_core.shell:Creating prefix script '/home/hamzaboulandoum/corosols_ws/install/local_setup.sh'
[8.765s] INFO:colcon.colcon_core.shell:Creating prefix util module '/home/hamzaboulandoum/corosols_ws/install/_local_setup_util_sh.py'
[8.768s] INFO:colcon.colcon_core.shell:Creating prefix chain script '/home/hamzaboulandoum/corosols_ws/install/setup.sh'
[8.774s] INFO:colcon.colcon_core.shell:Creating prefix script '/home/hamzaboulandoum/corosols_ws/install/local_setup.bash'
[8.777s] INFO:colcon.colcon_core.shell:Creating prefix chain script '/home/hamzaboulandoum/corosols_ws/install/setup.bash'
[8.784s] INFO:colcon.colcon_core.shell:Creating prefix script '/home/hamzaboulandoum/corosols_ws/install/local_setup.zsh'
[8.786s] INFO:colcon.colcon_core.shell:Creating prefix chain script '/home/hamzaboulandoum/corosols_ws/install/setup.zsh'
