[0.437s] Invoking command in '/home/robot001/Desktop/Application/COROSOLS_WS/src/corosols': AMENT_PREFIX_PATH=/home/robot001/Desktop/Application/COROSOLS_WS/install/custom_interfaces:/home/robot001/Desktop/Application/COROSOLS_WS/install/action_tutorials_interfaces:${AMENT_PREFIX_PATH} CMAKE_PREFIX_PATH=/home/robot001/Desktop/Application/COROSOLS_WS/install/custom_interfaces:/home/robot001/Desktop/Application/COROSOLS_WS/install/action_tutorials_interfaces LD_LIBRARY_PATH=/home/robot001/Desktop/Application/COROSOLS_WS/install/custom_interfaces/lib:/home/robot001/Desktop/Application/COROSOLS_WS/install/action_tutorials_interfaces/lib:${LD_LIBRARY_PATH} PYTHONPATH=/home/robot001/Desktop/Application/COROSOLS_WS/build/corosols/prefix_override:/usr/lib/python3/dist-packages/colcon_core/task/python/colcon_distutils_commands:/home/robot001/Desktop/Application/COROSOLS_WS/install/corosols/lib/python3.10/site-packages:/home/robot001/Desktop/Application/COROSOLS_WS/install/custom_interfaces/local/lib/python3.10/dist-packages:/home/robot001/Desktop/Application/COROSOLS_WS/install/action_tutorials_interfaces/local/lib/python3.10/dist-packages:${PYTHONPATH} /usr/bin/python3 -W ignore:setup.py install is deprecated -W ignore:easy_install command is deprecated setup.py egg_info --egg-base ../../build/corosols build --build-base /home/robot001/Desktop/Application/COROSOLS_WS/build/corosols/build install --record /home/robot001/Desktop/Application/COROSOLS_WS/build/corosols/install.log --single-version-externally-managed install_data
[0.594s] running egg_info
[0.594s] writing ../../build/corosols/corosols.egg-info/PKG-INFO
[0.594s] writing dependency_links to ../../build/corosols/corosols.egg-info/dependency_links.txt
[0.594s] writing entry points to ../../build/corosols/corosols.egg-info/entry_points.txt
[0.594s] writing requirements to ../../build/corosols/corosols.egg-info/requires.txt
[0.594s] writing top-level names to ../../build/corosols/corosols.egg-info/top_level.txt
[0.595s] reading manifest file '../../build/corosols/corosols.egg-info/SOURCES.txt'
[0.597s] writing manifest file '../../build/corosols/corosols.egg-info/SOURCES.txt'
[0.597s] running build
[0.597s] running build_py
[0.597s] running install
[0.597s] running install_lib
[0.598s] running install_data
[0.598s] running install_egg_info
[0.600s] removing '/home/robot001/Desktop/Application/COROSOLS_WS/install/corosols/lib/python3.10/site-packages/corosols-0.0.0-py3.10.egg-info' (and everything under it)
[0.600s] Copying ../../build/corosols/corosols.egg-info to /home/robot001/Desktop/Application/COROSOLS_WS/install/corosols/lib/python3.10/site-packages/corosols-0.0.0-py3.10.egg-info
[0.602s] running install_scripts
[0.614s] Installing imu_broadcaster script to /home/robot001/Desktop/Application/COROSOLS_WS/install/corosols/lib/corosols
[0.614s] Installing input_client script to /home/robot001/Desktop/Application/COROSOLS_WS/install/corosols/lib/corosols
[0.614s] Installing pose_broadcaster script to /home/robot001/Desktop/Application/COROSOLS_WS/install/corosols/lib/corosols
[0.614s] Installing robot_speeds script to /home/robot001/Desktop/Application/COROSOLS_WS/install/corosols/lib/corosols
[0.615s] Installing serial script to /home/robot001/Desktop/Application/COROSOLS_WS/install/corosols/lib/corosols
[0.615s] Installing station_connector script to /home/robot001/Desktop/Application/COROSOLS_WS/install/corosols/lib/corosols
[0.615s] writing list of installed files to '/home/robot001/Desktop/Application/COROSOLS_WS/build/corosols/install.log'
[0.640s] Invoked command in '/home/robot001/Desktop/Application/COROSOLS_WS/src/corosols' returned '0': AMENT_PREFIX_PATH=/home/robot001/Desktop/Application/COROSOLS_WS/install/custom_interfaces:/home/robot001/Desktop/Application/COROSOLS_WS/install/action_tutorials_interfaces:${AMENT_PREFIX_PATH} CMAKE_PREFIX_PATH=/home/robot001/Desktop/Application/COROSOLS_WS/install/custom_interfaces:/home/robot001/Desktop/Application/COROSOLS_WS/install/action_tutorials_interfaces LD_LIBRARY_PATH=/home/robot001/Desktop/Application/COROSOLS_WS/install/custom_interfaces/lib:/home/robot001/Desktop/Application/COROSOLS_WS/install/action_tutorials_interfaces/lib:${LD_LIBRARY_PATH} PYTHONPATH=/home/robot001/Desktop/Application/COROSOLS_WS/build/corosols/prefix_override:/usr/lib/python3/dist-packages/colcon_core/task/python/colcon_distutils_commands:/home/robot001/Desktop/Application/COROSOLS_WS/install/corosols/lib/python3.10/site-packages:/home/robot001/Desktop/Application/COROSOLS_WS/install/custom_interfaces/local/lib/python3.10/dist-packages:/home/robot001/Desktop/Application/COROSOLS_WS/install/action_tutorials_interfaces/local/lib/python3.10/dist-packages:${PYTHONPATH} /usr/bin/python3 -W ignore:setup.py install is deprecated -W ignore:easy_install command is deprecated setup.py egg_info --egg-base ../../build/corosols build --build-base /home/robot001/Desktop/Application/COROSOLS_WS/build/corosols/build install --record /home/robot001/Desktop/Application/COROSOLS_WS/build/corosols/install.log --single-version-externally-managed install_data
