[0.035s] Invoking command in '/home/youssef/COROSOLS_WS/build/marvelmind_ros2_msgs': CMAKE_PREFIX_PATH=${CMAKE_PREFIX_PATH}:/home/youssef/COROSOLS_WS/install/corosols:/opt/ros/humble /usr/bin/cmake --build /home/youssef/COROSOLS_WS/build/marvelmind_ros2_msgs -- -j8 -l8
[0.184s] [ 12%] Built target marvelmind_ros2_msgs__rosidl_generator_c
[0.189s] [ 12%] Built target marvelmind_ros2_msgs__cpp
[0.212s] [ 12%] Built target ament_cmake_python_copy_marvelmind_ros2_msgs
[0.294s] [ 24%] Built target marvelmind_ros2_msgs__rosidl_typesupport_fastrtps_c
[0.312s] [ 36%] Built target marvelmind_ros2_msgs__rosidl_typesupport_introspection_c
[0.323s] [ 48%] Built target marvelmind_ros2_msgs__rosidl_typesupport_c
[0.332s] [ 59%] Built target marvelmind_ros2_msgs__rosidl_typesupport_fastrtps_cpp
[0.339s] [ 71%] Built target marvelmind_ros2_msgs__rosidl_typesupport_introspection_cpp
[0.348s] [ 83%] Built target marvelmind_ros2_msgs__rosidl_typesupport_cpp
[0.399s] [ 83%] Built target marvelmind_ros2_msgs
[0.445s] [ 84%] Built target marvelmind_ros2_msgs__py
[0.517s] [ 95%] Built target marvelmind_ros2_msgs__rosidl_generator_py
[0.587s] [ 97%] Built target marvelmind_ros2_msgs__rosidl_typesupport_introspection_c__pyext
[0.589s] [ 99%] Built target marvelmind_ros2_msgs__rosidl_typesupport_fastrtps_c__pyext
[0.593s] [100%] Built target marvelmind_ros2_msgs__rosidl_typesupport_c__pyext
[0.837s] running egg_info
[0.838s] writing marvelmind_ros2_msgs.egg-info/PKG-INFO
[0.838s] writing dependency_links to marvelmind_ros2_msgs.egg-info/dependency_links.txt
[0.838s] writing top-level names to marvelmind_ros2_msgs.egg-info/top_level.txt
[0.842s] reading manifest file 'marvelmind_ros2_msgs.egg-info/SOURCES.txt'
[0.844s] writing manifest file 'marvelmind_ros2_msgs.egg-info/SOURCES.txt'
[0.889s] [100%] Built target ament_cmake_python_build_marvelmind_ros2_msgs_egg
[0.908s] Invoked command in '/home/youssef/COROSOLS_WS/build/marvelmind_ros2_msgs' returned '0': CMAKE_PREFIX_PATH=${CMAKE_PREFIX_PATH}:/home/youssef/COROSOLS_WS/install/corosols:/opt/ros/humble /usr/bin/cmake --build /home/youssef/COROSOLS_WS/build/marvelmind_ros2_msgs -- -j8 -l8
[0.910s] Invoking command in '/home/youssef/COROSOLS_WS/build/marvelmind_ros2_msgs': CMAKE_PREFIX_PATH=${CMAKE_PREFIX_PATH}:/home/youssef/COROSOLS_WS/install/corosols:/opt/ros/humble /usr/bin/cmake --install /home/youssef/COROSOLS_WS/build/marvelmind_ros2_msgs
[0.922s] -- Install configuration: ""
[0.922s] -- Up-to-date: /home/youssef/COROSOLS_WS/install/marvelmind_ros2_msgs/share/ament_index/resource_index/rosidl_interfaces/marvelmind_ros2_msgs
[0.923s] -- Up-to-date: /home/youssef/COROSOLS_WS/install/marvelmind_ros2_msgs/include/marvelmind_ros2_msgs/marvelmind_ros2_msgs
[0.923s] -- Up-to-date: /home/youssef/COROSOLS_WS/install/marvelmind_ros2_msgs/include/marvelmind_ros2_msgs/marvelmind_ros2_msgs/msg
[0.923s] -- Up-to-date: /home/youssef/COROSOLS_WS/install/marvelmind_ros2_msgs/include/marvelmind_ros2_msgs/marvelmind_ros2_msgs/msg/marvelmind_user_data.h
[0.924s] -- Up-to-date: /home/youssef/COROSOLS_WS/install/marvelmind_ros2_msgs/include/marvelmind_ros2_msgs/marvelmind_ros2_msgs/msg/hedge_imu_raw.h
[0.924s] -- Up-to-date: /home/youssef/COROSOLS_WS/install/marvelmind_ros2_msgs/include/marvelmind_ros2_msgs/marvelmind_ros2_msgs/msg/hedge_telemetry.h
[0.924s] -- Up-to-date: /home/youssef/COROSOLS_WS/install/marvelmind_ros2_msgs/include/marvelmind_ros2_msgs/marvelmind_ros2_msgs/msg/beacon_distance.h
[0.925s] -- Up-to-date: /home/youssef/COROSOLS_WS/install/marvelmind_ros2_msgs/include/marvelmind_ros2_msgs/marvelmind_ros2_msgs/msg/hedge_position_angle.h
[0.925s] -- Up-to-date: /home/youssef/COROSOLS_WS/install/marvelmind_ros2_msgs/include/marvelmind_ros2_msgs/marvelmind_ros2_msgs/msg/rosidl_generator_c__visibility_control.h
[0.925s] -- Up-to-date: /home/youssef/COROSOLS_WS/install/marvelmind_ros2_msgs/include/marvelmind_ros2_msgs/marvelmind_ros2_msgs/msg/hedge_quality.h
[0.926s] -- Up-to-date: /home/youssef/COROSOLS_WS/install/marvelmind_ros2_msgs/include/marvelmind_ros2_msgs/marvelmind_ros2_msgs/msg/detail
[0.926s] -- Up-to-date: /home/youssef/COROSOLS_WS/install/marvelmind_ros2_msgs/include/marvelmind_ros2_msgs/marvelmind_ros2_msgs/msg/detail/beacon_distance__type_support.h
[0.927s] -- Up-to-date: /home/youssef/COROSOLS_WS/install/marvelmind_ros2_msgs/include/marvelmind_ros2_msgs/marvelmind_ros2_msgs/msg/detail/hedge_position_angle__type_support.h
[0.927s] -- Up-to-date: /home/youssef/COROSOLS_WS/install/marvelmind_ros2_msgs/include/marvelmind_ros2_msgs/marvelmind_ros2_msgs/msg/detail/hedge_quality__functions.h
[0.928s] -- Up-to-date: /home/youssef/COROSOLS_WS/install/marvelmind_ros2_msgs/include/marvelmind_ros2_msgs/marvelmind_ros2_msgs/msg/detail/marvelmind_user_data__functions.h
[0.928s] -- Up-to-date: /home/youssef/COROSOLS_WS/install/marvelmind_ros2_msgs/include/marvelmind_ros2_msgs/marvelmind_ros2_msgs/msg/detail/hedge_position_addressed__functions.h
[0.929s] -- Up-to-date: /home/youssef/COROSOLS_WS/install/marvelmind_ros2_msgs/include/marvelmind_ros2_msgs/marvelmind_ros2_msgs/msg/detail/hedge_position_addressed__type_support.h
[0.929s] -- Up-to-date: /home/youssef/COROSOLS_WS/install/marvelmind_ros2_msgs/include/marvelmind_ros2_msgs/marvelmind_ros2_msgs/msg/detail/hedge_quality__type_support.h
[0.930s] -- Up-to-date: /home/youssef/COROSOLS_WS/install/marvelmind_ros2_msgs/include/marvelmind_ros2_msgs/marvelmind_ros2_msgs/msg/detail/hedge_quality__functions.c
[0.930s] -- Up-to-date: /home/youssef/COROSOLS_WS/install/marvelmind_ros2_msgs/include/marvelmind_ros2_msgs/marvelmind_ros2_msgs/msg/detail/hedge_imu_fusion__functions.h
[0.931s] -- Up-to-date: /home/youssef/COROSOLS_WS/install/marvelmind_ros2_msgs/include/marvelmind_ros2_msgs/marvelmind_ros2_msgs/msg/detail/hedge_telemetry__functions.c
[0.932s] -- Up-to-date: /home/youssef/COROSOLS_WS/install/marvelmind_ros2_msgs/include/marvelmind_ros2_msgs/marvelmind_ros2_msgs/msg/detail/marvelmind_waypoint__type_support.h
[0.932s] -- Up-to-date: /home/youssef/COROSOLS_WS/install/marvelmind_ros2_msgs/include/marvelmind_ros2_msgs/marvelmind_ros2_msgs/msg/detail/beacon_position_addressed__functions.h
[0.932s] -- Up-to-date: /home/youssef/COROSOLS_WS/install/marvelmind_ros2_msgs/include/marvelmind_ros2_msgs/marvelmind_ros2_msgs/msg/detail/hedge_imu_raw__functions.c
[0.932s] -- Up-to-date: /home/youssef/COROSOLS_WS/install/marvelmind_ros2_msgs/include/marvelmind_ros2_msgs/marvelmind_ros2_msgs/msg/detail/hedge_telemetry__struct.h
[0.933s] -- Up-to-date: /home/youssef/COROSOLS_WS/install/marvelmind_ros2_msgs/include/marvelmind_ros2_msgs/marvelmind_ros2_msgs/msg/detail/hedge_imu_raw__functions.h
[0.933s] -- Up-to-date: /home/youssef/COROSOLS_WS/install/marvelmind_ros2_msgs/include/marvelmind_ros2_msgs/marvelmind_ros2_msgs/msg/detail/hedge_telemetry__type_support.h
[0.933s] -- Up-to-date: /home/youssef/COROSOLS_WS/install/marvelmind_ros2_msgs/include/marvelmind_ros2_msgs/marvelmind_ros2_msgs/msg/detail/hedge_position__functions.c
[0.935s] -- Up-to-date: /home/youssef/COROSOLS_WS/install/marvelmind_ros2_msgs/include/marvelmind_ros2_msgs/marvelmind_ros2_msgs/msg/detail/marvelmind_user_data__functions.c
[0.935s] -- Up-to-date: /home/youssef/COROSOLS_WS/install/marvelmind_ros2_msgs/include/marvelmind_ros2_msgs/marvelmind_ros2_msgs/msg/detail/hedge_imu_raw__type_support.h
[0.936s] -- Up-to-date: /home/youssef/COROSOLS_WS/install/marvelmind_ros2_msgs/include/marvelmind_ros2_msgs/marvelmind_ros2_msgs/msg/detail/beacon_position_addressed__type_support.h
[0.938s] -- Up-to-date: /home/youssef/COROSOLS_WS/install/marvelmind_ros2_msgs/include/marvelmind_ros2_msgs/marvelmind_ros2_msgs/msg/detail/beacon_distance__functions.h
[0.939s] -- Up-to-date: /home/youssef/COROSOLS_WS/install/marvelmind_ros2_msgs/include/marvelmind_ros2_msgs/marvelmind_ros2_msgs/msg/detail/hedge_imu_fusion__type_support.h
[0.939s] -- Up-to-date: /home/youssef/COROSOLS_WS/install/marvelmind_ros2_msgs/include/marvelmind_ros2_msgs/marvelmind_ros2_msgs/msg/detail/marvelmind_user_data__struct.h
[0.939s] -- Up-to-date: /home/youssef/COROSOLS_WS/install/marvelmind_ros2_msgs/include/marvelmind_ros2_msgs/marvelmind_ros2_msgs/msg/detail/hedge_position_angle__functions.h
[0.939s] -- Up-to-date: /home/youssef/COROSOLS_WS/install/marvelmind_ros2_msgs/include/marvelmind_ros2_msgs/marvelmind_ros2_msgs/msg/detail/marvelmind_waypoint__functions.c
[0.940s] -- Up-to-date: /home/youssef/COROSOLS_WS/install/marvelmind_ros2_msgs/include/marvelmind_ros2_msgs/marvelmind_ros2_msgs/msg/detail/beacon_position_addressed__struct.h
[0.941s] -- Up-to-date: /home/youssef/COROSOLS_WS/install/marvelmind_ros2_msgs/include/marvelmind_ros2_msgs/marvelmind_ros2_msgs/msg/detail/marvelmind_waypoint__struct.h
[0.941s] -- Up-to-date: /home/youssef/COROSOLS_WS/install/marvelmind_ros2_msgs/include/marvelmind_ros2_msgs/marvelmind_ros2_msgs/msg/detail/hedge_imu_fusion__functions.c
[0.942s] -- Up-to-date: /home/youssef/COROSOLS_WS/install/marvelmind_ros2_msgs/include/marvelmind_ros2_msgs/marvelmind_ros2_msgs/msg/detail/hedge_imu_fusion__struct.h
[0.942s] -- Up-to-date: /home/youssef/COROSOLS_WS/install/marvelmind_ros2_msgs/include/marvelmind_ros2_msgs/marvelmind_ros2_msgs/msg/detail/beacon_position_addressed__functions.c
[0.942s] -- Up-to-date: /home/youssef/COROSOLS_WS/install/marvelmind_ros2_msgs/include/marvelmind_ros2_msgs/marvelmind_ros2_msgs/msg/detail/hedge_telemetry__functions.h
[0.942s] -- Up-to-date: /home/youssef/COROSOLS_WS/install/marvelmind_ros2_msgs/include/marvelmind_ros2_msgs/marvelmind_ros2_msgs/msg/detail/hedge_position_angle__struct.h
[0.942s] -- Up-to-date: /home/youssef/COROSOLS_WS/install/marvelmind_ros2_msgs/include/marvelmind_ros2_msgs/marvelmind_ros2_msgs/msg/detail/beacon_distance__struct.h
[0.943s] -- Up-to-date: /home/youssef/COROSOLS_WS/install/marvelmind_ros2_msgs/include/marvelmind_ros2_msgs/marvelmind_ros2_msgs/msg/detail/marvelmind_waypoint__functions.h
[0.943s] -- Up-to-date: /home/youssef/COROSOLS_WS/install/marvelmind_ros2_msgs/include/marvelmind_ros2_msgs/marvelmind_ros2_msgs/msg/detail/hedge_position__functions.h
[0.943s] -- Up-to-date: /home/youssef/COROSOLS_WS/install/marvelmind_ros2_msgs/include/marvelmind_ros2_msgs/marvelmind_ros2_msgs/msg/detail/hedge_quality__struct.h
[0.943s] -- Up-to-date: /home/youssef/COROSOLS_WS/install/marvelmind_ros2_msgs/include/marvelmind_ros2_msgs/marvelmind_ros2_msgs/msg/detail/beacon_distance__functions.c
[0.943s] -- Up-to-date: /home/youssef/COROSOLS_WS/install/marvelmind_ros2_msgs/include/marvelmind_ros2_msgs/marvelmind_ros2_msgs/msg/detail/hedge_position_addressed__struct.h
[0.944s] -- Up-to-date: /home/youssef/COROSOLS_WS/install/marvelmind_ros2_msgs/include/marvelmind_ros2_msgs/marvelmind_ros2_msgs/msg/detail/hedge_imu_raw__struct.h
[0.944s] -- Up-to-date: /home/youssef/COROSOLS_WS/install/marvelmind_ros2_msgs/include/marvelmind_ros2_msgs/marvelmind_ros2_msgs/msg/detail/hedge_position_addressed__functions.c
[0.944s] -- Up-to-date: /home/youssef/COROSOLS_WS/install/marvelmind_ros2_msgs/include/marvelmind_ros2_msgs/marvelmind_ros2_msgs/msg/detail/hedge_position_angle__functions.c
[0.944s] -- Up-to-date: /home/youssef/COROSOLS_WS/install/marvelmind_ros2_msgs/include/marvelmind_ros2_msgs/marvelmind_ros2_msgs/msg/detail/hedge_position__type_support.h
[0.945s] -- Up-to-date: /home/youssef/COROSOLS_WS/install/marvelmind_ros2_msgs/include/marvelmind_ros2_msgs/marvelmind_ros2_msgs/msg/detail/hedge_position__struct.h
[0.945s] -- Up-to-date: /home/youssef/COROSOLS_WS/install/marvelmind_ros2_msgs/include/marvelmind_ros2_msgs/marvelmind_ros2_msgs/msg/detail/marvelmind_user_data__type_support.h
[0.945s] -- Up-to-date: /home/youssef/COROSOLS_WS/install/marvelmind_ros2_msgs/include/marvelmind_ros2_msgs/marvelmind_ros2_msgs/msg/hedge_position.h
[0.945s] -- Up-to-date: /home/youssef/COROSOLS_WS/install/marvelmind_ros2_msgs/include/marvelmind_ros2_msgs/marvelmind_ros2_msgs/msg/hedge_position_addressed.h
[0.945s] -- Up-to-date: /home/youssef/COROSOLS_WS/install/marvelmind_ros2_msgs/include/marvelmind_ros2_msgs/marvelmind_ros2_msgs/msg/marvelmind_waypoint.h
[0.945s] -- Up-to-date: /home/youssef/COROSOLS_WS/install/marvelmind_ros2_msgs/include/marvelmind_ros2_msgs/marvelmind_ros2_msgs/msg/hedge_imu_fusion.h
[0.945s] -- Up-to-date: /home/youssef/COROSOLS_WS/install/marvelmind_ros2_msgs/include/marvelmind_ros2_msgs/marvelmind_ros2_msgs/msg/beacon_position_addressed.h
[0.946s] -- Up-to-date: /home/youssef/COROSOLS_WS/install/marvelmind_ros2_msgs/include/marvelmind_ros2_msgs/marvelmind_ros2_msgs/srv
[0.947s] -- Up-to-date: /home/youssef/COROSOLS_WS/install/marvelmind_ros2_msgs/include/marvelmind_ros2_msgs/marvelmind_ros2_msgs/srv/detail
[0.947s] -- Up-to-date: /home/youssef/COROSOLS_WS/install/marvelmind_ros2_msgs/include/marvelmind_ros2_msgs/marvelmind_ros2_msgs/srv/detail/marvelmind_api__type_support.h
[0.947s] -- Up-to-date: /home/youssef/COROSOLS_WS/install/marvelmind_ros2_msgs/include/marvelmind_ros2_msgs/marvelmind_ros2_msgs/srv/detail/marvelmind_api__functions.h
[0.948s] -- Up-to-date: /home/youssef/COROSOLS_WS/install/marvelmind_ros2_msgs/include/marvelmind_ros2_msgs/marvelmind_ros2_msgs/srv/detail/marvelmind_api__struct.h
[0.949s] -- Up-to-date: /home/youssef/COROSOLS_WS/install/marvelmind_ros2_msgs/include/marvelmind_ros2_msgs/marvelmind_ros2_msgs/srv/detail/marvelmind_api__functions.c
[0.949s] -- Up-to-date: /home/youssef/COROSOLS_WS/install/marvelmind_ros2_msgs/include/marvelmind_ros2_msgs/marvelmind_ros2_msgs/srv/marvelmind_api.h
[0.949s] -- Up-to-date: /home/youssef/COROSOLS_WS/install/marvelmind_ros2_msgs/share/marvelmind_ros2_msgs/environment/library_path.sh
[0.950s] -- Up-to-date: /home/youssef/COROSOLS_WS/install/marvelmind_ros2_msgs/share/marvelmind_ros2_msgs/environment/library_path.dsv
[0.952s] -- Up-to-date: /home/youssef/COROSOLS_WS/install/marvelmind_ros2_msgs/lib/libmarvelmind_ros2_msgs__rosidl_generator_c.so
[0.953s] -- Up-to-date: /home/youssef/COROSOLS_WS/install/marvelmind_ros2_msgs/include/marvelmind_ros2_msgs/marvelmind_ros2_msgs
[0.953s] -- Up-to-date: /home/youssef/COROSOLS_WS/install/marvelmind_ros2_msgs/include/marvelmind_ros2_msgs/marvelmind_ros2_msgs/msg
[0.953s] -- Up-to-date: /home/youssef/COROSOLS_WS/install/marvelmind_ros2_msgs/include/marvelmind_ros2_msgs/marvelmind_ros2_msgs/msg/detail
[0.953s] -- Up-to-date: /home/youssef/COROSOLS_WS/install/marvelmind_ros2_msgs/include/marvelmind_ros2_msgs/marvelmind_ros2_msgs/msg/detail/hedge_quality__rosidl_typesupport_fastrtps_c.h
[0.954s] -- Up-to-date: /home/youssef/COROSOLS_WS/install/marvelmind_ros2_msgs/include/marvelmind_ros2_msgs/marvelmind_ros2_msgs/msg/detail/hedge_position_angle__rosidl_typesupport_fastrtps_c.h
[0.954s] -- Up-to-date: /home/youssef/COROSOLS_WS/install/marvelmind_ros2_msgs/include/marvelmind_ros2_msgs/marvelmind_ros2_msgs/msg/detail/hedge_telemetry__rosidl_typesupport_fastrtps_c.h
[0.954s] -- Up-to-date: /home/youssef/COROSOLS_WS/install/marvelmind_ros2_msgs/include/marvelmind_ros2_msgs/marvelmind_ros2_msgs/msg/detail/beacon_distance__rosidl_typesupport_fastrtps_c.h
[0.955s] -- Up-to-date: /home/youssef/COROSOLS_WS/install/marvelmind_ros2_msgs/include/marvelmind_ros2_msgs/marvelmind_ros2_msgs/msg/detail/beacon_position_addressed__rosidl_typesupport_fastrtps_c.h
[0.955s] -- Up-to-date: /home/youssef/COROSOLS_WS/install/marvelmind_ros2_msgs/include/marvelmind_ros2_msgs/marvelmind_ros2_msgs/msg/detail/hedge_position__rosidl_typesupport_fastrtps_c.h
[0.955s] -- Up-to-date: /home/youssef/COROSOLS_WS/install/marvelmind_ros2_msgs/include/marvelmind_ros2_msgs/marvelmind_ros2_msgs/msg/detail/hedge_imu_raw__rosidl_typesupport_fastrtps_c.h
[0.955s] -- Up-to-date: /home/youssef/COROSOLS_WS/install/marvelmind_ros2_msgs/include/marvelmind_ros2_msgs/marvelmind_ros2_msgs/msg/detail/hedge_imu_fusion__rosidl_typesupport_fastrtps_c.h
[0.956s] -- Up-to-date: /home/youssef/COROSOLS_WS/install/marvelmind_ros2_msgs/include/marvelmind_ros2_msgs/marvelmind_ros2_msgs/msg/detail/marvelmind_user_data__rosidl_typesupport_fastrtps_c.h
[0.956s] -- Up-to-date: /home/youssef/COROSOLS_WS/install/marvelmind_ros2_msgs/include/marvelmind_ros2_msgs/marvelmind_ros2_msgs/msg/detail/hedge_position_addressed__rosidl_typesupport_fastrtps_c.h
[0.956s] -- Up-to-date: /home/youssef/COROSOLS_WS/install/marvelmind_ros2_msgs/include/marvelmind_ros2_msgs/marvelmind_ros2_msgs/msg/detail/marvelmind_waypoint__rosidl_typesupport_fastrtps_c.h
[0.957s] -- Up-to-date: /home/youssef/COROSOLS_WS/install/marvelmind_ros2_msgs/include/marvelmind_ros2_msgs/marvelmind_ros2_msgs/msg/rosidl_typesupport_fastrtps_c__visibility_control.h
[0.957s] -- Up-to-date: /home/youssef/COROSOLS_WS/install/marvelmind_ros2_msgs/include/marvelmind_ros2_msgs/marvelmind_ros2_msgs/srv
[0.957s] -- Up-to-date: /home/youssef/COROSOLS_WS/install/marvelmind_ros2_msgs/include/marvelmind_ros2_msgs/marvelmind_ros2_msgs/srv/detail
[0.958s] -- Up-to-date: /home/youssef/COROSOLS_WS/install/marvelmind_ros2_msgs/include/marvelmind_ros2_msgs/marvelmind_ros2_msgs/srv/detail/marvelmind_api__rosidl_typesupport_fastrtps_c.h
[0.959s] -- Up-to-date: /home/youssef/COROSOLS_WS/install/marvelmind_ros2_msgs/lib/libmarvelmind_ros2_msgs__rosidl_typesupport_fastrtps_c.so
[0.961s] -- Up-to-date: /home/youssef/COROSOLS_WS/install/marvelmind_ros2_msgs/include/marvelmind_ros2_msgs/marvelmind_ros2_msgs
[0.961s] -- Up-to-date: /home/youssef/COROSOLS_WS/install/marvelmind_ros2_msgs/include/marvelmind_ros2_msgs/marvelmind_ros2_msgs/msg
[0.962s] -- Up-to-date: /home/youssef/COROSOLS_WS/install/marvelmind_ros2_msgs/include/marvelmind_ros2_msgs/marvelmind_ros2_msgs/msg/rosidl_typesupport_introspection_c__visibility_control.h
[0.962s] -- Up-to-date: /home/youssef/COROSOLS_WS/install/marvelmind_ros2_msgs/include/marvelmind_ros2_msgs/marvelmind_ros2_msgs/msg/detail
[0.962s] -- Up-to-date: /home/youssef/COROSOLS_WS/install/marvelmind_ros2_msgs/include/marvelmind_ros2_msgs/marvelmind_ros2_msgs/msg/detail/marvelmind_waypoint__rosidl_typesupport_introspection_c.h
[0.962s] -- Up-to-date: /home/youssef/COROSOLS_WS/install/marvelmind_ros2_msgs/include/marvelmind_ros2_msgs/marvelmind_ros2_msgs/msg/detail/hedge_imu_raw__rosidl_typesupport_introspection_c.h
[0.962s] -- Up-to-date: /home/youssef/COROSOLS_WS/install/marvelmind_ros2_msgs/include/marvelmind_ros2_msgs/marvelmind_ros2_msgs/msg/detail/marvelmind_user_data__rosidl_typesupport_introspection_c.h
[0.962s] -- Up-to-date: /home/youssef/COROSOLS_WS/install/marvelmind_ros2_msgs/include/marvelmind_ros2_msgs/marvelmind_ros2_msgs/msg/detail/hedge_telemetry__type_support.c
[0.963s] -- Up-to-date: /home/youssef/COROSOLS_WS/install/marvelmind_ros2_msgs/include/marvelmind_ros2_msgs/marvelmind_ros2_msgs/msg/detail/hedge_position_addressed__type_support.c
[0.963s] -- Up-to-date: /home/youssef/COROSOLS_WS/install/marvelmind_ros2_msgs/include/marvelmind_ros2_msgs/marvelmind_ros2_msgs/msg/detail/beacon_position_addressed__type_support.c
[0.964s] -- Up-to-date: /home/youssef/COROSOLS_WS/install/marvelmind_ros2_msgs/include/marvelmind_ros2_msgs/marvelmind_ros2_msgs/msg/detail/hedge_position_angle__type_support.c
[0.964s] -- Up-to-date: /home/youssef/COROSOLS_WS/install/marvelmind_ros2_msgs/include/marvelmind_ros2_msgs/marvelmind_ros2_msgs/msg/detail/hedge_imu_fusion__rosidl_typesupport_introspection_c.h
[0.964s] -- Up-to-date: /home/youssef/COROSOLS_WS/install/marvelmind_ros2_msgs/include/marvelmind_ros2_msgs/marvelmind_ros2_msgs/msg/detail/beacon_distance__type_support.c
[0.964s] -- Up-to-date: /home/youssef/COROSOLS_WS/install/marvelmind_ros2_msgs/include/marvelmind_ros2_msgs/marvelmind_ros2_msgs/msg/detail/hedge_quality__rosidl_typesupport_introspection_c.h
[0.965s] -- Up-to-date: /home/youssef/COROSOLS_WS/install/marvelmind_ros2_msgs/include/marvelmind_ros2_msgs/marvelmind_ros2_msgs/msg/detail/hedge_position_angle__rosidl_typesupport_introspection_c.h
[0.965s] -- Up-to-date: /home/youssef/COROSOLS_WS/install/marvelmind_ros2_msgs/include/marvelmind_ros2_msgs/marvelmind_ros2_msgs/msg/detail/marvelmind_waypoint__type_support.c
[0.966s] -- Up-to-date: /home/youssef/COROSOLS_WS/install/marvelmind_ros2_msgs/include/marvelmind_ros2_msgs/marvelmind_ros2_msgs/msg/detail/beacon_position_addressed__rosidl_typesupport_introspection_c.h
[0.967s] -- Up-to-date: /home/youssef/COROSOLS_WS/install/marvelmind_ros2_msgs/include/marvelmind_ros2_msgs/marvelmind_ros2_msgs/msg/detail/hedge_quality__type_support.c
[0.968s] -- Up-to-date: /home/youssef/COROSOLS_WS/install/marvelmind_ros2_msgs/include/marvelmind_ros2_msgs/marvelmind_ros2_msgs/msg/detail/hedge_imu_fusion__type_support.c
[0.971s] -- Up-to-date: /home/youssef/COROSOLS_WS/install/marvelmind_ros2_msgs/include/marvelmind_ros2_msgs/marvelmind_ros2_msgs/msg/detail/hedge_imu_raw__type_support.c
[0.971s] -- Up-to-date: /home/youssef/COROSOLS_WS/install/marvelmind_ros2_msgs/include/marvelmind_ros2_msgs/marvelmind_ros2_msgs/msg/detail/hedge_telemetry__rosidl_typesupport_introspection_c.h
[0.971s] -- Up-to-date: /home/youssef/COROSOLS_WS/install/marvelmind_ros2_msgs/include/marvelmind_ros2_msgs/marvelmind_ros2_msgs/msg/detail/hedge_position_addressed__rosidl_typesupport_introspection_c.h
[0.971s] -- Up-to-date: /home/youssef/COROSOLS_WS/install/marvelmind_ros2_msgs/include/marvelmind_ros2_msgs/marvelmind_ros2_msgs/msg/detail/marvelmind_user_data__type_support.c
[0.971s] -- Up-to-date: /home/youssef/COROSOLS_WS/install/marvelmind_ros2_msgs/include/marvelmind_ros2_msgs/marvelmind_ros2_msgs/msg/detail/beacon_distance__rosidl_typesupport_introspection_c.h
[0.971s] -- Up-to-date: /home/youssef/COROSOLS_WS/install/marvelmind_ros2_msgs/include/marvelmind_ros2_msgs/marvelmind_ros2_msgs/msg/detail/hedge_position__type_support.c
[0.972s] -- Up-to-date: /home/youssef/COROSOLS_WS/install/marvelmind_ros2_msgs/include/marvelmind_ros2_msgs/marvelmind_ros2_msgs/msg/detail/hedge_position__rosidl_typesupport_introspection_c.h
[0.972s] -- Up-to-date: /home/youssef/COROSOLS_WS/install/marvelmind_ros2_msgs/include/marvelmind_ros2_msgs/marvelmind_ros2_msgs/srv
[0.972s] -- Up-to-date: /home/youssef/COROSOLS_WS/install/marvelmind_ros2_msgs/include/marvelmind_ros2_msgs/marvelmind_ros2_msgs/srv/detail
[0.973s] -- Up-to-date: /home/youssef/COROSOLS_WS/install/marvelmind_ros2_msgs/include/marvelmind_ros2_msgs/marvelmind_ros2_msgs/srv/detail/marvelmind_api__type_support.c
[0.973s] -- Up-to-date: /home/youssef/COROSOLS_WS/install/marvelmind_ros2_msgs/include/marvelmind_ros2_msgs/marvelmind_ros2_msgs/srv/detail/marvelmind_api__rosidl_typesupport_introspection_c.h
[0.974s] -- Up-to-date: /home/youssef/COROSOLS_WS/install/marvelmind_ros2_msgs/lib/libmarvelmind_ros2_msgs__rosidl_typesupport_introspection_c.so
[0.975s] -- Up-to-date: /home/youssef/COROSOLS_WS/install/marvelmind_ros2_msgs/lib/libmarvelmind_ros2_msgs__rosidl_typesupport_c.so
[0.976s] -- Up-to-date: /home/youssef/COROSOLS_WS/install/marvelmind_ros2_msgs/include/marvelmind_ros2_msgs/marvelmind_ros2_msgs
[0.976s] -- Up-to-date: /home/youssef/COROSOLS_WS/install/marvelmind_ros2_msgs/include/marvelmind_ros2_msgs/marvelmind_ros2_msgs/msg
[0.976s] -- Up-to-date: /home/youssef/COROSOLS_WS/install/marvelmind_ros2_msgs/include/marvelmind_ros2_msgs/marvelmind_ros2_msgs/msg/marvelmind_user_data.hpp
[0.977s] -- Up-to-date: /home/youssef/COROSOLS_WS/install/marvelmind_ros2_msgs/include/marvelmind_ros2_msgs/marvelmind_ros2_msgs/msg/hedge_imu_raw.hpp
[0.977s] -- Up-to-date: /home/youssef/COROSOLS_WS/install/marvelmind_ros2_msgs/include/marvelmind_ros2_msgs/marvelmind_ros2_msgs/msg/marvelmind_waypoint.hpp
[0.978s] -- Up-to-date: /home/youssef/COROSOLS_WS/install/marvelmind_ros2_msgs/include/marvelmind_ros2_msgs/marvelmind_ros2_msgs/msg/rosidl_generator_cpp__visibility_control.hpp
[0.978s] -- Up-to-date: /home/youssef/COROSOLS_WS/install/marvelmind_ros2_msgs/include/marvelmind_ros2_msgs/marvelmind_ros2_msgs/msg/hedge_position.hpp
[0.978s] -- Up-to-date: /home/youssef/COROSOLS_WS/install/marvelmind_ros2_msgs/include/marvelmind_ros2_msgs/marvelmind_ros2_msgs/msg/hedge_quality.hpp
[0.979s] -- Up-to-date: /home/youssef/COROSOLS_WS/install/marvelmind_ros2_msgs/include/marvelmind_ros2_msgs/marvelmind_ros2_msgs/msg/hedge_position_angle.hpp
[0.980s] -- Up-to-date: /home/youssef/COROSOLS_WS/install/marvelmind_ros2_msgs/include/marvelmind_ros2_msgs/marvelmind_ros2_msgs/msg/hedge_imu_fusion.hpp
[0.981s] -- Up-to-date: /home/youssef/COROSOLS_WS/install/marvelmind_ros2_msgs/include/marvelmind_ros2_msgs/marvelmind_ros2_msgs/msg/beacon_distance.hpp
[0.981s] -- Up-to-date: /home/youssef/COROSOLS_WS/install/marvelmind_ros2_msgs/include/marvelmind_ros2_msgs/marvelmind_ros2_msgs/msg/beacon_position_addressed.hpp
[0.982s] -- Up-to-date: /home/youssef/COROSOLS_WS/install/marvelmind_ros2_msgs/include/marvelmind_ros2_msgs/marvelmind_ros2_msgs/msg/hedge_telemetry.hpp
[0.982s] -- Up-to-date: /home/youssef/COROSOLS_WS/install/marvelmind_ros2_msgs/include/marvelmind_ros2_msgs/marvelmind_ros2_msgs/msg/hedge_position_addressed.hpp
[0.982s] -- Up-to-date: /home/youssef/COROSOLS_WS/install/marvelmind_ros2_msgs/include/marvelmind_ros2_msgs/marvelmind_ros2_msgs/msg/detail
[0.982s] -- Up-to-date: /home/youssef/COROSOLS_WS/install/marvelmind_ros2_msgs/include/marvelmind_ros2_msgs/marvelmind_ros2_msgs/msg/detail/marvelmind_waypoint__traits.hpp
[0.983s] -- Up-to-date: /home/youssef/COROSOLS_WS/install/marvelmind_ros2_msgs/include/marvelmind_ros2_msgs/marvelmind_ros2_msgs/msg/detail/hedge_imu_raw__builder.hpp
[0.983s] -- Up-to-date: /home/youssef/COROSOLS_WS/install/marvelmind_ros2_msgs/include/marvelmind_ros2_msgs/marvelmind_ros2_msgs/msg/detail/marvelmind_user_data__traits.hpp
[0.984s] -- Up-to-date: /home/youssef/COROSOLS_WS/install/marvelmind_ros2_msgs/include/marvelmind_ros2_msgs/marvelmind_ros2_msgs/msg/detail/beacon_distance__traits.hpp
[0.984s] -- Up-to-date: /home/youssef/COROSOLS_WS/install/marvelmind_ros2_msgs/include/marvelmind_ros2_msgs/marvelmind_ros2_msgs/msg/detail/hedge_imu_fusion__traits.hpp
[0.985s] -- Up-to-date: /home/youssef/COROSOLS_WS/install/marvelmind_ros2_msgs/include/marvelmind_ros2_msgs/marvelmind_ros2_msgs/msg/detail/hedge_imu_raw__struct.hpp
[0.985s] -- Up-to-date: /home/youssef/COROSOLS_WS/install/marvelmind_ros2_msgs/include/marvelmind_ros2_msgs/marvelmind_ros2_msgs/msg/detail/hedge_telemetry__traits.hpp
[0.985s] -- Up-to-date: /home/youssef/COROSOLS_WS/install/marvelmind_ros2_msgs/include/marvelmind_ros2_msgs/marvelmind_ros2_msgs/msg/detail/hedge_position_angle__traits.hpp
[0.986s] -- Up-to-date: /home/youssef/COROSOLS_WS/install/marvelmind_ros2_msgs/include/marvelmind_ros2_msgs/marvelmind_ros2_msgs/msg/detail/beacon_position_addressed__builder.hpp
[0.986s] -- Up-to-date: /home/youssef/COROSOLS_WS/install/marvelmind_ros2_msgs/include/marvelmind_ros2_msgs/marvelmind_ros2_msgs/msg/detail/beacon_position_addressed__traits.hpp
[0.991s] -- Up-to-date: /home/youssef/COROSOLS_WS/install/marvelmind_ros2_msgs/include/marvelmind_ros2_msgs/marvelmind_ros2_msgs/msg/detail/marvelmind_user_data__type_support.hpp
[0.991s] -- Up-to-date: /home/youssef/COROSOLS_WS/install/marvelmind_ros2_msgs/include/marvelmind_ros2_msgs/marvelmind_ros2_msgs/msg/detail/hedge_imu_fusion__builder.hpp
[0.991s] -- Up-to-date: /home/youssef/COROSOLS_WS/install/marvelmind_ros2_msgs/include/marvelmind_ros2_msgs/marvelmind_ros2_msgs/msg/detail/hedge_quality__type_support.hpp
[0.993s] -- Up-to-date: /home/youssef/COROSOLS_WS/install/marvelmind_ros2_msgs/include/marvelmind_ros2_msgs/marvelmind_ros2_msgs/msg/detail/hedge_position__struct.hpp
[0.993s] -- Up-to-date: /home/youssef/COROSOLS_WS/install/marvelmind_ros2_msgs/include/marvelmind_ros2_msgs/marvelmind_ros2_msgs/msg/detail/beacon_distance__type_support.hpp
[0.994s] -- Up-to-date: /home/youssef/COROSOLS_WS/install/marvelmind_ros2_msgs/include/marvelmind_ros2_msgs/marvelmind_ros2_msgs/msg/detail/hedge_position_addressed__type_support.hpp
[0.995s] -- Up-to-date: /home/youssef/COROSOLS_WS/install/marvelmind_ros2_msgs/include/marvelmind_ros2_msgs/marvelmind_ros2_msgs/msg/detail/hedge_telemetry__builder.hpp
[0.995s] -- Up-to-date: /home/youssef/COROSOLS_WS/install/marvelmind_ros2_msgs/include/marvelmind_ros2_msgs/marvelmind_ros2_msgs/msg/detail/hedge_telemetry__type_support.hpp
[0.996s] -- Up-to-date: /home/youssef/COROSOLS_WS/install/marvelmind_ros2_msgs/include/marvelmind_ros2_msgs/marvelmind_ros2_msgs/msg/detail/hedge_position__traits.hpp
[0.996s] -- Up-to-date: /home/youssef/COROSOLS_WS/install/marvelmind_ros2_msgs/include/marvelmind_ros2_msgs/marvelmind_ros2_msgs/msg/detail/hedge_quality__struct.hpp
[0.996s] -- Up-to-date: /home/youssef/COROSOLS_WS/install/marvelmind_ros2_msgs/include/marvelmind_ros2_msgs/marvelmind_ros2_msgs/msg/detail/marvelmind_waypoint__struct.hpp
[0.996s] -- Up-to-date: /home/youssef/COROSOLS_WS/install/marvelmind_ros2_msgs/include/marvelmind_ros2_msgs/marvelmind_ros2_msgs/msg/detail/hedge_position__builder.hpp
[0.997s] -- Up-to-date: /home/youssef/COROSOLS_WS/install/marvelmind_ros2_msgs/include/marvelmind_ros2_msgs/marvelmind_ros2_msgs/msg/detail/hedge_quality__builder.hpp
[0.997s] -- Up-to-date: /home/youssef/COROSOLS_WS/install/marvelmind_ros2_msgs/include/marvelmind_ros2_msgs/marvelmind_ros2_msgs/msg/detail/beacon_position_addressed__type_support.hpp
[0.997s] -- Up-to-date: /home/youssef/COROSOLS_WS/install/marvelmind_ros2_msgs/include/marvelmind_ros2_msgs/marvelmind_ros2_msgs/msg/detail/hedge_position_addressed__traits.hpp
[0.997s] -- Up-to-date: /home/youssef/COROSOLS_WS/install/marvelmind_ros2_msgs/include/marvelmind_ros2_msgs/marvelmind_ros2_msgs/msg/detail/marvelmind_user_data__builder.hpp
[0.998s] -- Up-to-date: /home/youssef/COROSOLS_WS/install/marvelmind_ros2_msgs/include/marvelmind_ros2_msgs/marvelmind_ros2_msgs/msg/detail/hedge_imu_fusion__type_support.hpp
[0.999s] -- Up-to-date: /home/youssef/COROSOLS_WS/install/marvelmind_ros2_msgs/include/marvelmind_ros2_msgs/marvelmind_ros2_msgs/msg/detail/beacon_position_addressed__struct.hpp
[0.999s] -- Up-to-date: /home/youssef/COROSOLS_WS/install/marvelmind_ros2_msgs/include/marvelmind_ros2_msgs/marvelmind_ros2_msgs/msg/detail/hedge_position_angle__struct.hpp
[0.999s] -- Up-to-date: /home/youssef/COROSOLS_WS/install/marvelmind_ros2_msgs/include/marvelmind_ros2_msgs/marvelmind_ros2_msgs/msg/detail/hedge_position_angle__builder.hpp
[0.999s] -- Up-to-date: /home/youssef/COROSOLS_WS/install/marvelmind_ros2_msgs/include/marvelmind_ros2_msgs/marvelmind_ros2_msgs/msg/detail/hedge_telemetry__struct.hpp
[0.999s] -- Up-to-date: /home/youssef/COROSOLS_WS/install/marvelmind_ros2_msgs/include/marvelmind_ros2_msgs/marvelmind_ros2_msgs/msg/detail/hedge_imu_raw__traits.hpp
[0.999s] -- Up-to-date: /home/youssef/COROSOLS_WS/install/marvelmind_ros2_msgs/include/marvelmind_ros2_msgs/marvelmind_ros2_msgs/msg/detail/marvelmind_user_data__struct.hpp
[1.000s] -- Up-to-date: /home/youssef/COROSOLS_WS/install/marvelmind_ros2_msgs/include/marvelmind_ros2_msgs/marvelmind_ros2_msgs/msg/detail/hedge_position__type_support.hpp
[1.000s] -- Up-to-date: /home/youssef/COROSOLS_WS/install/marvelmind_ros2_msgs/include/marvelmind_ros2_msgs/marvelmind_ros2_msgs/msg/detail/marvelmind_waypoint__type_support.hpp
[1.000s] -- Up-to-date: /home/youssef/COROSOLS_WS/install/marvelmind_ros2_msgs/include/marvelmind_ros2_msgs/marvelmind_ros2_msgs/msg/detail/hedge_position_addressed__builder.hpp
[1.000s] -- Up-to-date: /home/youssef/COROSOLS_WS/install/marvelmind_ros2_msgs/include/marvelmind_ros2_msgs/marvelmind_ros2_msgs/msg/detail/hedge_position_addressed__struct.hpp
[1.001s] -- Up-to-date: /home/youssef/COROSOLS_WS/install/marvelmind_ros2_msgs/include/marvelmind_ros2_msgs/marvelmind_ros2_msgs/msg/detail/beacon_distance__builder.hpp
[1.001s] -- Up-to-date: /home/youssef/COROSOLS_WS/install/marvelmind_ros2_msgs/include/marvelmind_ros2_msgs/marvelmind_ros2_msgs/msg/detail/marvelmind_waypoint__builder.hpp
[1.001s] -- Up-to-date: /home/youssef/COROSOLS_WS/install/marvelmind_ros2_msgs/include/marvelmind_ros2_msgs/marvelmind_ros2_msgs/msg/detail/beacon_distance__struct.hpp
[1.001s] -- Up-to-date: /home/youssef/COROSOLS_WS/install/marvelmind_ros2_msgs/include/marvelmind_ros2_msgs/marvelmind_ros2_msgs/msg/detail/hedge_imu_fusion__struct.hpp
[1.003s] -- Up-to-date: /home/youssef/COROSOLS_WS/install/marvelmind_ros2_msgs/include/marvelmind_ros2_msgs/marvelmind_ros2_msgs/msg/detail/hedge_imu_raw__type_support.hpp
[1.003s] -- Up-to-date: /home/youssef/COROSOLS_WS/install/marvelmind_ros2_msgs/include/marvelmind_ros2_msgs/marvelmind_ros2_msgs/msg/detail/hedge_quality__traits.hpp
[1.003s] -- Up-to-date: /home/youssef/COROSOLS_WS/install/marvelmind_ros2_msgs/include/marvelmind_ros2_msgs/marvelmind_ros2_msgs/msg/detail/hedge_position_angle__type_support.hpp
[1.005s] -- Up-to-date: /home/youssef/COROSOLS_WS/install/marvelmind_ros2_msgs/include/marvelmind_ros2_msgs/marvelmind_ros2_msgs/srv
[1.005s] -- Up-to-date: /home/youssef/COROSOLS_WS/install/marvelmind_ros2_msgs/include/marvelmind_ros2_msgs/marvelmind_ros2_msgs/srv/detail
[1.005s] -- Up-to-date: /home/youssef/COROSOLS_WS/install/marvelmind_ros2_msgs/include/marvelmind_ros2_msgs/marvelmind_ros2_msgs/srv/detail/marvelmind_api__struct.hpp
[1.005s] -- Up-to-date: /home/youssef/COROSOLS_WS/install/marvelmind_ros2_msgs/include/marvelmind_ros2_msgs/marvelmind_ros2_msgs/srv/detail/marvelmind_api__traits.hpp
[1.005s] -- Up-to-date: /home/youssef/COROSOLS_WS/install/marvelmind_ros2_msgs/include/marvelmind_ros2_msgs/marvelmind_ros2_msgs/srv/detail/marvelmind_api__builder.hpp
[1.006s] -- Up-to-date: /home/youssef/COROSOLS_WS/install/marvelmind_ros2_msgs/include/marvelmind_ros2_msgs/marvelmind_ros2_msgs/srv/detail/marvelmind_api__type_support.hpp
[1.006s] -- Up-to-date: /home/youssef/COROSOLS_WS/install/marvelmind_ros2_msgs/include/marvelmind_ros2_msgs/marvelmind_ros2_msgs/srv/marvelmind_api.hpp
[1.006s] -- Up-to-date: /home/youssef/COROSOLS_WS/install/marvelmind_ros2_msgs/include/marvelmind_ros2_msgs/marvelmind_ros2_msgs
[1.006s] -- Up-to-date: /home/youssef/COROSOLS_WS/install/marvelmind_ros2_msgs/include/marvelmind_ros2_msgs/marvelmind_ros2_msgs/msg
[1.006s] -- Up-to-date: /home/youssef/COROSOLS_WS/install/marvelmind_ros2_msgs/include/marvelmind_ros2_msgs/marvelmind_ros2_msgs/msg/rosidl_typesupport_fastrtps_cpp__visibility_control.h
[1.007s] -- Up-to-date: /home/youssef/COROSOLS_WS/install/marvelmind_ros2_msgs/include/marvelmind_ros2_msgs/marvelmind_ros2_msgs/msg/detail
[1.007s] -- Up-to-date: /home/youssef/COROSOLS_WS/install/marvelmind_ros2_msgs/include/marvelmind_ros2_msgs/marvelmind_ros2_msgs/msg/detail/hedge_quality__rosidl_typesupport_fastrtps_cpp.hpp
[1.007s] -- Up-to-date: /home/youssef/COROSOLS_WS/install/marvelmind_ros2_msgs/include/marvelmind_ros2_msgs/marvelmind_ros2_msgs/msg/detail/dds_fastrtps
[1.008s] -- Up-to-date: /home/youssef/COROSOLS_WS/install/marvelmind_ros2_msgs/include/marvelmind_ros2_msgs/marvelmind_ros2_msgs/msg/detail/hedge_imu_raw__rosidl_typesupport_fastrtps_cpp.hpp
[1.009s] -- Up-to-date: /home/youssef/COROSOLS_WS/install/marvelmind_ros2_msgs/include/marvelmind_ros2_msgs/marvelmind_ros2_msgs/msg/detail/beacon_position_addressed__rosidl_typesupport_fastrtps_cpp.hpp
[1.009s] -- Up-to-date: /home/youssef/COROSOLS_WS/install/marvelmind_ros2_msgs/include/marvelmind_ros2_msgs/marvelmind_ros2_msgs/msg/detail/hedge_imu_fusion__rosidl_typesupport_fastrtps_cpp.hpp
[1.010s] -- Up-to-date: /home/youssef/COROSOLS_WS/install/marvelmind_ros2_msgs/include/marvelmind_ros2_msgs/marvelmind_ros2_msgs/msg/detail/hedge_position_addressed__rosidl_typesupport_fastrtps_cpp.hpp
[1.010s] -- Up-to-date: /home/youssef/COROSOLS_WS/install/marvelmind_ros2_msgs/include/marvelmind_ros2_msgs/marvelmind_ros2_msgs/msg/detail/hedge_position__rosidl_typesupport_fastrtps_cpp.hpp
[1.011s] -- Up-to-date: /home/youssef/COROSOLS_WS/install/marvelmind_ros2_msgs/include/marvelmind_ros2_msgs/marvelmind_ros2_msgs/msg/detail/hedge_position_angle__rosidl_typesupport_fastrtps_cpp.hpp
[1.011s] -- Up-to-date: /home/youssef/COROSOLS_WS/install/marvelmind_ros2_msgs/include/marvelmind_ros2_msgs/marvelmind_ros2_msgs/msg/detail/beacon_distance__rosidl_typesupport_fastrtps_cpp.hpp
[1.011s] -- Up-to-date: /home/youssef/COROSOLS_WS/install/marvelmind_ros2_msgs/include/marvelmind_ros2_msgs/marvelmind_ros2_msgs/msg/detail/marvelmind_user_data__rosidl_typesupport_fastrtps_cpp.hpp
[1.011s] -- Up-to-date: /home/youssef/COROSOLS_WS/install/marvelmind_ros2_msgs/include/marvelmind_ros2_msgs/marvelmind_ros2_msgs/msg/detail/marvelmind_waypoint__rosidl_typesupport_fastrtps_cpp.hpp
[1.012s] -- Up-to-date: /home/youssef/COROSOLS_WS/install/marvelmind_ros2_msgs/include/marvelmind_ros2_msgs/marvelmind_ros2_msgs/msg/detail/hedge_telemetry__rosidl_typesupport_fastrtps_cpp.hpp
[1.012s] -- Up-to-date: /home/youssef/COROSOLS_WS/install/marvelmind_ros2_msgs/include/marvelmind_ros2_msgs/marvelmind_ros2_msgs/srv
[1.012s] -- Up-to-date: /home/youssef/COROSOLS_WS/install/marvelmind_ros2_msgs/include/marvelmind_ros2_msgs/marvelmind_ros2_msgs/srv/detail
[1.013s] -- Up-to-date: /home/youssef/COROSOLS_WS/install/marvelmind_ros2_msgs/include/marvelmind_ros2_msgs/marvelmind_ros2_msgs/srv/detail/dds_fastrtps
[1.013s] -- Up-to-date: /home/youssef/COROSOLS_WS/install/marvelmind_ros2_msgs/include/marvelmind_ros2_msgs/marvelmind_ros2_msgs/srv/detail/marvelmind_api__rosidl_typesupport_fastrtps_cpp.hpp
[1.015s] -- Up-to-date: /home/youssef/COROSOLS_WS/install/marvelmind_ros2_msgs/lib/libmarvelmind_ros2_msgs__rosidl_typesupport_fastrtps_cpp.so
[1.016s] -- Up-to-date: /home/youssef/COROSOLS_WS/install/marvelmind_ros2_msgs/include/marvelmind_ros2_msgs/marvelmind_ros2_msgs
[1.017s] -- Up-to-date: /home/youssef/COROSOLS_WS/install/marvelmind_ros2_msgs/include/marvelmind_ros2_msgs/marvelmind_ros2_msgs/msg
[1.017s] -- Up-to-date: /home/youssef/COROSOLS_WS/install/marvelmind_ros2_msgs/include/marvelmind_ros2_msgs/marvelmind_ros2_msgs/msg/detail
[1.017s] -- Up-to-date: /home/youssef/COROSOLS_WS/install/marvelmind_ros2_msgs/include/marvelmind_ros2_msgs/marvelmind_ros2_msgs/msg/detail/hedge_position_angle__type_support.cpp
[1.017s] -- Up-to-date: /home/youssef/COROSOLS_WS/install/marvelmind_ros2_msgs/include/marvelmind_ros2_msgs/marvelmind_ros2_msgs/msg/detail/hedge_position__type_support.cpp
[1.018s] -- Up-to-date: /home/youssef/COROSOLS_WS/install/marvelmind_ros2_msgs/include/marvelmind_ros2_msgs/marvelmind_ros2_msgs/msg/detail/beacon_position_addressed__rosidl_typesupport_introspection_cpp.hpp
[1.018s] -- Up-to-date: /home/youssef/COROSOLS_WS/install/marvelmind_ros2_msgs/include/marvelmind_ros2_msgs/marvelmind_ros2_msgs/msg/detail/hedge_position_addressed__rosidl_typesupport_introspection_cpp.hpp
[1.019s] -- Up-to-date: /home/youssef/COROSOLS_WS/install/marvelmind_ros2_msgs/include/marvelmind_ros2_msgs/marvelmind_ros2_msgs/msg/detail/marvelmind_user_data__rosidl_typesupport_introspection_cpp.hpp
[1.019s] -- Up-to-date: /home/youssef/COROSOLS_WS/install/marvelmind_ros2_msgs/include/marvelmind_ros2_msgs/marvelmind_ros2_msgs/msg/detail/marvelmind_waypoint__type_support.cpp
[1.019s] -- Up-to-date: /home/youssef/COROSOLS_WS/install/marvelmind_ros2_msgs/include/marvelmind_ros2_msgs/marvelmind_ros2_msgs/msg/detail/hedge_quality__rosidl_typesupport_introspection_cpp.hpp
[1.020s] -- Up-to-date: /home/youssef/COROSOLS_WS/install/marvelmind_ros2_msgs/include/marvelmind_ros2_msgs/marvelmind_ros2_msgs/msg/detail/beacon_position_addressed__type_support.cpp
[1.020s] -- Up-to-date: /home/youssef/COROSOLS_WS/install/marvelmind_ros2_msgs/include/marvelmind_ros2_msgs/marvelmind_ros2_msgs/msg/detail/hedge_imu_raw__type_support.cpp
[1.020s] -- Up-to-date: /home/youssef/COROSOLS_WS/install/marvelmind_ros2_msgs/include/marvelmind_ros2_msgs/marvelmind_ros2_msgs/msg/detail/hedge_imu_fusion__rosidl_typesupport_introspection_cpp.hpp
[1.021s] -- Up-to-date: /home/youssef/COROSOLS_WS/install/marvelmind_ros2_msgs/include/marvelmind_ros2_msgs/marvelmind_ros2_msgs/msg/detail/hedge_telemetry__rosidl_typesupport_introspection_cpp.hpp
[1.021s] -- Up-to-date: /home/youssef/COROSOLS_WS/install/marvelmind_ros2_msgs/include/marvelmind_ros2_msgs/marvelmind_ros2_msgs/msg/detail/hedge_quality__type_support.cpp
[1.021s] -- Up-to-date: /home/youssef/COROSOLS_WS/install/marvelmind_ros2_msgs/include/marvelmind_ros2_msgs/marvelmind_ros2_msgs/msg/detail/hedge_imu_fusion__type_support.cpp
[1.021s] -- Up-to-date: /home/youssef/COROSOLS_WS/install/marvelmind_ros2_msgs/include/marvelmind_ros2_msgs/marvelmind_ros2_msgs/msg/detail/beacon_distance__rosidl_typesupport_introspection_cpp.hpp
[1.023s] -- Up-to-date: /home/youssef/COROSOLS_WS/install/marvelmind_ros2_msgs/include/marvelmind_ros2_msgs/marvelmind_ros2_msgs/msg/detail/hedge_position_angle__rosidl_typesupport_introspection_cpp.hpp
[1.023s] -- Up-to-date: /home/youssef/COROSOLS_WS/install/marvelmind_ros2_msgs/include/marvelmind_ros2_msgs/marvelmind_ros2_msgs/msg/detail/hedge_position__rosidl_typesupport_introspection_cpp.hpp
[1.024s] -- Up-to-date: /home/youssef/COROSOLS_WS/install/marvelmind_ros2_msgs/include/marvelmind_ros2_msgs/marvelmind_ros2_msgs/msg/detail/marvelmind_user_data__type_support.cpp
[1.024s] -- Up-to-date: /home/youssef/COROSOLS_WS/install/marvelmind_ros2_msgs/include/marvelmind_ros2_msgs/marvelmind_ros2_msgs/msg/detail/hedge_imu_raw__rosidl_typesupport_introspection_cpp.hpp
[1.025s] -- Up-to-date: /home/youssef/COROSOLS_WS/install/marvelmind_ros2_msgs/include/marvelmind_ros2_msgs/marvelmind_ros2_msgs/msg/detail/marvelmind_waypoint__rosidl_typesupport_introspection_cpp.hpp
[1.025s] -- Up-to-date: /home/youssef/COROSOLS_WS/install/marvelmind_ros2_msgs/include/marvelmind_ros2_msgs/marvelmind_ros2_msgs/msg/detail/hedge_position_addressed__type_support.cpp
[1.025s] -- Up-to-date: /home/youssef/COROSOLS_WS/install/marvelmind_ros2_msgs/include/marvelmind_ros2_msgs/marvelmind_ros2_msgs/msg/detail/hedge_telemetry__type_support.cpp
[1.026s] -- Up-to-date: /home/youssef/COROSOLS_WS/install/marvelmind_ros2_msgs/include/marvelmind_ros2_msgs/marvelmind_ros2_msgs/msg/detail/beacon_distance__type_support.cpp
[1.026s] -- Up-to-date: /home/youssef/COROSOLS_WS/install/marvelmind_ros2_msgs/include/marvelmind_ros2_msgs/marvelmind_ros2_msgs/srv
[1.026s] -- Up-to-date: /home/youssef/COROSOLS_WS/install/marvelmind_ros2_msgs/include/marvelmind_ros2_msgs/marvelmind_ros2_msgs/srv/detail
[1.027s] -- Up-to-date: /home/youssef/COROSOLS_WS/install/marvelmind_ros2_msgs/include/marvelmind_ros2_msgs/marvelmind_ros2_msgs/srv/detail/marvelmind_api__type_support.cpp
[1.027s] -- Up-to-date: /home/youssef/COROSOLS_WS/install/marvelmind_ros2_msgs/include/marvelmind_ros2_msgs/marvelmind_ros2_msgs/srv/detail/marvelmind_api__rosidl_typesupport_introspection_cpp.hpp
[1.028s] -- Up-to-date: /home/youssef/COROSOLS_WS/install/marvelmind_ros2_msgs/lib/libmarvelmind_ros2_msgs__rosidl_typesupport_introspection_cpp.so
[1.028s] -- Up-to-date: /home/youssef/COROSOLS_WS/install/marvelmind_ros2_msgs/lib/libmarvelmind_ros2_msgs__rosidl_typesupport_cpp.so
[1.028s] -- Up-to-date: /home/youssef/COROSOLS_WS/install/marvelmind_ros2_msgs/share/marvelmind_ros2_msgs/environment/pythonpath.sh
[1.028s] -- Up-to-date: /home/youssef/COROSOLS_WS/install/marvelmind_ros2_msgs/share/marvelmind_ros2_msgs/environment/pythonpath.dsv
[1.028s] -- Up-to-date: /home/youssef/COROSOLS_WS/install/marvelmind_ros2_msgs/local/lib/python3.10/dist-packages/marvelmind_ros2_msgs-1.0.2-py3.10.egg-info
[1.028s] -- Installing: /home/youssef/COROSOLS_WS/install/marvelmind_ros2_msgs/local/lib/python3.10/dist-packages/marvelmind_ros2_msgs-1.0.2-py3.10.egg-info/dependency_links.txt
[1.029s] -- Installing: /home/youssef/COROSOLS_WS/install/marvelmind_ros2_msgs/local/lib/python3.10/dist-packages/marvelmind_ros2_msgs-1.0.2-py3.10.egg-info/PKG-INFO
[1.029s] -- Installing: /home/youssef/COROSOLS_WS/install/marvelmind_ros2_msgs/local/lib/python3.10/dist-packages/marvelmind_ros2_msgs-1.0.2-py3.10.egg-info/top_level.txt
[1.029s] -- Installing: /home/youssef/COROSOLS_WS/install/marvelmind_ros2_msgs/local/lib/python3.10/dist-packages/marvelmind_ros2_msgs-1.0.2-py3.10.egg-info/SOURCES.txt
[1.029s] -- Up-to-date: /home/youssef/COROSOLS_WS/install/marvelmind_ros2_msgs/local/lib/python3.10/dist-packages/marvelmind_ros2_msgs
[1.029s] -- Up-to-date: /home/youssef/COROSOLS_WS/install/marvelmind_ros2_msgs/local/lib/python3.10/dist-packages/marvelmind_ros2_msgs/msg
[1.029s] -- Up-to-date: /home/youssef/COROSOLS_WS/install/marvelmind_ros2_msgs/local/lib/python3.10/dist-packages/marvelmind_ros2_msgs/msg/_beacon_position_addressed_s.c
[1.030s] -- Up-to-date: /home/youssef/COROSOLS_WS/install/marvelmind_ros2_msgs/local/lib/python3.10/dist-packages/marvelmind_ros2_msgs/msg/_hedge_position_angle.py
[1.030s] -- Up-to-date: /home/youssef/COROSOLS_WS/install/marvelmind_ros2_msgs/local/lib/python3.10/dist-packages/marvelmind_ros2_msgs/msg/_marvelmind_waypoint_s.c
[1.030s] -- Up-to-date: /home/youssef/COROSOLS_WS/install/marvelmind_ros2_msgs/local/lib/python3.10/dist-packages/marvelmind_ros2_msgs/msg/_hedge_telemetry.py
[1.030s] -- Up-to-date: /home/youssef/COROSOLS_WS/install/marvelmind_ros2_msgs/local/lib/python3.10/dist-packages/marvelmind_ros2_msgs/msg/_hedge_imu_fusion_s.c
[1.030s] -- Up-to-date: /home/youssef/COROSOLS_WS/install/marvelmind_ros2_msgs/local/lib/python3.10/dist-packages/marvelmind_ros2_msgs/msg/_hedge_imu_raw.py
[1.031s] -- Up-to-date: /home/youssef/COROSOLS_WS/install/marvelmind_ros2_msgs/local/lib/python3.10/dist-packages/marvelmind_ros2_msgs/msg/_hedge_position_addressed.py
[1.031s] -- Up-to-date: /home/youssef/COROSOLS_WS/install/marvelmind_ros2_msgs/local/lib/python3.10/dist-packages/marvelmind_ros2_msgs/msg/_hedge_imu_raw_s.c
[1.031s] -- Up-to-date: /home/youssef/COROSOLS_WS/install/marvelmind_ros2_msgs/local/lib/python3.10/dist-packages/marvelmind_ros2_msgs/msg/_hedge_position.py
[1.031s] -- Up-to-date: /home/youssef/COROSOLS_WS/install/marvelmind_ros2_msgs/local/lib/python3.10/dist-packages/marvelmind_ros2_msgs/msg/_marvelmind_user_data.py
[1.031s] -- Up-to-date: /home/youssef/COROSOLS_WS/install/marvelmind_ros2_msgs/local/lib/python3.10/dist-packages/marvelmind_ros2_msgs/msg/_beacon_position_addressed.py
[1.031s] -- Up-to-date: /home/youssef/COROSOLS_WS/install/marvelmind_ros2_msgs/local/lib/python3.10/dist-packages/marvelmind_ros2_msgs/msg/_hedge_imu_fusion.py
[1.031s] -- Up-to-date: /home/youssef/COROSOLS_WS/install/marvelmind_ros2_msgs/local/lib/python3.10/dist-packages/marvelmind_ros2_msgs/msg/_beacon_distance.py
[1.031s] -- Up-to-date: /home/youssef/COROSOLS_WS/install/marvelmind_ros2_msgs/local/lib/python3.10/dist-packages/marvelmind_ros2_msgs/msg/_hedge_position_angle_s.c
[1.032s] -- Up-to-date: /home/youssef/COROSOLS_WS/install/marvelmind_ros2_msgs/local/lib/python3.10/dist-packages/marvelmind_ros2_msgs/msg/_hedge_position_addressed_s.c
[1.032s] -- Up-to-date: /home/youssef/COROSOLS_WS/install/marvelmind_ros2_msgs/local/lib/python3.10/dist-packages/marvelmind_ros2_msgs/msg/_hedge_telemetry_s.c
[1.032s] -- Up-to-date: /home/youssef/COROSOLS_WS/install/marvelmind_ros2_msgs/local/lib/python3.10/dist-packages/marvelmind_ros2_msgs/msg/_hedge_quality_s.c
[1.033s] -- Up-to-date: /home/youssef/COROSOLS_WS/install/marvelmind_ros2_msgs/local/lib/python3.10/dist-packages/marvelmind_ros2_msgs/msg/_hedge_position_s.c
[1.034s] -- Up-to-date: /home/youssef/COROSOLS_WS/install/marvelmind_ros2_msgs/local/lib/python3.10/dist-packages/marvelmind_ros2_msgs/msg/__init__.py
[1.034s] -- Up-to-date: /home/youssef/COROSOLS_WS/install/marvelmind_ros2_msgs/local/lib/python3.10/dist-packages/marvelmind_ros2_msgs/msg/_hedge_quality.py
[1.034s] -- Up-to-date: /home/youssef/COROSOLS_WS/install/marvelmind_ros2_msgs/local/lib/python3.10/dist-packages/marvelmind_ros2_msgs/msg/_beacon_distance_s.c
[1.034s] -- Up-to-date: /home/youssef/COROSOLS_WS/install/marvelmind_ros2_msgs/local/lib/python3.10/dist-packages/marvelmind_ros2_msgs/msg/_marvelmind_user_data_s.c
[1.034s] -- Up-to-date: /home/youssef/COROSOLS_WS/install/marvelmind_ros2_msgs/local/lib/python3.10/dist-packages/marvelmind_ros2_msgs/msg/_marvelmind_waypoint.py
[1.034s] -- Up-to-date: /home/youssef/COROSOLS_WS/install/marvelmind_ros2_msgs/local/lib/python3.10/dist-packages/marvelmind_ros2_msgs/libmarvelmind_ros2_msgs__rosidl_generator_py.so
[1.034s] -- Up-to-date: /home/youssef/COROSOLS_WS/install/marvelmind_ros2_msgs/local/lib/python3.10/dist-packages/marvelmind_ros2_msgs/_marvelmind_ros2_msgs_s.ep.rosidl_typesupport_introspection_c.c
[1.034s] -- Up-to-date: /home/youssef/COROSOLS_WS/install/marvelmind_ros2_msgs/local/lib/python3.10/dist-packages/marvelmind_ros2_msgs/marvelmind_ros2_msgs_s__rosidl_typesupport_introspection_c.cpython-310-x86_64-linux-gnu.so
[1.034s] -- Up-to-date: /home/youssef/COROSOLS_WS/install/marvelmind_ros2_msgs/local/lib/python3.10/dist-packages/marvelmind_ros2_msgs/srv
[1.035s] -- Up-to-date: /home/youssef/COROSOLS_WS/install/marvelmind_ros2_msgs/local/lib/python3.10/dist-packages/marvelmind_ros2_msgs/srv/_marvelmind_api_s.c
[1.035s] -- Up-to-date: /home/youssef/COROSOLS_WS/install/marvelmind_ros2_msgs/local/lib/python3.10/dist-packages/marvelmind_ros2_msgs/srv/_marvelmind_api.py
[1.035s] -- Up-to-date: /home/youssef/COROSOLS_WS/install/marvelmind_ros2_msgs/local/lib/python3.10/dist-packages/marvelmind_ros2_msgs/srv/__init__.py
[1.035s] -- Up-to-date: /home/youssef/COROSOLS_WS/install/marvelmind_ros2_msgs/local/lib/python3.10/dist-packages/marvelmind_ros2_msgs/_marvelmind_ros2_msgs_s.ep.rosidl_typesupport_fastrtps_c.c
[1.035s] -- Up-to-date: /home/youssef/COROSOLS_WS/install/marvelmind_ros2_msgs/local/lib/python3.10/dist-packages/marvelmind_ros2_msgs/_marvelmind_ros2_msgs_s.ep.rosidl_typesupport_c.c
[1.035s] -- Up-to-date: /home/youssef/COROSOLS_WS/install/marvelmind_ros2_msgs/local/lib/python3.10/dist-packages/marvelmind_ros2_msgs/marvelmind_ros2_msgs_s__rosidl_typesupport_c.cpython-310-x86_64-linux-gnu.so
[1.035s] -- Up-to-date: /home/youssef/COROSOLS_WS/install/marvelmind_ros2_msgs/local/lib/python3.10/dist-packages/marvelmind_ros2_msgs/marvelmind_ros2_msgs_s__rosidl_typesupport_fastrtps_c.cpython-310-x86_64-linux-gnu.so
[1.035s] -- Up-to-date: /home/youssef/COROSOLS_WS/install/marvelmind_ros2_msgs/local/lib/python3.10/dist-packages/marvelmind_ros2_msgs/__init__.py
[1.039s] Listing '/home/youssef/COROSOLS_WS/install/marvelmind_ros2_msgs/local/lib/python3.10/dist-packages/marvelmind_ros2_msgs'...
[1.039s] Listing '/home/youssef/COROSOLS_WS/install/marvelmind_ros2_msgs/local/lib/python3.10/dist-packages/marvelmind_ros2_msgs/msg'...
[1.039s] Listing '/home/youssef/COROSOLS_WS/install/marvelmind_ros2_msgs/local/lib/python3.10/dist-packages/marvelmind_ros2_msgs/srv'...
[1.041s] -- Up-to-date: /home/youssef/COROSOLS_WS/install/marvelmind_ros2_msgs/local/lib/python3.10/dist-packages/marvelmind_ros2_msgs/marvelmind_ros2_msgs_s__rosidl_typesupport_fastrtps_c.cpython-310-x86_64-linux-gnu.so
[1.041s] -- Up-to-date: /home/youssef/COROSOLS_WS/install/marvelmind_ros2_msgs/local/lib/python3.10/dist-packages/marvelmind_ros2_msgs/marvelmind_ros2_msgs_s__rosidl_typesupport_introspection_c.cpython-310-x86_64-linux-gnu.so
[1.041s] -- Up-to-date: /home/youssef/COROSOLS_WS/install/marvelmind_ros2_msgs/local/lib/python3.10/dist-packages/marvelmind_ros2_msgs/marvelmind_ros2_msgs_s__rosidl_typesupport_c.cpython-310-x86_64-linux-gnu.so
[1.041s] -- Up-to-date: /home/youssef/COROSOLS_WS/install/marvelmind_ros2_msgs/lib/libmarvelmind_ros2_msgs__rosidl_generator_py.so
[1.041s] -- Up-to-date: /home/youssef/COROSOLS_WS/install/marvelmind_ros2_msgs/share/marvelmind_ros2_msgs/msg/BeaconDistance.idl
[1.041s] -- Up-to-date: /home/youssef/COROSOLS_WS/install/marvelmind_ros2_msgs/share/marvelmind_ros2_msgs/msg/BeaconPositionAddressed.idl
[1.041s] -- Up-to-date: /home/youssef/COROSOLS_WS/install/marvelmind_ros2_msgs/share/marvelmind_ros2_msgs/msg/HedgeImuFusion.idl
[1.041s] -- Up-to-date: /home/youssef/COROSOLS_WS/install/marvelmind_ros2_msgs/share/marvelmind_ros2_msgs/msg/HedgeImuRaw.idl
[1.042s] -- Up-to-date: /home/youssef/COROSOLS_WS/install/marvelmind_ros2_msgs/share/marvelmind_ros2_msgs/msg/HedgePositionAddressed.idl
[1.042s] -- Up-to-date: /home/youssef/COROSOLS_WS/install/marvelmind_ros2_msgs/share/marvelmind_ros2_msgs/msg/HedgePositionAngle.idl
[1.042s] -- Up-to-date: /home/youssef/COROSOLS_WS/install/marvelmind_ros2_msgs/share/marvelmind_ros2_msgs/msg/HedgePosition.idl
[1.042s] -- Up-to-date: /home/youssef/COROSOLS_WS/install/marvelmind_ros2_msgs/share/marvelmind_ros2_msgs/msg/HedgeQuality.idl
[1.042s] -- Up-to-date: /home/youssef/COROSOLS_WS/install/marvelmind_ros2_msgs/share/marvelmind_ros2_msgs/msg/HedgeTelemetry.idl
[1.042s] -- Up-to-date: /home/youssef/COROSOLS_WS/install/marvelmind_ros2_msgs/share/marvelmind_ros2_msgs/msg/MarvelmindWaypoint.idl
[1.043s] -- Up-to-date: /home/youssef/COROSOLS_WS/install/marvelmind_ros2_msgs/share/marvelmind_ros2_msgs/msg/MarvelmindUserData.idl
[1.043s] -- Up-to-date: /home/youssef/COROSOLS_WS/install/marvelmind_ros2_msgs/share/marvelmind_ros2_msgs/srv/MarvelmindAPI.idl
[1.043s] -- Up-to-date: /home/youssef/COROSOLS_WS/install/marvelmind_ros2_msgs/share/marvelmind_ros2_msgs/msg/BeaconDistance.msg
[1.043s] -- Up-to-date: /home/youssef/COROSOLS_WS/install/marvelmind_ros2_msgs/share/marvelmind_ros2_msgs/msg/BeaconPositionAddressed.msg
[1.044s] -- Up-to-date: /home/youssef/COROSOLS_WS/install/marvelmind_ros2_msgs/share/marvelmind_ros2_msgs/msg/HedgeImuFusion.msg
[1.044s] -- Up-to-date: /home/youssef/COROSOLS_WS/install/marvelmind_ros2_msgs/share/marvelmind_ros2_msgs/msg/HedgeImuRaw.msg
[1.044s] -- Up-to-date: /home/youssef/COROSOLS_WS/install/marvelmind_ros2_msgs/share/marvelmind_ros2_msgs/msg/HedgePositionAddressed.msg
[1.044s] -- Up-to-date: /home/youssef/COROSOLS_WS/install/marvelmind_ros2_msgs/share/marvelmind_ros2_msgs/msg/HedgePositionAngle.msg
[1.045s] -- Up-to-date: /home/youssef/COROSOLS_WS/install/marvelmind_ros2_msgs/share/marvelmind_ros2_msgs/msg/HedgePosition.msg
[1.045s] -- Up-to-date: /home/youssef/COROSOLS_WS/install/marvelmind_ros2_msgs/share/marvelmind_ros2_msgs/msg/HedgeQuality.msg
[1.045s] -- Up-to-date: /home/youssef/COROSOLS_WS/install/marvelmind_ros2_msgs/share/marvelmind_ros2_msgs/msg/HedgeTelemetry.msg
[1.045s] -- Up-to-date: /home/youssef/COROSOLS_WS/install/marvelmind_ros2_msgs/share/marvelmind_ros2_msgs/msg/MarvelmindWaypoint.msg
[1.045s] -- Up-to-date: /home/youssef/COROSOLS_WS/install/marvelmind_ros2_msgs/share/marvelmind_ros2_msgs/msg/MarvelmindUserData.msg
[1.046s] -- Up-to-date: /home/youssef/COROSOLS_WS/install/marvelmind_ros2_msgs/share/marvelmind_ros2_msgs/srv/MarvelmindAPI.srv
[1.046s] -- Up-to-date: /home/youssef/COROSOLS_WS/install/marvelmind_ros2_msgs/share/marvelmind_ros2_msgs/srv/MarvelmindAPI_Request.msg
[1.046s] -- Up-to-date: /home/youssef/COROSOLS_WS/install/marvelmind_ros2_msgs/share/marvelmind_ros2_msgs/srv/MarvelmindAPI_Response.msg
[1.046s] -- Up-to-date: /home/youssef/COROSOLS_WS/install/marvelmind_ros2_msgs/share/ament_index/resource_index/package_run_dependencies/marvelmind_ros2_msgs
[1.046s] -- Up-to-date: /home/youssef/COROSOLS_WS/install/marvelmind_ros2_msgs/share/ament_index/resource_index/parent_prefix_path/marvelmind_ros2_msgs
[1.047s] -- Up-to-date: /home/youssef/COROSOLS_WS/install/marvelmind_ros2_msgs/share/marvelmind_ros2_msgs/environment/ament_prefix_path.sh
[1.048s] -- Up-to-date: /home/youssef/COROSOLS_WS/install/marvelmind_ros2_msgs/share/marvelmind_ros2_msgs/environment/ament_prefix_path.dsv
[1.048s] -- Up-to-date: /home/youssef/COROSOLS_WS/install/marvelmind_ros2_msgs/share/marvelmind_ros2_msgs/environment/path.sh
[1.048s] -- Up-to-date: /home/youssef/COROSOLS_WS/install/marvelmind_ros2_msgs/share/marvelmind_ros2_msgs/environment/path.dsv
[1.048s] -- Up-to-date: /home/youssef/COROSOLS_WS/install/marvelmind_ros2_msgs/share/marvelmind_ros2_msgs/local_setup.bash
[1.049s] -- Up-to-date: /home/youssef/COROSOLS_WS/install/marvelmind_ros2_msgs/share/marvelmind_ros2_msgs/local_setup.sh
[1.049s] -- Up-to-date: /home/youssef/COROSOLS_WS/install/marvelmind_ros2_msgs/share/marvelmind_ros2_msgs/local_setup.zsh
[1.049s] -- Up-to-date: /home/youssef/COROSOLS_WS/install/marvelmind_ros2_msgs/share/marvelmind_ros2_msgs/local_setup.dsv
[1.050s] -- Installing: /home/youssef/COROSOLS_WS/install/marvelmind_ros2_msgs/share/marvelmind_ros2_msgs/package.dsv
[1.050s] -- Up-to-date: /home/youssef/COROSOLS_WS/install/marvelmind_ros2_msgs/share/ament_index/resource_index/packages/marvelmind_ros2_msgs
[1.050s] -- Up-to-date: /home/youssef/COROSOLS_WS/install/marvelmind_ros2_msgs/share/marvelmind_ros2_msgs/cmake/export_marvelmind_ros2_msgs__rosidl_generator_cExport.cmake
[1.050s] -- Up-to-date: /home/youssef/COROSOLS_WS/install/marvelmind_ros2_msgs/share/marvelmind_ros2_msgs/cmake/export_marvelmind_ros2_msgs__rosidl_generator_cExport-noconfig.cmake
[1.050s] -- Up-to-date: /home/youssef/COROSOLS_WS/install/marvelmind_ros2_msgs/share/marvelmind_ros2_msgs/cmake/export_marvelmind_ros2_msgs__rosidl_typesupport_fastrtps_cExport.cmake
[1.050s] -- Up-to-date: /home/youssef/COROSOLS_WS/install/marvelmind_ros2_msgs/share/marvelmind_ros2_msgs/cmake/export_marvelmind_ros2_msgs__rosidl_typesupport_fastrtps_cExport-noconfig.cmake
[1.051s] -- Up-to-date: /home/youssef/COROSOLS_WS/install/marvelmind_ros2_msgs/share/marvelmind_ros2_msgs/cmake/marvelmind_ros2_msgs__rosidl_typesupport_introspection_cExport.cmake
[1.051s] -- Up-to-date: /home/youssef/COROSOLS_WS/install/marvelmind_ros2_msgs/share/marvelmind_ros2_msgs/cmake/marvelmind_ros2_msgs__rosidl_typesupport_introspection_cExport-noconfig.cmake
[1.051s] -- Up-to-date: /home/youssef/COROSOLS_WS/install/marvelmind_ros2_msgs/share/marvelmind_ros2_msgs/cmake/marvelmind_ros2_msgs__rosidl_typesupport_cExport.cmake
[1.051s] -- Up-to-date: /home/youssef/COROSOLS_WS/install/marvelmind_ros2_msgs/share/marvelmind_ros2_msgs/cmake/marvelmind_ros2_msgs__rosidl_typesupport_cExport-noconfig.cmake
[1.051s] -- Up-to-date: /home/youssef/COROSOLS_WS/install/marvelmind_ros2_msgs/share/marvelmind_ros2_msgs/cmake/export_marvelmind_ros2_msgs__rosidl_generator_cppExport.cmake
[1.051s] -- Up-to-date: /home/youssef/COROSOLS_WS/install/marvelmind_ros2_msgs/share/marvelmind_ros2_msgs/cmake/export_marvelmind_ros2_msgs__rosidl_typesupport_fastrtps_cppExport.cmake
[1.052s] -- Up-to-date: /home/youssef/COROSOLS_WS/install/marvelmind_ros2_msgs/share/marvelmind_ros2_msgs/cmake/export_marvelmind_ros2_msgs__rosidl_typesupport_fastrtps_cppExport-noconfig.cmake
[1.052s] -- Up-to-date: /home/youssef/COROSOLS_WS/install/marvelmind_ros2_msgs/share/marvelmind_ros2_msgs/cmake/marvelmind_ros2_msgs__rosidl_typesupport_introspection_cppExport.cmake
[1.052s] -- Up-to-date: /home/youssef/COROSOLS_WS/install/marvelmind_ros2_msgs/share/marvelmind_ros2_msgs/cmake/marvelmind_ros2_msgs__rosidl_typesupport_introspection_cppExport-noconfig.cmake
[1.052s] -- Up-to-date: /home/youssef/COROSOLS_WS/install/marvelmind_ros2_msgs/share/marvelmind_ros2_msgs/cmake/marvelmind_ros2_msgs__rosidl_typesupport_cppExport.cmake
[1.052s] -- Up-to-date: /home/youssef/COROSOLS_WS/install/marvelmind_ros2_msgs/share/marvelmind_ros2_msgs/cmake/marvelmind_ros2_msgs__rosidl_typesupport_cppExport-noconfig.cmake
[1.052s] -- Up-to-date: /home/youssef/COROSOLS_WS/install/marvelmind_ros2_msgs/share/marvelmind_ros2_msgs/cmake/export_marvelmind_ros2_msgs__rosidl_generator_pyExport.cmake
[1.053s] -- Up-to-date: /home/youssef/COROSOLS_WS/install/marvelmind_ros2_msgs/share/marvelmind_ros2_msgs/cmake/export_marvelmind_ros2_msgs__rosidl_generator_pyExport-noconfig.cmake
[1.053s] -- Up-to-date: /home/youssef/COROSOLS_WS/install/marvelmind_ros2_msgs/share/marvelmind_ros2_msgs/cmake/rosidl_cmake-extras.cmake
[1.053s] -- Up-to-date: /home/youssef/COROSOLS_WS/install/marvelmind_ros2_msgs/share/marvelmind_ros2_msgs/cmake/ament_cmake_export_dependencies-extras.cmake
[1.053s] -- Up-to-date: /home/youssef/COROSOLS_WS/install/marvelmind_ros2_msgs/share/marvelmind_ros2_msgs/cmake/ament_cmake_export_include_directories-extras.cmake
[1.053s] -- Up-to-date: /home/youssef/COROSOLS_WS/install/marvelmind_ros2_msgs/share/marvelmind_ros2_msgs/cmake/ament_cmake_export_libraries-extras.cmake
[1.053s] -- Up-to-date: /home/youssef/COROSOLS_WS/install/marvelmind_ros2_msgs/share/marvelmind_ros2_msgs/cmake/ament_cmake_export_targets-extras.cmake
[1.053s] -- Up-to-date: /home/youssef/COROSOLS_WS/install/marvelmind_ros2_msgs/share/marvelmind_ros2_msgs/cmake/rosidl_cmake_export_typesupport_targets-extras.cmake
[1.053s] -- Up-to-date: /home/youssef/COROSOLS_WS/install/marvelmind_ros2_msgs/share/marvelmind_ros2_msgs/cmake/rosidl_cmake_export_typesupport_libraries-extras.cmake
[1.054s] -- Up-to-date: /home/youssef/COROSOLS_WS/install/marvelmind_ros2_msgs/share/marvelmind_ros2_msgs/cmake/marvelmind_ros2_msgsConfig.cmake
[1.054s] -- Up-to-date: /home/youssef/COROSOLS_WS/install/marvelmind_ros2_msgs/share/marvelmind_ros2_msgs/cmake/marvelmind_ros2_msgsConfig-version.cmake
[1.054s] -- Up-to-date: /home/youssef/COROSOLS_WS/install/marvelmind_ros2_msgs/share/marvelmind_ros2_msgs/package.xml
[1.081s] Invoked command in '/home/youssef/COROSOLS_WS/build/marvelmind_ros2_msgs' returned '0': CMAKE_PREFIX_PATH=${CMAKE_PREFIX_PATH}:/home/youssef/COROSOLS_WS/install/corosols:/opt/ros/humble /usr/bin/cmake --install /home/youssef/COROSOLS_WS/build/marvelmind_ros2_msgs
