[0.616s] Invoking command in '/home/hamzalegion/COROSOLS_WS/src/corosols': AMENT_PREFIX_PATH=/home/hamzalegion/COROSOLS_WS/install/custom_interfaces:/home/hamzalegion/COROSOLS_WS/install/action_tutorials_interfaces:${AMENT_PREFIX_PATH} CMAKE_PREFIX_PATH=/home/hamzalegion/COROSOLS_WS/install/custom_interfaces:/home/hamzalegion/COROSOLS_WS/install/action_tutorials_interfaces LD_LIBRARY_PATH=/home/hamzalegion/COROSOLS_WS/install/custom_interfaces/lib:/home/hamzalegion/COROSOLS_WS/install/action_tutorials_interfaces/lib:${LD_LIBRARY_PATH} PYTHONPATH=/home/hamzalegion/COROSOLS_WS/build/corosols/prefix_override:/home/hamzalegion/COROSOLS_WS/install/corosols/lib/python3.10/site-packages:/home/hamzalegion/COROSOLS_WS/install/custom_interfaces/local/lib/python3.10/dist-packages:/home/hamzalegion/COROSOLS_WS/install/action_tutorials_interfaces/local/lib/python3.10/dist-packages:${PYTHONPATH} /usr/bin/python3 -W ignore:setup.py install is deprecated setup.py egg_info --egg-base ../../build/corosols build --build-base /home/hamzalegion/COROSOLS_WS/build/corosols/build install --record /home/hamzalegion/COROSOLS_WS/build/corosols/install.log --single-version-externally-managed install_data
[0.834s] running egg_info
[0.834s] writing ../../build/corosols/corosols.egg-info/PKG-INFO
[0.834s] writing dependency_links to ../../build/corosols/corosols.egg-info/dependency_links.txt
[0.835s] writing entry points to ../../build/corosols/corosols.egg-info/entry_points.txt
[0.835s] writing requirements to ../../build/corosols/corosols.egg-info/requires.txt
[0.835s] writing top-level names to ../../build/corosols/corosols.egg-info/top_level.txt
[0.836s] reading manifest file '../../build/corosols/corosols.egg-info/SOURCES.txt'
[0.842s] writing manifest file '../../build/corosols/corosols.egg-info/SOURCES.txt'
[0.842s] running build
[0.842s] running build_py
[0.842s] copying corosols/robot_speeds.py -> /home/hamzalegion/COROSOLS_WS/build/corosols/build/lib/corosols
[0.842s] copying corosols/testSTM.py -> /home/hamzalegion/COROSOLS_WS/build/corosols/build/lib/corosols
[0.842s] running install
[0.843s] running install_lib
[0.844s] copying /home/hamzalegion/COROSOLS_WS/build/corosols/build/lib/corosols/robot_speeds.py -> /home/hamzalegion/COROSOLS_WS/install/corosols/lib/python3.10/site-packages/corosols
[0.844s] copying /home/hamzalegion/COROSOLS_WS/build/corosols/build/lib/corosols/testSTM.py -> /home/hamzalegion/COROSOLS_WS/install/corosols/lib/python3.10/site-packages/corosols
[0.844s] byte-compiling /home/hamzalegion/COROSOLS_WS/install/corosols/lib/python3.10/site-packages/corosols/robot_speeds.py to robot_speeds.cpython-310.pyc
[0.846s] byte-compiling /home/hamzalegion/COROSOLS_WS/install/corosols/lib/python3.10/site-packages/corosols/testSTM.py to testSTM.cpython-310.pyc
[0.847s] running install_data
[0.847s] running install_egg_info
[0.850s] removing '/home/hamzalegion/COROSOLS_WS/install/corosols/lib/python3.10/site-packages/corosols-0.0.0-py3.10.egg-info' (and everything under it)
[0.850s] Copying ../../build/corosols/corosols.egg-info to /home/hamzalegion/COROSOLS_WS/install/corosols/lib/python3.10/site-packages/corosols-0.0.0-py3.10.egg-info
[0.851s] running install_scripts
[0.871s] Installing input_client script to /home/hamzalegion/COROSOLS_WS/install/corosols/lib/corosols
[0.872s] Installing pose_broadcaster script to /home/hamzalegion/COROSOLS_WS/install/corosols/lib/corosols
[0.872s] Installing robot_speeds script to /home/hamzalegion/COROSOLS_WS/install/corosols/lib/corosols
[0.872s] Installing serial script to /home/hamzalegion/COROSOLS_WS/install/corosols/lib/corosols
[0.872s] writing list of installed files to '/home/hamzalegion/COROSOLS_WS/build/corosols/install.log'
[0.907s] Invoked command in '/home/hamzalegion/COROSOLS_WS/src/corosols' returned '0': AMENT_PREFIX_PATH=/home/hamzalegion/COROSOLS_WS/install/custom_interfaces:/home/hamzalegion/COROSOLS_WS/install/action_tutorials_interfaces:${AMENT_PREFIX_PATH} CMAKE_PREFIX_PATH=/home/hamzalegion/COROSOLS_WS/install/custom_interfaces:/home/hamzalegion/COROSOLS_WS/install/action_tutorials_interfaces LD_LIBRARY_PATH=/home/hamzalegion/COROSOLS_WS/install/custom_interfaces/lib:/home/hamzalegion/COROSOLS_WS/install/action_tutorials_interfaces/lib:${LD_LIBRARY_PATH} PYTHONPATH=/home/hamzalegion/COROSOLS_WS/build/corosols/prefix_override:/home/hamzalegion/COROSOLS_WS/install/corosols/lib/python3.10/site-packages:/home/hamzalegion/COROSOLS_WS/install/custom_interfaces/local/lib/python3.10/dist-packages:/home/hamzalegion/COROSOLS_WS/install/action_tutorials_interfaces/local/lib/python3.10/dist-packages:${PYTHONPATH} /usr/bin/python3 -W ignore:setup.py install is deprecated setup.py egg_info --egg-base ../../build/corosols build --build-base /home/hamzalegion/COROSOLS_WS/build/corosols/build install --record /home/hamzalegion/COROSOLS_WS/build/corosols/install.log --single-version-externally-managed install_data
