[0.054s] Invoking command in '/home/youssef/COROSOLS_WS/build/marvelmind_ros2': CMAKE_PREFIX_PATH=/home/youssef/COROSOLS_WS/install/marvelmind_ros2_msgs:/home/youssef/COROSOLS_WS/install/marvelmind_ros2:/home/youssef/COROSOLS_WS/install/custom_interfaces:/home/youssef/COROSOLS_WS/install/action_tutorials_interfaces:/home/youssef/COROSOLS_WS/install/corosols:/opt/ros/humble /usr/bin/cmake --build /home/youssef/COROSOLS_WS/build/marvelmind_ros2 -- -j8 -l8
[0.290s] [ 25%] Built target marvelmind_hedge_lib
[0.291s] [ 50%] Built target marvelmind_api_lib
[0.413s] [ 75%] Built target marvelmind_ros2
[0.414s] [100%] Built target marvelmind_api_ros2
[0.463s] Invoked command in '/home/youssef/COROSOLS_WS/build/marvelmind_ros2' returned '0': CMAKE_PREFIX_PATH=/home/youssef/COROSOLS_WS/install/marvelmind_ros2_msgs:/home/youssef/COROSOLS_WS/install/marvelmind_ros2:/home/youssef/COROSOLS_WS/install/custom_interfaces:/home/youssef/COROSOLS_WS/install/action_tutorials_interfaces:/home/youssef/COROSOLS_WS/install/corosols:/opt/ros/humble /usr/bin/cmake --build /home/youssef/COROSOLS_WS/build/marvelmind_ros2 -- -j8 -l8
[0.637s] Invoking command in '/home/youssef/COROSOLS_WS/build/marvelmind_ros2': CMAKE_PREFIX_PATH=/home/youssef/COROSOLS_WS/install/marvelmind_ros2_msgs:/home/youssef/COROSOLS_WS/install/marvelmind_ros2:/home/youssef/COROSOLS_WS/install/custom_interfaces:/home/youssef/COROSOLS_WS/install/action_tutorials_interfaces:/home/youssef/COROSOLS_WS/install/corosols:/opt/ros/humble /usr/bin/cmake --install /home/youssef/COROSOLS_WS/build/marvelmind_ros2
[0.670s] -- Install configuration: ""
[0.671s] -- Up-to-date: /home/youssef/COROSOLS_WS/install/marvelmind_ros2/lib/marvelmind_ros2/marvelmind_ros2
[0.673s] -- Up-to-date: /home/youssef/COROSOLS_WS/install/marvelmind_ros2/lib/marvelmind_ros2/marvelmind_api_ros2
[0.674s] -- Up-to-date: /home/youssef/COROSOLS_WS/install/marvelmind_ros2/share/marvelmind_ros2/config
[0.675s] -- Up-to-date: /home/youssef/COROSOLS_WS/install/marvelmind_ros2/share/marvelmind_ros2/config/marvelmind_ros2_config.yaml
[0.676s] -- Up-to-date: /home/youssef/COROSOLS_WS/install/marvelmind_ros2/share/marvelmind_ros2/launch
[0.677s] -- Up-to-date: /home/youssef/COROSOLS_WS/install/marvelmind_ros2/share/marvelmind_ros2/launch/marvelmind_ros2.launch.py
[0.678s] -- Up-to-date: /home/youssef/COROSOLS_WS/install/marvelmind_ros2/share/marvelmind_ros2/launch/marvelmind_api_ros2.launch.py
[0.679s] -- Up-to-date: /home/youssef/COROSOLS_WS/install/marvelmind_ros2/share/ament_index/resource_index/package_run_dependencies/marvelmind_ros2
[0.679s] -- Up-to-date: /home/youssef/COROSOLS_WS/install/marvelmind_ros2/share/ament_index/resource_index/parent_prefix_path/marvelmind_ros2
[0.680s] -- Up-to-date: /home/youssef/COROSOLS_WS/install/marvelmind_ros2/share/marvelmind_ros2/environment/ament_prefix_path.sh
[0.681s] -- Up-to-date: /home/youssef/COROSOLS_WS/install/marvelmind_ros2/share/marvelmind_ros2/environment/ament_prefix_path.dsv
[0.681s] -- Up-to-date: /home/youssef/COROSOLS_WS/install/marvelmind_ros2/share/marvelmind_ros2/environment/path.sh
[0.682s] -- Up-to-date: /home/youssef/COROSOLS_WS/install/marvelmind_ros2/share/marvelmind_ros2/environment/path.dsv
[0.683s] -- Up-to-date: /home/youssef/COROSOLS_WS/install/marvelmind_ros2/share/marvelmind_ros2/local_setup.bash
[0.683s] -- Up-to-date: /home/youssef/COROSOLS_WS/install/marvelmind_ros2/share/marvelmind_ros2/local_setup.sh
[0.684s] -- Up-to-date: /home/youssef/COROSOLS_WS/install/marvelmind_ros2/share/marvelmind_ros2/local_setup.zsh
[0.685s] -- Up-to-date: /home/youssef/COROSOLS_WS/install/marvelmind_ros2/share/marvelmind_ros2/local_setup.dsv
[0.685s] -- Installing: /home/youssef/COROSOLS_WS/install/marvelmind_ros2/share/marvelmind_ros2/package.dsv
[0.686s] -- Up-to-date: /home/youssef/COROSOLS_WS/install/marvelmind_ros2/share/ament_index/resource_index/packages/marvelmind_ros2
[0.687s] -- Up-to-date: /home/youssef/COROSOLS_WS/install/marvelmind_ros2/share/marvelmind_ros2/cmake/marvelmind_ros2Config.cmake
[0.687s] -- Up-to-date: /home/youssef/COROSOLS_WS/install/marvelmind_ros2/share/marvelmind_ros2/cmake/marvelmind_ros2Config-version.cmake
[0.688s] -- Up-to-date: /home/youssef/COROSOLS_WS/install/marvelmind_ros2/share/marvelmind_ros2/package.xml
[0.694s] Invoked command in '/home/youssef/COROSOLS_WS/build/marvelmind_ros2' returned '0': CMAKE_PREFIX_PATH=/home/youssef/COROSOLS_WS/install/marvelmind_ros2_msgs:/home/youssef/COROSOLS_WS/install/marvelmind_ros2:/home/youssef/COROSOLS_WS/install/custom_interfaces:/home/youssef/COROSOLS_WS/install/action_tutorials_interfaces:/home/youssef/COROSOLS_WS/install/corosols:/opt/ros/humble /usr/bin/cmake --install /home/youssef/COROSOLS_WS/build/marvelmind_ros2
