[0.106s] Invoking command in '/home/youssef/COROSOLS_WS/build/action_tutorials_interfaces': CMAKE_PREFIX_PATH=/opt/ros/humble /usr/bin/cmake --build /home/youssef/COROSOLS_WS/build/action_tutorials_interfaces -- -j8 -l8
[0.558s] [  2%] Built target action_tutorials_interfaces__cpp
[0.577s] [ 12%] Built target action_tutorials_interfaces__rosidl_generator_c
[0.695s] [ 12%] Built target ament_cmake_python_copy_action_tutorials_interfaces
[0.914s] [ 23%] Built target action_tutorials_interfaces__rosidl_typesupport_fastrtps_c
[1.065s] [ 33%] Built target action_tutorials_interfaces__rosidl_typesupport_cpp
[1.066s] [ 43%] Built target action_tutorials_interfaces__rosidl_typesupport_introspection_c
[1.104s] [ 53%] Built target action_tutorials_interfaces__rosidl_typesupport_c
[1.119s] [ 64%] Built target action_tutorials_interfaces__rosidl_typesupport_introspection_cpp
[1.142s] [ 74%] Built target action_tutorials_interfaces__rosidl_typesupport_fastrtps_cpp
[1.349s] [ 74%] Built target action_tutorials_interfaces
[1.514s] [ 76%] Built target action_tutorials_interfaces__py
[1.679s] [ 84%] Built target action_tutorials_interfaces__rosidl_generator_py
[1.935s] [ 89%] Built target action_tutorials_interfaces__rosidl_typesupport_introspection_c__pyext
[1.945s] [ 94%] Built target action_tutorials_interfaces__rosidl_typesupport_c__pyext
[1.952s] [100%] Built target action_tutorials_interfaces__rosidl_typesupport_fastrtps_c__pyext
[2.823s] running egg_info
[2.826s] writing action_tutorials_interfaces.egg-info/PKG-INFO
[2.826s] writing dependency_links to action_tutorials_interfaces.egg-info/dependency_links.txt
[2.827s] writing top-level names to action_tutorials_interfaces.egg-info/top_level.txt
[2.838s] reading manifest file 'action_tutorials_interfaces.egg-info/SOURCES.txt'
[2.840s] writing manifest file 'action_tutorials_interfaces.egg-info/SOURCES.txt'
[2.944s] [100%] Built target ament_cmake_python_build_action_tutorials_interfaces_egg
[2.994s] Invoked command in '/home/youssef/COROSOLS_WS/build/action_tutorials_interfaces' returned '0': CMAKE_PREFIX_PATH=/opt/ros/humble /usr/bin/cmake --build /home/youssef/COROSOLS_WS/build/action_tutorials_interfaces -- -j8 -l8
[3.004s] Invoking command in '/home/youssef/COROSOLS_WS/build/action_tutorials_interfaces': CMAKE_PREFIX_PATH=/opt/ros/humble /usr/bin/cmake --install /home/youssef/COROSOLS_WS/build/action_tutorials_interfaces
[3.046s] -- Install configuration: ""
[3.048s] -- Up-to-date: /home/youssef/COROSOLS_WS/install/action_tutorials_interfaces/share/ament_index/resource_index/rosidl_interfaces/action_tutorials_interfaces
[3.049s] -- Up-to-date: /home/youssef/COROSOLS_WS/install/action_tutorials_interfaces/include/action_tutorials_interfaces/action_tutorials_interfaces
[3.050s] -- Up-to-date: /home/youssef/COROSOLS_WS/install/action_tutorials_interfaces/include/action_tutorials_interfaces/action_tutorials_interfaces/msg
[3.051s] -- Up-to-date: /home/youssef/COROSOLS_WS/install/action_tutorials_interfaces/include/action_tutorials_interfaces/action_tutorials_interfaces/msg/rosidl_generator_c__visibility_control.h
[3.058s] -- Up-to-date: /home/youssef/COROSOLS_WS/install/action_tutorials_interfaces/include/action_tutorials_interfaces/action_tutorials_interfaces/action
[3.058s] -- Up-to-date: /home/youssef/COROSOLS_WS/install/action_tutorials_interfaces/include/action_tutorials_interfaces/action_tutorials_interfaces/action/fibonacci.h
[3.060s] -- Up-to-date: /home/youssef/COROSOLS_WS/install/action_tutorials_interfaces/include/action_tutorials_interfaces/action_tutorials_interfaces/action/position.h
[3.060s] -- Up-to-date: /home/youssef/COROSOLS_WS/install/action_tutorials_interfaces/include/action_tutorials_interfaces/action_tutorials_interfaces/action/detail
[3.062s] -- Up-to-date: /home/youssef/COROSOLS_WS/install/action_tutorials_interfaces/include/action_tutorials_interfaces/action_tutorials_interfaces/action/detail/fibonacci__type_support.h
[3.063s] -- Up-to-date: /home/youssef/COROSOLS_WS/install/action_tutorials_interfaces/include/action_tutorials_interfaces/action_tutorials_interfaces/action/detail/fibonacci__functions.c
[3.064s] -- Up-to-date: /home/youssef/COROSOLS_WS/install/action_tutorials_interfaces/include/action_tutorials_interfaces/action_tutorials_interfaces/action/detail/position__functions.h
[3.065s] -- Up-to-date: /home/youssef/COROSOLS_WS/install/action_tutorials_interfaces/include/action_tutorials_interfaces/action_tutorials_interfaces/action/detail/position__type_support.h
[3.066s] -- Up-to-date: /home/youssef/COROSOLS_WS/install/action_tutorials_interfaces/include/action_tutorials_interfaces/action_tutorials_interfaces/action/detail/position__functions.c
[3.067s] -- Up-to-date: /home/youssef/COROSOLS_WS/install/action_tutorials_interfaces/include/action_tutorials_interfaces/action_tutorials_interfaces/action/detail/fibonacci__functions.h
[3.069s] -- Up-to-date: /home/youssef/COROSOLS_WS/install/action_tutorials_interfaces/include/action_tutorials_interfaces/action_tutorials_interfaces/action/detail/fibonacci__struct.h
[3.070s] -- Up-to-date: /home/youssef/COROSOLS_WS/install/action_tutorials_interfaces/include/action_tutorials_interfaces/action_tutorials_interfaces/action/detail/position__struct.h
[3.072s] -- Up-to-date: /home/youssef/COROSOLS_WS/install/action_tutorials_interfaces/share/action_tutorials_interfaces/environment/library_path.sh
[3.073s] -- Up-to-date: /home/youssef/COROSOLS_WS/install/action_tutorials_interfaces/share/action_tutorials_interfaces/environment/library_path.dsv
[3.074s] -- Up-to-date: /home/youssef/COROSOLS_WS/install/action_tutorials_interfaces/lib/libaction_tutorials_interfaces__rosidl_generator_c.so
[3.074s] -- Up-to-date: /home/youssef/COROSOLS_WS/install/action_tutorials_interfaces/include/action_tutorials_interfaces/action_tutorials_interfaces
[3.075s] -- Up-to-date: /home/youssef/COROSOLS_WS/install/action_tutorials_interfaces/include/action_tutorials_interfaces/action_tutorials_interfaces/msg
[3.075s] -- Up-to-date: /home/youssef/COROSOLS_WS/install/action_tutorials_interfaces/include/action_tutorials_interfaces/action_tutorials_interfaces/msg/rosidl_typesupport_fastrtps_c__visibility_control.h
[3.076s] -- Up-to-date: /home/youssef/COROSOLS_WS/install/action_tutorials_interfaces/include/action_tutorials_interfaces/action_tutorials_interfaces/action
[3.077s] -- Up-to-date: /home/youssef/COROSOLS_WS/install/action_tutorials_interfaces/include/action_tutorials_interfaces/action_tutorials_interfaces/action/detail
[3.078s] -- Up-to-date: /home/youssef/COROSOLS_WS/install/action_tutorials_interfaces/include/action_tutorials_interfaces/action_tutorials_interfaces/action/detail/position__rosidl_typesupport_fastrtps_c.h
[3.079s] -- Up-to-date: /home/youssef/COROSOLS_WS/install/action_tutorials_interfaces/include/action_tutorials_interfaces/action_tutorials_interfaces/action/detail/fibonacci__rosidl_typesupport_fastrtps_c.h
[3.084s] -- Up-to-date: /home/youssef/COROSOLS_WS/install/action_tutorials_interfaces/lib/libaction_tutorials_interfaces__rosidl_typesupport_fastrtps_c.so
[3.087s] -- Up-to-date: /home/youssef/COROSOLS_WS/install/action_tutorials_interfaces/include/action_tutorials_interfaces/action_tutorials_interfaces
[3.088s] -- Up-to-date: /home/youssef/COROSOLS_WS/install/action_tutorials_interfaces/include/action_tutorials_interfaces/action_tutorials_interfaces/msg
[3.089s] -- Up-to-date: /home/youssef/COROSOLS_WS/install/action_tutorials_interfaces/include/action_tutorials_interfaces/action_tutorials_interfaces/msg/rosidl_typesupport_introspection_c__visibility_control.h
[3.090s] -- Up-to-date: /home/youssef/COROSOLS_WS/install/action_tutorials_interfaces/include/action_tutorials_interfaces/action_tutorials_interfaces/action
[3.091s] -- Up-to-date: /home/youssef/COROSOLS_WS/install/action_tutorials_interfaces/include/action_tutorials_interfaces/action_tutorials_interfaces/action/detail
[3.091s] -- Up-to-date: /home/youssef/COROSOLS_WS/install/action_tutorials_interfaces/include/action_tutorials_interfaces/action_tutorials_interfaces/action/detail/fibonacci__type_support.c
[3.092s] -- Up-to-date: /home/youssef/COROSOLS_WS/install/action_tutorials_interfaces/include/action_tutorials_interfaces/action_tutorials_interfaces/action/detail/fibonacci__rosidl_typesupport_introspection_c.h
[3.093s] -- Up-to-date: /home/youssef/COROSOLS_WS/install/action_tutorials_interfaces/include/action_tutorials_interfaces/action_tutorials_interfaces/action/detail/position__rosidl_typesupport_introspection_c.h
[3.093s] -- Up-to-date: /home/youssef/COROSOLS_WS/install/action_tutorials_interfaces/include/action_tutorials_interfaces/action_tutorials_interfaces/action/detail/position__type_support.c
[3.095s] -- Up-to-date: /home/youssef/COROSOLS_WS/install/action_tutorials_interfaces/lib/libaction_tutorials_interfaces__rosidl_typesupport_introspection_c.so
[3.097s] -- Up-to-date: /home/youssef/COROSOLS_WS/install/action_tutorials_interfaces/lib/libaction_tutorials_interfaces__rosidl_typesupport_c.so
[3.099s] -- Up-to-date: /home/youssef/COROSOLS_WS/install/action_tutorials_interfaces/include/action_tutorials_interfaces/action_tutorials_interfaces
[3.102s] -- Up-to-date: /home/youssef/COROSOLS_WS/install/action_tutorials_interfaces/include/action_tutorials_interfaces/action_tutorials_interfaces/msg
[3.104s] -- Up-to-date: /home/youssef/COROSOLS_WS/install/action_tutorials_interfaces/include/action_tutorials_interfaces/action_tutorials_interfaces/msg/rosidl_generator_cpp__visibility_control.hpp
[3.105s] -- Up-to-date: /home/youssef/COROSOLS_WS/install/action_tutorials_interfaces/include/action_tutorials_interfaces/action_tutorials_interfaces/action
[3.106s] -- Up-to-date: /home/youssef/COROSOLS_WS/install/action_tutorials_interfaces/include/action_tutorials_interfaces/action_tutorials_interfaces/action/position.hpp
[3.107s] -- Up-to-date: /home/youssef/COROSOLS_WS/install/action_tutorials_interfaces/include/action_tutorials_interfaces/action_tutorials_interfaces/action/detail
[3.109s] -- Up-to-date: /home/youssef/COROSOLS_WS/install/action_tutorials_interfaces/include/action_tutorials_interfaces/action_tutorials_interfaces/action/detail/fibonacci__builder.hpp
[3.110s] -- Up-to-date: /home/youssef/COROSOLS_WS/install/action_tutorials_interfaces/include/action_tutorials_interfaces/action_tutorials_interfaces/action/detail/position__builder.hpp
[3.111s] -- Up-to-date: /home/youssef/COROSOLS_WS/install/action_tutorials_interfaces/include/action_tutorials_interfaces/action_tutorials_interfaces/action/detail/fibonacci__type_support.hpp
[3.112s] -- Up-to-date: /home/youssef/COROSOLS_WS/install/action_tutorials_interfaces/include/action_tutorials_interfaces/action_tutorials_interfaces/action/detail/fibonacci__struct.hpp
[3.113s] -- Up-to-date: /home/youssef/COROSOLS_WS/install/action_tutorials_interfaces/include/action_tutorials_interfaces/action_tutorials_interfaces/action/detail/position__type_support.hpp
[3.113s] -- Up-to-date: /home/youssef/COROSOLS_WS/install/action_tutorials_interfaces/include/action_tutorials_interfaces/action_tutorials_interfaces/action/detail/position__traits.hpp
[3.114s] -- Up-to-date: /home/youssef/COROSOLS_WS/install/action_tutorials_interfaces/include/action_tutorials_interfaces/action_tutorials_interfaces/action/detail/fibonacci__traits.hpp
[3.115s] -- Up-to-date: /home/youssef/COROSOLS_WS/install/action_tutorials_interfaces/include/action_tutorials_interfaces/action_tutorials_interfaces/action/detail/position__struct.hpp
[3.115s] -- Up-to-date: /home/youssef/COROSOLS_WS/install/action_tutorials_interfaces/include/action_tutorials_interfaces/action_tutorials_interfaces/action/fibonacci.hpp
[3.116s] -- Up-to-date: /home/youssef/COROSOLS_WS/install/action_tutorials_interfaces/include/action_tutorials_interfaces/action_tutorials_interfaces
[3.117s] -- Up-to-date: /home/youssef/COROSOLS_WS/install/action_tutorials_interfaces/include/action_tutorials_interfaces/action_tutorials_interfaces/msg
[3.118s] -- Up-to-date: /home/youssef/COROSOLS_WS/install/action_tutorials_interfaces/include/action_tutorials_interfaces/action_tutorials_interfaces/msg/rosidl_typesupport_fastrtps_cpp__visibility_control.h
[3.119s] -- Up-to-date: /home/youssef/COROSOLS_WS/install/action_tutorials_interfaces/include/action_tutorials_interfaces/action_tutorials_interfaces/action
[3.120s] -- Up-to-date: /home/youssef/COROSOLS_WS/install/action_tutorials_interfaces/include/action_tutorials_interfaces/action_tutorials_interfaces/action/detail
[3.121s] -- Up-to-date: /home/youssef/COROSOLS_WS/install/action_tutorials_interfaces/include/action_tutorials_interfaces/action_tutorials_interfaces/action/detail/dds_fastrtps
[3.123s] -- Up-to-date: /home/youssef/COROSOLS_WS/install/action_tutorials_interfaces/include/action_tutorials_interfaces/action_tutorials_interfaces/action/detail/fibonacci__rosidl_typesupport_fastrtps_cpp.hpp
[3.125s] -- Up-to-date: /home/youssef/COROSOLS_WS/install/action_tutorials_interfaces/include/action_tutorials_interfaces/action_tutorials_interfaces/action/detail/position__rosidl_typesupport_fastrtps_cpp.hpp
[3.136s] -- Up-to-date: /home/youssef/COROSOLS_WS/install/action_tutorials_interfaces/lib/libaction_tutorials_interfaces__rosidl_typesupport_fastrtps_cpp.so
[3.138s] -- Up-to-date: /home/youssef/COROSOLS_WS/install/action_tutorials_interfaces/include/action_tutorials_interfaces/action_tutorials_interfaces
[3.139s] -- Up-to-date: /home/youssef/COROSOLS_WS/install/action_tutorials_interfaces/include/action_tutorials_interfaces/action_tutorials_interfaces/action
[3.140s] -- Up-to-date: /home/youssef/COROSOLS_WS/install/action_tutorials_interfaces/include/action_tutorials_interfaces/action_tutorials_interfaces/action/detail
[3.145s] -- Up-to-date: /home/youssef/COROSOLS_WS/install/action_tutorials_interfaces/include/action_tutorials_interfaces/action_tutorials_interfaces/action/detail/fibonacci__type_support.cpp
[3.147s] -- Up-to-date: /home/youssef/COROSOLS_WS/install/action_tutorials_interfaces/include/action_tutorials_interfaces/action_tutorials_interfaces/action/detail/position__type_support.cpp
[3.148s] -- Up-to-date: /home/youssef/COROSOLS_WS/install/action_tutorials_interfaces/include/action_tutorials_interfaces/action_tutorials_interfaces/action/detail/fibonacci__rosidl_typesupport_introspection_cpp.hpp
[3.151s] -- Up-to-date: /home/youssef/COROSOLS_WS/install/action_tutorials_interfaces/include/action_tutorials_interfaces/action_tutorials_interfaces/action/detail/position__rosidl_typesupport_introspection_cpp.hpp
[3.155s] -- Up-to-date: /home/youssef/COROSOLS_WS/install/action_tutorials_interfaces/lib/libaction_tutorials_interfaces__rosidl_typesupport_introspection_cpp.so
[3.160s] -- Up-to-date: /home/youssef/COROSOLS_WS/install/action_tutorials_interfaces/lib/libaction_tutorials_interfaces__rosidl_typesupport_cpp.so
[3.165s] -- Up-to-date: /home/youssef/COROSOLS_WS/install/action_tutorials_interfaces/share/action_tutorials_interfaces/environment/pythonpath.sh
[3.166s] -- Up-to-date: /home/youssef/COROSOLS_WS/install/action_tutorials_interfaces/share/action_tutorials_interfaces/environment/pythonpath.dsv
[3.166s] -- Up-to-date: /home/youssef/COROSOLS_WS/install/action_tutorials_interfaces/local/lib/python3.10/dist-packages/action_tutorials_interfaces-0.0.0-py3.10.egg-info
[3.167s] -- Installing: /home/youssef/COROSOLS_WS/install/action_tutorials_interfaces/local/lib/python3.10/dist-packages/action_tutorials_interfaces-0.0.0-py3.10.egg-info/dependency_links.txt
[3.168s] -- Installing: /home/youssef/COROSOLS_WS/install/action_tutorials_interfaces/local/lib/python3.10/dist-packages/action_tutorials_interfaces-0.0.0-py3.10.egg-info/PKG-INFO
[3.169s] -- Installing: /home/youssef/COROSOLS_WS/install/action_tutorials_interfaces/local/lib/python3.10/dist-packages/action_tutorials_interfaces-0.0.0-py3.10.egg-info/top_level.txt
[3.169s] -- Installing: /home/youssef/COROSOLS_WS/install/action_tutorials_interfaces/local/lib/python3.10/dist-packages/action_tutorials_interfaces-0.0.0-py3.10.egg-info/SOURCES.txt
[3.177s] -- Up-to-date: /home/youssef/COROSOLS_WS/install/action_tutorials_interfaces/local/lib/python3.10/dist-packages/action_tutorials_interfaces
[3.179s] -- Up-to-date: /home/youssef/COROSOLS_WS/install/action_tutorials_interfaces/local/lib/python3.10/dist-packages/action_tutorials_interfaces/action_tutorials_interfaces_s__rosidl_typesupport_fastrtps_c.cpython-310-x86_64-linux-gnu.so
[3.182s] -- Up-to-date: /home/youssef/COROSOLS_WS/install/action_tutorials_interfaces/local/lib/python3.10/dist-packages/action_tutorials_interfaces/_action_tutorials_interfaces_s.ep.rosidl_typesupport_introspection_c.c
[3.183s] -- Up-to-date: /home/youssef/COROSOLS_WS/install/action_tutorials_interfaces/local/lib/python3.10/dist-packages/action_tutorials_interfaces/_action_tutorials_interfaces_s.ep.rosidl_typesupport_c.c
[3.184s] -- Up-to-date: /home/youssef/COROSOLS_WS/install/action_tutorials_interfaces/local/lib/python3.10/dist-packages/action_tutorials_interfaces/action_tutorials_interfaces_s__rosidl_typesupport_introspection_c.cpython-310-x86_64-linux-gnu.so
[3.184s] -- Up-to-date: /home/youssef/COROSOLS_WS/install/action_tutorials_interfaces/local/lib/python3.10/dist-packages/action_tutorials_interfaces/action_tutorials_interfaces_s__rosidl_typesupport_c.cpython-310-x86_64-linux-gnu.so
[3.185s] -- Up-to-date: /home/youssef/COROSOLS_WS/install/action_tutorials_interfaces/local/lib/python3.10/dist-packages/action_tutorials_interfaces/_action_tutorials_interfaces_s.ep.rosidl_typesupport_fastrtps_c.c
[3.186s] -- Up-to-date: /home/youssef/COROSOLS_WS/install/action_tutorials_interfaces/local/lib/python3.10/dist-packages/action_tutorials_interfaces/action
[3.187s] -- Up-to-date: /home/youssef/COROSOLS_WS/install/action_tutorials_interfaces/local/lib/python3.10/dist-packages/action_tutorials_interfaces/action/_fibonacci.py
[3.187s] -- Up-to-date: /home/youssef/COROSOLS_WS/install/action_tutorials_interfaces/local/lib/python3.10/dist-packages/action_tutorials_interfaces/action/_position.py
[3.188s] -- Up-to-date: /home/youssef/COROSOLS_WS/install/action_tutorials_interfaces/local/lib/python3.10/dist-packages/action_tutorials_interfaces/action/_fibonacci_s.c
[3.188s] -- Up-to-date: /home/youssef/COROSOLS_WS/install/action_tutorials_interfaces/local/lib/python3.10/dist-packages/action_tutorials_interfaces/action/_position_s.c
[3.189s] -- Up-to-date: /home/youssef/COROSOLS_WS/install/action_tutorials_interfaces/local/lib/python3.10/dist-packages/action_tutorials_interfaces/action/__init__.py
[3.189s] -- Up-to-date: /home/youssef/COROSOLS_WS/install/action_tutorials_interfaces/local/lib/python3.10/dist-packages/action_tutorials_interfaces/__init__.py
[3.190s] -- Up-to-date: /home/youssef/COROSOLS_WS/install/action_tutorials_interfaces/local/lib/python3.10/dist-packages/action_tutorials_interfaces/libaction_tutorials_interfaces__rosidl_generator_py.so
[3.406s] Listing '/home/youssef/COROSOLS_WS/install/action_tutorials_interfaces/local/lib/python3.10/dist-packages/action_tutorials_interfaces'...
[3.406s] Listing '/home/youssef/COROSOLS_WS/install/action_tutorials_interfaces/local/lib/python3.10/dist-packages/action_tutorials_interfaces/action'...
[3.430s] -- Up-to-date: /home/youssef/COROSOLS_WS/install/action_tutorials_interfaces/local/lib/python3.10/dist-packages/action_tutorials_interfaces/action_tutorials_interfaces_s__rosidl_typesupport_fastrtps_c.cpython-310-x86_64-linux-gnu.so
[3.435s] -- Up-to-date: /home/youssef/COROSOLS_WS/install/action_tutorials_interfaces/local/lib/python3.10/dist-packages/action_tutorials_interfaces/action_tutorials_interfaces_s__rosidl_typesupport_introspection_c.cpython-310-x86_64-linux-gnu.so
[3.439s] -- Up-to-date: /home/youssef/COROSOLS_WS/install/action_tutorials_interfaces/local/lib/python3.10/dist-packages/action_tutorials_interfaces/action_tutorials_interfaces_s__rosidl_typesupport_c.cpython-310-x86_64-linux-gnu.so
[3.444s] -- Up-to-date: /home/youssef/COROSOLS_WS/install/action_tutorials_interfaces/lib/libaction_tutorials_interfaces__rosidl_generator_py.so
[3.444s] -- Up-to-date: /home/youssef/COROSOLS_WS/install/action_tutorials_interfaces/share/action_tutorials_interfaces/action/Fibonacci.idl
[3.445s] -- Up-to-date: /home/youssef/COROSOLS_WS/install/action_tutorials_interfaces/share/action_tutorials_interfaces/action/Position.idl
[3.446s] -- Up-to-date: /home/youssef/COROSOLS_WS/install/action_tutorials_interfaces/share/action_tutorials_interfaces/action/Fibonacci.action
[3.447s] -- Up-to-date: /home/youssef/COROSOLS_WS/install/action_tutorials_interfaces/share/action_tutorials_interfaces/action/Position.action
[3.448s] -- Up-to-date: /home/youssef/COROSOLS_WS/install/action_tutorials_interfaces/share/ament_index/resource_index/package_run_dependencies/action_tutorials_interfaces
[3.448s] -- Up-to-date: /home/youssef/COROSOLS_WS/install/action_tutorials_interfaces/share/ament_index/resource_index/parent_prefix_path/action_tutorials_interfaces
[3.449s] -- Up-to-date: /home/youssef/COROSOLS_WS/install/action_tutorials_interfaces/share/action_tutorials_interfaces/environment/ament_prefix_path.sh
[3.450s] -- Up-to-date: /home/youssef/COROSOLS_WS/install/action_tutorials_interfaces/share/action_tutorials_interfaces/environment/ament_prefix_path.dsv
[3.450s] -- Up-to-date: /home/youssef/COROSOLS_WS/install/action_tutorials_interfaces/share/action_tutorials_interfaces/environment/path.sh
[3.451s] -- Up-to-date: /home/youssef/COROSOLS_WS/install/action_tutorials_interfaces/share/action_tutorials_interfaces/environment/path.dsv
[3.455s] -- Up-to-date: /home/youssef/COROSOLS_WS/install/action_tutorials_interfaces/share/action_tutorials_interfaces/local_setup.bash
[3.456s] -- Up-to-date: /home/youssef/COROSOLS_WS/install/action_tutorials_interfaces/share/action_tutorials_interfaces/local_setup.sh
[3.457s] -- Up-to-date: /home/youssef/COROSOLS_WS/install/action_tutorials_interfaces/share/action_tutorials_interfaces/local_setup.zsh
[3.460s] -- Up-to-date: /home/youssef/COROSOLS_WS/install/action_tutorials_interfaces/share/action_tutorials_interfaces/local_setup.dsv
[3.462s] -- Installing: /home/youssef/COROSOLS_WS/install/action_tutorials_interfaces/share/action_tutorials_interfaces/package.dsv
[3.465s] -- Up-to-date: /home/youssef/COROSOLS_WS/install/action_tutorials_interfaces/share/ament_index/resource_index/packages/action_tutorials_interfaces
[3.472s] -- Up-to-date: /home/youssef/COROSOLS_WS/install/action_tutorials_interfaces/share/action_tutorials_interfaces/cmake/export_action_tutorials_interfaces__rosidl_generator_cExport.cmake
[3.475s] -- Up-to-date: /home/youssef/COROSOLS_WS/install/action_tutorials_interfaces/share/action_tutorials_interfaces/cmake/export_action_tutorials_interfaces__rosidl_generator_cExport-noconfig.cmake
[3.485s] -- Up-to-date: /home/youssef/COROSOLS_WS/install/action_tutorials_interfaces/share/action_tutorials_interfaces/cmake/export_action_tutorials_interfaces__rosidl_typesupport_fastrtps_cExport.cmake
[3.486s] -- Up-to-date: /home/youssef/COROSOLS_WS/install/action_tutorials_interfaces/share/action_tutorials_interfaces/cmake/export_action_tutorials_interfaces__rosidl_typesupport_fastrtps_cExport-noconfig.cmake
[3.487s] -- Up-to-date: /home/youssef/COROSOLS_WS/install/action_tutorials_interfaces/share/action_tutorials_interfaces/cmake/action_tutorials_interfaces__rosidl_typesupport_introspection_cExport.cmake
[3.487s] -- Up-to-date: /home/youssef/COROSOLS_WS/install/action_tutorials_interfaces/share/action_tutorials_interfaces/cmake/action_tutorials_interfaces__rosidl_typesupport_introspection_cExport-noconfig.cmake
[3.487s] -- Up-to-date: /home/youssef/COROSOLS_WS/install/action_tutorials_interfaces/share/action_tutorials_interfaces/cmake/action_tutorials_interfaces__rosidl_typesupport_cExport.cmake
[3.488s] -- Up-to-date: /home/youssef/COROSOLS_WS/install/action_tutorials_interfaces/share/action_tutorials_interfaces/cmake/action_tutorials_interfaces__rosidl_typesupport_cExport-noconfig.cmake
[3.490s] -- Up-to-date: /home/youssef/COROSOLS_WS/install/action_tutorials_interfaces/share/action_tutorials_interfaces/cmake/export_action_tutorials_interfaces__rosidl_generator_cppExport.cmake
[3.491s] -- Up-to-date: /home/youssef/COROSOLS_WS/install/action_tutorials_interfaces/share/action_tutorials_interfaces/cmake/export_action_tutorials_interfaces__rosidl_typesupport_fastrtps_cppExport.cmake
[3.491s] -- Up-to-date: /home/youssef/COROSOLS_WS/install/action_tutorials_interfaces/share/action_tutorials_interfaces/cmake/export_action_tutorials_interfaces__rosidl_typesupport_fastrtps_cppExport-noconfig.cmake
[3.492s] -- Up-to-date: /home/youssef/COROSOLS_WS/install/action_tutorials_interfaces/share/action_tutorials_interfaces/cmake/action_tutorials_interfaces__rosidl_typesupport_introspection_cppExport.cmake
[3.493s] -- Up-to-date: /home/youssef/COROSOLS_WS/install/action_tutorials_interfaces/share/action_tutorials_interfaces/cmake/action_tutorials_interfaces__rosidl_typesupport_introspection_cppExport-noconfig.cmake
[3.494s] -- Up-to-date: /home/youssef/COROSOLS_WS/install/action_tutorials_interfaces/share/action_tutorials_interfaces/cmake/action_tutorials_interfaces__rosidl_typesupport_cppExport.cmake
[3.495s] -- Up-to-date: /home/youssef/COROSOLS_WS/install/action_tutorials_interfaces/share/action_tutorials_interfaces/cmake/action_tutorials_interfaces__rosidl_typesupport_cppExport-noconfig.cmake
[3.495s] -- Up-to-date: /home/youssef/COROSOLS_WS/install/action_tutorials_interfaces/share/action_tutorials_interfaces/cmake/export_action_tutorials_interfaces__rosidl_generator_pyExport.cmake
[3.499s] -- Up-to-date: /home/youssef/COROSOLS_WS/install/action_tutorials_interfaces/share/action_tutorials_interfaces/cmake/export_action_tutorials_interfaces__rosidl_generator_pyExport-noconfig.cmake
[3.502s] -- Up-to-date: /home/youssef/COROSOLS_WS/install/action_tutorials_interfaces/share/action_tutorials_interfaces/cmake/rosidl_cmake-extras.cmake
[3.503s] -- Up-to-date: /home/youssef/COROSOLS_WS/install/action_tutorials_interfaces/share/action_tutorials_interfaces/cmake/ament_cmake_export_dependencies-extras.cmake
[3.505s] -- Up-to-date: /home/youssef/COROSOLS_WS/install/action_tutorials_interfaces/share/action_tutorials_interfaces/cmake/ament_cmake_export_include_directories-extras.cmake
[3.509s] -- Up-to-date: /home/youssef/COROSOLS_WS/install/action_tutorials_interfaces/share/action_tutorials_interfaces/cmake/ament_cmake_export_libraries-extras.cmake
[3.513s] -- Up-to-date: /home/youssef/COROSOLS_WS/install/action_tutorials_interfaces/share/action_tutorials_interfaces/cmake/ament_cmake_export_targets-extras.cmake
[3.514s] -- Up-to-date: /home/youssef/COROSOLS_WS/install/action_tutorials_interfaces/share/action_tutorials_interfaces/cmake/rosidl_cmake_export_typesupport_targets-extras.cmake
[3.516s] -- Up-to-date: /home/youssef/COROSOLS_WS/install/action_tutorials_interfaces/share/action_tutorials_interfaces/cmake/rosidl_cmake_export_typesupport_libraries-extras.cmake
[3.517s] -- Up-to-date: /home/youssef/COROSOLS_WS/install/action_tutorials_interfaces/share/action_tutorials_interfaces/cmake/action_tutorials_interfacesConfig.cmake
[3.518s] -- Up-to-date: /home/youssef/COROSOLS_WS/install/action_tutorials_interfaces/share/action_tutorials_interfaces/cmake/action_tutorials_interfacesConfig-version.cmake
[3.518s] -- Up-to-date: /home/youssef/COROSOLS_WS/install/action_tutorials_interfaces/share/action_tutorials_interfaces/package.xml
[3.619s] Invoked command in '/home/youssef/COROSOLS_WS/build/action_tutorials_interfaces' returned '0': CMAKE_PREFIX_PATH=/opt/ros/humble /usr/bin/cmake --install /home/youssef/COROSOLS_WS/build/action_tutorials_interfaces
