[0.123s] Invoking command in '/home/youssef/COROSOLS_WS/build/marvelmind_ros2_msgs': CMAKE_PREFIX_PATH=${CMAKE_PREFIX_PATH}:/home/youssef/COROSOLS_WS/install/corosols:/opt/ros/humble /usr/bin/cmake --build /home/youssef/COROSOLS_WS/build/marvelmind_ros2_msgs -- -j8 -l8
[0.605s] [  0%] Built target marvelmind_ros2_msgs__cpp
[0.754s] [  0%] Built target ament_cmake_python_copy_marvelmind_ros2_msgs
[0.866s] [ 12%] Built target marvelmind_ros2_msgs__rosidl_generator_c
[1.221s] [ 24%] Built target marvelmind_ros2_msgs__rosidl_typesupport_cpp
[1.267s] [ 40%] Built target marvelmind_ros2_msgs__rosidl_typesupport_fastrtps_cpp
[1.269s] [ 47%] Built target marvelmind_ros2_msgs__rosidl_typesupport_introspection_cpp
[1.312s] [ 59%] Built target marvelmind_ros2_msgs__rosidl_typesupport_c
[1.320s] [ 71%] Built target marvelmind_ros2_msgs__rosidl_typesupport_fastrtps_c
[1.344s] [ 83%] Built target marvelmind_ros2_msgs__rosidl_typesupport_introspection_c
[1.488s] [ 83%] Built target marvelmind_ros2_msgs
[1.661s] [ 84%] Built target marvelmind_ros2_msgs__py
[2.009s] [ 95%] Built target marvelmind_ros2_msgs__rosidl_generator_py
[2.274s] [ 97%] Built target marvelmind_ros2_msgs__rosidl_typesupport_introspection_c__pyext
[2.276s] [ 99%] Built target marvelmind_ros2_msgs__rosidl_typesupport_fastrtps_c__pyext
[2.290s] [100%] Built target marvelmind_ros2_msgs__rosidl_typesupport_c__pyext
[3.183s] running egg_info
[3.189s] writing marvelmind_ros2_msgs.egg-info/PKG-INFO
[3.191s] writing dependency_links to marvelmind_ros2_msgs.egg-info/dependency_links.txt
[3.191s] writing top-level names to marvelmind_ros2_msgs.egg-info/top_level.txt
[3.204s] reading manifest file 'marvelmind_ros2_msgs.egg-info/SOURCES.txt'
[3.210s] writing manifest file 'marvelmind_ros2_msgs.egg-info/SOURCES.txt'
[3.326s] [100%] Built target ament_cmake_python_build_marvelmind_ros2_msgs_egg
[3.406s] Invoked command in '/home/youssef/COROSOLS_WS/build/marvelmind_ros2_msgs' returned '0': CMAKE_PREFIX_PATH=${CMAKE_PREFIX_PATH}:/home/youssef/COROSOLS_WS/install/corosols:/opt/ros/humble /usr/bin/cmake --build /home/youssef/COROSOLS_WS/build/marvelmind_ros2_msgs -- -j8 -l8
[3.419s] Invoking command in '/home/youssef/COROSOLS_WS/build/marvelmind_ros2_msgs': CMAKE_PREFIX_PATH=${CMAKE_PREFIX_PATH}:/home/youssef/COROSOLS_WS/install/corosols:/opt/ros/humble /usr/bin/cmake --install /home/youssef/COROSOLS_WS/build/marvelmind_ros2_msgs
[3.486s] -- Install configuration: ""
[3.488s] -- Up-to-date: /home/youssef/COROSOLS_WS/install/marvelmind_ros2_msgs/share/ament_index/resource_index/rosidl_interfaces/marvelmind_ros2_msgs
[3.489s] -- Up-to-date: /home/youssef/COROSOLS_WS/install/marvelmind_ros2_msgs/include/marvelmind_ros2_msgs/marvelmind_ros2_msgs
[3.491s] -- Up-to-date: /home/youssef/COROSOLS_WS/install/marvelmind_ros2_msgs/include/marvelmind_ros2_msgs/marvelmind_ros2_msgs/msg
[3.492s] -- Up-to-date: /home/youssef/COROSOLS_WS/install/marvelmind_ros2_msgs/include/marvelmind_ros2_msgs/marvelmind_ros2_msgs/msg/marvelmind_user_data.h
[3.494s] -- Up-to-date: /home/youssef/COROSOLS_WS/install/marvelmind_ros2_msgs/include/marvelmind_ros2_msgs/marvelmind_ros2_msgs/msg/hedge_imu_raw.h
[3.496s] -- Up-to-date: /home/youssef/COROSOLS_WS/install/marvelmind_ros2_msgs/include/marvelmind_ros2_msgs/marvelmind_ros2_msgs/msg/hedge_telemetry.h
[3.498s] -- Up-to-date: /home/youssef/COROSOLS_WS/install/marvelmind_ros2_msgs/include/marvelmind_ros2_msgs/marvelmind_ros2_msgs/msg/beacon_distance.h
[3.499s] -- Up-to-date: /home/youssef/COROSOLS_WS/install/marvelmind_ros2_msgs/include/marvelmind_ros2_msgs/marvelmind_ros2_msgs/msg/hedge_position_angle.h
[3.500s] -- Up-to-date: /home/youssef/COROSOLS_WS/install/marvelmind_ros2_msgs/include/marvelmind_ros2_msgs/marvelmind_ros2_msgs/msg/rosidl_generator_c__visibility_control.h
[3.500s] -- Up-to-date: /home/youssef/COROSOLS_WS/install/marvelmind_ros2_msgs/include/marvelmind_ros2_msgs/marvelmind_ros2_msgs/msg/hedge_quality.h
[3.502s] -- Up-to-date: /home/youssef/COROSOLS_WS/install/marvelmind_ros2_msgs/include/marvelmind_ros2_msgs/marvelmind_ros2_msgs/msg/detail
[3.506s] -- Up-to-date: /home/youssef/COROSOLS_WS/install/marvelmind_ros2_msgs/include/marvelmind_ros2_msgs/marvelmind_ros2_msgs/msg/detail/beacon_distance__type_support.h
[3.507s] -- Up-to-date: /home/youssef/COROSOLS_WS/install/marvelmind_ros2_msgs/include/marvelmind_ros2_msgs/marvelmind_ros2_msgs/msg/detail/hedge_position_angle__type_support.h
[3.513s] -- Up-to-date: /home/youssef/COROSOLS_WS/install/marvelmind_ros2_msgs/include/marvelmind_ros2_msgs/marvelmind_ros2_msgs/msg/detail/hedge_quality__functions.h
[3.514s] -- Up-to-date: /home/youssef/COROSOLS_WS/install/marvelmind_ros2_msgs/include/marvelmind_ros2_msgs/marvelmind_ros2_msgs/msg/detail/marvelmind_user_data__functions.h
[3.516s] -- Up-to-date: /home/youssef/COROSOLS_WS/install/marvelmind_ros2_msgs/include/marvelmind_ros2_msgs/marvelmind_ros2_msgs/msg/detail/hedge_position_addressed__functions.h
[3.518s] -- Up-to-date: /home/youssef/COROSOLS_WS/install/marvelmind_ros2_msgs/include/marvelmind_ros2_msgs/marvelmind_ros2_msgs/msg/detail/hedge_position_addressed__type_support.h
[3.518s] -- Up-to-date: /home/youssef/COROSOLS_WS/install/marvelmind_ros2_msgs/include/marvelmind_ros2_msgs/marvelmind_ros2_msgs/msg/detail/hedge_quality__type_support.h
[3.520s] -- Up-to-date: /home/youssef/COROSOLS_WS/install/marvelmind_ros2_msgs/include/marvelmind_ros2_msgs/marvelmind_ros2_msgs/msg/detail/hedge_quality__functions.c
[3.521s] -- Up-to-date: /home/youssef/COROSOLS_WS/install/marvelmind_ros2_msgs/include/marvelmind_ros2_msgs/marvelmind_ros2_msgs/msg/detail/hedge_imu_fusion__functions.h
[3.524s] -- Up-to-date: /home/youssef/COROSOLS_WS/install/marvelmind_ros2_msgs/include/marvelmind_ros2_msgs/marvelmind_ros2_msgs/msg/detail/hedge_telemetry__functions.c
[3.524s] -- Up-to-date: /home/youssef/COROSOLS_WS/install/marvelmind_ros2_msgs/include/marvelmind_ros2_msgs/marvelmind_ros2_msgs/msg/detail/marvelmind_waypoint__type_support.h
[3.525s] -- Up-to-date: /home/youssef/COROSOLS_WS/install/marvelmind_ros2_msgs/include/marvelmind_ros2_msgs/marvelmind_ros2_msgs/msg/detail/beacon_position_addressed__functions.h
[3.527s] -- Up-to-date: /home/youssef/COROSOLS_WS/install/marvelmind_ros2_msgs/include/marvelmind_ros2_msgs/marvelmind_ros2_msgs/msg/detail/hedge_imu_raw__functions.c
[3.527s] -- Up-to-date: /home/youssef/COROSOLS_WS/install/marvelmind_ros2_msgs/include/marvelmind_ros2_msgs/marvelmind_ros2_msgs/msg/detail/hedge_telemetry__struct.h
[3.529s] -- Up-to-date: /home/youssef/COROSOLS_WS/install/marvelmind_ros2_msgs/include/marvelmind_ros2_msgs/marvelmind_ros2_msgs/msg/detail/hedge_imu_raw__functions.h
[3.531s] -- Up-to-date: /home/youssef/COROSOLS_WS/install/marvelmind_ros2_msgs/include/marvelmind_ros2_msgs/marvelmind_ros2_msgs/msg/detail/hedge_telemetry__type_support.h
[3.531s] -- Up-to-date: /home/youssef/COROSOLS_WS/install/marvelmind_ros2_msgs/include/marvelmind_ros2_msgs/marvelmind_ros2_msgs/msg/detail/hedge_position__functions.c
[3.532s] -- Up-to-date: /home/youssef/COROSOLS_WS/install/marvelmind_ros2_msgs/include/marvelmind_ros2_msgs/marvelmind_ros2_msgs/msg/detail/marvelmind_user_data__functions.c
[3.534s] -- Up-to-date: /home/youssef/COROSOLS_WS/install/marvelmind_ros2_msgs/include/marvelmind_ros2_msgs/marvelmind_ros2_msgs/msg/detail/hedge_imu_raw__type_support.h
[3.534s] -- Up-to-date: /home/youssef/COROSOLS_WS/install/marvelmind_ros2_msgs/include/marvelmind_ros2_msgs/marvelmind_ros2_msgs/msg/detail/beacon_position_addressed__type_support.h
[3.536s] -- Up-to-date: /home/youssef/COROSOLS_WS/install/marvelmind_ros2_msgs/include/marvelmind_ros2_msgs/marvelmind_ros2_msgs/msg/detail/beacon_distance__functions.h
[3.537s] -- Up-to-date: /home/youssef/COROSOLS_WS/install/marvelmind_ros2_msgs/include/marvelmind_ros2_msgs/marvelmind_ros2_msgs/msg/detail/hedge_imu_fusion__type_support.h
[3.538s] -- Up-to-date: /home/youssef/COROSOLS_WS/install/marvelmind_ros2_msgs/include/marvelmind_ros2_msgs/marvelmind_ros2_msgs/msg/detail/marvelmind_user_data__struct.h
[3.538s] -- Up-to-date: /home/youssef/COROSOLS_WS/install/marvelmind_ros2_msgs/include/marvelmind_ros2_msgs/marvelmind_ros2_msgs/msg/detail/hedge_position_angle__functions.h
[3.539s] -- Up-to-date: /home/youssef/COROSOLS_WS/install/marvelmind_ros2_msgs/include/marvelmind_ros2_msgs/marvelmind_ros2_msgs/msg/detail/marvelmind_waypoint__functions.c
[3.540s] -- Up-to-date: /home/youssef/COROSOLS_WS/install/marvelmind_ros2_msgs/include/marvelmind_ros2_msgs/marvelmind_ros2_msgs/msg/detail/beacon_position_addressed__struct.h
[3.542s] -- Up-to-date: /home/youssef/COROSOLS_WS/install/marvelmind_ros2_msgs/include/marvelmind_ros2_msgs/marvelmind_ros2_msgs/msg/detail/marvelmind_waypoint__struct.h
[3.543s] -- Up-to-date: /home/youssef/COROSOLS_WS/install/marvelmind_ros2_msgs/include/marvelmind_ros2_msgs/marvelmind_ros2_msgs/msg/detail/hedge_imu_fusion__functions.c
[3.544s] -- Up-to-date: /home/youssef/COROSOLS_WS/install/marvelmind_ros2_msgs/include/marvelmind_ros2_msgs/marvelmind_ros2_msgs/msg/detail/hedge_imu_fusion__struct.h
[3.545s] -- Up-to-date: /home/youssef/COROSOLS_WS/install/marvelmind_ros2_msgs/include/marvelmind_ros2_msgs/marvelmind_ros2_msgs/msg/detail/beacon_position_addressed__functions.c
[3.546s] -- Up-to-date: /home/youssef/COROSOLS_WS/install/marvelmind_ros2_msgs/include/marvelmind_ros2_msgs/marvelmind_ros2_msgs/msg/detail/hedge_telemetry__functions.h
[3.547s] -- Up-to-date: /home/youssef/COROSOLS_WS/install/marvelmind_ros2_msgs/include/marvelmind_ros2_msgs/marvelmind_ros2_msgs/msg/detail/hedge_position_angle__struct.h
[3.548s] -- Up-to-date: /home/youssef/COROSOLS_WS/install/marvelmind_ros2_msgs/include/marvelmind_ros2_msgs/marvelmind_ros2_msgs/msg/detail/beacon_distance__struct.h
[3.548s] -- Up-to-date: /home/youssef/COROSOLS_WS/install/marvelmind_ros2_msgs/include/marvelmind_ros2_msgs/marvelmind_ros2_msgs/msg/detail/marvelmind_waypoint__functions.h
[3.549s] -- Up-to-date: /home/youssef/COROSOLS_WS/install/marvelmind_ros2_msgs/include/marvelmind_ros2_msgs/marvelmind_ros2_msgs/msg/detail/hedge_position__functions.h
[3.549s] -- Up-to-date: /home/youssef/COROSOLS_WS/install/marvelmind_ros2_msgs/include/marvelmind_ros2_msgs/marvelmind_ros2_msgs/msg/detail/hedge_quality__struct.h
[3.551s] -- Up-to-date: /home/youssef/COROSOLS_WS/install/marvelmind_ros2_msgs/include/marvelmind_ros2_msgs/marvelmind_ros2_msgs/msg/detail/beacon_distance__functions.c
[3.554s] -- Up-to-date: /home/youssef/COROSOLS_WS/install/marvelmind_ros2_msgs/include/marvelmind_ros2_msgs/marvelmind_ros2_msgs/msg/detail/hedge_position_addressed__struct.h
[3.555s] -- Up-to-date: /home/youssef/COROSOLS_WS/install/marvelmind_ros2_msgs/include/marvelmind_ros2_msgs/marvelmind_ros2_msgs/msg/detail/hedge_imu_raw__struct.h
[3.557s] -- Up-to-date: /home/youssef/COROSOLS_WS/install/marvelmind_ros2_msgs/include/marvelmind_ros2_msgs/marvelmind_ros2_msgs/msg/detail/hedge_position_addressed__functions.c
[3.561s] -- Up-to-date: /home/youssef/COROSOLS_WS/install/marvelmind_ros2_msgs/include/marvelmind_ros2_msgs/marvelmind_ros2_msgs/msg/detail/hedge_position_angle__functions.c
[3.568s] -- Up-to-date: /home/youssef/COROSOLS_WS/install/marvelmind_ros2_msgs/include/marvelmind_ros2_msgs/marvelmind_ros2_msgs/msg/detail/hedge_position__type_support.h
[3.569s] -- Up-to-date: /home/youssef/COROSOLS_WS/install/marvelmind_ros2_msgs/include/marvelmind_ros2_msgs/marvelmind_ros2_msgs/msg/detail/hedge_position__struct.h
[3.570s] -- Up-to-date: /home/youssef/COROSOLS_WS/install/marvelmind_ros2_msgs/include/marvelmind_ros2_msgs/marvelmind_ros2_msgs/msg/detail/marvelmind_user_data__type_support.h
[3.571s] -- Up-to-date: /home/youssef/COROSOLS_WS/install/marvelmind_ros2_msgs/include/marvelmind_ros2_msgs/marvelmind_ros2_msgs/msg/hedge_position.h
[3.573s] -- Up-to-date: /home/youssef/COROSOLS_WS/install/marvelmind_ros2_msgs/include/marvelmind_ros2_msgs/marvelmind_ros2_msgs/msg/hedge_position_addressed.h
[3.573s] -- Up-to-date: /home/youssef/COROSOLS_WS/install/marvelmind_ros2_msgs/include/marvelmind_ros2_msgs/marvelmind_ros2_msgs/msg/marvelmind_waypoint.h
[3.574s] -- Up-to-date: /home/youssef/COROSOLS_WS/install/marvelmind_ros2_msgs/include/marvelmind_ros2_msgs/marvelmind_ros2_msgs/msg/hedge_imu_fusion.h
[3.575s] -- Up-to-date: /home/youssef/COROSOLS_WS/install/marvelmind_ros2_msgs/include/marvelmind_ros2_msgs/marvelmind_ros2_msgs/msg/beacon_position_addressed.h
[3.575s] -- Up-to-date: /home/youssef/COROSOLS_WS/install/marvelmind_ros2_msgs/include/marvelmind_ros2_msgs/marvelmind_ros2_msgs/srv
[3.577s] -- Up-to-date: /home/youssef/COROSOLS_WS/install/marvelmind_ros2_msgs/include/marvelmind_ros2_msgs/marvelmind_ros2_msgs/srv/detail
[3.577s] -- Up-to-date: /home/youssef/COROSOLS_WS/install/marvelmind_ros2_msgs/include/marvelmind_ros2_msgs/marvelmind_ros2_msgs/srv/detail/marvelmind_api__type_support.h
[3.578s] -- Up-to-date: /home/youssef/COROSOLS_WS/install/marvelmind_ros2_msgs/include/marvelmind_ros2_msgs/marvelmind_ros2_msgs/srv/detail/marvelmind_api__functions.h
[3.578s] -- Up-to-date: /home/youssef/COROSOLS_WS/install/marvelmind_ros2_msgs/include/marvelmind_ros2_msgs/marvelmind_ros2_msgs/srv/detail/marvelmind_api__struct.h
[3.579s] -- Up-to-date: /home/youssef/COROSOLS_WS/install/marvelmind_ros2_msgs/include/marvelmind_ros2_msgs/marvelmind_ros2_msgs/srv/detail/marvelmind_api__functions.c
[3.579s] -- Up-to-date: /home/youssef/COROSOLS_WS/install/marvelmind_ros2_msgs/include/marvelmind_ros2_msgs/marvelmind_ros2_msgs/srv/marvelmind_api.h
[3.579s] -- Up-to-date: /home/youssef/COROSOLS_WS/install/marvelmind_ros2_msgs/share/marvelmind_ros2_msgs/environment/library_path.sh
[3.580s] -- Up-to-date: /home/youssef/COROSOLS_WS/install/marvelmind_ros2_msgs/share/marvelmind_ros2_msgs/environment/library_path.dsv
[3.580s] -- Up-to-date: /home/youssef/COROSOLS_WS/install/marvelmind_ros2_msgs/lib/libmarvelmind_ros2_msgs__rosidl_generator_c.so
[3.582s] -- Up-to-date: /home/youssef/COROSOLS_WS/install/marvelmind_ros2_msgs/include/marvelmind_ros2_msgs/marvelmind_ros2_msgs
[3.582s] -- Up-to-date: /home/youssef/COROSOLS_WS/install/marvelmind_ros2_msgs/include/marvelmind_ros2_msgs/marvelmind_ros2_msgs/msg
[3.583s] -- Up-to-date: /home/youssef/COROSOLS_WS/install/marvelmind_ros2_msgs/include/marvelmind_ros2_msgs/marvelmind_ros2_msgs/msg/detail
[3.583s] -- Up-to-date: /home/youssef/COROSOLS_WS/install/marvelmind_ros2_msgs/include/marvelmind_ros2_msgs/marvelmind_ros2_msgs/msg/detail/hedge_quality__rosidl_typesupport_fastrtps_c.h
[3.584s] -- Up-to-date: /home/youssef/COROSOLS_WS/install/marvelmind_ros2_msgs/include/marvelmind_ros2_msgs/marvelmind_ros2_msgs/msg/detail/hedge_position_angle__rosidl_typesupport_fastrtps_c.h
[3.584s] -- Up-to-date: /home/youssef/COROSOLS_WS/install/marvelmind_ros2_msgs/include/marvelmind_ros2_msgs/marvelmind_ros2_msgs/msg/detail/hedge_telemetry__rosidl_typesupport_fastrtps_c.h
[3.584s] -- Up-to-date: /home/youssef/COROSOLS_WS/install/marvelmind_ros2_msgs/include/marvelmind_ros2_msgs/marvelmind_ros2_msgs/msg/detail/beacon_distance__rosidl_typesupport_fastrtps_c.h
[3.585s] -- Up-to-date: /home/youssef/COROSOLS_WS/install/marvelmind_ros2_msgs/include/marvelmind_ros2_msgs/marvelmind_ros2_msgs/msg/detail/beacon_position_addressed__rosidl_typesupport_fastrtps_c.h
[3.585s] -- Up-to-date: /home/youssef/COROSOLS_WS/install/marvelmind_ros2_msgs/include/marvelmind_ros2_msgs/marvelmind_ros2_msgs/msg/detail/hedge_position__rosidl_typesupport_fastrtps_c.h
[3.586s] -- Up-to-date: /home/youssef/COROSOLS_WS/install/marvelmind_ros2_msgs/include/marvelmind_ros2_msgs/marvelmind_ros2_msgs/msg/detail/hedge_imu_raw__rosidl_typesupport_fastrtps_c.h
[3.586s] -- Up-to-date: /home/youssef/COROSOLS_WS/install/marvelmind_ros2_msgs/include/marvelmind_ros2_msgs/marvelmind_ros2_msgs/msg/detail/hedge_imu_fusion__rosidl_typesupport_fastrtps_c.h
[3.587s] -- Up-to-date: /home/youssef/COROSOLS_WS/install/marvelmind_ros2_msgs/include/marvelmind_ros2_msgs/marvelmind_ros2_msgs/msg/detail/marvelmind_user_data__rosidl_typesupport_fastrtps_c.h
[3.587s] -- Up-to-date: /home/youssef/COROSOLS_WS/install/marvelmind_ros2_msgs/include/marvelmind_ros2_msgs/marvelmind_ros2_msgs/msg/detail/hedge_position_addressed__rosidl_typesupport_fastrtps_c.h
[3.588s] -- Up-to-date: /home/youssef/COROSOLS_WS/install/marvelmind_ros2_msgs/include/marvelmind_ros2_msgs/marvelmind_ros2_msgs/msg/detail/marvelmind_waypoint__rosidl_typesupport_fastrtps_c.h
[3.588s] -- Up-to-date: /home/youssef/COROSOLS_WS/install/marvelmind_ros2_msgs/include/marvelmind_ros2_msgs/marvelmind_ros2_msgs/msg/rosidl_typesupport_fastrtps_c__visibility_control.h
[3.589s] -- Up-to-date: /home/youssef/COROSOLS_WS/install/marvelmind_ros2_msgs/include/marvelmind_ros2_msgs/marvelmind_ros2_msgs/srv
[3.589s] -- Up-to-date: /home/youssef/COROSOLS_WS/install/marvelmind_ros2_msgs/include/marvelmind_ros2_msgs/marvelmind_ros2_msgs/srv/detail
[3.591s] -- Up-to-date: /home/youssef/COROSOLS_WS/install/marvelmind_ros2_msgs/include/marvelmind_ros2_msgs/marvelmind_ros2_msgs/srv/detail/marvelmind_api__rosidl_typesupport_fastrtps_c.h
[3.595s] -- Up-to-date: /home/youssef/COROSOLS_WS/install/marvelmind_ros2_msgs/lib/libmarvelmind_ros2_msgs__rosidl_typesupport_fastrtps_c.so
[3.600s] -- Up-to-date: /home/youssef/COROSOLS_WS/install/marvelmind_ros2_msgs/include/marvelmind_ros2_msgs/marvelmind_ros2_msgs
[3.600s] -- Up-to-date: /home/youssef/COROSOLS_WS/install/marvelmind_ros2_msgs/include/marvelmind_ros2_msgs/marvelmind_ros2_msgs/msg
[3.601s] -- Up-to-date: /home/youssef/COROSOLS_WS/install/marvelmind_ros2_msgs/include/marvelmind_ros2_msgs/marvelmind_ros2_msgs/msg/rosidl_typesupport_introspection_c__visibility_control.h
[3.601s] -- Up-to-date: /home/youssef/COROSOLS_WS/install/marvelmind_ros2_msgs/include/marvelmind_ros2_msgs/marvelmind_ros2_msgs/msg/detail
[3.602s] -- Up-to-date: /home/youssef/COROSOLS_WS/install/marvelmind_ros2_msgs/include/marvelmind_ros2_msgs/marvelmind_ros2_msgs/msg/detail/marvelmind_waypoint__rosidl_typesupport_introspection_c.h
[3.602s] -- Up-to-date: /home/youssef/COROSOLS_WS/install/marvelmind_ros2_msgs/include/marvelmind_ros2_msgs/marvelmind_ros2_msgs/msg/detail/hedge_imu_raw__rosidl_typesupport_introspection_c.h
[3.603s] -- Up-to-date: /home/youssef/COROSOLS_WS/install/marvelmind_ros2_msgs/include/marvelmind_ros2_msgs/marvelmind_ros2_msgs/msg/detail/marvelmind_user_data__rosidl_typesupport_introspection_c.h
[3.603s] -- Up-to-date: /home/youssef/COROSOLS_WS/install/marvelmind_ros2_msgs/include/marvelmind_ros2_msgs/marvelmind_ros2_msgs/msg/detail/hedge_telemetry__type_support.c
[3.604s] -- Up-to-date: /home/youssef/COROSOLS_WS/install/marvelmind_ros2_msgs/include/marvelmind_ros2_msgs/marvelmind_ros2_msgs/msg/detail/hedge_position_addressed__type_support.c
[3.605s] -- Up-to-date: /home/youssef/COROSOLS_WS/install/marvelmind_ros2_msgs/include/marvelmind_ros2_msgs/marvelmind_ros2_msgs/msg/detail/beacon_position_addressed__type_support.c
[3.605s] -- Up-to-date: /home/youssef/COROSOLS_WS/install/marvelmind_ros2_msgs/include/marvelmind_ros2_msgs/marvelmind_ros2_msgs/msg/detail/hedge_position_angle__type_support.c
[3.605s] -- Up-to-date: /home/youssef/COROSOLS_WS/install/marvelmind_ros2_msgs/include/marvelmind_ros2_msgs/marvelmind_ros2_msgs/msg/detail/hedge_imu_fusion__rosidl_typesupport_introspection_c.h
[3.606s] -- Up-to-date: /home/youssef/COROSOLS_WS/install/marvelmind_ros2_msgs/include/marvelmind_ros2_msgs/marvelmind_ros2_msgs/msg/detail/beacon_distance__type_support.c
[3.606s] -- Up-to-date: /home/youssef/COROSOLS_WS/install/marvelmind_ros2_msgs/include/marvelmind_ros2_msgs/marvelmind_ros2_msgs/msg/detail/hedge_quality__rosidl_typesupport_introspection_c.h
[3.607s] -- Up-to-date: /home/youssef/COROSOLS_WS/install/marvelmind_ros2_msgs/include/marvelmind_ros2_msgs/marvelmind_ros2_msgs/msg/detail/hedge_position_angle__rosidl_typesupport_introspection_c.h
[3.607s] -- Up-to-date: /home/youssef/COROSOLS_WS/install/marvelmind_ros2_msgs/include/marvelmind_ros2_msgs/marvelmind_ros2_msgs/msg/detail/marvelmind_waypoint__type_support.c
[3.608s] -- Up-to-date: /home/youssef/COROSOLS_WS/install/marvelmind_ros2_msgs/include/marvelmind_ros2_msgs/marvelmind_ros2_msgs/msg/detail/beacon_position_addressed__rosidl_typesupport_introspection_c.h
[3.609s] -- Up-to-date: /home/youssef/COROSOLS_WS/install/marvelmind_ros2_msgs/include/marvelmind_ros2_msgs/marvelmind_ros2_msgs/msg/detail/hedge_quality__type_support.c
[3.610s] -- Up-to-date: /home/youssef/COROSOLS_WS/install/marvelmind_ros2_msgs/include/marvelmind_ros2_msgs/marvelmind_ros2_msgs/msg/detail/hedge_imu_fusion__type_support.c
[3.610s] -- Up-to-date: /home/youssef/COROSOLS_WS/install/marvelmind_ros2_msgs/include/marvelmind_ros2_msgs/marvelmind_ros2_msgs/msg/detail/hedge_imu_raw__type_support.c
[3.611s] -- Up-to-date: /home/youssef/COROSOLS_WS/install/marvelmind_ros2_msgs/include/marvelmind_ros2_msgs/marvelmind_ros2_msgs/msg/detail/hedge_telemetry__rosidl_typesupport_introspection_c.h
[3.611s] -- Up-to-date: /home/youssef/COROSOLS_WS/install/marvelmind_ros2_msgs/include/marvelmind_ros2_msgs/marvelmind_ros2_msgs/msg/detail/hedge_position_addressed__rosidl_typesupport_introspection_c.h
[3.612s] -- Up-to-date: /home/youssef/COROSOLS_WS/install/marvelmind_ros2_msgs/include/marvelmind_ros2_msgs/marvelmind_ros2_msgs/msg/detail/marvelmind_user_data__type_support.c
[3.612s] -- Up-to-date: /home/youssef/COROSOLS_WS/install/marvelmind_ros2_msgs/include/marvelmind_ros2_msgs/marvelmind_ros2_msgs/msg/detail/beacon_distance__rosidl_typesupport_introspection_c.h
[3.613s] -- Up-to-date: /home/youssef/COROSOLS_WS/install/marvelmind_ros2_msgs/include/marvelmind_ros2_msgs/marvelmind_ros2_msgs/msg/detail/hedge_position__type_support.c
[3.613s] -- Up-to-date: /home/youssef/COROSOLS_WS/install/marvelmind_ros2_msgs/include/marvelmind_ros2_msgs/marvelmind_ros2_msgs/msg/detail/hedge_position__rosidl_typesupport_introspection_c.h
[3.614s] -- Up-to-date: /home/youssef/COROSOLS_WS/install/marvelmind_ros2_msgs/include/marvelmind_ros2_msgs/marvelmind_ros2_msgs/srv
[3.615s] -- Up-to-date: /home/youssef/COROSOLS_WS/install/marvelmind_ros2_msgs/include/marvelmind_ros2_msgs/marvelmind_ros2_msgs/srv/detail
[3.616s] -- Up-to-date: /home/youssef/COROSOLS_WS/install/marvelmind_ros2_msgs/include/marvelmind_ros2_msgs/marvelmind_ros2_msgs/srv/detail/marvelmind_api__type_support.c
[3.617s] -- Up-to-date: /home/youssef/COROSOLS_WS/install/marvelmind_ros2_msgs/include/marvelmind_ros2_msgs/marvelmind_ros2_msgs/srv/detail/marvelmind_api__rosidl_typesupport_introspection_c.h
[3.617s] -- Up-to-date: /home/youssef/COROSOLS_WS/install/marvelmind_ros2_msgs/lib/libmarvelmind_ros2_msgs__rosidl_typesupport_introspection_c.so
[3.618s] -- Up-to-date: /home/youssef/COROSOLS_WS/install/marvelmind_ros2_msgs/lib/libmarvelmind_ros2_msgs__rosidl_typesupport_c.so
[3.618s] -- Up-to-date: /home/youssef/COROSOLS_WS/install/marvelmind_ros2_msgs/include/marvelmind_ros2_msgs/marvelmind_ros2_msgs
[3.619s] -- Up-to-date: /home/youssef/COROSOLS_WS/install/marvelmind_ros2_msgs/include/marvelmind_ros2_msgs/marvelmind_ros2_msgs/msg
[3.620s] -- Up-to-date: /home/youssef/COROSOLS_WS/install/marvelmind_ros2_msgs/include/marvelmind_ros2_msgs/marvelmind_ros2_msgs/msg/marvelmind_user_data.hpp
[3.620s] -- Up-to-date: /home/youssef/COROSOLS_WS/install/marvelmind_ros2_msgs/include/marvelmind_ros2_msgs/marvelmind_ros2_msgs/msg/hedge_imu_raw.hpp
[3.620s] -- Up-to-date: /home/youssef/COROSOLS_WS/install/marvelmind_ros2_msgs/include/marvelmind_ros2_msgs/marvelmind_ros2_msgs/msg/marvelmind_waypoint.hpp
[3.621s] -- Up-to-date: /home/youssef/COROSOLS_WS/install/marvelmind_ros2_msgs/include/marvelmind_ros2_msgs/marvelmind_ros2_msgs/msg/rosidl_generator_cpp__visibility_control.hpp
[3.621s] -- Up-to-date: /home/youssef/COROSOLS_WS/install/marvelmind_ros2_msgs/include/marvelmind_ros2_msgs/marvelmind_ros2_msgs/msg/hedge_position.hpp
[3.622s] -- Up-to-date: /home/youssef/COROSOLS_WS/install/marvelmind_ros2_msgs/include/marvelmind_ros2_msgs/marvelmind_ros2_msgs/msg/hedge_quality.hpp
[3.622s] -- Up-to-date: /home/youssef/COROSOLS_WS/install/marvelmind_ros2_msgs/include/marvelmind_ros2_msgs/marvelmind_ros2_msgs/msg/hedge_position_angle.hpp
[3.623s] -- Up-to-date: /home/youssef/COROSOLS_WS/install/marvelmind_ros2_msgs/include/marvelmind_ros2_msgs/marvelmind_ros2_msgs/msg/hedge_imu_fusion.hpp
[3.624s] -- Up-to-date: /home/youssef/COROSOLS_WS/install/marvelmind_ros2_msgs/include/marvelmind_ros2_msgs/marvelmind_ros2_msgs/msg/beacon_distance.hpp
[3.624s] -- Up-to-date: /home/youssef/COROSOLS_WS/install/marvelmind_ros2_msgs/include/marvelmind_ros2_msgs/marvelmind_ros2_msgs/msg/beacon_position_addressed.hpp
[3.625s] -- Up-to-date: /home/youssef/COROSOLS_WS/install/marvelmind_ros2_msgs/include/marvelmind_ros2_msgs/marvelmind_ros2_msgs/msg/hedge_telemetry.hpp
[3.626s] -- Up-to-date: /home/youssef/COROSOLS_WS/install/marvelmind_ros2_msgs/include/marvelmind_ros2_msgs/marvelmind_ros2_msgs/msg/hedge_position_addressed.hpp
[3.626s] -- Up-to-date: /home/youssef/COROSOLS_WS/install/marvelmind_ros2_msgs/include/marvelmind_ros2_msgs/marvelmind_ros2_msgs/msg/detail
[3.627s] -- Up-to-date: /home/youssef/COROSOLS_WS/install/marvelmind_ros2_msgs/include/marvelmind_ros2_msgs/marvelmind_ros2_msgs/msg/detail/marvelmind_waypoint__traits.hpp
[3.627s] -- Up-to-date: /home/youssef/COROSOLS_WS/install/marvelmind_ros2_msgs/include/marvelmind_ros2_msgs/marvelmind_ros2_msgs/msg/detail/hedge_imu_raw__builder.hpp
[3.628s] -- Up-to-date: /home/youssef/COROSOLS_WS/install/marvelmind_ros2_msgs/include/marvelmind_ros2_msgs/marvelmind_ros2_msgs/msg/detail/marvelmind_user_data__traits.hpp
[3.628s] -- Up-to-date: /home/youssef/COROSOLS_WS/install/marvelmind_ros2_msgs/include/marvelmind_ros2_msgs/marvelmind_ros2_msgs/msg/detail/beacon_distance__traits.hpp
[3.629s] -- Up-to-date: /home/youssef/COROSOLS_WS/install/marvelmind_ros2_msgs/include/marvelmind_ros2_msgs/marvelmind_ros2_msgs/msg/detail/hedge_imu_fusion__traits.hpp
[3.629s] -- Up-to-date: /home/youssef/COROSOLS_WS/install/marvelmind_ros2_msgs/include/marvelmind_ros2_msgs/marvelmind_ros2_msgs/msg/detail/hedge_imu_raw__struct.hpp
[3.630s] -- Up-to-date: /home/youssef/COROSOLS_WS/install/marvelmind_ros2_msgs/include/marvelmind_ros2_msgs/marvelmind_ros2_msgs/msg/detail/hedge_telemetry__traits.hpp
[3.630s] -- Up-to-date: /home/youssef/COROSOLS_WS/install/marvelmind_ros2_msgs/include/marvelmind_ros2_msgs/marvelmind_ros2_msgs/msg/detail/hedge_position_angle__traits.hpp
[3.630s] -- Up-to-date: /home/youssef/COROSOLS_WS/install/marvelmind_ros2_msgs/include/marvelmind_ros2_msgs/marvelmind_ros2_msgs/msg/detail/beacon_position_addressed__builder.hpp
[3.631s] -- Up-to-date: /home/youssef/COROSOLS_WS/install/marvelmind_ros2_msgs/include/marvelmind_ros2_msgs/marvelmind_ros2_msgs/msg/detail/beacon_position_addressed__traits.hpp
[3.631s] -- Up-to-date: /home/youssef/COROSOLS_WS/install/marvelmind_ros2_msgs/include/marvelmind_ros2_msgs/marvelmind_ros2_msgs/msg/detail/marvelmind_user_data__type_support.hpp
[3.632s] -- Up-to-date: /home/youssef/COROSOLS_WS/install/marvelmind_ros2_msgs/include/marvelmind_ros2_msgs/marvelmind_ros2_msgs/msg/detail/hedge_imu_fusion__builder.hpp
[3.633s] -- Up-to-date: /home/youssef/COROSOLS_WS/install/marvelmind_ros2_msgs/include/marvelmind_ros2_msgs/marvelmind_ros2_msgs/msg/detail/hedge_quality__type_support.hpp
[3.633s] -- Up-to-date: /home/youssef/COROSOLS_WS/install/marvelmind_ros2_msgs/include/marvelmind_ros2_msgs/marvelmind_ros2_msgs/msg/detail/hedge_position__struct.hpp
[3.634s] -- Up-to-date: /home/youssef/COROSOLS_WS/install/marvelmind_ros2_msgs/include/marvelmind_ros2_msgs/marvelmind_ros2_msgs/msg/detail/beacon_distance__type_support.hpp
[3.634s] -- Up-to-date: /home/youssef/COROSOLS_WS/install/marvelmind_ros2_msgs/include/marvelmind_ros2_msgs/marvelmind_ros2_msgs/msg/detail/hedge_position_addressed__type_support.hpp
[3.634s] -- Up-to-date: /home/youssef/COROSOLS_WS/install/marvelmind_ros2_msgs/include/marvelmind_ros2_msgs/marvelmind_ros2_msgs/msg/detail/hedge_telemetry__builder.hpp
[3.635s] -- Up-to-date: /home/youssef/COROSOLS_WS/install/marvelmind_ros2_msgs/include/marvelmind_ros2_msgs/marvelmind_ros2_msgs/msg/detail/hedge_telemetry__type_support.hpp
[3.636s] -- Up-to-date: /home/youssef/COROSOLS_WS/install/marvelmind_ros2_msgs/include/marvelmind_ros2_msgs/marvelmind_ros2_msgs/msg/detail/hedge_position__traits.hpp
[3.637s] -- Up-to-date: /home/youssef/COROSOLS_WS/install/marvelmind_ros2_msgs/include/marvelmind_ros2_msgs/marvelmind_ros2_msgs/msg/detail/hedge_quality__struct.hpp
[3.637s] -- Up-to-date: /home/youssef/COROSOLS_WS/install/marvelmind_ros2_msgs/include/marvelmind_ros2_msgs/marvelmind_ros2_msgs/msg/detail/marvelmind_waypoint__struct.hpp
[3.638s] -- Up-to-date: /home/youssef/COROSOLS_WS/install/marvelmind_ros2_msgs/include/marvelmind_ros2_msgs/marvelmind_ros2_msgs/msg/detail/hedge_position__builder.hpp
[3.639s] -- Up-to-date: /home/youssef/COROSOLS_WS/install/marvelmind_ros2_msgs/include/marvelmind_ros2_msgs/marvelmind_ros2_msgs/msg/detail/hedge_quality__builder.hpp
[3.639s] -- Up-to-date: /home/youssef/COROSOLS_WS/install/marvelmind_ros2_msgs/include/marvelmind_ros2_msgs/marvelmind_ros2_msgs/msg/detail/beacon_position_addressed__type_support.hpp
[3.640s] -- Up-to-date: /home/youssef/COROSOLS_WS/install/marvelmind_ros2_msgs/include/marvelmind_ros2_msgs/marvelmind_ros2_msgs/msg/detail/hedge_position_addressed__traits.hpp
[3.640s] -- Up-to-date: /home/youssef/COROSOLS_WS/install/marvelmind_ros2_msgs/include/marvelmind_ros2_msgs/marvelmind_ros2_msgs/msg/detail/marvelmind_user_data__builder.hpp
[3.641s] -- Up-to-date: /home/youssef/COROSOLS_WS/install/marvelmind_ros2_msgs/include/marvelmind_ros2_msgs/marvelmind_ros2_msgs/msg/detail/hedge_imu_fusion__type_support.hpp
[3.641s] -- Up-to-date: /home/youssef/COROSOLS_WS/install/marvelmind_ros2_msgs/include/marvelmind_ros2_msgs/marvelmind_ros2_msgs/msg/detail/beacon_position_addressed__struct.hpp
[3.642s] -- Up-to-date: /home/youssef/COROSOLS_WS/install/marvelmind_ros2_msgs/include/marvelmind_ros2_msgs/marvelmind_ros2_msgs/msg/detail/hedge_position_angle__struct.hpp
[3.642s] -- Up-to-date: /home/youssef/COROSOLS_WS/install/marvelmind_ros2_msgs/include/marvelmind_ros2_msgs/marvelmind_ros2_msgs/msg/detail/hedge_position_angle__builder.hpp
[3.643s] -- Up-to-date: /home/youssef/COROSOLS_WS/install/marvelmind_ros2_msgs/include/marvelmind_ros2_msgs/marvelmind_ros2_msgs/msg/detail/hedge_telemetry__struct.hpp
[3.643s] -- Up-to-date: /home/youssef/COROSOLS_WS/install/marvelmind_ros2_msgs/include/marvelmind_ros2_msgs/marvelmind_ros2_msgs/msg/detail/hedge_imu_raw__traits.hpp
[3.644s] -- Up-to-date: /home/youssef/COROSOLS_WS/install/marvelmind_ros2_msgs/include/marvelmind_ros2_msgs/marvelmind_ros2_msgs/msg/detail/marvelmind_user_data__struct.hpp
[3.644s] -- Up-to-date: /home/youssef/COROSOLS_WS/install/marvelmind_ros2_msgs/include/marvelmind_ros2_msgs/marvelmind_ros2_msgs/msg/detail/hedge_position__type_support.hpp
[3.645s] -- Up-to-date: /home/youssef/COROSOLS_WS/install/marvelmind_ros2_msgs/include/marvelmind_ros2_msgs/marvelmind_ros2_msgs/msg/detail/marvelmind_waypoint__type_support.hpp
[3.646s] -- Up-to-date: /home/youssef/COROSOLS_WS/install/marvelmind_ros2_msgs/include/marvelmind_ros2_msgs/marvelmind_ros2_msgs/msg/detail/hedge_position_addressed__builder.hpp
[3.646s] -- Up-to-date: /home/youssef/COROSOLS_WS/install/marvelmind_ros2_msgs/include/marvelmind_ros2_msgs/marvelmind_ros2_msgs/msg/detail/hedge_position_addressed__struct.hpp
[3.647s] -- Up-to-date: /home/youssef/COROSOLS_WS/install/marvelmind_ros2_msgs/include/marvelmind_ros2_msgs/marvelmind_ros2_msgs/msg/detail/beacon_distance__builder.hpp
[3.647s] -- Up-to-date: /home/youssef/COROSOLS_WS/install/marvelmind_ros2_msgs/include/marvelmind_ros2_msgs/marvelmind_ros2_msgs/msg/detail/marvelmind_waypoint__builder.hpp
[3.648s] -- Up-to-date: /home/youssef/COROSOLS_WS/install/marvelmind_ros2_msgs/include/marvelmind_ros2_msgs/marvelmind_ros2_msgs/msg/detail/beacon_distance__struct.hpp
[3.648s] -- Up-to-date: /home/youssef/COROSOLS_WS/install/marvelmind_ros2_msgs/include/marvelmind_ros2_msgs/marvelmind_ros2_msgs/msg/detail/hedge_imu_fusion__struct.hpp
[3.649s] -- Up-to-date: /home/youssef/COROSOLS_WS/install/marvelmind_ros2_msgs/include/marvelmind_ros2_msgs/marvelmind_ros2_msgs/msg/detail/hedge_imu_raw__type_support.hpp
[3.650s] -- Up-to-date: /home/youssef/COROSOLS_WS/install/marvelmind_ros2_msgs/include/marvelmind_ros2_msgs/marvelmind_ros2_msgs/msg/detail/hedge_quality__traits.hpp
[3.650s] -- Up-to-date: /home/youssef/COROSOLS_WS/install/marvelmind_ros2_msgs/include/marvelmind_ros2_msgs/marvelmind_ros2_msgs/msg/detail/hedge_position_angle__type_support.hpp
[3.651s] -- Up-to-date: /home/youssef/COROSOLS_WS/install/marvelmind_ros2_msgs/include/marvelmind_ros2_msgs/marvelmind_ros2_msgs/srv
[3.651s] -- Up-to-date: /home/youssef/COROSOLS_WS/install/marvelmind_ros2_msgs/include/marvelmind_ros2_msgs/marvelmind_ros2_msgs/srv/detail
[3.652s] -- Up-to-date: /home/youssef/COROSOLS_WS/install/marvelmind_ros2_msgs/include/marvelmind_ros2_msgs/marvelmind_ros2_msgs/srv/detail/marvelmind_api__struct.hpp
[3.652s] -- Up-to-date: /home/youssef/COROSOLS_WS/install/marvelmind_ros2_msgs/include/marvelmind_ros2_msgs/marvelmind_ros2_msgs/srv/detail/marvelmind_api__traits.hpp
[3.653s] -- Up-to-date: /home/youssef/COROSOLS_WS/install/marvelmind_ros2_msgs/include/marvelmind_ros2_msgs/marvelmind_ros2_msgs/srv/detail/marvelmind_api__builder.hpp
[3.653s] -- Up-to-date: /home/youssef/COROSOLS_WS/install/marvelmind_ros2_msgs/include/marvelmind_ros2_msgs/marvelmind_ros2_msgs/srv/detail/marvelmind_api__type_support.hpp
[3.654s] -- Up-to-date: /home/youssef/COROSOLS_WS/install/marvelmind_ros2_msgs/include/marvelmind_ros2_msgs/marvelmind_ros2_msgs/srv/marvelmind_api.hpp
[3.654s] -- Up-to-date: /home/youssef/COROSOLS_WS/install/marvelmind_ros2_msgs/include/marvelmind_ros2_msgs/marvelmind_ros2_msgs
[3.655s] -- Up-to-date: /home/youssef/COROSOLS_WS/install/marvelmind_ros2_msgs/include/marvelmind_ros2_msgs/marvelmind_ros2_msgs/msg
[3.655s] -- Up-to-date: /home/youssef/COROSOLS_WS/install/marvelmind_ros2_msgs/include/marvelmind_ros2_msgs/marvelmind_ros2_msgs/msg/rosidl_typesupport_fastrtps_cpp__visibility_control.h
[3.656s] -- Up-to-date: /home/youssef/COROSOLS_WS/install/marvelmind_ros2_msgs/include/marvelmind_ros2_msgs/marvelmind_ros2_msgs/msg/detail
[3.656s] -- Up-to-date: /home/youssef/COROSOLS_WS/install/marvelmind_ros2_msgs/include/marvelmind_ros2_msgs/marvelmind_ros2_msgs/msg/detail/hedge_quality__rosidl_typesupport_fastrtps_cpp.hpp
[3.657s] -- Up-to-date: /home/youssef/COROSOLS_WS/install/marvelmind_ros2_msgs/include/marvelmind_ros2_msgs/marvelmind_ros2_msgs/msg/detail/dds_fastrtps
[3.658s] -- Up-to-date: /home/youssef/COROSOLS_WS/install/marvelmind_ros2_msgs/include/marvelmind_ros2_msgs/marvelmind_ros2_msgs/msg/detail/hedge_imu_raw__rosidl_typesupport_fastrtps_cpp.hpp
[3.659s] -- Up-to-date: /home/youssef/COROSOLS_WS/install/marvelmind_ros2_msgs/include/marvelmind_ros2_msgs/marvelmind_ros2_msgs/msg/detail/beacon_position_addressed__rosidl_typesupport_fastrtps_cpp.hpp
[3.660s] -- Up-to-date: /home/youssef/COROSOLS_WS/install/marvelmind_ros2_msgs/include/marvelmind_ros2_msgs/marvelmind_ros2_msgs/msg/detail/hedge_imu_fusion__rosidl_typesupport_fastrtps_cpp.hpp
[3.660s] -- Up-to-date: /home/youssef/COROSOLS_WS/install/marvelmind_ros2_msgs/include/marvelmind_ros2_msgs/marvelmind_ros2_msgs/msg/detail/hedge_position_addressed__rosidl_typesupport_fastrtps_cpp.hpp
[3.661s] -- Up-to-date: /home/youssef/COROSOLS_WS/install/marvelmind_ros2_msgs/include/marvelmind_ros2_msgs/marvelmind_ros2_msgs/msg/detail/hedge_position__rosidl_typesupport_fastrtps_cpp.hpp
[3.661s] -- Up-to-date: /home/youssef/COROSOLS_WS/install/marvelmind_ros2_msgs/include/marvelmind_ros2_msgs/marvelmind_ros2_msgs/msg/detail/hedge_position_angle__rosidl_typesupport_fastrtps_cpp.hpp
[3.662s] -- Up-to-date: /home/youssef/COROSOLS_WS/install/marvelmind_ros2_msgs/include/marvelmind_ros2_msgs/marvelmind_ros2_msgs/msg/detail/beacon_distance__rosidl_typesupport_fastrtps_cpp.hpp
[3.662s] -- Up-to-date: /home/youssef/COROSOLS_WS/install/marvelmind_ros2_msgs/include/marvelmind_ros2_msgs/marvelmind_ros2_msgs/msg/detail/marvelmind_user_data__rosidl_typesupport_fastrtps_cpp.hpp
[3.663s] -- Up-to-date: /home/youssef/COROSOLS_WS/install/marvelmind_ros2_msgs/include/marvelmind_ros2_msgs/marvelmind_ros2_msgs/msg/detail/marvelmind_waypoint__rosidl_typesupport_fastrtps_cpp.hpp
[3.663s] -- Up-to-date: /home/youssef/COROSOLS_WS/install/marvelmind_ros2_msgs/include/marvelmind_ros2_msgs/marvelmind_ros2_msgs/msg/detail/hedge_telemetry__rosidl_typesupport_fastrtps_cpp.hpp
[3.664s] -- Up-to-date: /home/youssef/COROSOLS_WS/install/marvelmind_ros2_msgs/include/marvelmind_ros2_msgs/marvelmind_ros2_msgs/srv
[3.664s] -- Up-to-date: /home/youssef/COROSOLS_WS/install/marvelmind_ros2_msgs/include/marvelmind_ros2_msgs/marvelmind_ros2_msgs/srv/detail
[3.665s] -- Up-to-date: /home/youssef/COROSOLS_WS/install/marvelmind_ros2_msgs/include/marvelmind_ros2_msgs/marvelmind_ros2_msgs/srv/detail/dds_fastrtps
[3.665s] -- Up-to-date: /home/youssef/COROSOLS_WS/install/marvelmind_ros2_msgs/include/marvelmind_ros2_msgs/marvelmind_ros2_msgs/srv/detail/marvelmind_api__rosidl_typesupport_fastrtps_cpp.hpp
[3.666s] -- Up-to-date: /home/youssef/COROSOLS_WS/install/marvelmind_ros2_msgs/lib/libmarvelmind_ros2_msgs__rosidl_typesupport_fastrtps_cpp.so
[3.666s] -- Up-to-date: /home/youssef/COROSOLS_WS/install/marvelmind_ros2_msgs/include/marvelmind_ros2_msgs/marvelmind_ros2_msgs
[3.667s] -- Up-to-date: /home/youssef/COROSOLS_WS/install/marvelmind_ros2_msgs/include/marvelmind_ros2_msgs/marvelmind_ros2_msgs/msg
[3.667s] -- Up-to-date: /home/youssef/COROSOLS_WS/install/marvelmind_ros2_msgs/include/marvelmind_ros2_msgs/marvelmind_ros2_msgs/msg/detail
[3.668s] -- Up-to-date: /home/youssef/COROSOLS_WS/install/marvelmind_ros2_msgs/include/marvelmind_ros2_msgs/marvelmind_ros2_msgs/msg/detail/hedge_position_angle__type_support.cpp
[3.668s] -- Up-to-date: /home/youssef/COROSOLS_WS/install/marvelmind_ros2_msgs/include/marvelmind_ros2_msgs/marvelmind_ros2_msgs/msg/detail/hedge_position__type_support.cpp
[3.669s] -- Up-to-date: /home/youssef/COROSOLS_WS/install/marvelmind_ros2_msgs/include/marvelmind_ros2_msgs/marvelmind_ros2_msgs/msg/detail/beacon_position_addressed__rosidl_typesupport_introspection_cpp.hpp
[3.671s] -- Up-to-date: /home/youssef/COROSOLS_WS/install/marvelmind_ros2_msgs/include/marvelmind_ros2_msgs/marvelmind_ros2_msgs/msg/detail/hedge_position_addressed__rosidl_typesupport_introspection_cpp.hpp
[3.671s] -- Up-to-date: /home/youssef/COROSOLS_WS/install/marvelmind_ros2_msgs/include/marvelmind_ros2_msgs/marvelmind_ros2_msgs/msg/detail/marvelmind_user_data__rosidl_typesupport_introspection_cpp.hpp
[3.672s] -- Up-to-date: /home/youssef/COROSOLS_WS/install/marvelmind_ros2_msgs/include/marvelmind_ros2_msgs/marvelmind_ros2_msgs/msg/detail/marvelmind_waypoint__type_support.cpp
[3.672s] -- Up-to-date: /home/youssef/COROSOLS_WS/install/marvelmind_ros2_msgs/include/marvelmind_ros2_msgs/marvelmind_ros2_msgs/msg/detail/hedge_quality__rosidl_typesupport_introspection_cpp.hpp
[3.673s] -- Up-to-date: /home/youssef/COROSOLS_WS/install/marvelmind_ros2_msgs/include/marvelmind_ros2_msgs/marvelmind_ros2_msgs/msg/detail/beacon_position_addressed__type_support.cpp
[3.673s] -- Up-to-date: /home/youssef/COROSOLS_WS/install/marvelmind_ros2_msgs/include/marvelmind_ros2_msgs/marvelmind_ros2_msgs/msg/detail/hedge_imu_raw__type_support.cpp
[3.674s] -- Up-to-date: /home/youssef/COROSOLS_WS/install/marvelmind_ros2_msgs/include/marvelmind_ros2_msgs/marvelmind_ros2_msgs/msg/detail/hedge_imu_fusion__rosidl_typesupport_introspection_cpp.hpp
[3.674s] -- Up-to-date: /home/youssef/COROSOLS_WS/install/marvelmind_ros2_msgs/include/marvelmind_ros2_msgs/marvelmind_ros2_msgs/msg/detail/hedge_telemetry__rosidl_typesupport_introspection_cpp.hpp
[3.675s] -- Up-to-date: /home/youssef/COROSOLS_WS/install/marvelmind_ros2_msgs/include/marvelmind_ros2_msgs/marvelmind_ros2_msgs/msg/detail/hedge_quality__type_support.cpp
[3.675s] -- Up-to-date: /home/youssef/COROSOLS_WS/install/marvelmind_ros2_msgs/include/marvelmind_ros2_msgs/marvelmind_ros2_msgs/msg/detail/hedge_imu_fusion__type_support.cpp
[3.676s] -- Up-to-date: /home/youssef/COROSOLS_WS/install/marvelmind_ros2_msgs/include/marvelmind_ros2_msgs/marvelmind_ros2_msgs/msg/detail/beacon_distance__rosidl_typesupport_introspection_cpp.hpp
[3.676s] -- Up-to-date: /home/youssef/COROSOLS_WS/install/marvelmind_ros2_msgs/include/marvelmind_ros2_msgs/marvelmind_ros2_msgs/msg/detail/hedge_position_angle__rosidl_typesupport_introspection_cpp.hpp
[3.677s] -- Up-to-date: /home/youssef/COROSOLS_WS/install/marvelmind_ros2_msgs/include/marvelmind_ros2_msgs/marvelmind_ros2_msgs/msg/detail/hedge_position__rosidl_typesupport_introspection_cpp.hpp
[3.677s] -- Up-to-date: /home/youssef/COROSOLS_WS/install/marvelmind_ros2_msgs/include/marvelmind_ros2_msgs/marvelmind_ros2_msgs/msg/detail/marvelmind_user_data__type_support.cpp
[3.678s] -- Up-to-date: /home/youssef/COROSOLS_WS/install/marvelmind_ros2_msgs/include/marvelmind_ros2_msgs/marvelmind_ros2_msgs/msg/detail/hedge_imu_raw__rosidl_typesupport_introspection_cpp.hpp
[3.679s] -- Up-to-date: /home/youssef/COROSOLS_WS/install/marvelmind_ros2_msgs/include/marvelmind_ros2_msgs/marvelmind_ros2_msgs/msg/detail/marvelmind_waypoint__rosidl_typesupport_introspection_cpp.hpp
[3.680s] -- Up-to-date: /home/youssef/COROSOLS_WS/install/marvelmind_ros2_msgs/include/marvelmind_ros2_msgs/marvelmind_ros2_msgs/msg/detail/hedge_position_addressed__type_support.cpp
[3.680s] -- Up-to-date: /home/youssef/COROSOLS_WS/install/marvelmind_ros2_msgs/include/marvelmind_ros2_msgs/marvelmind_ros2_msgs/msg/detail/hedge_telemetry__type_support.cpp
[3.681s] -- Up-to-date: /home/youssef/COROSOLS_WS/install/marvelmind_ros2_msgs/include/marvelmind_ros2_msgs/marvelmind_ros2_msgs/msg/detail/beacon_distance__type_support.cpp
[3.681s] -- Up-to-date: /home/youssef/COROSOLS_WS/install/marvelmind_ros2_msgs/include/marvelmind_ros2_msgs/marvelmind_ros2_msgs/srv
[3.682s] -- Up-to-date: /home/youssef/COROSOLS_WS/install/marvelmind_ros2_msgs/include/marvelmind_ros2_msgs/marvelmind_ros2_msgs/srv/detail
[3.683s] -- Up-to-date: /home/youssef/COROSOLS_WS/install/marvelmind_ros2_msgs/include/marvelmind_ros2_msgs/marvelmind_ros2_msgs/srv/detail/marvelmind_api__type_support.cpp
[3.683s] -- Up-to-date: /home/youssef/COROSOLS_WS/install/marvelmind_ros2_msgs/include/marvelmind_ros2_msgs/marvelmind_ros2_msgs/srv/detail/marvelmind_api__rosidl_typesupport_introspection_cpp.hpp
[3.684s] -- Up-to-date: /home/youssef/COROSOLS_WS/install/marvelmind_ros2_msgs/lib/libmarvelmind_ros2_msgs__rosidl_typesupport_introspection_cpp.so
[3.685s] -- Up-to-date: /home/youssef/COROSOLS_WS/install/marvelmind_ros2_msgs/lib/libmarvelmind_ros2_msgs__rosidl_typesupport_cpp.so
[3.685s] -- Up-to-date: /home/youssef/COROSOLS_WS/install/marvelmind_ros2_msgs/share/marvelmind_ros2_msgs/environment/pythonpath.sh
[3.688s] -- Up-to-date: /home/youssef/COROSOLS_WS/install/marvelmind_ros2_msgs/share/marvelmind_ros2_msgs/environment/pythonpath.dsv
[3.689s] -- Up-to-date: /home/youssef/COROSOLS_WS/install/marvelmind_ros2_msgs/local/lib/python3.10/dist-packages/marvelmind_ros2_msgs-1.0.2-py3.10.egg-info
[3.689s] -- Installing: /home/youssef/COROSOLS_WS/install/marvelmind_ros2_msgs/local/lib/python3.10/dist-packages/marvelmind_ros2_msgs-1.0.2-py3.10.egg-info/dependency_links.txt
[3.690s] -- Installing: /home/youssef/COROSOLS_WS/install/marvelmind_ros2_msgs/local/lib/python3.10/dist-packages/marvelmind_ros2_msgs-1.0.2-py3.10.egg-info/PKG-INFO
[3.692s] -- Installing: /home/youssef/COROSOLS_WS/install/marvelmind_ros2_msgs/local/lib/python3.10/dist-packages/marvelmind_ros2_msgs-1.0.2-py3.10.egg-info/top_level.txt
[3.693s] -- Installing: /home/youssef/COROSOLS_WS/install/marvelmind_ros2_msgs/local/lib/python3.10/dist-packages/marvelmind_ros2_msgs-1.0.2-py3.10.egg-info/SOURCES.txt
[3.694s] -- Up-to-date: /home/youssef/COROSOLS_WS/install/marvelmind_ros2_msgs/local/lib/python3.10/dist-packages/marvelmind_ros2_msgs
[3.694s] -- Up-to-date: /home/youssef/COROSOLS_WS/install/marvelmind_ros2_msgs/local/lib/python3.10/dist-packages/marvelmind_ros2_msgs/msg
[3.695s] -- Up-to-date: /home/youssef/COROSOLS_WS/install/marvelmind_ros2_msgs/local/lib/python3.10/dist-packages/marvelmind_ros2_msgs/msg/_beacon_position_addressed_s.c
[3.695s] -- Up-to-date: /home/youssef/COROSOLS_WS/install/marvelmind_ros2_msgs/local/lib/python3.10/dist-packages/marvelmind_ros2_msgs/msg/_hedge_position_angle.py
[3.696s] -- Up-to-date: /home/youssef/COROSOLS_WS/install/marvelmind_ros2_msgs/local/lib/python3.10/dist-packages/marvelmind_ros2_msgs/msg/_marvelmind_waypoint_s.c
[3.697s] -- Up-to-date: /home/youssef/COROSOLS_WS/install/marvelmind_ros2_msgs/local/lib/python3.10/dist-packages/marvelmind_ros2_msgs/msg/_hedge_telemetry.py
[3.698s] -- Up-to-date: /home/youssef/COROSOLS_WS/install/marvelmind_ros2_msgs/local/lib/python3.10/dist-packages/marvelmind_ros2_msgs/msg/_hedge_imu_fusion_s.c
[3.700s] -- Up-to-date: /home/youssef/COROSOLS_WS/install/marvelmind_ros2_msgs/local/lib/python3.10/dist-packages/marvelmind_ros2_msgs/msg/_hedge_imu_raw.py
[3.701s] -- Up-to-date: /home/youssef/COROSOLS_WS/install/marvelmind_ros2_msgs/local/lib/python3.10/dist-packages/marvelmind_ros2_msgs/msg/_hedge_position_addressed.py
[3.701s] -- Up-to-date: /home/youssef/COROSOLS_WS/install/marvelmind_ros2_msgs/local/lib/python3.10/dist-packages/marvelmind_ros2_msgs/msg/_hedge_imu_raw_s.c
[3.702s] -- Up-to-date: /home/youssef/COROSOLS_WS/install/marvelmind_ros2_msgs/local/lib/python3.10/dist-packages/marvelmind_ros2_msgs/msg/_hedge_position.py
[3.702s] -- Up-to-date: /home/youssef/COROSOLS_WS/install/marvelmind_ros2_msgs/local/lib/python3.10/dist-packages/marvelmind_ros2_msgs/msg/_marvelmind_user_data.py
[3.706s] -- Up-to-date: /home/youssef/COROSOLS_WS/install/marvelmind_ros2_msgs/local/lib/python3.10/dist-packages/marvelmind_ros2_msgs/msg/_beacon_position_addressed.py
[3.707s] -- Up-to-date: /home/youssef/COROSOLS_WS/install/marvelmind_ros2_msgs/local/lib/python3.10/dist-packages/marvelmind_ros2_msgs/msg/_hedge_imu_fusion.py
[3.707s] -- Up-to-date: /home/youssef/COROSOLS_WS/install/marvelmind_ros2_msgs/local/lib/python3.10/dist-packages/marvelmind_ros2_msgs/msg/_beacon_distance.py
[3.707s] -- Up-to-date: /home/youssef/COROSOLS_WS/install/marvelmind_ros2_msgs/local/lib/python3.10/dist-packages/marvelmind_ros2_msgs/msg/_hedge_position_angle_s.c
[3.708s] -- Up-to-date: /home/youssef/COROSOLS_WS/install/marvelmind_ros2_msgs/local/lib/python3.10/dist-packages/marvelmind_ros2_msgs/msg/_hedge_position_addressed_s.c
[3.708s] -- Up-to-date: /home/youssef/COROSOLS_WS/install/marvelmind_ros2_msgs/local/lib/python3.10/dist-packages/marvelmind_ros2_msgs/msg/_hedge_telemetry_s.c
[3.709s] -- Up-to-date: /home/youssef/COROSOLS_WS/install/marvelmind_ros2_msgs/local/lib/python3.10/dist-packages/marvelmind_ros2_msgs/msg/_hedge_quality_s.c
[3.709s] -- Up-to-date: /home/youssef/COROSOLS_WS/install/marvelmind_ros2_msgs/local/lib/python3.10/dist-packages/marvelmind_ros2_msgs/msg/_hedge_position_s.c
[3.710s] -- Up-to-date: /home/youssef/COROSOLS_WS/install/marvelmind_ros2_msgs/local/lib/python3.10/dist-packages/marvelmind_ros2_msgs/msg/__init__.py
[3.710s] -- Up-to-date: /home/youssef/COROSOLS_WS/install/marvelmind_ros2_msgs/local/lib/python3.10/dist-packages/marvelmind_ros2_msgs/msg/_hedge_quality.py
[3.711s] -- Up-to-date: /home/youssef/COROSOLS_WS/install/marvelmind_ros2_msgs/local/lib/python3.10/dist-packages/marvelmind_ros2_msgs/msg/_beacon_distance_s.c
[3.711s] -- Up-to-date: /home/youssef/COROSOLS_WS/install/marvelmind_ros2_msgs/local/lib/python3.10/dist-packages/marvelmind_ros2_msgs/msg/_marvelmind_user_data_s.c
[3.712s] -- Up-to-date: /home/youssef/COROSOLS_WS/install/marvelmind_ros2_msgs/local/lib/python3.10/dist-packages/marvelmind_ros2_msgs/msg/_marvelmind_waypoint.py
[3.712s] -- Up-to-date: /home/youssef/COROSOLS_WS/install/marvelmind_ros2_msgs/local/lib/python3.10/dist-packages/marvelmind_ros2_msgs/libmarvelmind_ros2_msgs__rosidl_generator_py.so
[3.712s] -- Up-to-date: /home/youssef/COROSOLS_WS/install/marvelmind_ros2_msgs/local/lib/python3.10/dist-packages/marvelmind_ros2_msgs/_marvelmind_ros2_msgs_s.ep.rosidl_typesupport_introspection_c.c
[3.713s] -- Up-to-date: /home/youssef/COROSOLS_WS/install/marvelmind_ros2_msgs/local/lib/python3.10/dist-packages/marvelmind_ros2_msgs/marvelmind_ros2_msgs_s__rosidl_typesupport_introspection_c.cpython-310-x86_64-linux-gnu.so
[3.713s] -- Up-to-date: /home/youssef/COROSOLS_WS/install/marvelmind_ros2_msgs/local/lib/python3.10/dist-packages/marvelmind_ros2_msgs/srv
[3.714s] -- Up-to-date: /home/youssef/COROSOLS_WS/install/marvelmind_ros2_msgs/local/lib/python3.10/dist-packages/marvelmind_ros2_msgs/srv/_marvelmind_api_s.c
[3.714s] -- Up-to-date: /home/youssef/COROSOLS_WS/install/marvelmind_ros2_msgs/local/lib/python3.10/dist-packages/marvelmind_ros2_msgs/srv/_marvelmind_api.py
[3.715s] -- Up-to-date: /home/youssef/COROSOLS_WS/install/marvelmind_ros2_msgs/local/lib/python3.10/dist-packages/marvelmind_ros2_msgs/srv/__init__.py
[3.715s] -- Up-to-date: /home/youssef/COROSOLS_WS/install/marvelmind_ros2_msgs/local/lib/python3.10/dist-packages/marvelmind_ros2_msgs/_marvelmind_ros2_msgs_s.ep.rosidl_typesupport_fastrtps_c.c
[3.716s] -- Up-to-date: /home/youssef/COROSOLS_WS/install/marvelmind_ros2_msgs/local/lib/python3.10/dist-packages/marvelmind_ros2_msgs/_marvelmind_ros2_msgs_s.ep.rosidl_typesupport_c.c
[3.716s] -- Up-to-date: /home/youssef/COROSOLS_WS/install/marvelmind_ros2_msgs/local/lib/python3.10/dist-packages/marvelmind_ros2_msgs/marvelmind_ros2_msgs_s__rosidl_typesupport_c.cpython-310-x86_64-linux-gnu.so
[3.717s] -- Up-to-date: /home/youssef/COROSOLS_WS/install/marvelmind_ros2_msgs/local/lib/python3.10/dist-packages/marvelmind_ros2_msgs/marvelmind_ros2_msgs_s__rosidl_typesupport_fastrtps_c.cpython-310-x86_64-linux-gnu.so
[3.717s] -- Up-to-date: /home/youssef/COROSOLS_WS/install/marvelmind_ros2_msgs/local/lib/python3.10/dist-packages/marvelmind_ros2_msgs/__init__.py
[3.804s] Listing '/home/youssef/COROSOLS_WS/install/marvelmind_ros2_msgs/local/lib/python3.10/dist-packages/marvelmind_ros2_msgs'...
[3.805s] Listing '/home/youssef/COROSOLS_WS/install/marvelmind_ros2_msgs/local/lib/python3.10/dist-packages/marvelmind_ros2_msgs/msg'...
[3.806s] Listing '/home/youssef/COROSOLS_WS/install/marvelmind_ros2_msgs/local/lib/python3.10/dist-packages/marvelmind_ros2_msgs/srv'...
[3.833s] -- Up-to-date: /home/youssef/COROSOLS_WS/install/marvelmind_ros2_msgs/local/lib/python3.10/dist-packages/marvelmind_ros2_msgs/marvelmind_ros2_msgs_s__rosidl_typesupport_fastrtps_c.cpython-310-x86_64-linux-gnu.so
[3.835s] -- Up-to-date: /home/youssef/COROSOLS_WS/install/marvelmind_ros2_msgs/local/lib/python3.10/dist-packages/marvelmind_ros2_msgs/marvelmind_ros2_msgs_s__rosidl_typesupport_introspection_c.cpython-310-x86_64-linux-gnu.so
[3.836s] -- Up-to-date: /home/youssef/COROSOLS_WS/install/marvelmind_ros2_msgs/local/lib/python3.10/dist-packages/marvelmind_ros2_msgs/marvelmind_ros2_msgs_s__rosidl_typesupport_c.cpython-310-x86_64-linux-gnu.so
[3.838s] -- Up-to-date: /home/youssef/COROSOLS_WS/install/marvelmind_ros2_msgs/lib/libmarvelmind_ros2_msgs__rosidl_generator_py.so
[3.841s] -- Up-to-date: /home/youssef/COROSOLS_WS/install/marvelmind_ros2_msgs/share/marvelmind_ros2_msgs/msg/BeaconDistance.idl
[3.845s] -- Up-to-date: /home/youssef/COROSOLS_WS/install/marvelmind_ros2_msgs/share/marvelmind_ros2_msgs/msg/BeaconPositionAddressed.idl
[3.851s] -- Up-to-date: /home/youssef/COROSOLS_WS/install/marvelmind_ros2_msgs/share/marvelmind_ros2_msgs/msg/HedgeImuFusion.idl
[3.854s] -- Up-to-date: /home/youssef/COROSOLS_WS/install/marvelmind_ros2_msgs/share/marvelmind_ros2_msgs/msg/HedgeImuRaw.idl
[3.854s] -- Up-to-date: /home/youssef/COROSOLS_WS/install/marvelmind_ros2_msgs/share/marvelmind_ros2_msgs/msg/HedgePositionAddressed.idl
[3.856s] -- Up-to-date: /home/youssef/COROSOLS_WS/install/marvelmind_ros2_msgs/share/marvelmind_ros2_msgs/msg/HedgePositionAngle.idl
[3.857s] -- Up-to-date: /home/youssef/COROSOLS_WS/install/marvelmind_ros2_msgs/share/marvelmind_ros2_msgs/msg/HedgePosition.idl
[3.859s] -- Up-to-date: /home/youssef/COROSOLS_WS/install/marvelmind_ros2_msgs/share/marvelmind_ros2_msgs/msg/HedgeQuality.idl
[3.860s] -- Up-to-date: /home/youssef/COROSOLS_WS/install/marvelmind_ros2_msgs/share/marvelmind_ros2_msgs/msg/HedgeTelemetry.idl
[3.863s] -- Up-to-date: /home/youssef/COROSOLS_WS/install/marvelmind_ros2_msgs/share/marvelmind_ros2_msgs/msg/MarvelmindWaypoint.idl
[3.864s] -- Up-to-date: /home/youssef/COROSOLS_WS/install/marvelmind_ros2_msgs/share/marvelmind_ros2_msgs/msg/MarvelmindUserData.idl
[3.866s] -- Up-to-date: /home/youssef/COROSOLS_WS/install/marvelmind_ros2_msgs/share/marvelmind_ros2_msgs/srv/MarvelmindAPI.idl
[3.872s] -- Up-to-date: /home/youssef/COROSOLS_WS/install/marvelmind_ros2_msgs/share/marvelmind_ros2_msgs/msg/BeaconDistance.msg
[3.875s] -- Up-to-date: /home/youssef/COROSOLS_WS/install/marvelmind_ros2_msgs/share/marvelmind_ros2_msgs/msg/BeaconPositionAddressed.msg
[3.876s] -- Up-to-date: /home/youssef/COROSOLS_WS/install/marvelmind_ros2_msgs/share/marvelmind_ros2_msgs/msg/HedgeImuFusion.msg
[3.877s] -- Up-to-date: /home/youssef/COROSOLS_WS/install/marvelmind_ros2_msgs/share/marvelmind_ros2_msgs/msg/HedgeImuRaw.msg
[3.877s] -- Up-to-date: /home/youssef/COROSOLS_WS/install/marvelmind_ros2_msgs/share/marvelmind_ros2_msgs/msg/HedgePositionAddressed.msg
[3.878s] -- Up-to-date: /home/youssef/COROSOLS_WS/install/marvelmind_ros2_msgs/share/marvelmind_ros2_msgs/msg/HedgePositionAngle.msg
[3.879s] -- Up-to-date: /home/youssef/COROSOLS_WS/install/marvelmind_ros2_msgs/share/marvelmind_ros2_msgs/msg/HedgePosition.msg
[3.880s] -- Up-to-date: /home/youssef/COROSOLS_WS/install/marvelmind_ros2_msgs/share/marvelmind_ros2_msgs/msg/HedgeQuality.msg
[3.882s] -- Up-to-date: /home/youssef/COROSOLS_WS/install/marvelmind_ros2_msgs/share/marvelmind_ros2_msgs/msg/HedgeTelemetry.msg
[3.883s] -- Up-to-date: /home/youssef/COROSOLS_WS/install/marvelmind_ros2_msgs/share/marvelmind_ros2_msgs/msg/MarvelmindWaypoint.msg
[3.884s] -- Up-to-date: /home/youssef/COROSOLS_WS/install/marvelmind_ros2_msgs/share/marvelmind_ros2_msgs/msg/MarvelmindUserData.msg
[3.885s] -- Up-to-date: /home/youssef/COROSOLS_WS/install/marvelmind_ros2_msgs/share/marvelmind_ros2_msgs/srv/MarvelmindAPI.srv
[3.885s] -- Up-to-date: /home/youssef/COROSOLS_WS/install/marvelmind_ros2_msgs/share/marvelmind_ros2_msgs/srv/MarvelmindAPI_Request.msg
[3.886s] -- Up-to-date: /home/youssef/COROSOLS_WS/install/marvelmind_ros2_msgs/share/marvelmind_ros2_msgs/srv/MarvelmindAPI_Response.msg
[3.888s] -- Up-to-date: /home/youssef/COROSOLS_WS/install/marvelmind_ros2_msgs/share/ament_index/resource_index/package_run_dependencies/marvelmind_ros2_msgs
[3.888s] -- Up-to-date: /home/youssef/COROSOLS_WS/install/marvelmind_ros2_msgs/share/ament_index/resource_index/parent_prefix_path/marvelmind_ros2_msgs
[3.889s] -- Up-to-date: /home/youssef/COROSOLS_WS/install/marvelmind_ros2_msgs/share/marvelmind_ros2_msgs/environment/ament_prefix_path.sh
[3.889s] -- Up-to-date: /home/youssef/COROSOLS_WS/install/marvelmind_ros2_msgs/share/marvelmind_ros2_msgs/environment/ament_prefix_path.dsv
[3.890s] -- Up-to-date: /home/youssef/COROSOLS_WS/install/marvelmind_ros2_msgs/share/marvelmind_ros2_msgs/environment/path.sh
[3.891s] -- Up-to-date: /home/youssef/COROSOLS_WS/install/marvelmind_ros2_msgs/share/marvelmind_ros2_msgs/environment/path.dsv
[3.894s] -- Up-to-date: /home/youssef/COROSOLS_WS/install/marvelmind_ros2_msgs/share/marvelmind_ros2_msgs/local_setup.bash
[3.895s] -- Up-to-date: /home/youssef/COROSOLS_WS/install/marvelmind_ros2_msgs/share/marvelmind_ros2_msgs/local_setup.sh
[3.897s] -- Up-to-date: /home/youssef/COROSOLS_WS/install/marvelmind_ros2_msgs/share/marvelmind_ros2_msgs/local_setup.zsh
[3.898s] -- Up-to-date: /home/youssef/COROSOLS_WS/install/marvelmind_ros2_msgs/share/marvelmind_ros2_msgs/local_setup.dsv
[3.899s] -- Installing: /home/youssef/COROSOLS_WS/install/marvelmind_ros2_msgs/share/marvelmind_ros2_msgs/package.dsv
[3.901s] -- Up-to-date: /home/youssef/COROSOLS_WS/install/marvelmind_ros2_msgs/share/ament_index/resource_index/packages/marvelmind_ros2_msgs
[3.903s] -- Up-to-date: /home/youssef/COROSOLS_WS/install/marvelmind_ros2_msgs/share/marvelmind_ros2_msgs/cmake/export_marvelmind_ros2_msgs__rosidl_generator_cExport.cmake
[3.904s] -- Up-to-date: /home/youssef/COROSOLS_WS/install/marvelmind_ros2_msgs/share/marvelmind_ros2_msgs/cmake/export_marvelmind_ros2_msgs__rosidl_generator_cExport-noconfig.cmake
[3.906s] -- Up-to-date: /home/youssef/COROSOLS_WS/install/marvelmind_ros2_msgs/share/marvelmind_ros2_msgs/cmake/export_marvelmind_ros2_msgs__rosidl_typesupport_fastrtps_cExport.cmake
[3.907s] -- Up-to-date: /home/youssef/COROSOLS_WS/install/marvelmind_ros2_msgs/share/marvelmind_ros2_msgs/cmake/export_marvelmind_ros2_msgs__rosidl_typesupport_fastrtps_cExport-noconfig.cmake
[3.908s] -- Up-to-date: /home/youssef/COROSOLS_WS/install/marvelmind_ros2_msgs/share/marvelmind_ros2_msgs/cmake/marvelmind_ros2_msgs__rosidl_typesupport_introspection_cExport.cmake
[3.909s] -- Up-to-date: /home/youssef/COROSOLS_WS/install/marvelmind_ros2_msgs/share/marvelmind_ros2_msgs/cmake/marvelmind_ros2_msgs__rosidl_typesupport_introspection_cExport-noconfig.cmake
[3.910s] -- Up-to-date: /home/youssef/COROSOLS_WS/install/marvelmind_ros2_msgs/share/marvelmind_ros2_msgs/cmake/marvelmind_ros2_msgs__rosidl_typesupport_cExport.cmake
[3.911s] -- Up-to-date: /home/youssef/COROSOLS_WS/install/marvelmind_ros2_msgs/share/marvelmind_ros2_msgs/cmake/marvelmind_ros2_msgs__rosidl_typesupport_cExport-noconfig.cmake
[3.912s] -- Up-to-date: /home/youssef/COROSOLS_WS/install/marvelmind_ros2_msgs/share/marvelmind_ros2_msgs/cmake/export_marvelmind_ros2_msgs__rosidl_generator_cppExport.cmake
[3.913s] -- Up-to-date: /home/youssef/COROSOLS_WS/install/marvelmind_ros2_msgs/share/marvelmind_ros2_msgs/cmake/export_marvelmind_ros2_msgs__rosidl_typesupport_fastrtps_cppExport.cmake
[3.914s] -- Up-to-date: /home/youssef/COROSOLS_WS/install/marvelmind_ros2_msgs/share/marvelmind_ros2_msgs/cmake/export_marvelmind_ros2_msgs__rosidl_typesupport_fastrtps_cppExport-noconfig.cmake
[3.915s] -- Up-to-date: /home/youssef/COROSOLS_WS/install/marvelmind_ros2_msgs/share/marvelmind_ros2_msgs/cmake/marvelmind_ros2_msgs__rosidl_typesupport_introspection_cppExport.cmake
[3.915s] -- Up-to-date: /home/youssef/COROSOLS_WS/install/marvelmind_ros2_msgs/share/marvelmind_ros2_msgs/cmake/marvelmind_ros2_msgs__rosidl_typesupport_introspection_cppExport-noconfig.cmake
[3.916s] -- Up-to-date: /home/youssef/COROSOLS_WS/install/marvelmind_ros2_msgs/share/marvelmind_ros2_msgs/cmake/marvelmind_ros2_msgs__rosidl_typesupport_cppExport.cmake
[3.917s] -- Up-to-date: /home/youssef/COROSOLS_WS/install/marvelmind_ros2_msgs/share/marvelmind_ros2_msgs/cmake/marvelmind_ros2_msgs__rosidl_typesupport_cppExport-noconfig.cmake
[3.918s] -- Up-to-date: /home/youssef/COROSOLS_WS/install/marvelmind_ros2_msgs/share/marvelmind_ros2_msgs/cmake/export_marvelmind_ros2_msgs__rosidl_generator_pyExport.cmake
[3.918s] -- Up-to-date: /home/youssef/COROSOLS_WS/install/marvelmind_ros2_msgs/share/marvelmind_ros2_msgs/cmake/export_marvelmind_ros2_msgs__rosidl_generator_pyExport-noconfig.cmake
[3.919s] -- Up-to-date: /home/youssef/COROSOLS_WS/install/marvelmind_ros2_msgs/share/marvelmind_ros2_msgs/cmake/rosidl_cmake-extras.cmake
[3.920s] -- Up-to-date: /home/youssef/COROSOLS_WS/install/marvelmind_ros2_msgs/share/marvelmind_ros2_msgs/cmake/ament_cmake_export_dependencies-extras.cmake
[3.921s] -- Up-to-date: /home/youssef/COROSOLS_WS/install/marvelmind_ros2_msgs/share/marvelmind_ros2_msgs/cmake/ament_cmake_export_include_directories-extras.cmake
[3.921s] -- Up-to-date: /home/youssef/COROSOLS_WS/install/marvelmind_ros2_msgs/share/marvelmind_ros2_msgs/cmake/ament_cmake_export_libraries-extras.cmake
[3.922s] -- Up-to-date: /home/youssef/COROSOLS_WS/install/marvelmind_ros2_msgs/share/marvelmind_ros2_msgs/cmake/ament_cmake_export_targets-extras.cmake
[3.923s] -- Up-to-date: /home/youssef/COROSOLS_WS/install/marvelmind_ros2_msgs/share/marvelmind_ros2_msgs/cmake/rosidl_cmake_export_typesupport_targets-extras.cmake
[3.923s] -- Up-to-date: /home/youssef/COROSOLS_WS/install/marvelmind_ros2_msgs/share/marvelmind_ros2_msgs/cmake/rosidl_cmake_export_typesupport_libraries-extras.cmake
[3.924s] -- Up-to-date: /home/youssef/COROSOLS_WS/install/marvelmind_ros2_msgs/share/marvelmind_ros2_msgs/cmake/marvelmind_ros2_msgsConfig.cmake
[3.925s] -- Up-to-date: /home/youssef/COROSOLS_WS/install/marvelmind_ros2_msgs/share/marvelmind_ros2_msgs/cmake/marvelmind_ros2_msgsConfig-version.cmake
[3.929s] -- Up-to-date: /home/youssef/COROSOLS_WS/install/marvelmind_ros2_msgs/share/marvelmind_ros2_msgs/package.xml
[4.028s] Invoked command in '/home/youssef/COROSOLS_WS/build/marvelmind_ros2_msgs' returned '0': CMAKE_PREFIX_PATH=${CMAKE_PREFIX_PATH}:/home/youssef/COROSOLS_WS/install/corosols:/opt/ros/humble /usr/bin/cmake --install /home/youssef/COROSOLS_WS/build/marvelmind_ros2_msgs
